Welcome to
               __   __ _    ____  ____  
               \ \ / // \  |  _ \|  _ \ 
                \ V // _ \ | |_) | |_) |
                 | |/ ___ \|  _ <|  __/ 
                 |_/_/   \_\_| \_\_|
                        // Yet Another Reaction Program
    
Processing YARP progress in /Users/erm/git_stuff/yarp-again/tutorials/v0.3.0/enumeration_2_egat_2_xtb/depth2...
Jobs will be run using 'local' scheduler and 'docker' containers.
Max active jobs allowed: 6
Synchronizing conformer data across identical chemical species...
Performing pre-flight checks to skip already characterized reactions...
 * Global Task 'egat.ml_predict' finished successfully!
   * [2107295.779766068] Task 'll_path.gsm' finished running. Checking output...
   * [2107295.779766068] Task 'll_path.gsm' completed successfully.
   * [2107295.779766068] Task 'll_refine.transition_state_optimization' prerequisites met. Marked as READY.
   * [2531240.9431222538] Task 'll_path.product_conformer' prerequisites met. Marked as READY.
Current active jobs: 0 / 6
   * [2107295.779766068] Submitting task 'll_refine.transition_state_optimization'...
   * [2531240.9431222538] Submitting task 'll_path.product_conformer'...
YARP progress tracking complete.
Starting YARP serial TSOPT execution...
--- Running TSOPT 1 ---
--- Finished TSOPT 1 ---
--- Running TSOPT 2 ---
--- Finished TSOPT 2 ---
--- Running TSOPT 3 ---
--- Finished TSOPT 3 ---
