Welcome to
               __   __ _    ____  ____  
               \ \ / // \  |  _ \|  _ \ 
                \ V // _ \ | |_) | |_) |
                 | |/ ___ \|  _ <|  __/ 
                 |_/_/   \_\_| \_\_|
                        // Yet Another Reaction Program
    
Processing YARP progress in /Users/erm/git_stuff/yarp-again/tutorials/v0.3.0/enumeration_2_egat_2_xtb/depth2...
Jobs will be run using 'local' scheduler and 'docker' containers.
Max active jobs allowed: 6
Synchronizing conformer data across identical chemical species...
Performing pre-flight checks to skip already characterized reactions...
   * [2107297.9154397324] Task 'll_path.reactant_conformer' (gfn_crest) already characterized/synced. Fast-forwarding...
   * [2107297.9154397324] Task 'll_path.product_conformer' (gfn_crest) already characterized/synced. Fast-forwarding...
   * [2107297.9154397324] Task 'll_path.gsm' (xtb_pysisyphus) already characterized/synced. Fast-forwarding...
   * [2107297.9154397324] Task 'll_refine.reactant_optimization' (xtb_pysisyphus) already characterized/synced. Fast-forwarding...
   * [2107297.9154397324] Task 'll_refine.product_optimization' (xtb_pysisyphus) already characterized/synced. Fast-forwarding...
   * [2107297.9154397324] Task 'll_refine.transition_state_optimization' (xtb_pysisyphus) already characterized/synced. Fast-forwarding...
   * [2107297.9154397324] Task 'll_refine.irc_validation' (xtb_pysisyphus) already characterized/synced. Fast-forwarding...
   * [2107295.779766068] Task 'll_path.reactant_conformer' (gfn_crest) already characterized/synced. Fast-forwarding...
   * [2107295.779766068] Task 'll_path.product_conformer' (gfn_crest) already characterized/synced. Fast-forwarding...
   * [2107295.779766068] Task 'll_refine.reactant_optimization' (xtb_pysisyphus) already characterized/synced. Fast-forwarding...
   * [2107295.779766068] Task 'll_refine.product_optimization' (xtb_pysisyphus) already characterized/synced. Fast-forwarding...
   * [2531240.9431222538] Task 'll_path.reactant_conformer' (gfn_crest) already characterized/synced. Fast-forwarding...
   * [2531240.9431222538] Task 'll_refine.reactant_optimization' (xtb_pysisyphus) already characterized/synced. Fast-forwarding...
   * [2107295.779766068] Task 'll_path.gsm' prerequisites met. Marked as READY.
Current active jobs: 0 / 6
 * Submitting global task 'egat.ml_predict'...
   * Previously characterized reactions detected! Skipping 1 forward and 1 reverse reactions!
   * [2107295.779766068] Submitting task 'll_path.gsm'...
     * [2107295.779766068] Selecting 3 conformer pairs for GSM...
YARP progress tracking complete.
Starting YARP serial GSM execution...
--- Running GSM pair 1 ---
--- Finished GSM pair 1 ---
--- Running GSM pair 2 ---
--- Finished GSM pair 2 ---
--- Running GSM pair 3 ---
--- Finished GSM pair 3 ---
