Welcome to
               __   __ _    ____  ____  
               \ \ / // \  |  _ \|  _ \ 
                \ V // _ \ | |_) | |_) |
                 | |/ ___ \|  _ <|  __/ 
                 |_/_/   \_\_| \_\_|
                        // Yet Another Reaction Program
    
First off, here's the input file you provided:
=====================================
egat:
  mem_per_cpu: 5000
  method: ml_rxn_prop
  model: egat_rgd1
  n_cpus: 1
initialize:
  enumeration:
    bonds to break: 2
    bonds to form: 2
    enumerate: true
    enumeration filters:
      discard strained rings: false
      formal charge: 2.0
      lewis score: 0.0
    mode: concerted
    reactive atoms:
    - 0
    - 1
    - 2
    - 3
  initial species: OCC=O
  job manager:
    container: apptainer
    max_active_jobs: 4
    queue: long
    scheduler: sge
  output: depth1.pkl
ll_path:
  conformers:
    charge: 0
    energy_window: 6.0
    lot: gfn
    max_runtime: 01:00:00
    mem_per_cpu: 5000
    n_cpus: 2
    n_unpaired_electrons: 0
    software: crest
  gsm:
    bias_lot: uff
    charge: 0
    gsm_lot: xtb
    joint_opt: dual
    max_gsm_nodes: 30
    max_runtime: 01:00:00
    mem_per_cpu: 5000
    multiplicity: 1
    n_conf: 3
    n_cpus: 2
    software: pysisyphus
  method: init_rxn_path
ll_refine:
  initial_geom:
    product:
      label: conf_gen
      lot: gfn
      software: crest
    reactant:
      label: conf_gen
      lot: gfn
      software: crest
    transition_state:
      label: ts_guess
      lot: xtb
      software: pysisyphus
  irc_val:
    conv_thresh: gau
    lot: xtb
    max_cycles: 300
    mem_per_cpu: 5000
    n_cpus: 2
    software: pysisyphus
  method: refine_rxn_path
  rp_opt:
    hessian_recalc: 3
    lot: xtb
    max_cycles: 300
    mem_per_cpu: 5000
    n_cpus: 2
    software: pysisyphus
  ts_opt:
    conv_thresh: gau
    hessian_recalc: 3
    lot: xtb
    max_cycles: 300
    mem_per_cpu: 5000
    n_cpus: 2
    software: pysisyphus
stages:
- ll_path
- ll_refine

=====================================
Let's generate some initial reaction objects...
Product enumeration routine selected
 - Initializing starting reactant node from OCC=O
Initialized 2 reactions and saved to disk!
If you want to characterize these reactions, you'll need to go run 'yarp-progress' next.
See ya, bye!
