Welcome to
               __   __ _    ____  ____  
               \ \ / // \  |  _ \|  _ \ 
                \ V // _ \ | |_) | |_) |
                 | |/ ___ \|  _ <|  __/ 
                 |_/_/   \_\_| \_\_|
                        // Yet Another Reaction Program
    
Processing YARP progress in /users/shaldar/afs-backups/Apps/yarp-again-fixed-JO/yarp-again/soumi_calcs/OCC=O...
Jobs will be run using 'sge' scheduler and 'apptainer' containers.
Max active jobs allowed: 4
Synchronizing conformer data across identical chemical species...
Performing pre-flight checks to skip already characterized reactions...
   * [2409865.289214986] Task 'll_refine.irc_validation' finished running. Checking output...
     * TS 1 validated: intended with barrier of 87.27294455066921 kcal/mol
     * TS 2 validated: inverse_intended with barrier of 92.60755258126196 kcal/mol
     * TS 3 validated: intended with barrier of 79.29493307839387 kcal/mol
   * [2409865.289214986] Task 'll_refine.irc_validation' completed successfully.
Current active jobs: 0 / 4
YARP progress tracking complete.
======================

