Welcome to
               __   __ _    ____  ____  
               \ \ / // \  |  _ \|  _ \ 
                \ V // _ \ | |_) | |_) |
                 | |/ ___ \|  _ <|  __/ 
                 |_/_/   \_\_| \_\_|
                        // Yet Another Reaction Program
    
Processing YARP progress in /users/shaldar/afs-backups/Apps/yarp-again-fixed-JO/yarp-again/soumi_calcs/OCC=O...
Jobs will be run using 'sge' scheduler and 'apptainer' containers.
Max active jobs allowed: 4
Synchronizing conformer data across identical chemical species...
Performing pre-flight checks to skip already characterized reactions...
   * [2107297.9154397324] Task 'll_path.reactant_conformer' finished running. Checking output...
count_i =  0
elements[count_i] =  ['C', 'C', 'O', 'O', 'H', 'H', 'H', 'H']
geometries[count_i]  =  [[-6.93271128e-01 -6.84824712e-01 -5.32870000e-06]
 [ 8.01310840e-01 -5.32734154e-01 -2.34927000e-05]
 [-1.34339424e+00  5.49934132e-01 -8.52190000e-06]
 [ 1.34158829e+00  5.39322856e-01 -5.33380000e-06]
 [-6.52089829e-01  1.23314641e+00  2.17158500e-04]
 [-9.85221949e-01 -1.26653116e+00  8.87025243e-01]
 [-9.85364163e-01 -1.26669019e+00 -8.86878565e-01]
 [ 1.36392897e+00 -1.48152271e+00  1.99538100e-04]]
count_i =  1
elements[count_i] =  ['C', 'C', 'O', 'O', 'H', 'H', 'H', 'H']
geometries[count_i]  =  [[-0.57513955 -0.48950332  0.09606759]
 [ 0.69617032  0.29124282 -0.13198032]
 [-1.74153884  0.27084102 -0.0661277 ]
 [ 1.80165181 -0.12487471  0.06144835]
 [-1.75732499  0.98402671  0.58202956]
 [-0.53035122 -0.97151506  1.08411409]
 [-0.62340221 -1.28546896 -0.65505216]
 [ 0.51466728  1.3184763  -0.5088743 ]]
count_i =  2
elements[count_i] =  ['C', 'C', 'O', 'O', 'H', 'H', 'H', 'H']
geometries[count_i]  =  [[-5.63820074e-01 -5.22678111e-01 -8.09484000e-05]
 [ 6.80884569e-01  3.27961151e-01  1.13623600e-04]
 [-1.69133317e+00  3.15487002e-01  5.37598000e-05]
 [ 1.79976393e+00 -9.65554329e-02 -5.96357000e-05]
 [-2.49165882e+00 -2.19653057e-01 -9.05190000e-05]
 [-5.38100513e-01 -1.17189187e+00  8.88230918e-01]
 [-5.38068835e-01 -1.17157518e+00 -8.88624336e-01]
 [ 4.51714034e-01  1.40821012e+00  1.87846500e-04]]
   * [2107297.9154397324] Task 'll_path.reactant_conformer' completed successfully.
   * [2107297.9154397324] Task 'll_path.product_conformer' finished running. Checking output...
count_i =  0
elements[count_i] =  ['C', 'C', 'O', 'O', 'H', 'H', 'H', 'H']
geometries[count_i]  =  [[-6.93155011e-01 -6.84812510e-01 -1.25005700e-04]
 [ 8.01460093e-01 -5.32724546e-01  2.93003500e-04]
 [-1.34362064e+00  5.49803112e-01  4.25996000e-05]
 [ 1.34160321e+00  5.39437125e-01 -1.16202100e-04]
 [-6.52634725e-01  1.23318210e+00  2.94215300e-04]
 [-9.85373955e-01 -1.26689554e+00  8.86632187e-01]
 [-9.84785962e-01 -1.26643843e+00 -8.87400291e-01]
 [ 1.36424237e+00 -1.48143978e+00 -3.59674200e-04]]
count_i =  1
elements[count_i] =  ['C', 'C', 'O', 'O', 'H', 'H', 'H', 'H']
geometries[count_i]  =  [[-0.57510074 -0.48947957 -0.0962747 ]
 [ 0.69616616  0.29126483  0.13203416]
 [-1.74160281  0.2706453   0.06626539]
 [ 1.80169246 -0.12471961 -0.06145771]
 [-1.75749036  0.98409009 -0.58159766]
 [-0.62325704 -1.28574061  0.65452122]
 [-0.53027106 -0.97111977 -1.08450314]
 [ 0.5145646   1.31838868  0.50915187]]
count_i =  2
elements[count_i] =  ['C', 'C', 'O', 'O', 'H', 'H', 'H', 'H']
geometries[count_i]  =  [[-5.63781272e-01 -5.22688427e-01 -6.93509300e-04]
 [ 6.80889273e-01  3.28021801e-01  6.44373900e-04]
 [-1.69138952e+00  3.15323409e-01  4.21751500e-04]
 [ 1.79978807e+00 -9.64137496e-02 -3.32394300e-04]
 [-2.49165395e+00 -2.19908263e-01 -3.78287000e-04]
 [-5.38120646e-01 -1.17299164e+00  8.86823463e-01]
 [-5.38008494e-01 -1.17050936e+00 -8.90006855e-01]
 [ 4.51661784e-01  1.40824725e+00  2.72878320e-03]]
   * [2107297.9154397324] Task 'll_path.product_conformer' completed successfully.
   * [2409865.289214986] Task 'll_path.product_conformer' finished running. Checking output...
count_i =  0
elements[count_i] =  ['C', 'C', 'O', 'O', 'H', 'H', 'H', 'H']
geometries[count_i]  =  [[-6.93218163e-01 -6.84812619e-01  5.27314000e-05]
 [ 8.01378947e-01 -5.32730937e-01 -2.05158400e-04]
 [-1.34349939e+00  5.49877319e-01  1.36523000e-05]
 [ 1.34160162e+00  5.39371360e-01  7.45133000e-05]
 [-6.52338385e-01  1.23318624e+00 -3.98781000e-04]
 [-9.85146211e-01 -1.26665853e+00  8.86977141e-01]
 [-9.85310568e-01 -1.26669527e+00 -8.86798601e-01]
 [ 1.36406298e+00 -1.48148064e+00  6.37095100e-04]]
count_i =  1
elements[count_i] =  ['C', 'C', 'O', 'O', 'H', 'H', 'H', 'H']
geometries[count_i]  =  [[-0.5751252  -0.48952075 -0.09590597]
 [ 0.69618969  0.29129925  0.13188978]
 [-1.74159226  0.27078661  0.06605555]
 [ 1.80168105 -0.12483448 -0.06142865]
 [-1.75743356  0.98375142 -0.58234023]
 [-0.62334719 -1.28522848  0.65546765]
 [-0.53029917 -0.97189432 -1.08377337]
 [ 0.5146509   1.31865063  0.5084142 ]]
count_i =  2
elements[count_i] =  ['C', 'C', 'O', 'O', 'H', 'H', 'H', 'H']
geometries[count_i]  =  [[-5.63793234e-01 -5.22710933e-01  1.84076800e-04]
 [ 6.80869995e-01  3.28002414e-01 -1.15671400e-04]
 [-1.69129595e+00  3.15432407e-01 -9.15860000e-05]
 [ 1.79971492e+00 -9.65011513e-02  3.18318000e-05]
 [-2.49157110e+00 -2.19700084e-01  9.45760000e-05]
 [-5.38117337e-01 -1.17148586e+00  8.88817471e-01]
 [-5.38124047e-01 -1.17208080e+00 -8.88016111e-01]
 [ 4.51739364e-01  1.40826114e+00 -7.62562100e-04]]
   * [2409865.289214986] Task 'll_path.product_conformer' completed successfully.
   * [2107297.9154397324] Task 'll_path.gsm' prerequisites met. Marked as READY.
   * [2107297.9154397324] Task 'll_refine.reactant_optimization' prerequisites met. Marked as READY.
   * [2107297.9154397324] Task 'll_refine.product_optimization' prerequisites met. Marked as READY.
   * [2409865.289214986] Task 'll_refine.product_optimization' prerequisites met. Marked as READY.
Current active jobs: 0 / 4
   * [2107297.9154397324] Submitting task 'll_path.gsm'...
     * [2107297.9154397324] Selecting 3 conformer pairs for GSM...
biased_conf.geo BEFORE replacing geo by the OB optimized geo =  [[-0.56746952 -0.19737239  0.13582223]
 [ 0.89770105 -0.42234412 -0.05890338]
 [-0.89606371  0.97286172 -0.54164833]
 [ 1.60417948  0.33214668 -0.70860724]
 [-0.37169943  1.73603061 -0.19446983]
 [-0.83045439 -0.07167981  1.21059525]
 [-1.17286865 -1.03169156 -0.25895478]
 [ 1.33667518 -1.31795112  0.41616608]]
biased_conf.geo AFTER replacing geo by the OB optimized geo =  [[-0.54285149 -0.70737403  0.52117657]
 [ 0.66783698 -0.27310869  0.15187018]
 [-0.15566179  1.35227464 -1.29375389]
 [ 0.8392716   0.73731234 -0.73668185]
 [-0.22667941  2.21153037 -0.80489242]
 [-0.63084091 -1.51923846  1.23609763]
 [-1.44991535 -0.2657919   0.12194829]
 [ 1.54734608 -0.74495306  0.57790653]]
biased_conf.type =  initial_mol_graph
biased_conf.type =  biased_initial_mol_graph
Saved OB optimized geometry to: opt_0_r.xyz
biased_conf.geo BEFORE replacing geo by the OB optimized geo =  [[-6.93271128e-01 -6.84824712e-01 -5.32870000e-06]
 [ 8.01310840e-01 -5.32734154e-01 -2.34927000e-05]
 [-1.34339424e+00  5.49934132e-01 -8.52190000e-06]
 [ 1.34158829e+00  5.39322856e-01 -5.33380000e-06]
 [-6.52089829e-01  1.23314641e+00  2.17158500e-04]
 [-9.85221949e-01 -1.26653116e+00  8.87025243e-01]
 [-9.85364163e-01 -1.26669019e+00 -8.86878565e-01]
 [ 1.36392897e+00 -1.48152271e+00  1.99538100e-04]]
biased_conf.geo AFTER replacing geo by the OB optimized geo =  [[-3.30095366e-01 -1.61714588e+00 -1.58124515e-03]
 [ 6.89746418e-01 -7.50887642e-01 -2.00694998e-04]
 [-6.76761853e-01  1.12465160e+00 -3.79634225e-03]
 [ 5.03791431e-01  5.92086014e-01 -4.21809491e-03]
 [-5.10799543e-01  2.09970101e+00  2.11965498e-03]
 [-9.89176501e-01 -1.35674951e+00  8.21308641e-01]
 [-9.91114576e-01 -1.35318976e+00 -8.20907643e-01]
 [ 1.70183669e+00 -1.14057957e+00  4.50048933e-03]]
biased_conf.type =  conf_gen_rank0_gfn_crest
biased_conf.type =  biased_conf_gen_rank0_gfn_crest
Saved OB optimized geometry to: opt_1_r.xyz
biased_conf.geo BEFORE replacing geo by the OB optimized geo =  [[-0.57513955 -0.48950332  0.09606759]
 [ 0.69617032  0.29124282 -0.13198032]
 [-1.74153884  0.27084102 -0.0661277 ]
 [ 1.80165181 -0.12487471  0.06144835]
 [-1.75732499  0.98402671  0.58202956]
 [-0.53035122 -0.97151506  1.08411409]
 [-0.62340221 -1.28546896 -0.65505216]
 [ 0.51466728  1.3184763  -0.5088743 ]]
biased_conf.geo AFTER replacing geo by the OB optimized geo =  [[ 0.05163245 -1.07481594 -0.42729398]
 [ 0.32919931  0.2343375  -0.41764598]
 [-1.04132679  0.69913237  1.40327148]
 [-0.21288951  1.08781832  0.48640953]
 [-1.92069138  1.05280237  1.1137947 ]
 [-0.62671221 -1.51621092  0.29546347]
 [ 0.51037704 -1.71875879 -1.17076042]
 [ 1.01411691  0.63090153 -1.1601552 ]]
biased_conf.type =  conf_gen_rank1_gfn_crest
biased_conf.type =  biased_conf_gen_rank1_gfn_crest
Saved OB optimized geometry to: opt_2_r.xyz
biased_conf.geo BEFORE replacing geo by the OB optimized geo =  [[-5.63820074e-01 -5.22678111e-01 -8.09484000e-05]
 [ 6.80884569e-01  3.27961151e-01  1.13623600e-04]
 [-1.69133317e+00  3.15487002e-01  5.37598000e-05]
 [ 1.79976393e+00 -9.65554329e-02 -5.96357000e-05]
 [-2.49165882e+00 -2.19653057e-01 -9.05190000e-05]
 [-5.38100513e-01 -1.17189187e+00  8.88230918e-01]
 [-5.38068835e-01 -1.17157518e+00 -8.88624336e-01]
 [ 4.51714034e-01  1.40821012e+00  1.87846500e-04]]
biased_conf.geo AFTER replacing geo by the OB optimized geo =  [[-3.90085919e-01 -3.26836830e-01  1.41587587e-03]
 [ 1.23625937e+00  2.11419292e-01  1.61975056e-02]
 [-2.03040659e+00 -7.71172466e-02 -8.33598912e-04]
 [ 1.25309720e+00  1.32137630e-01 -9.98357912e-03]
 [-2.49672863e+00 -2.21684668e-01 -9.69283282e-05]
 [-5.37449868e-01 -1.17044603e+00  8.89122853e-01]
 [-5.37448628e-01 -1.17014590e+00 -8.89516674e-01]
 [ 6.18274054e-01  1.53075828e+00  2.52884518e-04]]
biased_conf.type =  conf_gen_rank2_gfn_crest
biased_conf.type =  biased_conf_gen_rank2_gfn_crest
Saved OB optimized geometry to: opt_3_r.xyz
biased_conf.geo BEFORE replacing geo by the OB optimized geo =  [[-0.56746952 -0.19737239  0.13582223]
 [ 0.89770105 -0.42234412 -0.05890338]
 [-0.89606371  0.97286172 -0.54164833]
 [ 1.60417948  0.33214668 -0.70860724]
 [-0.37169943  1.73603061 -0.19446983]
 [-0.83045439 -0.07167981  1.21059525]
 [-1.17286865 -1.03169156 -0.25895478]
 [ 1.33667518 -1.31795112  0.41616608]]
biased_conf.geo AFTER replacing geo by the OB optimized geo =  [[-0.52984929 -0.149467    0.11642119]
 [ 0.92613145 -0.4716885  -0.05633534]
 [-0.88848364  0.99927143 -0.60448187]
 [ 1.65225513  0.23403175 -0.73949464]
 [-0.56240896  1.77666102 -0.07957165]
 [-0.76675254 -0.01831572  1.1963223 ]
 [-1.1331875  -1.00342904 -0.25586704]
 [ 1.33977301 -1.34632356  0.43375957]]
biased_conf.type =  initial_mol_graph
biased_conf.type =  biased_initial_mol_graph
Saved OB optimized geometry to: opt_0_p.xyz
biased_conf.geo BEFORE replacing geo by the OB optimized geo =  [[-6.93155011e-01 -6.84812510e-01 -1.25005700e-04]
 [ 8.01460093e-01 -5.32724546e-01  2.93003500e-04]
 [-1.34362064e+00  5.49803112e-01  4.25996000e-05]
 [ 1.34160321e+00  5.39437125e-01 -1.16202100e-04]
 [-6.52634725e-01  1.23318210e+00  2.94215300e-04]
 [-9.85373955e-01 -1.26689554e+00  8.86632187e-01]
 [-9.84785962e-01 -1.26643843e+00 -8.87400291e-01]
 [ 1.36424237e+00 -1.48143978e+00 -3.59674200e-04]]
biased_conf.geo AFTER replacing geo by the OB optimized geo =  [[-6.80156101e-01 -6.80878669e-01 -3.36281749e-04]
 [ 8.31017389e-01 -5.78546073e-01 -1.97017522e-04]
 [-1.37518434e+00  5.48058636e-01 -2.95285298e-04]
 [ 1.41610354e+00  4.93322759e-01  3.20053051e-06]
 [-7.49813634e-01  1.31460620e+00  5.23913131e-04]
 [-9.82030878e-01 -1.25190783e+00  9.02207098e-01]
 [-9.81844841e-01 -1.25164284e+00 -9.03129647e-01]
 [ 1.41282629e+00 -1.49434368e+00 -3.08214384e-04]]
biased_conf.type =  conf_gen_rank0_gfn_crest
biased_conf.type =  biased_conf_gen_rank0_gfn_crest
Saved OB optimized geometry to: opt_1_p.xyz
biased_conf.geo BEFORE replacing geo by the OB optimized geo =  [[-0.57510074 -0.48947957 -0.0962747 ]
 [ 0.69616616  0.29126483  0.13203416]
 [-1.74160281  0.2706453   0.06626539]
 [ 1.80169246 -0.12471961 -0.06145771]
 [-1.75749036  0.98409009 -0.58159766]
 [-0.62325704 -1.28574061  0.65452122]
 [-0.53027106 -0.97111977 -1.08450314]
 [ 0.5145646   1.31838868  0.50915187]]
biased_conf.geo AFTER replacing geo by the OB optimized geo =  [[-0.57109988 -0.48355633 -0.07730588]
 [ 0.66905116  0.31881462  0.17002561]
 [-1.71237223  0.29835117  0.14587787]
 [ 1.76697453 -0.19846996  0.04319295]
 [-1.8167399   0.88209747 -0.65072487]
 [-0.59241815 -1.34841535  0.61848889]
 [-0.57335127 -0.88548855 -1.11581552]
 [ 0.60061482  1.36207345  0.46227287]]
biased_conf.type =  conf_gen_rank1_gfn_crest
biased_conf.type =  biased_conf_gen_rank1_gfn_crest
Saved OB optimized geometry to: opt_2_p.xyz
biased_conf.geo BEFORE replacing geo by the OB optimized geo =  [[-5.63781272e-01 -5.22688427e-01 -6.93509300e-04]
 [ 6.80889273e-01  3.28021801e-01  6.44373900e-04]
 [-1.69138952e+00  3.15323409e-01  4.21751500e-04]
 [ 1.79978807e+00 -9.64137496e-02 -3.32394300e-04]
 [-2.49165395e+00 -2.19908263e-01 -3.78287000e-04]
 [-5.38120646e-01 -1.17299164e+00  8.86823463e-01]
 [-5.38008494e-01 -1.17050936e+00 -8.90006855e-01]
 [ 4.51661784e-01  1.40824725e+00  2.72878320e-03]]
biased_conf.geo AFTER replacing geo by the OB optimized geo =  [[-5.58200156e-01 -5.04482453e-01 -6.13742223e-04]
 [ 6.62951147e-01  3.58501194e-01  8.93904618e-04]
 [-1.70118165e+00  3.03436946e-01  5.32561247e-04]
 [ 1.77173283e+00 -1.51301395e-01  2.33039207e-04]
 [-2.47536660e+00 -3.17470991e-01 -5.26157672e-04]
 [-5.44958794e-01 -1.14201910e+00  9.10992581e-01]
 [-5.44734774e-01 -1.13910745e+00 -9.14258871e-01]
 [ 5.73048439e-01  1.44045740e+00  2.58027119e-03]]
biased_conf.type =  conf_gen_rank2_gfn_crest
biased_conf.type =  biased_conf_gen_rank2_gfn_crest
Saved OB optimized geometry to: opt_3_p.xyz
Type of biased_r: <class 'list'>
Type of biased_p: <class 'list'>
Total number of reactant + product conformers generated =  8
total_conf/n_conf =  2.6666666666666665
poor model is chosen to generate aligned reaction conformers
   * [2107297.9154397324] Submitting task 'll_refine.reactant_optimization'...
   * [2107297.9154397324] Submitting task 'll_refine.product_optimization'...
   [DEBUG] ---> Blocked! Identical species calculation already active.
   * [2409865.289214986] Submitting task 'll_refine.product_optimization'...
YARP progress tracking complete.
======================

