Welcome to
               __   __ _    ____  ____  
               \ \ / // \  |  _ \|  _ \ 
                \ V // _ \ | |_) | |_) |
                 | |/ ___ \|  _ <|  __/ 
                 |_/_/   \_\_| \_\_|
                        // Yet Another Reaction Program
    
Processing YARP progress in /users/shaldar/afs-backups/Apps/yarp-again-fixed-JO/yarp-again/soumi_calcs/OCC=O...
Jobs will be run using 'sge' scheduler and 'apptainer' containers.
Max active jobs allowed: 4
Synchronizing conformer data across identical chemical species...
Performing pre-flight checks to skip already characterized reactions...
   * [2409865.289214986] Task 'll_refine.reactant_optimization' (xtb_pysisyphus) already characterized/synced. Fast-forwarding...
   * [2107297.9154397324] Task 'll_path.gsm' finished running. Checking output...
     * Run 1 failed: Missing expected output files.
     * Run 2 failed: Missing expected output files.
     * Run 3 failed: Missing expected output files.
   * [2107297.9154397324] Task 'll_path.gsm' failed output validation.
   * [2409865.289214986] Task 'll_path.gsm' finished running. Checking output...
   * [2409865.289214986] Task 'll_path.gsm' completed successfully.
   * [2409865.289214986] Task 'll_refine.transition_state_optimization' prerequisites met. Marked as READY.
Current active jobs: 0 / 4
   * [2409865.289214986] Submitting task 'll_refine.transition_state_optimization'...
YARP progress tracking complete.
======================

