Welcome to
               __   __ _    ____  ____  
               \ \ / // \  |  _ \|  _ \ 
                \ V // _ \ | |_) | |_) |
                 | |/ ___ \|  _ <|  __/ 
                 |_/_/   \_\_| \_\_|
                        // Yet Another Reaction Program
    
Processing YARP progress in /Users/erm/git_stuff/yarp-again/tutorials/v0.3.0/enumeration_2_egat_2_xtb/depth1...
Jobs will be run using 'local' scheduler and 'docker' containers.
Max active jobs allowed: 6
Synchronizing conformer data across identical chemical species...
Performing pre-flight checks to skip already characterized reactions...
   * [2409865.289214986] Task 'll_refine.irc_validation' finished running. Checking output...
     * Run 2 failed or did not finish successfully.
     * Run 3 failed or did not finish successfully.
     * TS 1 validated: no_adjmat_change with barrier of 120.63814531548756 kcal/mol
   * [2409865.289214986] Task 'll_refine.irc_validation' completed successfully.
   * [2409865.289214986] Reaction failed IRC validation (Outcome: 'no_adjmat_change'). Routing to failed_rxns.
Current active jobs: 0 / 6
YARP progress tracking complete.
