Welcome to
               __   __ _    ____  ____  
               \ \ / // \  |  _ \|  _ \ 
                \ V // _ \ | |_) | |_) |
                 | |/ ___ \|  _ <|  __/ 
                 |_/_/   \_\_| \_\_|
                        // Yet Another Reaction Program
    
Processing YARP progress in /Users/erm/git_stuff/yarp-again/tutorials/v0.3.0/enumeration_2_egat_2_xtb/depth1...
Jobs will be run using 'local' scheduler and 'docker' containers.
Max active jobs allowed: 6
Synchronizing conformer data across identical chemical species...
Performing pre-flight checks to skip already characterized reactions...
   * [2409865.289214986] Task 'll_refine.reactant_optimization' (xtb_pysisyphus) already characterized/synced. Fast-forwarding...
   * [2107297.9154397324] Task 'll_refine.transition_state_optimization' finished running. Checking output...
   * [2107297.9154397324] Task 'll_refine.transition_state_optimization' completed successfully.
   * [2409865.289214986] Task 'll_path.gsm' is still running. Come back later...
   * [2107297.9154397324] Task 'll_refine.irc_validation' prerequisites met. Marked as READY.
Current active jobs: 1 / 6
   * [2107297.9154397324] Submitting task 'll_refine.irc_validation'...
YARP progress tracking complete.
Starting YARP serial IRC execution...
--- Running IRC 1 ---
--- Finished IRC 1 ---
--- Running IRC 2 ---
--- Finished IRC 2 ---
--- Running IRC 3 ---
--- Finished IRC 3 ---
