Welcome to
               __   __ _    ____  ____  
               \ \ / // \  |  _ \|  _ \ 
                \ V // _ \ | |_) | |_) |
                 | |/ ___ \|  _ <|  __/ 
                 |_/_/   \_\_| \_\_|
                        // Yet Another Reaction Program
    
Processing YARP progress in /Users/erm/git_stuff/yarp-again/tutorials/v0.3.0/enumeration_2_egat_2_xtb/depth1...
Jobs will be run using 'local' scheduler and 'docker' containers.
Max active jobs allowed: 6
Synchronizing conformer data across identical chemical species...
Performing pre-flight checks to skip already characterized reactions...
   * [2107297.9154397324] Task 'll_refine.irc_validation' finished running. Checking output...
     * TS 1 validated: intended with barrier of 60.24139579349904 kcal/mol
     * TS 2 validated: no_adjmat_change with barrier of 76.65391969407266 kcal/mol
     * TS 3 validated: no_adjmat_change with barrier of 76.65391969407266 kcal/mol
   * [2107297.9154397324] Task 'll_refine.irc_validation' completed successfully.
   * [2409865.289214986] Task 'll_path.gsm' is still running. Come back later...
Current active jobs: 1 / 6
YARP progress tracking complete.
