Starting YARP serial TSOPT execution...
--- Running TSOPT 1 ---
Welcome to
               __   __ _    ____  ____  
               \ \ / // \  |  _ \|  _ \ 
                \ V // _ \ | |_) | |_) |
                 | |/ ___ \|  _ <|  __/ 
                 |_/_/   \_\_| \_\_|
                        // Yet Another Reaction Program
    
Processing YARP progress in /Users/erm/git_stuff/yarp-again/tutorials/v0.3.0/enumeration_2_egat_2_xtb/depth1...
Jobs will be run using 'local' scheduler and 'docker' containers.
Max active jobs allowed: 6
Synchronizing conformer data across identical chemical species...
Performing pre-flight checks to skip already characterized reactions...
   * [2409865.289214986] Task 'll_path.reactant_conformer' (conf_gen) already characterized/synced. Fast-forwarding...
   * [2107297.9154397324] Task 'll_path.gsm' finished running. Checking output...
   * [2107297.9154397324] Task 'll_path.gsm' completed successfully.
   * [2107297.9154397324] Task 'll_refine.reactant_optimization' finished running. Checking output...
   * [2107297.9154397324] Task 'll_refine.reactant_optimization' completed successfully.
   * [2107297.9154397324] Task 'll_refine.product_optimization' finished running. Checking output...
   * [2107297.9154397324] Task 'll_refine.product_optimization' completed successfully.
   * [2409865.289214986] Task 'll_refine.product_optimization' finished running. Checking output...
   * [2409865.289214986] Task 'll_refine.product_optimization' completed successfully.
   * [2107297.9154397324] Task 'll_refine.transition_state_optimization' prerequisites met. Marked as READY.
   * [2409865.289214986] Task 'll_path.gsm' prerequisites met. Marked as READY.
   * [2409865.289214986] Task 'll_refine.reactant_optimization' prerequisites met. Marked as READY.
Current active jobs: 0 / 6
   * [2107297.9154397324] Submitting task 'll_refine.transition_state_optimization'...
   * [2409865.289214986] Submitting task 'll_path.gsm'...
     * [2409865.289214986] Selecting 3 conformer pairs for GSM...
   [DEBUG] ---> Blocked! Identical species calculation already active.
YARP progress tracking complete.
Starting YARP serial GSM execution...
--- Running GSM pair 1 ---
--- Finished TSOPT 1 ---
--- Running TSOPT 2 ---
--- Finished TSOPT 2 ---
--- Running TSOPT 3 ---
--- Finished TSOPT 3 ---
--- Finished GSM pair 1 ---
--- Running GSM pair 2 ---
--- Finished GSM pair 2 ---
--- Running GSM pair 3 ---
--- Finished GSM pair 3 ---
