                           d8b                            888
                           Y8P                            888
                                                          888
88888b.  888  888 .d8888b  888 .d8888b  888  888 88888b.  88888b.  888  888 .d8888b
888 "88b 888  888 88K      888 88K      888  888 888 "88b 888 "88b 888  888 88K
888  888 888  888 "Y8888b. 888 "Y8888b. 888  888 888  888 888  888 888  888 "Y8888b.
888 d88P Y88b 888      X88 888      X88 Y88b 888 888 d88P 888  888 Y88b 888      X88
88888P"   "Y88888  88888P' 888  88888P'  "Y88888 88888P"  888  888  "Y88888  88888P'
888           888                            888 888
888      Y8b d88P                       Y8b d88P 888
888       "Y88P"                         "Y88P"  888                            

Version 0.7.6.post2 (Python 3.9.17, NumPy 1.24.4, SciPy 1.11.1)
Executed at Mon Feb 12 23:16:50 2024 on 'a171.negishi.rcac.purdue.edu'
Platform: Linux-4.18.0-477.10.1.el8_8.x86_64-x86_64-with-glibc2.28
Interpreter: /home/li1724/.conda/envs/2022.10-py39/Clone_Depot_YARP/bin/python
Current working directory: /scratch/negishi/li1724/Test-Original-4-5-ClassyYARP/CWMHSQPVYVHHDK-QJPJQTDYNZXKQF_0_0

If pysisyphus benefitted your research please cite:

	https://doi.org/10.1002/qua.26390

Good luck!

{'calc': {'charge': -1, 'mem': 4000, 'mult': 1, 'pal': 1, 'type': 'xtb'},
 'endopt': {'T': 298.15,
            'do_hess': False,
            'dump': True,
            'fragments': False,
            'geom': {'coord_kwargs': {}, 'type': 'redund'},
            'max_cycles': 400,
            'overachieve_factor': 5,
            'p': 101325,
            'thresh': 'gau',
            'type': 'rfo'},
 'geom': {'coord_kwargs': {},
          'fn': '/scratch/negishi/li1724/Test-Original-4-5-ClassyYARP/CWMHSQPVYVHHDK-QJPJQTDYNZXKQF_0_0/CWMHSQPVYVHHDK-QJPJQTDYNZXKQF_0_0-TS.xyz',
          'type': 'redund'},
 'irc': {'backward': True,
         'downhill': False,
         'forward': True,
         'hessian_init': '/scratch/negishi/li1724/Test-Original-4-5-ClassyYARP/CWMHSQPVYVHHDK-QJPJQTDYNZXKQF_0_0/ts_final_hessian.h5',
         'rms_grad_thresh': 0.001,
         'type': 'eulerpc'}}

Read 1 geometry.
                                ###############
                                # RUNNING IRC #
                                ###############

Convergence thresholds (non mass-weighted gradient):
	     rms(|gradient|) <= 0.001000 E_h a_0⁻¹
	             Δenergy <= 0.000001 E_h

Calculating energy and gradient at TS.
Transition vector is mode 0 with wavenumber -60.97 cm⁻¹.
Crossover temperature T_c: 13.96 K
Energy-based (ΔE=0.001 au) initial displacement from the TS using 2rd derivatives.
Initial step lengths (not mass-weighted):
	 Forward: 1.1936 au
	Backward: 1.1936 au
IRC length in mw. coords, max(|grad|) and rms(grad) in unweighted coordinates.

                               #################
                               # IRC - FORWARD #
                               #################

Requested energy lowering:  0.0010 au ( 2.63 kJ mol⁻¹)
   Actual energy lowering:  0.0001 au ( 0.25 kJ mol⁻¹)
                        Δ:  0.0009 au ( 2.37 kJ mol⁻¹)


        Step   IRC length      dE / au  max(|grad|)    rms(grad)
        --------------------------------------------------------
           0     0.280373    -0.000283     0.001157     0.000150
           1     0.284163    -0.000001     0.001140     0.000159
           2     0.284163     0.000000     0.001140     0.000159
        Energy converged!

                               ##################
                               # IRC - BACKWARD #
                               ##################

Requested energy lowering:  0.0010 au ( 2.63 kJ mol⁻¹)
   Actual energy lowering:  0.0010 au ( 2.60 kJ mol⁻¹)
                        Δ:  0.0000 au ( 0.03 kJ mol⁻¹)


        Step   IRC length      dE / au  max(|grad|)    rms(grad)
        --------------------------------------------------------
           0     0.357690    -0.000352     0.001243     0.000179
        Bond formed: [Cu42-C22]
           1     0.362348    -0.000003     0.001236     0.000170
           2     0.362348     0.000000     0.001236     0.000170
        Energy converged!
                       #################################
                       # OPTIMIZING REACTION PATH ENDS #
                       #################################


                      +----------------------------------+
                      | RUNNING FORWARD_END OPTIMIZATION |
                      +----------------------------------+

     Input geometry: Geometry(Br1_C41_Cu1_H31_N2_O1, 77 atoms)
  Coordinate system: redund
         Calculator: XTB calculator
             Charge: -1
       Multiplicity: 1
          Optimizer: rfo


If not specified otherwise, all quantities are given in au.

Convergence thresholds, (overachieved when):
	max(|force|) <= 0.000450, (0.000090) E_h a_0⁻¹ (rad⁻¹)
	  rms(force) <= 0.000300, (0.000060) E_h a_0⁻¹ (rad⁻¹)
	 max(|step|) <= 0.001800 a_0 (rad)
	   rms(step) <= 0.001200 a_0 (rad)

Spent 0.0 s preparing the first cycle.
       cycle    Δ(energy) max(|force|)   rms(force)  max(|step|)    rms(step)      s/cycle
           0          nan     0.001795     0.000279     0.067408     0.007536         0.65
       Unexpected energy increase (0.000683 au)! Trust radius: old=0.5, new=0.125
           1     0.000683     0.009542     0.001130     0.038208     0.005494         0.67
           2    -0.000895     0.002909     0.000388     0.065509     0.010303         0.64
       Unexpected energy increase (0.001135 au)! Trust radius: old=0.25, new=0.1
           3     0.001135     0.005789     0.001043     0.051050     0.007480         0.66
           4    -0.001216     0.003338     0.000502     0.031546     0.004331         0.64
           5    -0.000111     0.005869     0.000634     0.031831     0.004222         0.66
           6    -0.000263     0.001528     0.000213     0.033892     0.004873         0.63
           7    -0.000145     0.002197     0.000282     0.037625     0.004953         0.74
           8    -0.000236     0.001542     0.000236     0.042101     0.004370         0.66
           9    -0.000255     0.001561     0.000166     0.087986     0.009017         0.63
       -----------------------------------------------------------------------------------
          10    -0.000442     0.001689     0.000213     0.089086     0.008599         0.62
          11    -0.000429     0.001636     0.000235     0.097543     0.008918         0.62
          12    -0.000456     0.001183     0.000196     0.091653     0.008989         0.68
          13    -0.000431     0.001607     0.000213     0.093238     0.008884         0.65
          14    -0.000407     0.002067     0.000301     0.073386     0.008804         0.64
          15    -0.000405     0.002039     0.000246     0.135078     0.017168         0.64
          16    -0.000663     0.001735     0.000275     0.180627     0.023727         0.64
          17    -0.000412     0.002121     0.000427     0.029195     0.004060         0.64
          18    -0.000273     0.001402     0.000254     0.046689     0.006411         0.64
          19    -0.000308     0.000718     0.000163     0.067569     0.009637         0.65
       -----------------------------------------------------------------------------------
          20    -0.000257     0.000685     0.000148     0.081207     0.011350         0.71
          21    -0.000179     0.001025     0.000132     0.063613     0.008585         0.64
          22    -0.000088     0.001007     0.000139     0.033046     0.004860         0.64
          23    -0.000061     0.000995     0.000111     0.032172     0.005187         0.64
          24    -0.000050     0.000681     0.000112     0.013362     0.002276         0.64
          25    -0.000023     0.000722     0.000086     0.013133     0.001785         0.71
          26    -0.000012     0.000313     0.000044     0.012282     0.001438         0.62
          27    -0.000006     0.000457     0.000052     0.007980     0.001177         0.68
          28    -0.000004     0.000231     0.000033     0.014752     0.001882         0.65
          29    -0.000004     0.000271     0.000029     0.014567     0.001733         0.69
Rebuilt internal coordinates!
       -----------------------------------------------------------------------------------
          30     0.000000     0.000268     0.000029     0.004122     0.000581         0.29
          31    -0.000004     0.000321     0.000051     0.013512     0.002599         0.65
          32     0.000143     0.002496     0.000363     0.029825     0.004371         0.63
          33     0.000310     0.005960     0.000887     0.033652     0.004372         0.62
          34    -0.000222     0.003378     0.000511     0.033841     0.004370         0.63
          35     0.000156     0.005116     0.000798     0.035155     0.004372         0.67
          36    -0.000130     0.003468     0.000542     0.035227     0.004370         0.63
          37     0.000106     0.005021     0.000765     0.035944     0.004372         0.66
          38    -0.000096     0.003467     0.000553     0.035883     0.004370         0.62
          39     0.000084     0.004971     0.000750     0.036336     0.004372         0.63
       -----------------------------------------------------------------------------------
          40    -0.000080     0.003541     0.000557     0.036222     0.004370         0.61
          41     0.000073     0.004939     0.000741     0.036535     0.004372         0.61
          42    -0.000070     0.003583     0.000560     0.036413     0.004370         0.61
          43     0.000066     0.004914     0.000736     0.036642     0.004372         0.62
          44    -0.000064     0.003602     0.000561     0.036532     0.004370         0.62
          45     0.000061     0.004894     0.000732     0.036706     0.004372         0.65
          46    -0.000060     0.003612     0.000561     0.036614     0.004370         0.64
          47     0.000057     0.004877     0.000729     0.036750     0.004372         0.65
          48    -0.000057     0.003617     0.000562     0.036676     0.004370         0.72
          49     0.000054     0.004862     0.000726     0.036783     0.004372         0.66
       -----------------------------------------------------------------------------------
          50    -0.000054     0.003619     0.000562     0.036726     0.004370         0.62
          51     0.000051     0.004849     0.000724     0.036810     0.004372         0.65
          52    -0.000051     0.003621     0.000562     0.036768     0.004370         0.62
          53     0.000049     0.004837     0.000722     0.036835     0.004372         0.62
          54    -0.000049     0.003621     0.000563     0.036806     0.004370         0.63
          55     0.000047     0.004826     0.000720     0.036858     0.004372         0.69
          56    -0.000047     0.003622     0.000563     0.036840     0.004370         0.63
          57     0.000045     0.004815     0.000719     0.036879     0.004372         0.66
          58    -0.000045     0.003622     0.000563     0.036871     0.004370         0.63
          59     0.000043     0.004805     0.000717     0.036900     0.004372         0.61
       -----------------------------------------------------------------------------------
          60    -0.000044     0.003622     0.000563     0.036901     0.004370         0.61
          61     0.000041     0.004796     0.000716     0.036921     0.004372         0.61
          62    -0.000042     0.003621     0.000563     0.036928     0.004370         0.62
          63     0.000040     0.004787     0.000714     0.036941     0.004372         0.61
          64    -0.000040     0.003621     0.000563     0.036955     0.004370         0.75
          65     0.000038     0.004778     0.000713     0.036961     0.004372         0.65
          66    -0.000039     0.003620     0.000563     0.036981     0.004370         0.66
          67     0.000036     0.004769     0.000712     0.036982     0.004372         0.63
          68    -0.000037     0.003619     0.000563     0.037006     0.004370         0.62
          69     0.000035     0.004761     0.000710     0.037002     0.004372         0.61
       -----------------------------------------------------------------------------------
          70    -0.000036     0.003619     0.000563     0.037031     0.004370         0.62
          71     0.000033     0.004752     0.000709     0.037023     0.004372         0.63
          72    -0.000034     0.003618     0.000563     0.037055     0.004370         0.73
          73     0.000032     0.004744     0.000708     0.037044     0.004372         0.63
          74    -0.000033     0.003617     0.000563     0.037080     0.004370         0.62
          75     0.000030     0.004735     0.000706     0.037066     0.004372         0.61
          76    -0.000032     0.003615     0.000563     0.037105     0.004370         0.61
          77     0.000029     0.004726     0.000705     0.037088     0.004372         0.61
          78    -0.000030     0.003614     0.000564     0.037130     0.004370         0.63
          79     0.000027     0.004718     0.000704     0.037111     0.004372         0.61
       -----------------------------------------------------------------------------------
          80    -0.000029     0.003613     0.000564     0.037156     0.004370         0.63
          81     0.000025     0.004709     0.000702     0.037136     0.004372         0.66
          82    -0.000027     0.003611     0.000564     0.037182     0.004370         0.63
          83     0.000023     0.004699     0.000701     0.037161     0.004372         0.61
          84    -0.000026     0.003610     0.000564     0.037209     0.004370         0.63
          85     0.000022     0.004690     0.000699     0.037187     0.004372         0.69
          86    -0.000024     0.003608     0.000564     0.037237     0.004370         0.62
          87     0.000020     0.004679     0.000698     0.037215     0.004372         0.61
          88    -0.000022     0.003606     0.000564     0.037265     0.004370         0.63
          89     0.000018     0.004669     0.000696     0.037244     0.004372         0.76
       -----------------------------------------------------------------------------------
          90    -0.000021     0.003604     0.000564     0.037295     0.004370         0.63
          91     0.000016     0.004656     0.000694     0.037270     0.004372         0.64
          92    -0.000019     0.003603     0.000564     0.037327     0.004370         0.62
          93     0.000013     0.004647     0.000693     0.037311     0.004372         0.61
          94    -0.000017     0.003599     0.000564     0.037361     0.004370         0.61
          95     0.000011     0.004634     0.000691     0.037345     0.004372         0.73
          96    -0.000015     0.003597     0.000564     0.037396     0.004370         0.64
          97     0.000008     0.004620     0.000689     0.037380     0.004372         0.67
          98    -0.000013     0.003594     0.000565     0.037432     0.004370         0.66
          99     0.000005     0.004606     0.000686     0.037420     0.004372         0.70
       -----------------------------------------------------------------------------------
         100    -0.000011     0.003590     0.000565     0.037471     0.004370         0.61
         101     0.000002     0.004591     0.000684     0.037463     0.004372         0.61
         102    -0.000008     0.003587     0.000565     0.037513     0.004370         0.62
         103    -0.000001     0.004574     0.000682     0.037509     0.004372         0.62
         104    -0.000006     0.003584     0.000565     0.037557     0.004370         0.63
         105    -0.000005     0.004555     0.000679     0.037559     0.004372         0.65
         106    -0.000003     0.003580     0.000565     0.037605     0.004371         0.64
         107    -0.000009     0.004535     0.000676     0.037613     0.004372         0.61
         108     0.000000     0.003576     0.000566     0.037656     0.004371         0.61
         109    -0.000014     0.004513     0.000673     0.037672     0.004372         0.62
       -----------------------------------------------------------------------------------
         110     0.000003     0.003572     0.000566     0.037710     0.004371         0.72
         111    -0.000019     0.004489     0.000669     0.037735     0.004372         0.63
         112     0.000007     0.003568     0.000566     0.037769     0.004371         0.62
         113    -0.000024     0.004462     0.000665     0.037803     0.004372         0.66
         114     0.000011     0.003563     0.000567     0.037832     0.004371         0.66
         115    -0.000031     0.004433     0.000661     0.037878     0.004372         0.65
         116     0.000015     0.003559     0.000567     0.037899     0.004371         0.62
         117    -0.000038     0.004400     0.000657     0.037958     0.004372         0.61
         118     0.000019     0.003554     0.000568     0.037972     0.004371         0.61
         119    -0.000045     0.004364     0.000652     0.038044     0.004372         0.64
       -----------------------------------------------------------------------------------
         120     0.000024     0.003550     0.000569     0.038049     0.004371         0.68
         121    -0.000054     0.004323     0.000646     0.038135     0.004372         0.64
         122     0.000029     0.003577     0.000570     0.038131     0.004371         0.61
         123    -0.000064     0.004278     0.000640     0.038231     0.004372         0.67
         124     0.000034     0.003606     0.000571     0.038217     0.004371         0.72
         125    -0.000074     0.004230     0.000634     0.038333     0.004372         0.70
         126     0.000039     0.003639     0.000572     0.038310     0.004371         0.64
         127    -0.000086     0.004176     0.000627     0.038438     0.004371         0.63
         128     0.000045     0.003673     0.000573     0.038406     0.004371         0.61
         129    -0.000098     0.004119     0.000621     0.038544     0.004371         0.62
       -----------------------------------------------------------------------------------
         130     0.000050     0.003710     0.000574     0.038505     0.004371         0.63
         131    -0.000111     0.004057     0.000613     0.038648     0.004371         0.64
         132     0.000055     0.003749     0.000575     0.038606     0.004371         0.62
         133    -0.000125     0.003992     0.000606     0.038746     0.004371         0.62
         134     0.000060     0.003788     0.000577     0.038709     0.004371         0.61
         135    -0.000139     0.003924     0.000599     0.038836     0.004371         0.62
         136     0.000064     0.003827     0.000578     0.038809     0.004371         0.61
         137    -0.000152     0.003855     0.000592     0.038913     0.004371         0.62
         138     0.000068     0.003864     0.000579     0.038906     0.004372         0.61
         139    -0.000165     0.003787     0.000586     0.038974     0.004371         0.62
       -----------------------------------------------------------------------------------
         140     0.000071     0.003900     0.000580     0.038999     0.004372         0.63
         141    -0.000177     0.003719     0.000581     0.039018     0.004371         0.62
         142     0.000074     0.003931     0.000582     0.039082     0.004372         0.61
         143    -0.000187     0.003654     0.000576     0.039041     0.004371         0.62
         144     0.000076     0.003959     0.000583     0.039153     0.004372         0.61
         145    -0.000197     0.003590     0.000572     0.039039     0.004371         0.62
         146     0.000077     0.003981     0.000584     0.039203     0.004372         0.61
         147    -0.000205     0.003527     0.000569     0.039006     0.004371         0.63
         148     0.000077     0.003999     0.000586     0.039226     0.004372         0.63
         149    -0.000212     0.003464     0.000567     0.038932     0.004370         0.62
       -----------------------------------------------------------------------------------
         150     0.000077     0.004012     0.000588     0.039216     0.004372         0.61
         151    -0.000220     0.003400     0.000566     0.038812     0.004370         0.62
         152     0.000074     0.004019     0.000590     0.039161     0.004372         0.61
         153    -0.000226     0.003386     0.000567     0.038626     0.004370         0.62
         154     0.000070     0.004019     0.000593     0.039053     0.004372         0.62
         155    -0.000233     0.003582     0.000568     0.038369     0.004370         0.61
         156     0.000063     0.004011     0.000596     0.038884     0.004372         0.61
         157    -0.000240     0.003792     0.000570     0.038031     0.004370         0.61
         158     0.000053     0.003993     0.000600     0.038645     0.004372         0.62
         159    -0.000246     0.004013     0.000574     0.037600     0.004370         0.61
       -----------------------------------------------------------------------------------
         160     0.000040     0.003962     0.000603     0.038323     0.004372         0.62
         161    -0.000252     0.004241     0.000579     0.037070     0.004370         0.62
         162     0.000023     0.003917     0.000607     0.037909     0.004372         0.62
         163    -0.000257     0.004473     0.000585     0.036439     0.004370         0.61
         164     0.000001     0.004015     0.000611     0.037401     0.004372         0.61
         165    -0.000262     0.004702     0.000592     0.035720     0.004370         0.61
         166    -0.000023     0.004248     0.000615     0.036803     0.004372         0.61
         167    -0.000265     0.004920     0.000599     0.034939     0.004370         0.61
         168    -0.000050     0.004477     0.000619     0.036136     0.004372         0.61
         169    -0.000267     0.005118     0.000607     0.034135     0.004370         0.62
       -----------------------------------------------------------------------------------
         170    -0.000078     0.004699     0.000623     0.035430     0.004372         0.61
         171    -0.000267     0.005289     0.000614     0.033365     0.004370         0.61
         172    -0.000103     0.004911     0.000627     0.034736     0.004372         0.61
         173    -0.000266     0.005427     0.000620     0.032690     0.004370         0.62
         174    -0.000125     0.005113     0.000632     0.034107     0.004372         0.61
         175    -0.000261     0.005533     0.000625     0.032166     0.004370         0.62
         176    -0.000141     0.005302     0.000637     0.033593     0.004371         0.61
         177    -0.000253     0.005608     0.000629     0.031836     0.004370         0.62
         178    -0.000149     0.005471     0.000641     0.033233     0.004371         0.61
         179    -0.000241     0.005654     0.000632     0.031718     0.004370         0.62
       -----------------------------------------------------------------------------------
         180    -0.000149     0.005612     0.000645     0.033045     0.004371         0.62
         181    -0.000224     0.005673     0.000634     0.031803     0.004370         0.61
         182    -0.000142     0.005712     0.000648     0.033023     0.004371         0.61
         183    -0.000204     0.005663     0.000635     0.032063     0.004370         0.62
         184    -0.000130     0.005762     0.000649     0.033144     0.004371         0.61
         185    -0.000182     0.005620     0.000635     0.032455     0.004370         0.62
         186    -0.000114     0.005754     0.000648     0.033370     0.004371         0.62
         187    -0.000159     0.005542     0.000634     0.032925     0.004370         0.63
         188    -0.000095     0.005689     0.000644     0.033656     0.004370         0.61
         189    -0.000138     0.005429     0.000631     0.033421     0.004370         0.61
       -----------------------------------------------------------------------------------
         190    -0.000076     0.005573     0.000638     0.033962     0.004370         0.61
         191    -0.000119     0.005285     0.000628     0.033898     0.004370         0.62
         192    -0.000058     0.005416     0.000630     0.034250     0.004370         0.61
         193    -0.000103     0.005117     0.000624     0.034323     0.004370         0.62
         194    -0.000041     0.005231     0.000622     0.034501     0.004370         0.61
         195    -0.000090     0.004934     0.000619     0.034682     0.004370         0.61
         196    -0.000026     0.005031     0.000613     0.034706     0.004370         0.61
         197    -0.000081     0.004743     0.000614     0.034972     0.004370         0.63
         198    -0.000012     0.004826     0.000604     0.034866     0.004370         0.62
         199    -0.000074     0.004554     0.000609     0.035199     0.004370         0.62
       -----------------------------------------------------------------------------------
         200     0.000000     0.004625     0.000597     0.034991     0.004370         0.63
         201    -0.000070     0.004372     0.000605     0.035376     0.004370         0.62
         202     0.000010     0.004433     0.000589     0.035089     0.004370         0.61
         203    -0.000068     0.004201     0.000600     0.035512     0.004370         0.62
         204     0.000019     0.004254     0.000583     0.035168     0.004370         0.61
         205    -0.000066     0.004042     0.000596     0.035618     0.004370         0.62
         206     0.000027     0.004089     0.000578     0.035236     0.004370         0.61
         207    -0.000066     0.003897     0.000593     0.035701     0.004371         0.61
         208     0.000034     0.003938     0.000573     0.035296     0.004370         0.61
         209    -0.000067     0.003766     0.000590     0.035768     0.004371         0.61
       -----------------------------------------------------------------------------------
         210     0.000039     0.003802     0.000569     0.035351     0.004370         0.62
         211    -0.000067     0.003647     0.000587     0.035823     0.004371         0.61
         212     0.000044     0.003679     0.000566     0.035404     0.004370         0.61
         213    -0.000068     0.003540     0.000584     0.035869     0.004371         0.62
         214     0.000049     0.003568     0.000563     0.035454     0.004370         0.61
         215    -0.000070     0.003444     0.000582     0.035907     0.004371         0.62
         216     0.000053     0.003467     0.000560     0.035502     0.004370         0.62
         217    -0.000071     0.003439     0.000580     0.035939     0.004371         0.62
         218     0.000056     0.003377     0.000558     0.035548     0.004370         0.61
         219    -0.000072     0.003443     0.000578     0.035966     0.004371         0.62
       -----------------------------------------------------------------------------------
         220     0.000059     0.003294     0.000556     0.035592     0.004370         0.62
         221    -0.000073     0.003448     0.000577     0.035990     0.004371         0.61
         222     0.000062     0.003219     0.000554     0.035634     0.004370         0.61
         223    -0.000075     0.003452     0.000575     0.036010     0.004371         0.62
         224     0.000064     0.003151     0.000553     0.035674     0.004370         0.61
         225    -0.000076     0.003455     0.000574     0.036029     0.004371         0.62
         226     0.000066     0.003157     0.000552     0.035712     0.004370         0.61
         227    -0.000077     0.003458     0.000573     0.036045     0.004371         0.63
         228     0.000068     0.003163     0.000551     0.035747     0.004370         0.61
         229    -0.000078     0.003461     0.000572     0.036059     0.004371         0.61
       -----------------------------------------------------------------------------------
         230     0.000069     0.003169     0.000550     0.035781     0.004370         0.61
         231    -0.000079     0.003464     0.000571     0.036072     0.004371         0.62
         232     0.000071     0.003175     0.000549     0.035813     0.004370         0.61
         233    -0.000079     0.003467     0.000571     0.036083     0.004371         0.61
         234     0.000072     0.003180     0.000548     0.035843     0.004371         0.61
         235    -0.000080     0.003470     0.000570     0.036093     0.004371         0.61
         236     0.000073     0.003185     0.000547     0.035872     0.004371         0.61
         237    -0.000081     0.003473     0.000570     0.036102     0.004371         0.61
         238     0.000074     0.003189     0.000546     0.035898     0.004371         0.62
         239    -0.000081     0.003476     0.000569     0.036111     0.004371         0.62
       -----------------------------------------------------------------------------------
         240     0.000075     0.003194     0.000546     0.035922     0.004371         0.61
         241    -0.000082     0.003479     0.000569     0.036118     0.004371         0.62
         242     0.000076     0.003197     0.000545     0.035946     0.004371         0.61
         243    -0.000082     0.003482     0.000568     0.036125     0.004371         0.61
         244     0.000077     0.003201     0.000545     0.035967     0.004371         0.61
         245    -0.000082     0.003484     0.000568     0.036132     0.004371         0.62
         246     0.000077     0.003204     0.000544     0.035987     0.004371         0.61
         247    -0.000083     0.003487     0.000568     0.036138     0.004371         0.62
         248     0.000078     0.003208     0.000544     0.036006     0.004371         0.62
         249    -0.000083     0.003490     0.000568     0.036143     0.004371         0.61
       -----------------------------------------------------------------------------------
         250     0.000078     0.003210     0.000543     0.036024     0.004371         0.62
         251    -0.000083     0.003493     0.000568     0.036148     0.004371         0.62
         252     0.000078     0.003213     0.000543     0.036022     0.004371         0.61
         253    -0.000083     0.003495     0.000568     0.036138     0.004371         0.62
         254     0.000079     0.003216     0.000543     0.036064     0.004371         0.61
         255    -0.000084     0.003500     0.000568     0.036167     0.004371         0.62
         256     0.000079     0.003218     0.000542     0.036077     0.004371         0.61
         257    -0.000083     0.003503     0.000568     0.036166     0.004371         0.62
         258     0.000079     0.003220     0.000542     0.036087     0.004371         0.61
         259    -0.000084     0.003506     0.000568     0.036167     0.004371         0.62
       -----------------------------------------------------------------------------------
         260     0.000079     0.003222     0.000542     0.036097     0.004371         0.61
         261    -0.000084     0.003509     0.000568     0.036169     0.004371         0.62
         262     0.000080     0.003223     0.000542     0.036108     0.004371         0.61
         263    -0.000083     0.003512     0.000568     0.036172     0.004371         0.63
         264     0.000080     0.003225     0.000541     0.036119     0.004371         0.61
         265    -0.000083     0.003515     0.000568     0.036175     0.004371         0.62
         266     0.000080     0.003226     0.000541     0.036129     0.004371         0.62
         267    -0.000083     0.003518     0.000568     0.036178     0.004371         0.62
         268     0.000080     0.003227     0.000541     0.036138     0.004371         0.61
         269    -0.000083     0.003522     0.000568     0.036180     0.004371         0.62
       -----------------------------------------------------------------------------------
         270     0.000080     0.003228     0.000541     0.036147     0.004371         0.61
         271    -0.000083     0.003525     0.000568     0.036182     0.004371         0.62
         272     0.000080     0.003229     0.000540     0.036155     0.004371         0.61
         273    -0.000083     0.003528     0.000568     0.036185     0.004371         0.61
         274     0.000080     0.003230     0.000540     0.036162     0.004371         0.61
         275    -0.000083     0.003531     0.000568     0.036187     0.004371         0.62
         276     0.000080     0.003231     0.000540     0.036170     0.004371         0.61
         277    -0.000083     0.003534     0.000568     0.036190     0.004371         0.62
         278     0.000080     0.003232     0.000540     0.036178     0.004371         0.62
         279    -0.000083     0.003537     0.000569     0.036193     0.004371         0.62
       -----------------------------------------------------------------------------------
         280     0.000080     0.003232     0.000540     0.036185     0.004371         0.61
         281    -0.000082     0.003540     0.000569     0.036195     0.004371         0.62
         282     0.000079     0.003233     0.000540     0.036191     0.004371         0.61
         283    -0.000082     0.003544     0.000569     0.036197     0.004371         0.62
         284     0.000079     0.003234     0.000539     0.036197     0.004371         0.61
         285    -0.000082     0.003547     0.000569     0.036200     0.004371         0.61
         286     0.000079     0.003234     0.000539     0.036203     0.004371         0.62
         287    -0.000082     0.003550     0.000569     0.036202     0.004371         0.69
         288     0.000079     0.003234     0.000539     0.036208     0.004371         0.61
         289    -0.000082     0.003553     0.000569     0.036204     0.004371         0.61
       -----------------------------------------------------------------------------------
         290     0.000079     0.003235     0.000539     0.036213     0.004371         0.62
         291    -0.000081     0.003556     0.000570     0.036206     0.004371         0.62
         292     0.000079     0.003235     0.000539     0.036218     0.004371         0.62
         293    -0.000081     0.003559     0.000570     0.036208     0.004371         0.62
         294     0.000079     0.003235     0.000539     0.036223     0.004371         0.61
         295    -0.000081     0.003562     0.000570     0.036210     0.004371         0.62
         296     0.000078     0.003236     0.000539     0.036228     0.004371         0.61
         297    -0.000081     0.003565     0.000570     0.036213     0.004371         0.61
         298     0.000078     0.003236     0.000538     0.036232     0.004371         0.61
         299    -0.000080     0.003568     0.000570     0.036216     0.004371         0.61
       -----------------------------------------------------------------------------------
         300     0.000078     0.003236     0.000538     0.036237     0.004371         0.61
         301    -0.000080     0.003571     0.000571     0.036218     0.004371         0.62
         302     0.000078     0.003236     0.000538     0.036241     0.004371         0.61
         303    -0.000080     0.003574     0.000571     0.036220     0.004371         0.61
         304     0.000078     0.003236     0.000538     0.036244     0.004371         0.61
         305    -0.000080     0.003577     0.000571     0.036222     0.004371         0.61
         306     0.000078     0.003237     0.000538     0.036249     0.004371         0.61
         307    -0.000079     0.003579     0.000571     0.036225     0.004371         0.62
         308     0.000077     0.003237     0.000538     0.036253     0.004371         0.61
         309    -0.000079     0.003582     0.000572     0.036227     0.004371         0.61
       -----------------------------------------------------------------------------------
         310     0.000077     0.003237     0.000538     0.036257     0.004371         0.62
         311    -0.000079     0.003585     0.000572     0.036229     0.004371         0.62
         312     0.000077     0.003237     0.000538     0.036260     0.004371         0.61
         313    -0.000079     0.003587     0.000572     0.036231     0.004371         0.61
         314     0.000077     0.003237     0.000538     0.036263     0.004371         0.61
         315    -0.000078     0.003590     0.000572     0.036233     0.004371         0.62
         316     0.000076     0.003237     0.000538     0.036266     0.004371         0.62
         317    -0.000078     0.003593     0.000572     0.036236     0.004371         0.61
         318     0.000076     0.003237     0.000537     0.036270     0.004371         0.62
         319    -0.000078     0.003596     0.000573     0.036238     0.004371         0.61
       -----------------------------------------------------------------------------------
         320     0.000076     0.003237     0.000537     0.036273     0.004371         0.61
         321    -0.000078     0.003598     0.000573     0.036241     0.004371         0.61
         322     0.000076     0.003237     0.000537     0.036277     0.004371         0.63
         323    -0.000077     0.003601     0.000573     0.036244     0.004371         0.61
         324     0.000076     0.003237     0.000537     0.036280     0.004371         0.61
         325    -0.000077     0.003603     0.000573     0.036246     0.004371         0.61
         326     0.000075     0.003237     0.000537     0.036283     0.004371         0.62
         327    -0.000077     0.003606     0.000573     0.036249     0.004371         0.62
         328     0.000075     0.003237     0.000537     0.036287     0.004371         0.61
         329    -0.000077     0.003608     0.000574     0.036252     0.004371         0.62
       -----------------------------------------------------------------------------------
         330     0.000075     0.003237     0.000537     0.036290     0.004371         0.61
         331    -0.000076     0.003611     0.000574     0.036254     0.004371         0.62
         332     0.000075     0.003237     0.000537     0.036293     0.004371         0.61
         333    -0.000076     0.003613     0.000574     0.036257     0.004371         0.61
         334     0.000075     0.003237     0.000537     0.036296     0.004371         0.61
         335    -0.000076     0.003616     0.000574     0.036260     0.004371         0.61
         336     0.000074     0.003237     0.000537     0.036300     0.004371         0.61
         337    -0.000076     0.003618     0.000574     0.036263     0.004371         0.62
         338     0.000074     0.003237     0.000537     0.036303     0.004371         0.62
         339    -0.000075     0.003621     0.000575     0.036266     0.004371         0.61
       -----------------------------------------------------------------------------------
         340     0.000074     0.003237     0.000537     0.036306     0.004371         0.62
         341    -0.000075     0.003623     0.000575     0.036268     0.004371         0.61
         342     0.000074     0.003237     0.000537     0.036309     0.004371         0.61
         343    -0.000075     0.003625     0.000575     0.036271     0.004371         0.61
         344     0.000074     0.003237     0.000537     0.036312     0.004371         0.61
         345    -0.000075     0.003627     0.000575     0.036274     0.004371         0.61
         346     0.000073     0.003237     0.000537     0.036315     0.004371         0.62
         347    -0.000074     0.003630     0.000575     0.036277     0.004371         0.61
         348     0.000073     0.003237     0.000537     0.036318     0.004371         0.62
         349    -0.000074     0.003632     0.000576     0.036280     0.004371         0.62
       -----------------------------------------------------------------------------------
         350     0.000073     0.003237     0.000536     0.036321     0.004371         0.61
         351    -0.000074     0.003634     0.000576     0.036283     0.004371         0.61
         352     0.000073     0.003237     0.000536     0.036325     0.004371         0.62
         353    -0.000074     0.003636     0.000576     0.036287     0.004371         0.61
         354     0.000073     0.003237     0.000536     0.036328     0.004371         0.61
         355    -0.000074     0.003638     0.000576     0.036290     0.004371         0.61
         356     0.000072     0.003237     0.000536     0.036331     0.004371         0.61
         357    -0.000073     0.003640     0.000576     0.036293     0.004371         0.60
         358     0.000072     0.003237     0.000536     0.036334     0.004371         0.61
         359    -0.000073     0.003643     0.000576     0.036296     0.004371         0.61
       -----------------------------------------------------------------------------------
         360     0.000072     0.003237     0.000536     0.036338     0.004371         0.60
         361    -0.000073     0.003645     0.000577     0.036299     0.004371         0.62
         362     0.000072     0.003237     0.000536     0.036341     0.004371         0.61
         363    -0.000073     0.003647     0.000577     0.036303     0.004371         0.61
         364     0.000072     0.003237     0.000536     0.036344     0.004371         0.60
         365    -0.000072     0.003649     0.000577     0.036306     0.004371         0.61
         366     0.000071     0.003237     0.000536     0.036347     0.004371         0.61
         367    -0.000072     0.003651     0.000577     0.036309     0.004371         0.60
         368     0.000071     0.003237     0.000536     0.036350     0.004371         0.66
         369    -0.000072     0.003652     0.000577     0.036312     0.004371         0.61
       -----------------------------------------------------------------------------------
         370     0.000071     0.003237     0.000536     0.036353     0.004371         0.61
         371    -0.000072     0.003654     0.000577     0.036316     0.004371         0.61
         372     0.000071     0.003237     0.000536     0.036357     0.004371         0.61
         373    -0.000072     0.003656     0.000578     0.036319     0.004371         0.61
         374     0.000071     0.003237     0.000536     0.036360     0.004371         0.62
         375    -0.000072     0.003658     0.000578     0.036322     0.004371         0.61
         376     0.000071     0.003237     0.000536     0.036363     0.004371         0.61
         377    -0.000071     0.003660     0.000578     0.036326     0.004371         0.62
         378     0.000070     0.003237     0.000536     0.036366     0.004371         0.61
         379    -0.000071     0.003662     0.000578     0.036329     0.004371         0.61
       -----------------------------------------------------------------------------------
         380     0.000070     0.003237     0.000536     0.036369     0.004371         0.61
         381    -0.000071     0.003663     0.000578     0.036332     0.004371         0.61
         382     0.000070     0.003237     0.000536     0.036373     0.004371         0.61
         383    -0.000071     0.003665     0.000578     0.036336     0.004371         0.61
         384     0.000070     0.003237     0.000536     0.036376     0.004371         0.61
         385    -0.000071     0.003667     0.000578     0.036339     0.004371         0.61
         386     0.000070     0.003237     0.000536     0.036379     0.004371         0.63
         387    -0.000070     0.003669     0.000579     0.036343     0.004371         0.61
         388     0.000070     0.003237     0.000536     0.036383     0.004371         0.61
         389    -0.000070     0.003670     0.000579     0.036346     0.004371         0.61
       -----------------------------------------------------------------------------------
         390     0.000070     0.003238     0.000536     0.036386     0.004371         0.62
         391    -0.000070     0.003672     0.000579     0.036350     0.004371         0.61
         392     0.000069     0.003238     0.000536     0.036389     0.004371         0.62
         393    -0.000070     0.003674     0.000579     0.036353     0.004371         0.61
         394     0.000069     0.003238     0.000536     0.036392     0.004371         0.61
         395    -0.000070     0.003675     0.000579     0.036357     0.004371         0.61
         396     0.000069     0.003238     0.000536     0.036396     0.004371         0.62
         397    -0.000070     0.003677     0.000579     0.036360     0.004371         0.61
         398     0.000069     0.003238     0.000536     0.036399     0.004371         0.61
         399    -0.000070     0.003678     0.000579     0.036363     0.004371         0.61
       Number of cycles exceeded!

Final summary:
            	max(forces, internal): 0.003238 hartree/(bohr,rad)
            	rms(forces, internal): 0.000536 hartree/(bohr,rad)
        	max(forces,cartesian): 0.000891 hartree/bohr
        	rms(forces,cartesian): 0.000194 hartree/bohr
        	energy: -121.77188049 hartree
       Wrote final, hopefully optimized, geometry to 'forward_end_final_geometry.xyz'

Moved 'forward_end_final_geometry.xyz' to 'forward_end_opt.xyz'.

                     +-----------------------------------+
                     | RUNNING BACKWARD_END OPTIMIZATION |
                     +-----------------------------------+

     Input geometry: Geometry(Br1_C41_Cu1_H31_N2_O1, 77 atoms)
  Coordinate system: redund
         Calculator: XTB calculator
             Charge: -1
       Multiplicity: 1
          Optimizer: rfo


If not specified otherwise, all quantities are given in au.

Convergence thresholds, (overachieved when):
	max(|force|) <= 0.000450, (0.000090) E_h a_0⁻¹ (rad⁻¹)
	  rms(force) <= 0.000300, (0.000060) E_h a_0⁻¹ (rad⁻¹)
	 max(|step|) <= 0.001800 a_0 (rad)
	   rms(step) <= 0.001200 a_0 (rad)

Spent 0.0 s preparing the first cycle.
       cycle    Δ(energy) max(|force|)   rms(force)  max(|step|)    rms(step)      s/cycle
           0          nan     0.001565     0.000266     0.069526     0.008528         0.65
       Unexpected energy increase (0.000979 au)! Trust radius: old=0.5, new=0.125
           1     0.000979     0.007275     0.000860     0.053334     0.005897         0.68
           2    -0.001022     0.002789     0.000420     0.037413     0.005216         0.68
       Unexpected energy increase (0.000033 au)! Trust radius: old=0.125, new=0.1
           3     0.000033     0.004946     0.000638     0.024805     0.003938         0.68
           4    -0.000301     0.001280     0.000196     0.025853     0.004246         0.67
       Unexpected energy increase (0.000036 au)! Trust radius: old=0.1, new=0.1
           5     0.000036     0.002653     0.000340     0.018601     0.003241         0.69
           6    -0.000175     0.001260     0.000166     0.029101     0.004868         0.68
           7    -0.000091     0.001602     0.000203     0.024066     0.004034         0.68
           8    -0.000123     0.000765     0.000132     0.022635     0.004181         0.69
           9    -0.000140     0.000893     0.000128     0.021803     0.004202         0.68
       -----------------------------------------------------------------------------------
          10    -0.000144     0.001035     0.000162     0.055571     0.008615         0.68
          11    -0.000353     0.001463     0.000247     0.043975     0.008320         0.68
          12    -0.000422     0.001667     0.000267     0.066991     0.008444         0.68
          13    -0.000690     0.002258     0.000308     0.128594     0.016903         0.70
       Unexpected energy increase (0.001119 au)! Trust radius: old=0.4, new=0.1
          14     0.001119     0.005682     0.001134     0.059854     0.011109         0.68
          15    -0.001895     0.002958     0.000264     0.035130     0.004195         0.69
          16    -0.000526     0.003352     0.000265     0.061117     0.008452         0.68
       Unexpected energy increase (0.003912 au)! Trust radius: old=0.2, new=0.1
          17     0.003912     0.019466     0.002083     0.031853     0.004229         0.71
          18    -0.003223     0.008650     0.000991     0.126846     0.010556         0.68
          19    -0.002357     0.004504     0.000548     0.138244     0.012070         0.71
       -----------------------------------------------------------------------------------
          20    -0.002225     0.005031     0.000512     0.091287     0.008411         0.69
          21    -0.001763     0.005338     0.000681     0.208627     0.016784         0.71
          22    -0.004256     0.004354     0.000505     0.207395     0.016896         0.69
          23    -0.003704     0.003436     0.000663     0.308864     0.031979         0.71
          24    -0.005232     0.006898     0.001220     0.406659     0.042260         0.70
          25    -0.003279     0.015457     0.001609     0.056995     0.006973         0.70
          26    -0.002176     0.004999     0.000769     0.031939     0.005776         0.69
          27    -0.001116     0.004197     0.000489     0.022140     0.004237         0.70
          28    -0.000745     0.003549     0.000393     0.047317     0.008441         0.70
          29    -0.001030     0.002517     0.000403     0.104672     0.017268         0.72
       -----------------------------------------------------------------------------------
          30    -0.001448     0.003090     0.000395     0.107299     0.016661         0.69
          31    -0.000970     0.001464     0.000239     0.120024     0.016738         0.70
          32    -0.000672     0.002534     0.000293     0.196758     0.026908         0.69
          33    -0.000557     0.003705     0.000432     0.023806     0.003819         0.71
          34    -0.000263     0.002454     0.000221     0.023938     0.004222         0.70
          35    -0.000220     0.001491     0.000139     0.055800     0.008350         0.71
          36    -0.000252     0.000917     0.000137     0.067098     0.009026         0.69
          37    -0.000160     0.000817     0.000131     0.060036     0.008146         0.71
          38    -0.000098     0.000529     0.000096     0.062209     0.008669         0.69
          39    -0.000055     0.000555     0.000072     0.020606     0.002982         0.70
       -----------------------------------------------------------------------------------
          40    -0.000023     0.000497     0.000071     0.028642     0.003921         0.71
          41    -0.000039     0.000572     0.000077     0.029761     0.004087         0.71
          42    -0.000029     0.000505     0.000074     0.036184     0.004935         0.71
          43    -0.000024     0.000450     0.000074     0.029756     0.004303         0.71
          44    -0.000021     0.000365     0.000057     0.022280     0.004140         0.70
          45    -0.000020     0.000182     0.000039     0.008910     0.002017         0.71
          46    -0.000011     0.000226     0.000036     0.008199     0.001473         0.70
          47    -0.000006     0.000196     0.000036     0.007819     0.001300         0.70
          48    -0.000005     0.000209     0.000033     0.007967     0.001415         0.70
          49    -0.000004     0.000180     0.000029     0.006455     0.001158         0.71
       -----------------------------------------------------------------------------------
          50    -0.000003     0.000136     0.000023     0.004447     0.000861         0.69
          51    -0.000002     0.000109     0.000018     0.002643     0.000520         0.71
          52    -0.000001     0.000078     0.000011     0.001478     0.000324         0.61
       Converged!

Final summary:
            	max(forces, internal): 0.000078 hartree/(bohr,rad)
            	rms(forces, internal): 0.000011 hartree/(bohr,rad)
        	max(forces,cartesian): 0.000147 hartree/bohr
        	rms(forces,cartesian): 0.000028 hartree/bohr
        	energy: -121.79451608 hartree
       Wrote final, hopefully optimized, geometry to 'backward_end_final_geometry.xyz'

Moved 'backward_end_final_geometry.xyz' to 'backward_end_opt.xyz'.


                 #############################################
                 # BARRIER HEIGHTS AFTER END OPTIMIZATION(S) #
                 #############################################

All tabulated quantities are given in au.

           File            E_el
           --------------------
/scrat...ry.xyz     -121.771880
             TS     -121.757378
/scrat...ry.xyz     -121.794516

                                  +----------+
                                  | BARRIERS |
                                  +----------+

Temperature: 298.15 K
Pressure: 101325.0 Pa

Corrections:
Change of standard-state: False, 0.0 kJ mol⁻¹
                 Solvent: False
         Thermochemistry: False

Left geometry:
	0: forward_end_final_geometry.xyz (Geometry(Br1_C41_Cu1_H31_N2_O1), 77 atoms)
TS geometry:
	0:  (Geometry(Br1_C41_Cu1_H31_N2_O1), 77 atoms)
Right geometry:
	0: backward_end_final_geometry.xyz (Geometry(Br1_C41_Cu1_H31_N2_O1), 77 atoms)

Minimum energy of 0.0 kJ mol⁻¹ at 'Right'.

	  Left:    59.43 kJ mol⁻¹ (1 geometry)
	    TS:    97.50 kJ mol⁻¹ (1 geometry)
	 Right:     0.00 kJ mol⁻¹ (1 geometry)

Wrote optimized end-geometries and TS to 'left_ts_right_geoms.trj'
pysisyphus run took 0:06:08 h.
