 
       ==============================================
       |                                            |
       |                 C R E S T                  |
       |                                            |
       |  Conformer-Rotamer Ensemble Sampling Tool  |
       |          based on the GFN methods          |
       |             P.Pracht, S.Grimme             |
       |          Universitaet Bonn, MCTC           |
       ==============================================
       Version 2.12,   Thu 19. Mai 16:32:32 CEST 2022
  Using the xTB program. Compatible with xTB version 6.4.0
 
   Cite work conducted with this code as

   • P.Pracht, F.Bohle, S.Grimme, PCCP, 2020, 22, 7169-7192.
   • S.Grimme, JCTC, 2019, 15, 2847-2862.

   and for works involving QCG as

   • S.Spicher, C.Plett, P.Pracht, A.Hansen, S.Grimme,
     JCTC, 2022, 18 (5), 3174-3189.
 
   with help from:
   C.Bannwarth, F.Bohle, S.Ehlert, S.Grimme,
   C.Plett, P.Pracht, S.Spicher
 
   This program is distributed in the hope that it will be useful,
   but WITHOUT ANY WARRANTY; without even the implied warranty of
   MERCHANTABILITY or FITNESS FOR A PARTICULAR PURPOSE.

 Command line input:
 > /depot/bsavoie/apps/anaconda3/envs/yarp/bin/crest /scratch/negishi/li1724/Test-CentralizedCode-4-5/conformer/FBGRMGAZGXUGPH-UHFFFAOYSA-M/FBGRMGAZGXUGPH-UHFFFAOYSA-M.xyz -xname /home/li1724/.conda/envs/2022.10-py39/copy-classy-yarp/bin/xtb -opt vtight -chrg -1 -uhf 0 -gfn2 -nozs -T 64 -True

  -opt 2
  -chrg -1
  -uhf 0
  -gfn2 : Use of GFN2-xTB requested.
  -T 64 (CPUs/Threads selected)
 
 -------------------------
 xTB Geometry Optimization
 -------------------------
 Geometry successfully optimized.
 
------------------------------------------------
Generating MTD length from a flexibility measure
------------------------------------------------
 Calculating WBOs... done.
 Calculating NCI flexibility... done.
     covalent flexibility measure :   0.062
 non-covalent flexibility measure :   0.508
 flexibility measure :   0.094
 t(MTD) / ps    :     6.0
 Σ(t(MTD)) / ps :    84.0 (14 MTDs)
 
-------------------------------------
Starting a trial MTD to test settings
-------------------------------------
 Estimated runtime for one MTD (6.0 ps) on a single thread: 21 min 49 sec
 Estimated runtime for a batch of 14 MTDs on 64 threads: 5 min 27 sec
 
 list of Vbias parameters applied:
$metadyn    0.00300   1.300
$metadyn    0.00150   1.300
$metadyn    0.00075   1.300
$metadyn    0.00300   0.780
$metadyn    0.00150   0.780
$metadyn    0.00075   0.780
$metadyn    0.00300   0.468
$metadyn    0.00150   0.468
$metadyn    0.00075   0.468
$metadyn    0.00300   0.281
$metadyn    0.00150   0.281
$metadyn    0.00075   0.281
$metadyn    0.00100   0.100
$metadyn    0.00500   0.800
 
*******************************************************************************************
**                        N E W    I T E R A T I O N    C Y C L E                        **
*******************************************************************************************
 
========================================
            MTD Iteration  1
========================================
 
     ========================================
     |         Meta-MD (MTD) Sampling       |
     ========================================
 
Starting Meta-MD   2 with the settings:
     MD time /ps        :     6.0
     dt /fs             :     5.0
     dumpstep(trj) /fs  :     100
     dumpstep(Vbias)/ps :     1.0
     Vbias factor k /Eh :  0.1155
     Vbias exp α /bohr⁻²:    1.30
Starting Meta-MD   3 with the settings:
     MD time /ps        :     6.0
     dt /fs             :     5.0
     dumpstep(trj) /fs  :     100
     dumpstep(Vbias)/ps :     1.0
     Vbias factor k /Eh :  0.0578
     Vbias exp α /bohr⁻²:    1.30
Starting Meta-MD   6 with the settings:
     MD time /ps        :     6.0
     dt /fs             :     5.0
     dumpstep(trj) /fs  :     100
     dumpstep(Vbias)/ps :     1.0
     Vbias factor k /Eh :  0.0578
     Vbias exp α /bohr⁻²:    0.78
Starting Meta-MD   4 with the settings:
     MD time /ps        :     6.0
     dt /fs             :     5.0
     dumpstep(trj) /fs  :     100
     dumpstep(Vbias)/ps :     1.0
     Vbias factor k /Eh :  0.2310
     Vbias exp α /bohr⁻²:    0.78
Starting Meta-MD   5 with the settings:
     MD time /ps        :     6.0
     dt /fs             :     5.0
     dumpstep(trj) /fs  :     100
     dumpstep(Vbias)/ps :     1.0
     Vbias factor k /Eh :  0.1155
     Vbias exp α /bohr⁻²:    0.78
Starting Meta-MD  14 with the settings:
     MD time /ps        :     6.0
     dt /fs             :     5.0
     dumpstep(trj) /fs  :     100
     dumpstep(Vbias)/ps :     1.0
     Vbias factor k /Eh :  0.3850
     Vbias exp α /bohr⁻²:    0.80
Starting Meta-MD   7 with the settings:
     MD time /ps        :     6.0
     dt /fs             :     5.0
     dumpstep(trj) /fs  :     100
     dumpstep(Vbias)/ps :     1.0
     Vbias factor k /Eh :  0.2310
     Vbias exp α /bohr⁻²:    0.47
Starting Meta-MD   1 with the settings:
     MD time /ps        :     6.0
     dt /fs             :     5.0
     dumpstep(trj) /fs  :     100
     dumpstep(Vbias)/ps :     1.0
     Vbias factor k /Eh :  0.2310
     Vbias exp α /bohr⁻²:    1.30
Starting Meta-MD   8 with the settings:
     MD time /ps        :     6.0
     dt /fs             :     5.0
     dumpstep(trj) /fs  :     100
     dumpstep(Vbias)/ps :     1.0
     Vbias factor k /Eh :  0.1155
     Vbias exp α /bohr⁻²:    0.47
Starting Meta-MD   9 with the settings:
     MD time /ps        :     6.0
     dt /fs             :     5.0
     dumpstep(trj) /fs  :     100
     dumpstep(Vbias)/ps :     1.0
     Vbias factor k /Eh :  0.0578
     Vbias exp α /bohr⁻²:    0.47
Starting Meta-MD  10 with the settings:
     MD time /ps        :     6.0
     dt /fs             :     5.0
     dumpstep(trj) /fs  :     100
     dumpstep(Vbias)/ps :     1.0
     Vbias factor k /Eh :  0.2310
     Vbias exp α /bohr⁻²:    0.28
Starting Meta-MD  11 with the settings:
     MD time /ps        :     6.0
     dt /fs             :     5.0
     dumpstep(trj) /fs  :     100
     dumpstep(Vbias)/ps :     1.0
     Vbias factor k /Eh :  0.1155
     Vbias exp α /bohr⁻²:    0.28
Starting Meta-MD  12 with the settings:
     MD time /ps        :     6.0
     dt /fs             :     5.0
     dumpstep(trj) /fs  :     100
     dumpstep(Vbias)/ps :     1.0
     Vbias factor k /Eh :  0.0578
     Vbias exp α /bohr⁻²:    0.28
Starting Meta-MD  13 with the settings:
     MD time /ps        :     6.0
     dt /fs             :     5.0
     dumpstep(trj) /fs  :     100
     dumpstep(Vbias)/ps :     1.0
     Vbias factor k /Eh :  0.0770
     Vbias exp α /bohr⁻²:    0.10
*Meta-MTD 2 finished*
*Meta-MTD 12 finished*
*Meta-MTD 3 finished*
*Meta-MTD 9 finished*
*Meta-MTD 6 finished*
*Meta-MTD 8 finished*
*Meta-MTD 1 finished*
*Meta-MTD 13 finished*
*Meta-MTD 4 finished*
*Meta-MTD 5 finished*
*Meta-MTD 14 finished*
*Meta-MTD 7 finished*
*Meta-MTD 10 finished*
*Meta-MTD 11 finished*
 
-----------------------
Multilevel Optimization
-----------------------
 
 -------------------------
 1. crude pre-optimization
 -------------------------
 Optimizing all 826 structures from file "crest_rotamers_0.xyz" ...
 1 2 3 4 5 6 7 8 9 10 11 12 13 14 15 16 17 18 19 20 21 22 23 24 25 26 27 28 29 30 31 32 33 34 35 36 37 38 39 40 41 42 43 44 45 46 47 48 49 50 51 52 53 54 55 56 57 58 59 60 61 62 63 64 65 66 67 68 69 70 71 72 73 74 75 76 77 78 79 80 81 82 83 84 85 86 87 88 89 90 91 92 93 94 95 96 97 98 99 100 101 102 103 104 105 106 107 108 109 110 111 112 113 114 115 116 117 118 119 120 121 122 123 124 125 126 127 128 129 130 131 132 133 134 135 136 137 138 139 140 141 142 143 144 145 146 147 148 149 150 151 152 153 154 155 156 157 158 159 160 161 162 163 164 165 166 167 168 169 170 171 172 173 174 175 176 177 178 179 180 181 182 183 184 185 186 187 188 189 190 191 192 193 194 195 196 197 198 199 200 201 202 203 204 205 206 207 208 209 210 211 212 213 214 215 216 217 218 219 220 221 222 223 224 225 226 227 228 229 230 231 232 233 234 235 236 237 238 239 240 241 242 243 244 245 246 247 248 249 250 251 252 253 254 255 256 257 258 259 260 261 262 263 264 265 266 267 268 269 270 271 272 273 274 275 276 277 278 279 280 281 282 283 284 285 286 287 288 289 290 291 292 293 294 295 296 297 298 299 300 301 302 303 304 305 306 307 308 309 310 311 312 313 314 315 316 317 318 319 320 321 322 323 324 325 326 327 328 329 330 331 332 333 334 335 336 337 338 339 340 341 342 343 344 345 346 347 348 349 350 351 352 353 354 355 356 357 358 359 360 361 362 363 364 365 366 367 368 369 370 371 372 373 374 375 376 377 378 379 380 381 382 383 384 385 386 387 388 389 390 391 392 393 394 395 396 397 398 399 400 401 402 403 404 405 406 407 408 409 410 411 412 413 414 415 416 417 418 419 420 421 422 423 424 425 426 427 428 429 430 431 432 433 434 435 436 437 438 439 440 441 442 443 444 445 446 447 448 449 450 451 452 453 454 455 456 457 458 459 460 461 462 463 464 465 466 467 468 469 470 471 472 473 474 475 476 477 478 479 480 481 482 483 484 485 486 487 488 489 490 491 492 493 494 495 496 497 498 499 500 501 502 503 504 505 506 507 508 509 510 511 512 513 514 515 516 517 518 519 520 521 522 523 524 525 526 527 528 529 530 531 532 533 534 535 536 537 538 539 540 541 542 543 544 545 546 547 548 549 550 551 552 553 554 555 556 557 558 559 560 561 562 563 564 565 566 567 568 569 570 571 572 573 574 575 576 577 578 579 580 581 582 583 584 585 586 587 588 589 590 591 592 593 594 595 596 597 598 599 600 601 602 603 604 605 606 607 608 609 610 611 612 613 614 615 616 617 618 619 620 621 622 623 624 625 626 627 628 629 630 631 632 633 634 635 636 637 638 639 640 641 642 643 644 645 646 647 648 649 650 651 652 653 654 655 656 657 658 659 660 661 662 663 664 665 666 667 668 669 670 671 672 673 674 675 676 677 678 679 680 681 682 683 684 685 686 687 688 689 690 691 692 693 694 695 696 697 698 699 700 701 702 703 704 705 706 707 708 709 710 711 712 713 714 715 716 717 718 719 720 721 722 723 724 725 726 727 728 729 730 731 732 733 734 735 736 737 738 739 740 741 742 743 744 745 746 747 748 749 750 751 752 753 754 755 756 757 758 759 760 761 762 763 764 765 766 767 768 769 770 771 772 773 774 775 776 777 778 779 780 781 782 783 784 785 786 787 788 789 790 791 792 793 794 795 796 797 798 799 800 801 802 803 804 805 806 807 808 809 810 811 812 813 814 815 816 817 818 819 820 821 822 823 824 825 826
 done.
 running RMSDs...
 done.
 E lowest :  -121.79644
 631 structures remain within    12.00 kcal/mol window
 
 -------------------------------------
 2. optimization with tight thresholds
 -------------------------------------
 Optimizing all 632 structures from file "crest_rotamers_1.xyz" ...
 1 2 3 4 5 6 7 8 9 10 11 12 13 14 15 16 17 18 19 20 21 22 23 24 25 26 27 28 29 30 31 32 33 34 35 36 37 38 39 40 41 42 43 44 45 46 47 48 49 50 51 52 53 54 55 56 57 58 59 60 61 62 63 64 65 66 67 68 69 70 71 72 73 74 75 76 77 78 79 80 81 82 83 84 85 86 87 88 89 90 91 92 93 94 95 96 97 98 99 100 101 102 103 104 105 106 107 108 109 110 111 112 113 114 115 116 117 118 119 120 121 122 123 124 125 126 127 128 129 130 131 132 133 134 135 136 137 138 139 140 141 142 143 144 145 146 147 148 149 150 151 152 153 154 155 156 157 158 159 160 161 162 163 164 165 166 167 168 169 170 171 172 173 174 175 176 177 178 179 180 181 182 183 184 185 186 187 188 189 190 191 192 193 194 195 196 197 198 199 200 201 202 203 204 205 206 207 208 209 210 211 212 213 214 215 216 217 218 219 220 221 222 223 224 225 226 227 228 229 230 231 232 233 234 235 236 237 238 239 240 241 242 243 244 245 246 247 248 249 250 251 252 253 254 255 256 257 258 259 260 261 262 263 264 265 266 267 268 269 270 271 272 273 274 275 276 277 278 279 280 281 282 283 284 285 286 287 288 289 290 291 292 293 294 295 296 297 298 299 300 301 302 303 304 305 306 307 308 309 310 311 312 313 314 315 316 317 318 319 320 321 322 323 324 325 326 327 328 329 330 331 332 333 334 335 336 337 338 339 340 341 342 343 344 345 346 347 348 349 350 351 352 353 354 355 356 357 358 359 360 361 362 363 364 365 366 367 368 369 370 371 372 373 374 375 376 377 378 379 380 381 382 383 384 385 386 387 388 389 390 391 392 393 394 395 396 397 398 399 400 401 402 403 404 405 406 407 408 409 410 411 412 413 414 415 416 417 418 419 420 421 422 423 424 425 426 427 428 429 430 431 432 433 434 435 436 437 438 439 440 441 442 443 444 445 446 447 448 449 450 451 452 453 454 455 456 457 458 459 460 461 462 463 464 465 466 467 468 469 470 471 472 473 474 475 476 477 478 479 480 481 482 483 484 485 486 487 488 489 490 491 492 493 494 495 496 497 498 499 500 501 502 503 504 505 506 507 508 509 510 511 512 513 514 515 516 517 518 519 520 521 522 523 524 525 526 527 528 529 530 531 532 533 534 535 536 537 538 539 540 541 542 543 544 545 546 547 548 549 550 551 552 553 554 555 556 557 558 559 560 561 562 563 564 565 566 567 568 569 570 571 572 573 574 575 576 577 578 579 580 581 582 583 584 585 586 587 588 589 590 591 592 593 594 595 596 597 598 599 600 601 602 603 604 605 606 607 608 609 610 611 612 613 614 615 616 617 618 619 620 621 622 623 624 625 626 627 628 629 630 631 632
 done.
 running RMSDs...
 done.
 E lowest :  -121.79852
 173 structures remain within     6.00 kcal/mol window
 
 
========================================
            MTD Iteration  2
========================================
 
     ========================================
     |         Meta-MD (MTD) Sampling       |
     ========================================
 
Starting Meta-MD   1 with the settings:
     MD time /ps        :     6.0
     dt /fs             :     5.0
     dumpstep(trj) /fs  :     100
     dumpstep(Vbias)/ps :     1.0
     Vbias factor k /Eh :  0.2310
     Vbias exp α /bohr⁻²:    1.30
Starting Meta-MD   2 with the settings:
     MD time /ps        :     6.0
     dt /fs             :     5.0
     dumpstep(trj) /fs  :     100
     dumpstep(Vbias)/ps :     1.0
     Vbias factor k /Eh :  0.1155
     Vbias exp α /bohr⁻²:    1.30
Starting Meta-MD   3 with the settings:
     MD time /ps        :     6.0
     dt /fs             :     5.0
     dumpstep(trj) /fs  :     100
     dumpstep(Vbias)/ps :     1.0
     Vbias factor k /Eh :  0.0578
     Vbias exp α /bohr⁻²:    1.30
Starting Meta-MD   4 with the settings:
     MD time /ps        :     6.0
     dt /fs             :     5.0
     dumpstep(trj) /fs  :     100
     dumpstep(Vbias)/ps :     1.0
     Vbias factor k /Eh :  0.2310
     Vbias exp α /bohr⁻²:    0.78
Starting Meta-MD   5 with the settings:
     MD time /ps        :     6.0
     dt /fs             :     5.0
     dumpstep(trj) /fs  :     100
     dumpstep(Vbias)/ps :     1.0
     Vbias factor k /Eh :  0.1155
     Vbias exp α /bohr⁻²:    0.78
Starting Meta-MD   6 with the settings:
     MD time /ps        :     6.0
     dt /fs             :     5.0
     dumpstep(trj) /fs  :     100
     dumpstep(Vbias)/ps :     1.0
     Vbias factor k /Eh :  0.0578
     Vbias exp α /bohr⁻²:    0.78
Starting Meta-MD   7 with the settings:
     MD time /ps        :     6.0
     dt /fs             :     5.0
     dumpstep(trj) /fs  :     100
     dumpstep(Vbias)/ps :     1.0
     Vbias factor k /Eh :  0.2310
     Vbias exp α /bohr⁻²:    0.47
Starting Meta-MD   8 with the settings:
     MD time /ps        :     6.0
     dt /fs             :     5.0
     dumpstep(trj) /fs  :     100
     dumpstep(Vbias)/ps :     1.0
     Vbias factor k /Eh :  0.1155
     Vbias exp α /bohr⁻²:    0.47
Starting Meta-MD   9 with the settings:
     MD time /ps        :     6.0
     dt /fs             :     5.0
     dumpstep(trj) /fs  :     100
     dumpstep(Vbias)/ps :     1.0
     Vbias factor k /Eh :  0.0578
     Vbias exp α /bohr⁻²:    0.47
Starting Meta-MD  10 with the settings:
     MD time /ps        :     6.0
     dt /fs             :     5.0
     dumpstep(trj) /fs  :     100
     dumpstep(Vbias)/ps :     1.0
     Vbias factor k /Eh :  0.2310
     Vbias exp α /bohr⁻²:    0.28
Starting Meta-MD  11 with the settings:
     MD time /ps        :     6.0
     dt /fs             :     5.0
     dumpstep(trj) /fs  :     100
     dumpstep(Vbias)/ps :     1.0
     Vbias factor k /Eh :  0.1155
     Vbias exp α /bohr⁻²:    0.28
Starting Meta-MD  12 with the settings:
     MD time /ps        :     6.0
     dt /fs             :     5.0
     dumpstep(trj) /fs  :     100
     dumpstep(Vbias)/ps :     1.0
     Vbias factor k /Eh :  0.0578
     Vbias exp α /bohr⁻²:    0.28
*Meta-MTD 11 finished*
*Meta-MTD 9 finished*
*Meta-MTD 6 finished*
*Meta-MTD 3 finished*
*Meta-MTD 2 finished*
*Meta-MTD 5 finished*
*Meta-MTD 1 finished*
*Meta-MTD 7 finished*
*Meta-MTD 8 finished*
*Meta-MTD 12 finished*
*Meta-MTD 4 finished*
*Meta-MTD 10 finished*
 
-----------------------
Multilevel Optimization
-----------------------
 
 -------------------------
 1. crude pre-optimization
 -------------------------
 Optimizing all 708 structures from file "crest_rotamers_0.xyz" ...
 1 2 3 4 5 6 7 8 9 10 11 12 13 14 15 16 17 18 19 20 21 22 23 24 25 26 27 28 29 30 31 32 33 34 35 36 37 38 39 40 41 42 43 44 45 46 47 48 49 50 51 52 53 54 55 56 57 58 59 60 61 62 63 64 65 66 67 68 69 70 71 72 73 74 75 76 77 78 79 80 81 82 83 84 85 86 87 88 89 90 91 92 93 94 95 96 97 98 99 100 101 102 103 104 105 106 107 108 109 110 111 112 113 114 115 116 117 118 119 120 121 122 123 124 125 126 127 128 129 130 131 132 133 134 135 136 137 138 139 140 141 142 143 144 145 146 147 148 149 150 151 152 153 154 155 156 157 158 159 160 161 162 163 164 165 166 167 168 169 170 171 172 173 174 175 176 177 178 179 180 181 182 183 184 185 186 187 188 189 190 191 192 193 194 195 196 197 198 199 200 201 202 203 204 205 206 207 208 209 210 211 212 213 214 215 216 217 218 219 220 221 222 223 224 225 226 227 228 229 230 231 232 233 234 235 236 237 238 239 240 241 242 243 244 245 246 247 248 249 250 251 252 253 254 255 256 257 258 259 260 261 262 263 264 265 266 267 268 269 270 271 272 273 274 275 276 277 278 279 280 281 282 283 284 285 286 287 288 289 290 291 292 293 294 295 296 297 298 299 300 301 302 303 304 305 306 307 308 309 310 311 312 313 314 315 316 317 318 319 320 321 322 323 324 325 326 327 328 329 330 331 332 333 334 335 336 337 338 339 340 341 342 343 344 345 346 347 348 349 350 351 352 353 354 355 356 357 358 359 360 361 362 363 364 365 366 367 368 369 370 371 372 373 374 375 376 377 378 379 380 381 382 383 384 385 386 387 388 389 390 391 392 393 394 395 396 397 398 399 400 401 402 403 404 405 406 407 408 409 410 411 412 413 414 415 416 417 418 419 420 421 422 423 424 425 426 427 428 429 430 431 432 433 434 435 436 437 438 439 440 441 442 443 444 445 446 447 448 449 450 451 452 453 454 455 456 457 458 459 460 461 462 463 464 465 466 467 468 469 470 471 472 473 474 475 476 477 478 479 480 481 482 483 484 485 486 487 488 489 490 491 492 493 494 495 496 497 498 499 500 501 502 503 504 505 506 507 508 509 510 511 512 513 514 515 516 517 518 519 520 521 522 523 524 525 526 527 528 529 530 531 532 533 534 535 536 537 538 539 540 541 542 543 544 545 546 547 548 549 550 551 552 553 554 555 556 557 558 559 560 561 562 563 564 565 566 567 568 569 570 571 572 573 574 575 576 577 578 579 580 581 582 583 584 585 586 587 588 589 590 591 592 593 594 595 596 597 598 599 600 601 602 603 604 605 606 607 608 609 610 611 612 613 614 615 616 617 618 619 620 621 622 623 624 625 626 627 628 629 630 631 632 633 634 635 636 637 638 639 640 641 642 643 644 645 646 647 648 649 650 651 652 653 654 655 656 657 658 659 660 661 662 663 664 665 666 667 668 669 670 671 672 673 674 675 676 677 678 679 680 681 682 683 684 685 686 687 688 689 690 691 692 693 694 695 696 697 698 699 700 701 702 703 704 705 706 707 708
 done.
 running RMSDs...
 done.
 E lowest :  -121.79773
 612 structures remain within    12.00 kcal/mol window
 
 -------------------------------------
 2. optimization with tight thresholds
 -------------------------------------
 Optimizing all 613 structures from file "crest_rotamers_1.xyz" ...
 1 2 3 4 5 6 7 8 9 10 11 12 13 14 15 16 17 18 19 20 21 22 23 24 25 26 27 28 29 30 31 32 33 34 35 36 37 38 39 40 41 42 43 44 45 46 47 48 49 50 51 52 53 54 55 56 57 58 59 60 61 62 63 64 65 66 67 68 69 70 71 72 73 74 75 76 77 78 79 80 81 82 83 84 85 86 87 88 89 90 91 92 93 94 95 96 97 98 99 100 101 102 103 104 105 106 107 108 109 110 111 112 113 114 115 116 117 118 119 120 121 122 123 124 125 126 127 128 129 130 131 132 133 134 135 136 137 138 139 140 141 142 143 144 145 146 147 148 149 150 151 152 153 154 155 156 157 158 159 160 161 162 163 164 165 166 167 168 169 170 171 172 173 174 175 176 177 178 179 180 181 182 183 184 185 186 187 188 189 190 191 192 193 194 195 196 197 198 199 200 201 202 203 204 205 206 207 208 209 210 211 212 213 214 215 216 217 218 219 220 221 222 223 224 225 226 227 228 229 230 231 232 233 234 235 236 237 238 239 240 241 242 243 244 245 246 247 248 249 250 251 252 253 254 255 256 257 258 259 260 261 262 263 264 265 266 267 268 269 270 271 272 273 274 275 276 277 278 279 280 281 282 283 284 285 286 287 288 289 290 291 292 293 294 295 296 297 298 299 300 301 302 303 304 305 306 307 308 309 310 311 312 313 314 315 316 317 318 319 320 321 322 323 324 325 326 327 328 329 330 331 332 333 334 335 336 337 338 339 340 341 342 343 344 345 346 347 348 349 350 351 352 353 354 355 356 357 358 359 360 361 362 363 364 365 366 367 368 369 370 371 372 373 374 375 376 377 378 379 380 381 382 383 384 385 386 387 388 389 390 391 392 393 394 395 396 397 398 399 400 401 402 403 404 405 406 407 408 409 410 411 412 413 414 415 416 417 418 419 420 421 422 423 424 425 426 427 428 429 430 431 432 433 434 435 436 437 438 439 440 441 442 443 444 445 446 447 448 449 450 451 452 453 454 455 456 457 458 459 460 461 462 463 464 465 466 467 468 469 470 471 472 473 474 475 476 477 478 479 480 481 482 483 484 485 486 487 488 489 490 491 492 493 494 495 496 497 498 499 500 501 502 503 504 505 506 507 508 509 510 511 512 513 514 515 516 517 518 519 520 521 522 523 524 525 526 527 528 529 530 531 532 533 534 535 536 537 538 539 540 541 542 543 544 545 546 547 548 549 550 551 552 553 554 555 556 557 558 559 560 561 562 563 564 565 566 567 568 569 570 571 572 573 574 575 576 577 578 579 580 581 582 583 584 585 586 587 588 589 590 591 592 593 594 595 596 597 598 599 600 601 602 603 604 605 606 607 608 609 610 611 612 613
 done.
 running RMSDs...
 done.
 E lowest :  -121.79925
 147 structures remain within     6.00 kcal/mol window
 
 ...............................................
 A new lower conformer was found!
 Improved by    0.00073 Eh or    0.46029kcal/mol
 ...............................................
 
========================================
            MTD Iteration  3
========================================
 
     ========================================
     |         Meta-MD (MTD) Sampling       |
     ========================================
 
Starting Meta-MD   1 with the settings:
     MD time /ps        :     6.0
     dt /fs             :     5.0
     dumpstep(trj) /fs  :     100
     dumpstep(Vbias)/ps :     1.0
     Vbias factor k /Eh :  0.2310
     Vbias exp α /bohr⁻²:    1.30
Starting Meta-MD   2 with the settings:
     MD time /ps        :     6.0
     dt /fs             :     5.0
     dumpstep(trj) /fs  :     100
     dumpstep(Vbias)/ps :     1.0
     Vbias factor k /Eh :  0.1155
     Vbias exp α /bohr⁻²:    1.30
Starting Meta-MD   3 with the settings:
     MD time /ps        :     6.0
     dt /fs             :     5.0
     dumpstep(trj) /fs  :     100
     dumpstep(Vbias)/ps :     1.0
     Vbias factor k /Eh :  0.0578
     Vbias exp α /bohr⁻²:    1.30
Starting Meta-MD   4 with the settings:
     MD time /ps        :     6.0
     dt /fs             :     5.0
     dumpstep(trj) /fs  :     100
     dumpstep(Vbias)/ps :     1.0
     Vbias factor k /Eh :  0.2310
     Vbias exp α /bohr⁻²:    0.78
Starting Meta-MD   5 with the settings:
     MD time /ps        :     6.0
     dt /fs             :     5.0
     dumpstep(trj) /fs  :     100
     dumpstep(Vbias)/ps :     1.0
     Vbias factor k /Eh :  0.1155
     Vbias exp α /bohr⁻²:    0.78
Starting Meta-MD   6 with the settings:
     MD time /ps        :     6.0
     dt /fs             :     5.0
     dumpstep(trj) /fs  :     100
     dumpstep(Vbias)/ps :     1.0
     Vbias factor k /Eh :  0.0578
     Vbias exp α /bohr⁻²:    0.78
Starting Meta-MD   7 with the settings:
     MD time /ps        :     6.0
     dt /fs             :     5.0
     dumpstep(trj) /fs  :     100
     dumpstep(Vbias)/ps :     1.0
     Vbias factor k /Eh :  0.2310
     Vbias exp α /bohr⁻²:    0.47
Starting Meta-MD   8 with the settings:
     MD time /ps        :     6.0
     dt /fs             :     5.0
     dumpstep(trj) /fs  :     100
     dumpstep(Vbias)/ps :     1.0
     Vbias factor k /Eh :  0.1155
     Vbias exp α /bohr⁻²:    0.47
Starting Meta-MD   9 with the settings:
     MD time /ps        :     6.0
     dt /fs             :     5.0
     dumpstep(trj) /fs  :     100
     dumpstep(Vbias)/ps :     1.0
     Vbias factor k /Eh :  0.0578
     Vbias exp α /bohr⁻²:    0.47
Starting Meta-MD  10 with the settings:
     MD time /ps        :     6.0
     dt /fs             :     5.0
     dumpstep(trj) /fs  :     100
     dumpstep(Vbias)/ps :     1.0
     Vbias factor k /Eh :  0.2310
     Vbias exp α /bohr⁻²:    0.28
Starting Meta-MD  11 with the settings:
     MD time /ps        :     6.0
     dt /fs             :     5.0
     dumpstep(trj) /fs  :     100
     dumpstep(Vbias)/ps :     1.0
     Vbias factor k /Eh :  0.1155
     Vbias exp α /bohr⁻²:    0.28
Starting Meta-MD  12 with the settings:
     MD time /ps        :     6.0
     dt /fs             :     5.0
     dumpstep(trj) /fs  :     100
     dumpstep(Vbias)/ps :     1.0
     Vbias factor k /Eh :  0.0578
     Vbias exp α /bohr⁻²:    0.28
*Meta-MTD 6 finished*
*Meta-MTD 3 finished*
*Meta-MTD 9 finished*
*Meta-MTD 2 finished*
*Meta-MTD 1 finished*
*Meta-MTD 5 finished*
*Meta-MTD 8 finished*
*Meta-MTD 12 finished*
*Meta-MTD 11 finished*
*Meta-MTD 4 finished*
*Meta-MTD 7 finished*
*Meta-MTD 10 finished*
 
-----------------------
Multilevel Optimization
-----------------------
 
 -------------------------
 1. crude pre-optimization
 -------------------------
 Optimizing all 708 structures from file "crest_rotamers_0.xyz" ...
 1 2 3 4 5 6 7 8 9 10 11 12 13 14 15 16 17 18 19 20 21 22 23 24 25 26 27 28 29 30 31 32 33 34 35 36 37 38 39 40 41 42 43 44 45 46 47 48 49 50 51 52 53 54 55 56 57 58 59 60 61 62 63 64 65 66 67 68 69 70 71 72 73 74 75 76 77 78 79 80 81 82 83 84 85 86 87 88 89 90 91 92 93 94 95 96 97 98 99 100 101 102 103 104 105 106 107 108 109 110 111 112 113 114 115 116 117 118 119 120 121 122 123 124 125 126 127 128 129 130 131 132 133 134 135 136 137 138 139 140 141 142 143 144 145 146 147 148 149 150 151 152 153 154 155 156 157 158 159 160 161 162 163 164 165 166 167 168 169 170 171 172 173 174 175 176 177 178 179 180 181 182 183 184 185 186 187 188 189 190 191 192 193 194 195 196 197 198 199 200 201 202 203 204 205 206 207 208 209 210 211 212 213 214 215 216 217 218 219 220 221 222 223 224 225 226 227 228 229 230 231 232 233 234 235 236 237 238 239 240 241 242 243 244 245 246 247 248 249 250 251 252 253 254 255 256 257 258 259 260 261 262 263 264 265 266 267 268 269 270 271 272 273 274 275 276 277 278 279 280 281 282 283 284 285 286 287 288 289 290 291 292 293 294 295 296 297 298 299 300 301 302 303 304 305 306 307 308 309 310 311 312 313 314 315 316 317 318 319 320 321 322 323 324 325 326 327 328 329 330 331 332 333 334 335 336 337 338 339 340 341 342 343 344 345 346 347 348 349 350 351 352 353 354 355 356 357 358 359 360 361 362 363 364 365 366 367 368 369 370 371 372 373 374 375 376 377 378 379 380 381 382 383 384 385 386 387 388 389 390 391 392 393 394 395 396 397 398 399 400 401 402 403 404 405 406 407 408 409 410 411 412 413 414 415 416 417 418 419 420 421 422 423 424 425 426 427 428 429 430 431 432 433 434 435 436 437 438 439 440 441 442 443 444 445 446 447 448 449 450 451 452 453 454 455 456 457 458 459 460 461 462 463 464 465 466 467 468 469 470 471 472 473 474 475 476 477 478 479 480 481 482 483 484 485 486 487 488 489 490 491 492 493 494 495 496 497 498 499 500 501 502 503 504 505 506 507 508 509 510 511 512 513 514 515 516 517 518 519 520 521 522 523 524 525 526 527 528 529 530 531 532 533 534 535 536 537 538 539 540 541 542 543 544 545 546 547 548 549 550 551 552 553 554 555 556 557 558 559 560 561 562 563 564 565 566 567 568 569 570 571 572 573 574 575 576 577 578 579 580 581 582 583 584 585 586 587 588 589 590 591 592 593 594 595 596 597 598 599 600 601 602 603 604 605 606 607 608 609 610 611 612 613 614 615 616 617 618 619 620 621 622 623 624 625 626 627 628 629 630 631 632 633 634 635 636 637 638 639 640 641 642 643 644 645 646 647 648 649 650 651 652 653 654 655 656 657 658 659 660 661 662 663 664 665 666 667 668 669 670 671 672 673 674 675 676 677 678 679 680 681 682 683 684 685 686 687 688 689 690 691 692 693 694 695 696 697 698 699 700 701 702 703 704 705 706 707 708
 done.
 running RMSDs...
 done.
 E lowest :  -121.79853
 565 structures remain within    12.00 kcal/mol window
 
 -------------------------------------
 2. optimization with tight thresholds
 -------------------------------------
 Optimizing all 566 structures from file "crest_rotamers_1.xyz" ...
 1 2 3 4 5 6 7 8 9 10 11 12 13 14 15 16 17 18 19 20 21 22 23 24 25 26 27 28 29 30 31 32 33 34 35 36 37 38 39 40 41 42 43 44 45 46 47 48 49 50 51 52 53 54 55 56 57 58 59 60 61 62 63 64 65 66 67 68 69 70 71 72 73 74 75 76 77 78 79 80 81 82 83 84 85 86 87 88 89 90 91 92 93 94 95 96 97 98 99 100 101 102 103 104 105 106 107 108 109 110 111 112 113 114 115 116 117 118 119 120 121 122 123 124 125 126 127 128 129 130 131 132 133 134 135 136 137 138 139 140 141 142 143 144 145 146 147 148 149 150 151 152 153 154 155 156 157 158 159 160 161 162 163 164 165 166 167 168 169 170 171 172 173 174 175 176 177 178 179 180 181 182 183 184 185 186 187 188 189 190 191 192 193 194 195 196 197 198 199 200 201 202 203 204 205 206 207 208 209 210 211 212 213 214 215 216 217 218 219 220 221 222 223 224 225 226 227 228 229 230 231 232 233 234 235 236 237 238 239 240 241 242 243 244 245 246 247 248 249 250 251 252 253 254 255 256 257 258 259 260 261 262 263 264 265 266 267 268 269 270 271 272 273 274 275 276 277 278 279 280 281 282 283 284 285 286 287 288 289 290 291 292 293 294 295 296 297 298 299 300 301 302 303 304 305 306 307 308 309 310 311 312 313 314 315 316 317 318 319 320 321 322 323 324 325 326 327 328 329 330 331 332 333 334 335 336 337 338 339 340 341 342 343 344 345 346 347 348 349 350 351 352 353 354 355 356 357 358 359 360 361 362 363 364 365 366 367 368 369 370 371 372 373 374 375 376 377 378 379 380 381 382 383 384 385 386 387 388 389 390 391 392 393 394 395 396 397 398 399 400 401 402 403 404 405 406 407 408 409 410 411 412 413 414 415 416 417 418 419 420 421 422 423 424 425 426 427 428 429 430 431 432 433 434 435 436 437 438 439 440 441 442 443 444 445 446 447 448 449 450 451 452 453 454 455 456 457 458 459 460 461 462 463 464 465 466 467 468 469 470 471 472 473 474 475 476 477 478 479 480 481 482 483 484 485 486 487 488 489 490 491 492 493 494 495 496 497 498 499 500 501 502 503 504 505 506 507 508 509 510 511 512 513 514 515 516 517 518 519 520 521 522 523 524 525 526 527 528 529 530 531 532 533 534 535 536 537 538 539 540 541 542 543 544 545 546 547 548 549 550 551 552 553 554 555 556 557 558 559 560 561 562 563 564 565 566
 done.
 running RMSDs...
 done.
 E lowest :  -121.79925
 117 structures remain within     6.00 kcal/mol window
 
========================================
            MTD Iterations done         
========================================
 Collecting ensmbles.
 running RMSDs...
 done.
 E lowest :  -121.79925
 381 structures remain within     6.00 kcal/mol window
 
-----------------------------------------------
Additional regular MDs on lowest 4 conformer(s)
-----------------------------------------------
Starting MD   1 with the settings:
     MD time /ps        :     3.0
     MD Temperature /K  :   400.0
     dt /fs             :     5.0
     dumpstep(trj) /fs  :     100
Starting MD   3 with the settings:
     MD time /ps        :     3.0
     MD Temperature /K  :   400.0
     dt /fs             :     5.0
     dumpstep(trj) /fs  :     100
Starting MD   2 with the settings:
     MD time /ps        :     3.0
     MD Temperature /K  :   500.0
     dt /fs             :     5.0
     dumpstep(trj) /fs  :     100
Starting MD   4 with the settings:
     MD time /ps        :     3.0
     MD Temperature /K  :   500.0
     dt /fs             :     5.0
     dumpstep(trj) /fs  :     100
Starting MD   5 with the settings:
     MD time /ps        :     3.0
     MD Temperature /K  :   400.0
     dt /fs             :     5.0
     dumpstep(trj) /fs  :     100
Starting MD   8 with the settings:
     MD time /ps        :     3.0
     MD Temperature /K  :   500.0
     dt /fs             :     5.0
     dumpstep(trj) /fs  :     100
Starting MD   6 with the settings:
     MD time /ps        :     3.0
     MD Temperature /K  :   500.0
     dt /fs             :     5.0
     dumpstep(trj) /fs  :     100
Starting MD   7 with the settings:
     MD time /ps        :     3.0
     MD Temperature /K  :   400.0
     dt /fs             :     5.0
     dumpstep(trj) /fs  :     100
*MD 4 finished*
*MD 3 finished*
*MD 1 finished*
*MD 5 finished*
*MD 7 finished*
*MD 2 finished*
*MD 8 finished*
*MD 6 finished*
 Appending file crest_rotamers_1.xyz with new structures
 
 -------------------------------------------
 Ensemble optimization with tight thresholds
 -------------------------------------------
 Optimizing all 613 structures from file "crest_rotamers_1.xyz" ...
 1 2 3 4 5 6 7 8 9 10 11 12 13 14 15 16 17 18 19 20 21 22 23 24 25 26 27 28 29 30 31 32 33 34 35 36 37 38 39 40 41 42 43 44 45 46 47 48 49 50 51 52 53 54 55 56 57 58 59 60 61 62 63 64 65 66 67 68 69 70 71 72 73 74 75 76 77 78 79 80 81 82 83 84 85 86 87 88 89 90 91 92 93 94 95 96 97 98 99 100 101 102 103 104 105 106 107 108 109 110 111 112 113 114 115 116 117 118 119 120 121 122 123 124 125 126 127 128 129 130 131 132 133 134 135 136 137 138 139 140 141 142 143 144 145 146 147 148 149 150 151 152 153 154 155 156 157 158 159 160 161 162 163 164 165 166 167 168 169 170 171 172 173 174 175 176 177 178 179 180 181 182 183 184 185 186 187 188 189 190 191 192 193 194 195 196 197 198 199 200 201 202 203 204 205 206 207 208 209 210 211 212 213 214 215 216 217 218 219 220 221 222 223 224 225 226 227 228 229 230 231 232 233 234 235 236 237 238 239 240 241 242 243 244 245 246 247 248 249 250 251 252 253 254 255 256 257 258 259 260 261 262 263 264 265 266 267 268 269 270 271 272 273 274 275 276 277 278 279 280 281 282 283 284 285 286 287 288 289 290 291 292 293 294 295 296 297 298 299 300 301 302 303 304 305 306 307 308 309 310 311 312 313 314 315 316 317 318 319 320 321 322 323 324 325 326 327 328 329 330 331 332 333 334 335 336 337 338 339 340 341 342 343 344 345 346 347 348 349 350 351 352 353 354 355 356 357 358 359 360 361 362 363 364 365 366 367 368 369 370 371 372 373 374 375 376 377 378 379 380 381 382 383 384 385 386 387 388 389 390 391 392 393 394 395 396 397 398 399 400 401 402 403 404 405 406 407 408 409 410 411 412 413 414 415 416 417 418 419 420 421 422 423 424 425 426 427 428 429 430 431 432 433 434 435 436 437 438 439 440 441 442 443 444 445 446 447 448 449 450 451 452 453 454 455 456 457 458 459 460 461 462 463 464 465 466 467 468 469 470 471 472 473 474 475 476 477 478 479 480 481 482 483 484 485 486 487 488 489 490 491 492 493 494 495 496 497 498 499 500 501 502 503 504 505 506 507 508 509 510 511 512 513 514 515 516 517 518 519 520 521 522 523 524 525 526 527 528 529 530 531 532 533 534 535 536 537 538 539 540 541 542 543 544 545 546 547 548 549 550 551 552 553 554 555 556 557 558 559 560 561 562 563 564 565 566 567 568 569 570 571 572 573 574 575 576 577 578 579 580 581 582 583 584 585 586 587 588 589 590 591 592 593 594 595 596 597 598 599 600 601 602 603 604 605 606 607 608 609 610 611 612 613
 done.
 running RMSDs...
 done.
 E lowest :  -121.79925
 379 structures remain within     6.00 kcal/mol window
 
 
     ========================================
     |        Structure Crossing (GC)       |
     ========================================
 =============================
  # threads =          64
 =============================
 input  file name : crest_rotamers_3.xyz
number of atoms                :    77
number of points on xyz files  :   379
conformer energy window  /kcal :    6.00
CN per atom difference cut-off :  0.3000
RMSD threshold                 :  0.2500
max. # of generated structures : 300
 reading xyz file ...
 # in E window                379
 generating pairs ...       72009
  42.7 % done
  43.5 % done
  96.8 % done
 number of clash discarded :       71631
 No new structures from GC.
 running RMSDs...
 done.
 E lowest :  -121.79925
 
 
   ================================================
   |           Final Geometry Optimization        |
   ================================================
 ------------------------------------------------
 Ensemble optimization with very tight thresholds
 ------------------------------------------------
 Optimizing all 379 structures from file "crest_rotamers_4.xyz" ...
 1 2 3 4 5 6 7 8 9 10 11 12 13 14 15 16 17 18 19 20 21 22 23 24 25 26 27 28 29 30 31 32 33 34 35 36 37 38 39 40 41 42 43 44 45 46 47 48 49 50 51 52 53 54 55 56 57 58 59 60 61 62 63 64 65 66 67 68 69 70 71 72 73 74 75 76 77 78 79 80 81 82 83 84 85 86 87 88 89 90 91 92 93 94 95 96 97 98 99 100 101 102 103 104 105 106 107 108 109 110 111 112 113 114 115 116 117 118 119 120 121 122 123 124 125 126 127 128 129 130 131 132 133 134 135 136 137 138 139 140 141 142 143 144 145 146 147 148 149 150 151 152 153 154 155 156 157 158 159 160 161 162 163 164 165 166 167 168 169 170 171 172 173 174 175 176 177 178 179 180 181 182 183 184 185 186 187 188 189 190 191 192 193 194 195 196 197 198 199 200 201 202 203 204 205 206 207 208 209 210 211 212 213 214 215 216 217 218 219 220 221 222 223 224 225 226 227 228 229 230 231 232 233 234 235 236 237 238 239 240 241 242 243 244 245 246 247 248 249 250 251 252 253 254 255 256 257 258 259 260 261 262 263 264 265 266 267 268 269 270 271 272 273 274 275 276 277 278 279 280 281 282 283 284 285 286 287 288 289 290 291 292 293 294 295 296 297 298 299 300 301 302 303 304 305 306 307 308 309 310 311 312 313 314 315 316 317 318 319 320 321 322 323 324 325 326 327 328 329 330 331 332 333 334 335 336 337 338 339 340 341 342 343 344 345 346 347 348 349 350 351 352 353 354 355 356 357 358 359 360 361 362 363 364 365 366 367 368 369 370 371 372 373 374 375 376 377 378 379
 done.
 running RMSDs...
 done.
 E lowest :  -121.79925
 362 structures remain within     6.00 kcal/mol window
 
 input  file name : crest_rotamers_5.xyz
 output file name : crest_rotamers_6.xyz
 number of atoms                :   77
 number of points on xyz files  :   379
 RMSD threshold                 :   0.1250
 Bconst threshold               :   0.0100
 population threshold           :   0.0500
 conformer energy window  /kcal :   6.0000
 # fragment in coord            :     1
 # bonds in reference structure :    84
 number of reliable points      :   379
 reference state Etot :  -121.799253950000
 number of doubles removed by rot/RMSD         :          17
 total number unique points considered further :         362
       Erel/kcal        Etot weight/tot  conformer     set   degen     origin
       1   0.000  -121.79925    0.01797    0.16127       1       9     mtd4
       2   0.000  -121.79925    0.01796                                md1
       3   0.001  -121.79925    0.01795                                mtd12
       4   0.001  -121.79925    0.01793                                mtd7
       5   0.001  -121.79925    0.01793                                mtd6
       6   0.002  -121.79925    0.01792                                mtd4
       7   0.002  -121.79925    0.01792                                mtd4
       8   0.002  -121.79925    0.01792                                mtd6
       9   0.007  -121.79924    0.01775                                mtd6
      10   0.008  -121.79924    0.01772    0.19310       2      11     mtd4
      11   0.009  -121.79924    0.01771                                md7
      12   0.009  -121.79924    0.01769                                mtd8
      13   0.010  -121.79924    0.01766                                mtd1
      14   0.012  -121.79923    0.01761                                mtd8
      15   0.014  -121.79923    0.01756                                mtd6
      16   0.007  -121.79924    0.01776                                mtd6
      17   0.014  -121.79923    0.01755                                mtd1
      18   0.014  -121.79923    0.01755                                mtd1
      19   0.015  -121.79923    0.01752                                mtd2
      20   0.041  -121.79919    0.01676                                mtd7
      21   0.050  -121.79917    0.01651    0.03276       3       2     mtd6
      22   0.060  -121.79916    0.01625                                mtd8
      23   0.062  -121.79916    0.01620    0.04764       4       3     mtd1
      24   0.066  -121.79915    0.01606                                mtd9
      25   0.092  -121.79911    0.01538                                mtd8
      26   0.128  -121.79905    0.01447    0.02868       5       2     mtd1
      27   0.139  -121.79903    0.01421                                mtd4
      28   0.140  -121.79903    0.01419    0.11270       6       8     mtd5
      29   0.141  -121.79903    0.01417                                mtd11
      30   0.142  -121.79903    0.01416                                mtd8
      31   0.142  -121.79903    0.01415                                mtd4
      32   0.144  -121.79902    0.01409                                mtd8
      33   0.145  -121.79902    0.01408                                mtd8
      34   0.163  -121.79899    0.01365                                mtd1
      35   0.139  -121.79903    0.01422                                mtd1
      36   0.164  -121.79899    0.01362    0.01362       7       1     mtd8
      37   0.373  -121.79866    0.00959    0.02785       8       3     mtd9
      38   0.389  -121.79863    0.00932                                md5
      39   0.414  -121.79859    0.00894                                mtd2
      40   0.423  -121.79858    0.00881    0.03380       9       4     mtd2
      41   0.438  -121.79856    0.00858                                mtd4
      42   0.465  -121.79851    0.00821                                mtd6
      43   0.465  -121.79851    0.00820                                mtd1
      44   0.473  -121.79850    0.00810    0.03083      10       4     md6
      45   0.507  -121.79845    0.00765                                mtd9
      46   0.510  -121.79844    0.00760                                mtd11
      47   0.519  -121.79843    0.00749                                mtd9
      48   0.567  -121.79835    0.00690    0.01380      11       2     md7
      49   0.568  -121.79835    0.00690                                mtd9
      50   0.655  -121.79821    0.00595    0.04141      12       7     md7
      51   0.655  -121.79821    0.00595                                mtd4
      52   0.656  -121.79821    0.00595                                mtd12
      53   0.657  -121.79821    0.00594                                mtd4
      54   0.658  -121.79821    0.00593                                mtd9
      55   0.658  -121.79820    0.00592                                mtd4
      56   0.674  -121.79818    0.00577                                mtd6
      57   0.684  -121.79816    0.00567    0.02207      13       4     mtd5
      58   0.685  -121.79816    0.00567                                mtd4
      59   0.703  -121.79813    0.00549                                md7
      60   0.732  -121.79809    0.00523                                mtd4
      61   0.737  -121.79808    0.00519    0.04145      14       8     mtd1
      62   0.737  -121.79808    0.00519                                mtd1
      63   0.737  -121.79808    0.00518                                mtd3
      64   0.738  -121.79808    0.00518                                mtd4
      65   0.738  -121.79808    0.00518                                mtd1
      66   0.738  -121.79808    0.00518                                mtd12
      67   0.738  -121.79808    0.00517                                mtd4
      68   0.738  -121.79808    0.00517                                mtd4
      69   0.757  -121.79805    0.00501    0.01464      15       3     mtd1
      70   0.763  -121.79804    0.00496                                mtd4
      71   0.800  -121.79798    0.00466                                mtd1
      72   0.806  -121.79797    0.00462    0.00462      16       1     mtd9
      73   0.987  -121.79768    0.00340    0.03696      17      11     mtd6
      74   0.988  -121.79768    0.00340                                mtd2
      75   0.988  -121.79768    0.00339                                mtd1
      76   1.004  -121.79765    0.00331                                mtd9
      77   1.004  -121.79765    0.00330                                mtd2
      78   0.989  -121.79768    0.00339                                mtd2
      79   0.990  -121.79768    0.00338                                mtd6
      80   0.992  -121.79767    0.00337                                mtd9
      81   0.994  -121.79767    0.00336                                mtd10
      82   0.994  -121.79767    0.00336                                mtd1
      83   1.009  -121.79765    0.00328                                mtd5
      84   1.009  -121.79765    0.00328    0.00989      18       3     mtd1
      85   1.013  -121.79764    0.00326                                mtd4
      86   0.995  -121.79767    0.00335                                mtd4
      87   1.000  -121.79766    0.00333    0.00988      19       3     mtd4
      88   1.003  -121.79766    0.00331                                mtd6
      89   1.016  -121.79763    0.00324                                mtd4
      90   1.016  -121.79763    0.00324    0.00324      20       1     mtd9
      91   1.029  -121.79761    0.00317    0.00624      21       2     mtd9
      92   1.048  -121.79758    0.00307                                mtd8
      93   1.068  -121.79755    0.00297    0.00579      22       2     mtd1
      94   1.098  -121.79750    0.00282                                mtd1
      95   1.104  -121.79749    0.00279    0.00566      23       2     mtd8
      96   1.088  -121.79752    0.00287                                mtd5
      97   1.254  -121.79726    0.00217    0.01299      24       6     mtd4
      98   1.254  -121.79726    0.00217                                mtd6
      99   1.254  -121.79725    0.00217                                mtd7
     100   1.255  -121.79725    0.00217                                mtd6
     101   1.256  -121.79725    0.00216                                mtd4
     102   1.256  -121.79725    0.00216                                mtd4
     103   1.397  -121.79703    0.00170    0.00851      25       5     md8
     104   1.397  -121.79703    0.00170                                mtd4
     105   1.397  -121.79703    0.00170                                mtd5
     106   1.399  -121.79703    0.00170                                mtd3
     107   1.399  -121.79702    0.00170                                mtd6
     108   1.580  -121.79674    0.00125    0.00995      26       8     mtd11
     109   1.580  -121.79674    0.00125                                mtd3
     110   1.581  -121.79674    0.00125                                mtd8
     111   1.581  -121.79673    0.00125                                mtd12
     112   1.582  -121.79673    0.00125                                mtd3
     113   1.582  -121.79673    0.00125                                mtd2
     114   1.591  -121.79672    0.00123                                mtd4
     115   1.592  -121.79672    0.00123                                mtd1
     116   1.600  -121.79670    0.00121    0.00843      27       7     mtd12
     117   1.601  -121.79670    0.00121                                mtd12
     118   1.602  -121.79670    0.00121                                mtd5
     119   1.602  -121.79670    0.00121                                mtd6
     120   1.602  -121.79670    0.00121                                mtd5
     121   1.604  -121.79670    0.00120                                mtd1
     122   1.610  -121.79669    0.00119                                mtd3
     123   1.612  -121.79669    0.00119    0.00473      28       4     mtd5
     124   1.609  -121.79669    0.00119                                mtd1
     125   1.614  -121.79668    0.00118                                mtd5
     126   1.618  -121.79668    0.00117                                mtd2
     127   1.612  -121.79668    0.00119    0.00352      29       3     mtd3
     128   1.613  -121.79668    0.00118                                mtd3
     129   1.627  -121.79666    0.00116                                mtd7
     130   1.625  -121.79666    0.00116    0.00116      30       1     mtd3
     131   1.639  -121.79664    0.00113    0.00113      31       1     mtd2
     132   1.639  -121.79664    0.00113    0.00113      32       1     mtd1
     133   1.783  -121.79641    0.00089    0.00266      33       3     mtd10
     134   1.785  -121.79641    0.00089                                mtd7
     135   1.786  -121.79641    0.00088                                mtd10
     136   1.832  -121.79633    0.00082    0.00646      34       8     mtd10
     137   1.835  -121.79633    0.00081                                mtd12
     138   1.836  -121.79633    0.00081                                mtd10
     139   1.837  -121.79633    0.00081                                mtd1
     140   1.839  -121.79632    0.00081                                mtd6
     141   1.841  -121.79632    0.00081                                mtd11
     142   1.849  -121.79631    0.00080                                mtd4
     143   1.849  -121.79631    0.00079                                mtd4
     144   1.888  -121.79625    0.00074    0.00593      35       8     mtd1
     145   1.889  -121.79624    0.00074                                mtd1
     146   1.890  -121.79624    0.00074                                mtd4
     147   1.895  -121.79623    0.00074                                mtd10
     148   1.890  -121.79624    0.00074                                mtd8
     149   1.890  -121.79624    0.00074                                mtd2
     150   1.892  -121.79624    0.00074                                mtd4
     151   1.892  -121.79624    0.00074                                mtd4
     152   1.922  -121.79619    0.00070    0.00361      36       5     mtd10
     153   1.900  -121.79623    0.00073                                mtd8
     154   1.907  -121.79621    0.00072                                mtd7
     155   1.911  -121.79621    0.00072                                mtd8
     156   1.893  -121.79624    0.00074                                mtd12
     157   1.915  -121.79620    0.00071    0.00071      37       1     mtd6
     158   1.931  -121.79618    0.00069    0.00133      38       2     mtd6
     159   1.979  -121.79610    0.00064                                mtd4
     160   1.987  -121.79609    0.00063    0.00063      39       1     mtd10
     161   2.031  -121.79602    0.00059    0.00174      40       3     mtd6
     162   2.040  -121.79600    0.00058                                mtd13
     163   2.041  -121.79600    0.00058                                mtd4
     164   2.042  -121.79600    0.00057    0.00286      41       5     mtd8
     165   2.043  -121.79600    0.00057                                mtd6
     166   2.048  -121.79599    0.00057                                mtd7
     167   2.039  -121.79600    0.00058                                mtd5
     168   2.050  -121.79599    0.00057                                mtd10
     169   2.051  -121.79599    0.00057    0.00165      42       3     mtd8
     170   2.075  -121.79595    0.00054                                mtd11
     171   2.078  -121.79594    0.00054                                mtd12
     172   2.081  -121.79594    0.00054    0.00054      43       1     mtd1
     173   2.040  -121.79600    0.00058    0.00058      44       1     mtd8
     174   2.134  -121.79585    0.00049    0.00390      45       8     mtd14
     175   2.134  -121.79585    0.00049                                mtd5
     176   2.134  -121.79585    0.00049                                mtd5
     177   2.135  -121.79585    0.00049                                mtd6
     178   2.135  -121.79585    0.00049                                mtd12
     179   2.140  -121.79584    0.00049                                mtd5
     180   2.147  -121.79583    0.00048                                mtd12
     181   2.148  -121.79583    0.00048                                mtd12
     182   2.215  -121.79572    0.00043    0.00086      46       2     mtd10
     183   2.215  -121.79572    0.00043                                mtd7
     184   2.236  -121.79569    0.00041    0.00122      47       3     mtd8
     185   2.243  -121.79568    0.00041                                mtd8
     186   2.258  -121.79566    0.00040                                mtd10
     187   2.244  -121.79568    0.00041    0.00041      48       1     mtd10
     188   2.286  -121.79561    0.00038    0.00038      49       1     mtd3
     189   2.410  -121.79541    0.00031    0.00121      50       4     mtd12
     190   2.424  -121.79539    0.00030                                mtd6
     191   2.425  -121.79539    0.00030                                mtd7
     192   2.438  -121.79537    0.00029                                mtd1
     193   2.463  -121.79533    0.00028    0.00113      51       4     mtd1
     194   2.464  -121.79533    0.00028                                mtd3
     195   2.464  -121.79533    0.00028                                mtd1
     196   2.466  -121.79532    0.00028                                mtd12
     197   2.474  -121.79531    0.00028    0.00028      52       1     mtd10
     198   2.534  -121.79522    0.00025    0.00025      53       1     mtd3
     199   2.541  -121.79520    0.00025    0.00098      54       4     mtd8
     200   2.542  -121.79520    0.00025                                mtd7
     201   2.546  -121.79520    0.00025                                mtd14
     202   2.548  -121.79519    0.00024                                mtd14
     203   2.644  -121.79504    0.00021    0.00082      55       4     mtd7
     204   2.645  -121.79504    0.00021                                mtd14
     205   2.654  -121.79502    0.00020                                mtd8
     206   2.656  -121.79502    0.00020                                mtd8
     207   2.660  -121.79502    0.00020    0.00040      56       2     mtd8
     208   2.672  -121.79500    0.00020                                mtd8
     209   2.675  -121.79499    0.00020    0.00078      57       4     mtd10
     210   2.676  -121.79499    0.00020                                mtd12
     211   2.680  -121.79498    0.00020                                mtd7
     212   2.685  -121.79498    0.00019                                mtd7
     213   2.716  -121.79493    0.00018    0.00146      58       8     mtd4
     214   2.717  -121.79492    0.00018                                mtd12
     215   2.717  -121.79492    0.00018                                mtd1
     216   2.717  -121.79492    0.00018                                mtd2
     217   2.718  -121.79492    0.00018                                mtd3
     218   2.718  -121.79492    0.00018                                mtd7
     219   2.719  -121.79492    0.00018                                mtd1
     220   2.744  -121.79488    0.00018                                mtd2
     221   2.744  -121.79488    0.00018    0.00087      59       5     mtd5
     222   2.744  -121.79488    0.00018                                mtd7
     223   2.750  -121.79487    0.00017                                mtd5
     224   2.756  -121.79486    0.00017                                mtd4
     225   2.742  -121.79488    0.00018                                mtd8
     226   2.829  -121.79475    0.00015    0.00015      60       1     mtd3
     227   2.872  -121.79468    0.00014    0.00027      61       2     mtd11
     228   2.913  -121.79461    0.00013                                mtd11
     229   2.918  -121.79460    0.00013    0.00013      62       1     mtd10
     230   2.952  -121.79455    0.00012    0.00012      63       1     mtd8
     231   2.965  -121.79453    0.00012    0.00060      64       5     mtd7
     232   2.965  -121.79453    0.00012                                mtd12
     233   2.969  -121.79452    0.00012                                mtd10
     234   2.975  -121.79451    0.00012                                mtd3
     235   2.971  -121.79452    0.00012                                mtd2
     236   2.971  -121.79452    0.00012    0.00036      65       3     mtd12
     237   2.978  -121.79451    0.00012                                mtd3
     238   2.979  -121.79451    0.00012                                mtd5
     239   2.977  -121.79451    0.00012    0.00035      66       3     mtd7
     240   3.003  -121.79447    0.00011                                mtd12
     241   3.004  -121.79447    0.00011                                mtd6
     242   3.004  -121.79447    0.00011    0.00080      67       7     mtd2
     243   2.977  -121.79451    0.00012                                mtd7
     244   3.004  -121.79447    0.00011                                mtd4
     245   3.005  -121.79447    0.00011                                mtd14
     246   3.006  -121.79446    0.00011                                mtd5
     247   3.008  -121.79446    0.00011                                mtd12
     248   3.017  -121.79445    0.00011                                mtd1
     249   3.058  -121.79438    0.00010    0.00010      68       1     mtd10
     250   3.096  -121.79432    0.00010    0.00010      69       1     mtd7
     251   3.099  -121.79432    0.00010    0.00019      70       2     mtd7
     252   3.102  -121.79431    0.00010                                mtd11
     253   3.115  -121.79429    0.00009    0.00009      71       1     mtd11
     254   3.116  -121.79429    0.00009    0.00009      72       1     mtd10
     255   3.189  -121.79417    0.00008    0.00008      73       1     mtd10
     256   3.205  -121.79415    0.00008    0.00016      74       2     mtd5
     257   3.239  -121.79409    0.00008                                mtd11
     258   3.245  -121.79408    0.00008    0.00008      75       1     mtd12
     259   3.248  -121.79408    0.00008    0.00008      76       1     mtd5
     260   3.221  -121.79412    0.00008    0.00008      77       1     mtd7
     261   3.276  -121.79403    0.00007    0.00007      78       1     mtd2
     262   3.317  -121.79397    0.00007    0.00007      79       1     mtd1
     263   3.332  -121.79394    0.00007    0.00007      80       1     mtd5
     264   3.352  -121.79391    0.00006    0.00006      81       1     mtd2
     265   3.362  -121.79390    0.00006    0.00025      82       4     mtd9
     266   3.365  -121.79389    0.00006                                mtd9
     267   3.368  -121.79389    0.00006                                mtd7
     268   3.369  -121.79389    0.00006                                mtd6
     269   3.369  -121.79389    0.00006    0.00037      83       6     mtd6
     270   3.370  -121.79388    0.00006                                mtd10
     271   3.376  -121.79387    0.00006                                mtd9
     272   3.368  -121.79389    0.00006                                mtd1
     273   3.368  -121.79389    0.00006                                mtd7
     274   3.377  -121.79387    0.00006                                mtd6
     275   3.421  -121.79380    0.00006    0.00011      84       2     mtd1
     276   3.446  -121.79376    0.00005                                mtd4
     277   3.440  -121.79377    0.00005    0.00005      85       1     mtd10
     278   3.459  -121.79374    0.00005    0.00016      86       3     mtd9
     279   3.459  -121.79374    0.00005                                mtd9
     280   3.460  -121.79374    0.00005                                mtd9
     281   3.475  -121.79372    0.00005    0.00010      87       2     mtd11
     282   3.512  -121.79366    0.00005                                mtd1
     283   3.514  -121.79365    0.00005    0.00014      88       3     mtd10
     284   3.512  -121.79366    0.00005                                mtd10
     285   3.520  -121.79364    0.00005                                mtd7
     286   3.529  -121.79363    0.00005    0.00014      89       3     mtd14
     287   3.531  -121.79363    0.00005                                mtd14
     288   3.541  -121.79361    0.00005                                mtd8
     289   3.567  -121.79357    0.00004    0.00004      90       1     mtd8
     290   3.649  -121.79344    0.00004    0.00007      91       2     mtd3
     291   3.689  -121.79338    0.00004                                mtd10
     292   3.690  -121.79337    0.00004    0.00011      92       3     mtd12
     293   3.697  -121.79336    0.00004                                mtd10
     294   3.700  -121.79336    0.00004                                mtd10
     295   3.681  -121.79339    0.00004    0.00007      93       2     mtd11
     296   3.701  -121.79336    0.00003                                mtd1
     297   3.696  -121.79336    0.00004    0.00004      94       1     mtd12
     298   3.757  -121.79327    0.00003    0.00009      95       3     mtd8
     299   3.766  -121.79325    0.00003                                mtd12
     300   3.768  -121.79325    0.00003                                mtd8
     301   3.792  -121.79321    0.00003    0.00009      96       3     mtd5
     302   3.819  -121.79317    0.00003                                mtd4
     303   3.826  -121.79316    0.00003                                mtd7
     304   3.829  -121.79315    0.00003    0.00006      97       2     mtd10
     305   3.830  -121.79315    0.00003                                mtd4
     306   3.826  -121.79316    0.00003    0.00003      98       1     mtd12
     307   3.820  -121.79317    0.00003    0.00003      99       1     mtd8
     308   3.849  -121.79312    0.00003    0.00003     100       1     mtd8
     309   3.860  -121.79310    0.00003    0.00013     101       5     mtd8
     310   3.860  -121.79310    0.00003                                mtd8
     311   3.867  -121.79309    0.00003                                mtd8
     312   3.862  -121.79310    0.00003                                mtd10
     313   3.862  -121.79310    0.00003                                mtd7
     314   3.867  -121.79309    0.00003    0.00003     102       1     mtd14
     315   3.879  -121.79307    0.00003    0.00003     103       1     mtd14
     316   3.886  -121.79306    0.00003    0.00003     104       1     mtd12
     317   3.913  -121.79302    0.00002    0.00002     105       1     mtd8
     318   3.933  -121.79299    0.00002    0.00005     106       2     mtd8
     319   3.947  -121.79296    0.00002                                mtd8
     320   3.948  -121.79296    0.00002    0.00002     107       1     mtd8
     321   4.009  -121.79287    0.00002    0.00006     108       3     mtd12
     322   4.009  -121.79287    0.00002                                mtd14
     323   4.023  -121.79284    0.00002                                mtd7
     324   4.026  -121.79284    0.00002    0.00006     109       3     mtd14
     325   4.020  -121.79285    0.00002                                mtd10
     326   4.030  -121.79283    0.00002                                mtd10
     327   4.032  -121.79283    0.00002    0.00002     110       1     mtd8
     328   4.027  -121.79284    0.00002    0.00002     111       1     mtd14
     329   4.044  -121.79281    0.00002    0.00004     112       2     mtd8
     330   4.064  -121.79278    0.00002                                mtd10
     331   4.045  -121.79281    0.00002    0.00002     113       1     mtd10
     332   4.074  -121.79276    0.00002    0.00004     114       2     mtd14
     333   4.104  -121.79271    0.00002                                mtd14
     334   4.136  -121.79266    0.00002    0.00007     115       4     mtd4
     335   4.137  -121.79266    0.00002                                mtd12
     336   4.138  -121.79266    0.00002                                mtd2
     337   4.143  -121.79265    0.00002                                mtd14
     338   4.144  -121.79265    0.00002    0.00005     116       3     mtd7
     339   4.145  -121.79265    0.00002                                mtd4
     340   4.154  -121.79263    0.00002                                mtd2
     341   4.166  -121.79262    0.00002    0.00002     117       1     mtd6
     342   4.184  -121.79259    0.00002    0.00002     118       1     mtd1
     343   4.206  -121.79255    0.00001    0.00001     119       1     mtd4
     344   4.260  -121.79247    0.00001    0.00003     120       2     mtd7
     345   4.261  -121.79246    0.00001                                mtd12
     346   4.420  -121.79221    0.00001    0.00002     121       2     mtd8
     347   4.433  -121.79219    0.00001                                mtd8
     348   4.474  -121.79212    0.00001    0.00001     122       1     mtd3
     349   4.718  -121.79174    0.00001    0.00003     123       4     mtd7
     350   4.718  -121.79174    0.00001                                mtd7
     351   4.723  -121.79173    0.00001                                mtd14
     352   4.727  -121.79172    0.00001                                mtd14
     353   4.876  -121.79148    0.00000    0.00000     124       1     mtd2
     354   5.100  -121.79113    0.00000    0.00001     125       2     mtd14
     355   5.103  -121.79112    0.00000                                mtd7
     356   5.208  -121.79095    0.00000    0.00000     126       1     mtd10
     357   5.211  -121.79095    0.00000    0.00000     127       1     mtd10
     358   5.257  -121.79088    0.00000    0.00000     128       1     mtd14
     359   5.313  -121.79079    0.00000    0.00000     129       1     mtd7
     360   5.885  -121.78988    0.00000    0.00000     130       3     mtd8
     361   5.888  -121.78987    0.00000                                mtd8
     362   5.889  -121.78987    0.00000                                mtd7
T /K                                  :   298.15
E lowest                              :  -121.79925
ensemble average energy (kcal)        :    0.437
ensemble entropy (J/mol K, cal/mol K) :   39.548    9.452
ensemble free energy (kcal/mol)       :   -2.818
population of lowest in %             :   16.127
 number of unique conformers for further calc          130
 list of relative energies saved as "crest.energies"
 
 -----------------
 Wall Time Summary
 -----------------
             test MD wall time :         0h : 0m :27s
                 MTD wall time :         0h : 9m :27s
      multilevel OPT wall time :         0h :14m :28s
                  MD wall time :         0h : 2m :48s
                  GC wall time :         0h : 0m : 0s
--------------------
Overall wall time  : 0h :28m :14s
 
 CREST terminated normally.
