Welcome to
               __   __ _    ____  ____  
               \ \ / // \  |  _ \|  _ \ 
                \ V // _ \ | |_) | |_) |
                 | |/ ___ \|  _ <|  __/ 
                 |_/_/   \_\_| \_\_|
                        // Yet Another Reaction Program
    
First off, here's the input file you provided:
=====================================
egat:
  mem_per_cpu: 1000
  method: ml_rxn_prop
  model: egat_rgd1
  n_cpus: 1
initialize:
  enumeration:
    bonds to break: 2
    bonds to form: 2
    enumerate: true
    enumeration filters:
      discard strained rings: false
      formal charge: 2.0
      lewis score: 0.0
    mode: concerted
    reactive atoms:
    - 0
    - 1
    - 2
    - 3
  initial species: OCC=O
  job manager:
    container: docker
    max_active_jobs: 4
    scheduler: local
  output: depth1.pkl
stages:
- egat

=====================================
Let's generate some initial reaction objects...
Product enumeration routine selected
 - Initializing starting reactant node from OCC=O
  * Product enumeration with break 2, form 2 will be performed in concerted mode.
   + Reactive atoms defined as: index [0, 1, 2, 3] --> element ['c', 'c', 'o', 'o']
   + Enumerated 2 products
   + Applying Lewis score cutoff of 0.0
   + Applying formal charge cutoff of 2.0
   + Returning 2 products after filtering
Initialized 2 reactions and saved to disk!
If you want to characterize these reactions, you'll need to go run 'progress_yarp' next.
See ya, bye!
