Starting YARP loop. Running progress_yarp.py every 1 mins until 2026-06-10 22:22:03.421155
Launching YARP job submitter: yarp-progress
======================
Processing YARP progress in /users/khubler/yarp-again/tutorials/v3.0.0/reaction_characterization/2_init_rxn_path/basic_functionality...
Jobs will be run using 'sge' scheduler and 'apptainer' containers.
Max active jobs allowed: 100
Synchronizing conformer data across identical chemical species...
Performing pre-flight checks to skip already characterized reactions...
Current active jobs: 0 / 100
 * Submitting global task 'egat.ml_predict'...
YARP progress tracking complete.
======================

[2026-06-10 21:22:07.323709] Run 1 of yarp_progress has been executed...
---*****---
Launching YARP job submitter: yarp-progress
======================
Processing YARP progress in /users/khubler/yarp-again/tutorials/v3.0.0/reaction_characterization/2_init_rxn_path/basic_functionality...
Jobs will be run using 'sge' scheduler and 'apptainer' containers.
Max active jobs allowed: 100
Synchronizing conformer data across identical chemical species...
Performing pre-flight checks to skip already characterized reactions...
 * Global Task 'egat.ml_predict' finished successfully!
   * [2107297.9154397324] 	Task 'll_path.reactant_conformer' prerequisites met. Marked as READY.
   * [2107297.9154397324] 	Task 'll_path.product_conformer' prerequisites met. Marked as READY.
   * [2409865.289214986] 	Task 'll_path.reactant_conformer' prerequisites met. Marked as READY.
   * [2409865.289214986] 	Task 'll_path.product_conformer' prerequisites met. Marked as READY.
Current active jobs: 0 / 100
   * [2107297.9154397324] 	Submitting task 'll_path.reactant_conformer'...
   * [2107297.9154397324] 	Submitting task 'll_path.product_conformer'...
   [DEBUG] ---> Blocked! Identical species calculation already active.
   * [2409865.289214986] 	Submitting task 'll_path.product_conformer'...
YARP progress tracking complete.
======================

[2026-06-10 21:23:14.602720] Run 2 of yarp_progress has been executed...
---*****---
Launching YARP job submitter: yarp-progress
======================
Processing YARP progress in /users/khubler/yarp-again/tutorials/v3.0.0/reaction_characterization/2_init_rxn_path/basic_functionality...
Jobs will be run using 'sge' scheduler and 'apptainer' containers.
Max active jobs allowed: 100
Synchronizing conformer data across identical chemical species...
Performing pre-flight checks to skip already characterized reactions...
   * [2107297.9154397324] 	Task 'll_path.reactant_conformer' finished running. Checking output...
   * [2107297.9154397324] 	Task 'll_path.reactant_conformer' completed successfully.
   * [2107297.9154397324] 	Task 'll_path.product_conformer' finished running. Checking output...
   * [2107297.9154397324] 	Task 'll_path.product_conformer' completed successfully.
   * [2409865.289214986] 	Task 'll_path.product_conformer' finished running. Checking output...
   * [2409865.289214986] 	Task 'll_path.product_conformer' completed successfully.
   * [2107297.9154397324] 	Task 'll_path.ts_guess' prerequisites met. Marked as READY.
Current active jobs: 0 / 100
   * [2107297.9154397324] 	Submitting task 'll_path.ts_guess'...
     * [2107297.9154397324] Selecting 3 conformer pairs for GSM...
   [DEBUG] ---> Blocked! Identical species calculation already active.
YARP progress tracking complete.
======================

[2026-06-10 21:24:20.279188] Run 3 of yarp_progress has been executed...
---*****---
Launching YARP job submitter: yarp-progress
======================
Processing YARP progress in /users/khubler/yarp-again/tutorials/v3.0.0/reaction_characterization/2_init_rxn_path/basic_functionality...
Jobs will be run using 'sge' scheduler and 'apptainer' containers.
Max active jobs allowed: 100
Synchronizing conformer data across identical chemical species...
Performing pre-flight checks to skip already characterized reactions...
   * [2409865.289214986] 	Task 'll_path.reactant_conformer' (gfn2_crest) already characterized/synced. Fast-forwarding...
   * [2107297.9154397324] 	Task 'll_path.ts_guess' is still running. Come back later...
   * [2409865.289214986] 	Task 'll_path.ts_guess' prerequisites met. Marked as READY.
Current active jobs: 1 / 100
   * [2409865.289214986] 	Submitting task 'll_path.ts_guess'...
     * [2409865.289214986] Selecting 3 conformer pairs for GSM...
YARP progress tracking complete.
======================

[2026-06-10 21:25:25.429912] Run 4 of yarp_progress has been executed...
---*****---
Launching YARP job submitter: yarp-progress
======================
Processing YARP progress in /users/khubler/yarp-again/tutorials/v3.0.0/reaction_characterization/2_init_rxn_path/basic_functionality...
Jobs will be run using 'sge' scheduler and 'apptainer' containers.
Max active jobs allowed: 100
Synchronizing conformer data across identical chemical species...
Performing pre-flight checks to skip already characterized reactions...
   * [2107297.9154397324] 	Task 'll_path.ts_guess' finished running. Checking output...
   * [2107297.9154397324] 	Task 'll_path.ts_guess' completed successfully.
   * [2409865.289214986] 	Task 'll_path.ts_guess' is still running. Come back later...
Current active jobs: 1 / 100
YARP progress tracking complete.
======================

[2026-06-10 21:26:38.697217] Run 5 of yarp_progress has been executed...
---*****---
Launching YARP job submitter: yarp-progress
======================
Processing YARP progress in /users/khubler/yarp-again/tutorials/v3.0.0/reaction_characterization/2_init_rxn_path/basic_functionality...
Jobs will be run using 'sge' scheduler and 'apptainer' containers.
Max active jobs allowed: 100
Synchronizing conformer data across identical chemical species...
Performing pre-flight checks to skip already characterized reactions...
   * [2409865.289214986] 	Task 'll_path.ts_guess' finished running. Checking output...
   * [2409865.289214986] 	Task 'll_path.ts_guess' completed successfully.
Current active jobs: 0 / 100
No active or pending tasks remain; YARP has reached a quiescent state.
YARP progress tracking complete.
======================

[2026-06-10 21:27:58.867126] Run 6 of yarp_progress has been executed...
---*****---
Shutdown marker found in output file; exiting loop.
