Well folks, looks like we have 72 reactions on our hands
+----------------------------------------------------------------+------------+------------+--------------+----------+
|                          Reaction ID                           |  Reactant  |  Product   | EGAT barrier | Max Flux |
+----------------------------------------------------------------+------------+------------+--------------+----------+
|                XSASRUDTFFBDDK_to_PLXVTJBBUQBDRQ                |  O=CCCOO   |  OOCC1CO1  |    88.352    |    0     |
|                XSASRUDTFFBDDK_to_LZBZEBHQVXRLLN                |  O=CCCOO   |  C=COCOO   |    84.314    |    0     |
|        XSASRUDTFFBDDK_to_WGCNASOHLSPBMP-WSFSSNUMVMOOMR         |  O=CCCOO   | C=O.O=CCO  |    72.105    |    0     |
|                XSASRUDTFFBDDK_to_MQZTXKZTLDDYNK                |  O=CCCOO   |  O=CCOCO   |    64.475    |    0     |
|        XSASRUDTFFBDDK_to_SCKXCAADGDQQCS-VGGSQFUCUMXWEO         |  O=CCCOO   | C=C.O=COO  |    57.098    |    0     |
|                XSASRUDTFFBDDK_to_UVXJOOHEDLXZGH                |  O=CCCOO   |  OOOC1CC1  |    99.137    |    0     |
|                XSASRUDTFFBDDK_to_JQQGJTHDBODIPT                |  O=CCCOO   |  OOC1CCO1  |    75.446    |    0     |
|        XSASRUDTFFBDDK_to_BDAGIHXWWSANSR-IAYPIBMASNFSPL         |  O=CCCOO   | C1CO1.O=CO |    70.657    |    0     |
|                XSASRUDTFFBDDK_to_UKQJDWBNQNAJHB                |  O=CCCOO   |  O=COCCO   |    73.375    |    0     |
|                XSASRUDTFFBDDK_to_KYKDRUWGNWYQSD                |  O=CCCOO   |  OC1CCOO1  |    74.036    |    0     |
|        WGCNASOHLSPBMP-WSFSSNUMVMOOMR_to_UKQJDWBNQNAJHB         | C=O.O=CCO  |  O=COCCO   |    61.588    |    0     |
|        MQZTXKZTLDDYNK_to_WGCNASOHLSPBMP-WSFSSNUMVMOOMR         |  O=CCOCO   | C=O.O=CCO  |    84.081    |    0     |
|        WGCNASOHLSPBMP-WSFSSNUMVMOOMR_to_XSASRUDTFFBDDK         | C=O.O=CCO  |  O=CCCOO   |    100.89    |    0     |
|        WGCNASOHLSPBMP-WSFSSNUMVMOOMR_to_BFPUSHWBRPMZFN         | C=O.O=CCO  |  OCC1COO1  |    94.694    |    0     |
|        WGCNASOHLSPBMP-WSFSSNUMVMOOMR_to_DNNLBMAZSCRRMG         | C=O.O=CCO  |  OCC1OCO1  |    39.866    |    0     |
| WGCNASOHLSPBMP-WSFSSNUMVMOOMR_to_IEZWOVIWXFLQTP-WSFSSNUMVMOOMR | C=O.O=CCO  | C=COO.C=O  |    97.271    |    0     |
| WGCNASOHLSPBMP-WSFSSNUMVMOOMR_to_DOAMZWOPDPPKJS-WSFSSNUMVMOOMR | C=O.O=CCO  | C=O.OC1CO1 |    73.597    |    0     |
|                MQZTXKZTLDDYNK_to_UKQJDWBNQNAJHB                |  O=CCOCO   |  O=COCCO   |    99.938    |    0     |
|                MQZTXKZTLDDYNK_to_BFPUSHWBRPMZFN                |  O=CCOCO   |  OCC1COO1  |    125.78    |    0     |
|                MQZTXKZTLDDYNK_to_OCSVNKWAJGSUKI                |  O=CCOCO   |  OCOC1CO1  |    69.107    |    0     |
|        MQZTXKZTLDDYNK_to_BDAGIHXWWSANSR-IAYPIBMASNFSPL         |  O=CCOCO   | C1CO1.O=CO |    84.78     |    0     |
|                MQZTXKZTLDDYNK_to_XSASRUDTFFBDDK                |  O=CCOCO   |  O=CCCOO   |    113.06    |    0     |
|                MQZTXKZTLDDYNK_to_WVFPEXSMTPRZJP                |  O=CCOCO   |  OOC1COC1  |    123.81    |    0     |
|                MQZTXKZTLDDYNK_to_TWGSXTJXQLNWNP                |  O=CCOCO   |  OC1COCO1  |    70.351    |    0     |
|                MQZTXKZTLDDYNK_to_KQBGNBDMOJYJAO                |  O=CCOCO   |  C=COOCO   |    89.043    |    0     |
|        SCKXCAADGDQQCS-VGGSQFUCUMXWEO_to_XSASRUDTFFBDDK         | C=C.O=COO  |  O=CCCOO   |    46.885    |    0     |
|        SCKXCAADGDQQCS-VGGSQFUCUMXWEO_to_JQQGJTHDBODIPT         | C=C.O=COO  |  OOC1CCO1  |    53.307    |    0     |
|        SCKXCAADGDQQCS-VGGSQFUCUMXWEO_to_UKQJDWBNQNAJHB         | C=C.O=COO  |  O=COCCO   |    54.675    |    0     |
| SCKXCAADGDQQCS-VGGSQFUCUMXWEO_to_CVTVRXGPXQVJAU-VGGSQFUCUMXWEO | C=C.O=COO  | C=C.OC1OO1 |    66.618    |    0     |
|                JQQGJTHDBODIPT_to_PLXVTJBBUQBDRQ                |  OOC1CCO1  |  OOCC1CO1  |    87.326    |    0     |
|                JQQGJTHDBODIPT_to_LZBZEBHQVXRLLN                |  OOC1CCO1  |  C=COCOO   |    64.595    |    0     |
|                JQQGJTHDBODIPT_to_WVFPEXSMTPRZJP                |  OOC1CCO1  |  OOC1COC1  |    93.209    |    0     |
|        JQQGJTHDBODIPT_to_IEZWOVIWXFLQTP-WSFSSNUMVMOOMR         |  OOC1CCO1  | C=COO.C=O  |    57.744    |    0     |
|                JQQGJTHDBODIPT_to_DNNLBMAZSCRRMG                |  OOC1CCO1  |  OCC1OCO1  |    78.486    |    0     |
|                JQQGJTHDBODIPT_to_OCSVNKWAJGSUKI                |  OOC1CCO1  |  OCOC1CO1  |    71.228    |    0     |
|        JQQGJTHDBODIPT_to_SCKXCAADGDQQCS-VGGSQFUCUMXWEO         |  OOC1CCO1  | C=C.O=COO  |    53.586    |    0     |
|                JQQGJTHDBODIPT_to_UVXJOOHEDLXZGH                |  OOC1CCO1  |  OOOC1CC1  |    96.241    |    0     |
|                JQQGJTHDBODIPT_to_XSASRUDTFFBDDK                |  OOC1CCO1  |  O=CCCOO   |     62.2     |    0     |
|                JQQGJTHDBODIPT_to_DTXLZANOYCDGFH                |  OOC1CCO1  |  OCCC1OO1  |    62.722    |    0     |
|                JQQGJTHDBODIPT_to_VOZDABZCYIIVTM                |  OOC1CCO1  |  OC1OCCO1  |    48.713    |    0     |
|                JQQGJTHDBODIPT_to_UKQJDWBNQNAJHB                |  OOC1CCO1  |  O=COCCO   |    70.978    |    0     |
|                JQQGJTHDBODIPT_to_KYKDRUWGNWYQSD                |  OOC1CCO1  |  OC1CCOO1  |    62.347    |    0     |
|        BDAGIHXWWSANSR-IAYPIBMASNFSPL_to_MQZTXKZTLDDYNK         | C1CO1.O=CO |  O=CCOCO   |    59.57     |    0     |
|        BDAGIHXWWSANSR-IAYPIBMASNFSPL_to_TWGSXTJXQLNWNP         | C1CO1.O=CO |  OC1COCO1  |    61.268    |    0     |
|        BDAGIHXWWSANSR-IAYPIBMASNFSPL_to_XSASRUDTFFBDDK         | C1CO1.O=CO |  O=CCCOO   |    104.47    |    0     |
|        BDAGIHXWWSANSR-IAYPIBMASNFSPL_to_UKQJDWBNQNAJHB         | C1CO1.O=CO |  O=COCCO   |    58.427    |    0     |
|        BDAGIHXWWSANSR-IAYPIBMASNFSPL_to_KYKDRUWGNWYQSD         | C1CO1.O=CO |  OC1CCOO1  |    97.156    |    0     |
|        BDAGIHXWWSANSR-IAYPIBMASNFSPL_to_VOZDABZCYIIVTM         | C1CO1.O=CO |  OC1OCCO1  |    54.624    |    0     |
|                UKQJDWBNQNAJHB_to_MQZTXKZTLDDYNK                |  O=COCCO   |  O=CCOCO   |    114.12    |    0     |
|        UKQJDWBNQNAJHB_to_WGCNASOHLSPBMP-WSFSSNUMVMOOMR         |  O=COCCO   | C=O.O=CCO  |    86.152    |    0     |
|                UKQJDWBNQNAJHB_to_OCSVNKWAJGSUKI                |  O=COCCO   |  OCOC1CO1  |    90.993    |    0     |
|                UKQJDWBNQNAJHB_to_DNNLBMAZSCRRMG                |  O=COCCO   |  OCC1OCO1  |    91.62     |    0     |
|        UKQJDWBNQNAJHB_to_SCKXCAADGDQQCS-VGGSQFUCUMXWEO         |  O=COCCO   | C=C.O=COO  |    124.95    |    0     |
|                UKQJDWBNQNAJHB_to_DTXLZANOYCDGFH                |  O=COCCO   |  OCCC1OO1  |    115.02    |    0     |
|                UKQJDWBNQNAJHB_to_XSASRUDTFFBDDK                |  O=COCCO   |  O=CCCOO   |    128.17    |    0     |
|        UKQJDWBNQNAJHB_to_BDAGIHXWWSANSR-IAYPIBMASNFSPL         |  O=COCCO   | C1CO1.O=CO |    82.719    |    0     |
|                UKQJDWBNQNAJHB_to_JQQGJTHDBODIPT                |  O=COCCO   |  OOC1CCO1  |    138.05    |    0     |
|                UKQJDWBNQNAJHB_to_VOZDABZCYIIVTM                |  O=COCCO   |  OC1OCCO1  |    79.281    |    0     |
|                KYKDRUWGNWYQSD_to_BFPUSHWBRPMZFN                |  OC1CCOO1  |  OCC1COO1  |    99.278    |    0     |
|                KYKDRUWGNWYQSD_to_KQBGNBDMOJYJAO                |  OC1CCOO1  |  C=COOCO   |    80.326    |    0     |
|                KYKDRUWGNWYQSD_to_TXHBRKKPPAECNB                |  OC1CCOO1  |  OC1COOC1  |    80.619    |    0     |
|        KYKDRUWGNWYQSD_to_ASQQEOXYFGEFKQ-IMROMDMJAWUWLK         |  OC1CCOO1  | C1OO1.C=CO |    68.65     |    0     |
|        KYKDRUWGNWYQSD_to_DOAMZWOPDPPKJS-WSFSSNUMVMOOMR         |  OC1CCOO1  | C=O.OC1CO1 |    65.493    |    0     |
|                KYKDRUWGNWYQSD_to_TWGSXTJXQLNWNP                |  OC1CCOO1  |  OC1COCO1  |    58.589    |    0     |
|        KYKDRUWGNWYQSD_to_CVTVRXGPXQVJAU-VGGSQFUCUMXWEO         |  OC1CCOO1  | C=C.OC1OO1 |    76.406    |    0     |
|                KYKDRUWGNWYQSD_to_UVXJOOHEDLXZGH                |  OC1CCOO1  |  OOOC1CC1  |    96.729    |    0     |
|                KYKDRUWGNWYQSD_to_DTXLZANOYCDGFH                |  OC1CCOO1  |  OCCC1OO1  |    69.686    |    0     |
|        KYKDRUWGNWYQSD_to_MYMOFIZGZYHOMD-YOXHCYXIAVIFCZ         |  OC1CCOO1  | O=O.OC1CC1 |    86.044    |    0     |
|        KYKDRUWGNWYQSD_to_BDAGIHXWWSANSR-IAYPIBMASNFSPL         |  OC1CCOO1  | C1CO1.O=CO |    62.416    |    0     |
|                KYKDRUWGNWYQSD_to_VOZDABZCYIIVTM                |  OC1CCOO1  |  OC1OCCO1  |    53.745    |    0     |
|                KYKDRUWGNWYQSD_to_JQQGJTHDBODIPT                |  OC1CCOO1  |  OOC1CCO1  |    71.951    |    0     |
|                KYKDRUWGNWYQSD_to_XSASRUDTFFBDDK                |  OC1CCOO1  |  O=CCCOO   |    63.164    |    0     |
+----------------------------------------------------------------+------------+------------+--------------+----------+
