Script executing from /users/emille35/dev/yarp-again/yarp
Welcome to
                __   __ _    ____  ____  
                \ \ / // \  |  _ \|  _ \ 
                 \ V // _ \ | |_) | |_) |
                  | |/ ___ \|  _ <|  __/ 
                  |_/_/   \_\_| \_\_|
                          // Yet Another Reaction Program
        
First off, here's the input file you provided:
=====================================
egat:
  method: ml_predict
  model: egat_pretrain
initialize:
  bonds to break: 2
  bonds to form: 2
  enumerate: true
  enumeration filters:
    discard strained rings: false
    formal charge: 2.0
    lewis score: 0.0
  initial species: O=CCCOO
  mode: concerted
  output: depth1.pkl
stages:
- egat

=====================================
Product enumeration routine selected
 - Initializing starting reactant node from O=CCCOO
  * Product enumeration with break 2, form 2 will be performed in concerted mode.
   + Enumerated 37 products
   + Applying Lewis score cutoff of 0.0
   + Applying formal charge cutoff of 2.0
   + Returning 37 products after filtering
Number of reactions generated: 37
 -- Reaction 0: XSASRUDTFFBDDK_to_PLXVTJBBUQBDRQ
 -- Reaction 1: XSASRUDTFFBDDK_to_LZBZEBHQVXRLLN
 -- Reaction 2: XSASRUDTFFBDDK_to_LSIGHSKIPNHVEN
 -- Reaction 3: XSASRUDTFFBDDK_to_CCGKOQOJPYTBIH-MEUKEBNAABNAEX
 -- Reaction 4: XSASRUDTFFBDDK_to_WGCNASOHLSPBMP-WSFSSNUMVMOOMR
 -- Reaction 5: XSASRUDTFFBDDK_to_MQZTXKZTLDDYNK
 -- Reaction 6: XSASRUDTFFBDDK_to_ASQQEOXYFGEFKQ-IKHGUXGNUITLKF
 -- Reaction 7: XSASRUDTFFBDDK_to_QWFOJYBHKFALKR
 -- Reaction 8: XSASRUDTFFBDDK_to_SCKXCAADGDQQCS-VGGSQFUCUMXWEO
 -- Reaction 9: XSASRUDTFFBDDK_to_HGINCPLSRVDWNT-MHAJPDPJQMAIIY
 -- Reaction 10: XSASRUDTFFBDDK_to_UTLVMFCPERHVKU
 -- Reaction 11: XSASRUDTFFBDDK_to_UVXJOOHEDLXZGH
 -- Reaction 12: XSASRUDTFFBDDK_to_JQQGJTHDBODIPT
 -- Reaction 13: XSASRUDTFFBDDK_to_MHAJPDPJQMAIIY-VBBRYJMZLIYUJQ
 -- Reaction 14: XSASRUDTFFBDDK_to_CZPZWMPYEINMCF
 -- Reaction 15: XSASRUDTFFBDDK_to_MYMOFIZGZYHOMD-NBBJYMSMWIIQGU
 -- Reaction 16: XSASRUDTFFBDDK_to_IEZWOVIWXFLQTP-WSFSSNUMVMOOMR
 -- Reaction 17: XSASRUDTFFBDDK_to_SAFQYXYVTVQFLR-UFHFLCQGNIYNRP
 -- Reaction 18: XSASRUDTFFBDDK_to_YKZHDJKJFXCGCU
 -- Reaction 19: XSASRUDTFFBDDK_to_KLARBAOWTNKAMX-UFHFLCQGNIYNRP
 -- Reaction 20: XSASRUDTFFBDDK_to_WSMYVTOQOOLQHP-XLYOFNOQVPJJNP
 -- Reaction 21: XSASRUDTFFBDDK_to_RGNLCYKNGPYALI
 -- Reaction 22: XSASRUDTFFBDDK_to_NUZFBZRITSUKTP-UFHFLCQGNIYNRP
 -- Reaction 23: XSASRUDTFFBDDK_to_BDAGIHXWWSANSR-IAYPIBMASNFSPL
 -- Reaction 24: XSASRUDTFFBDDK_to_UKQJDWBNQNAJHB
 -- Reaction 25: XSASRUDTFFBDDK_to_BVTJGGGYKAMDBN-WSFSSNUMVMOOMR
 -- Reaction 26: XSASRUDTFFBDDK_to_COYCHYMPNMUQTC
 -- Reaction 27: XSASRUDTFFBDDK_to_MFKZDADVASPENT
 -- Reaction 28: XSASRUDTFFBDDK_to_NTKXXOVKNHRVFH-UFHFLCQGNIYNRP
 -- Reaction 29: XSASRUDTFFBDDK_to_IWYRWIUNAVNFPE-XLYOFNOQVPJJNP
 -- Reaction 30: XSASRUDTFFBDDK_to_MNQZXJOMYWMBOU
 -- Reaction 31: XSASRUDTFFBDDK_to_SEWVJHXWGVGQLV-UFHFLCQGNIYNRP
 -- Reaction 32: XSASRUDTFFBDDK_to_KYKDRUWGNWYQSD
 -- Reaction 33: XSASRUDTFFBDDK_to_KQBSGRWMSNFIPG
 -- Reaction 34: XSASRUDTFFBDDK_to_VEZXCJBBBCKRPI-XLYOFNOQVPJJNP
 -- Reaction 35: XSASRUDTFFBDDK_to_ALRHLSYJTWAHJZ
 -- Reaction 36: XSASRUDTFFBDDK_to_PHILMFQVUWCHOQ-UFHFLCQGNIYNRP
Processing stage egat
Reaction characterization via ML model selected
 - Loading egat_pretrain model
 - Predicting barriers for 37 reactions
Reactions dictionary has been pickled to depth1.pkl.
