Starting YARP loop. Running progress_yarp.py every 1 mins until 2026-06-11 14:46:55.237569
Launching YARP job submitter: yarp-progress
======================
Processing YARP progress in /users/khubler/yarp-again/tutorials/v3.0.0/reaction_characterization/3_refine_rxn_path/multi_modal_refinement...
Jobs will be run using 'sge' scheduler and 'apptainer' containers.
Max active jobs allowed: 100
Synchronizing conformer data across identical chemical species...
Performing pre-flight checks to skip already characterized reactions...
Current active jobs: 0 / 100
 * Submitting global task 'egat.ml_predict'...
YARP progress tracking complete.
======================

[2026-06-10 22:06:59.409023] Run 1 of yarp_progress has been executed...
---*****---
Launching YARP job submitter: yarp-progress
======================
Processing YARP progress in /users/khubler/yarp-again/tutorials/v3.0.0/reaction_characterization/3_refine_rxn_path/multi_modal_refinement...
Jobs will be run using 'sge' scheduler and 'apptainer' containers.
Max active jobs allowed: 100
Synchronizing conformer data across identical chemical species...
Performing pre-flight checks to skip already characterized reactions...
 * Global Task 'egat.ml_predict' finished successfully!
   * [2107297.9154397324] 	Task 'll_path.reactant_conformer' prerequisites met. Marked as READY.
   * [2107297.9154397324] 	Task 'll_path.product_conformer' prerequisites met. Marked as READY.
   * [2409865.289214986] 	Task 'll_path.reactant_conformer' prerequisites met. Marked as READY.
   * [2409865.289214986] 	Task 'll_path.product_conformer' prerequisites met. Marked as READY.
Current active jobs: 0 / 100
   * [2107297.9154397324] 	Submitting task 'll_path.reactant_conformer'...
   * [2107297.9154397324] 	Submitting task 'll_path.product_conformer'...
   [DEBUG] ---> Blocked! Identical species calculation already active.
   * [2409865.289214986] 	Submitting task 'll_path.product_conformer'...
YARP progress tracking complete.
======================

[2026-06-10 22:08:16.086347] Run 2 of yarp_progress has been executed...
---*****---
Launching YARP job submitter: yarp-progress
======================
Processing YARP progress in /users/khubler/yarp-again/tutorials/v3.0.0/reaction_characterization/3_refine_rxn_path/multi_modal_refinement...
Jobs will be run using 'sge' scheduler and 'apptainer' containers.
Max active jobs allowed: 100
Synchronizing conformer data across identical chemical species...
Performing pre-flight checks to skip already characterized reactions...
   * [2107297.9154397324] 	Task 'll_path.reactant_conformer' finished running. Checking output...
   * [2107297.9154397324] 	Task 'll_path.reactant_conformer' completed successfully.
   * [2107297.9154397324] 	Task 'll_path.product_conformer' finished running. Checking output...
   * [2107297.9154397324] 	Task 'll_path.product_conformer' completed successfully.
   * [2409865.289214986] 	Task 'll_path.product_conformer' finished running. Checking output...
   * [2409865.289214986] 	Task 'll_path.product_conformer' completed successfully.
   * [2107297.9154397324] 	Task 'll_path.ts_guess' prerequisites met. Marked as READY.
   * [2107297.9154397324] 	Task 'll_refine.reactant_optimization' prerequisites met. Marked as READY.
   * [2107297.9154397324] 	Task 'll_refine.product_optimization' prerequisites met. Marked as READY.
   * [2409865.289214986] 	Task 'll_refine.product_optimization' prerequisites met. Marked as READY.
Current active jobs: 0 / 100
   * [2107297.9154397324] 	Submitting task 'll_path.ts_guess'...
     * [2107297.9154397324] Selecting 3 conformer pairs for GSM...
   * [2107297.9154397324] 	Submitting task 'll_refine.reactant_optimization'...
   * [2107297.9154397324] 	Submitting task 'll_refine.product_optimization'...
   [DEBUG] ---> Blocked! Identical species calculation already active.
   * [2409865.289214986] 	Submitting task 'll_refine.product_optimization'...
YARP progress tracking complete.
======================

[2026-06-10 22:09:33.826037] Run 3 of yarp_progress has been executed...
---*****---
Launching YARP job submitter: yarp-progress
======================
Processing YARP progress in /users/khubler/yarp-again/tutorials/v3.0.0/reaction_characterization/3_refine_rxn_path/multi_modal_refinement...
Jobs will be run using 'sge' scheduler and 'apptainer' containers.
Max active jobs allowed: 100
Synchronizing conformer data across identical chemical species...
Performing pre-flight checks to skip already characterized reactions...
   * [2409865.289214986] 	Task 'll_path.reactant_conformer' (gfn2_crest) already characterized/synced. Fast-forwarding...
   * [2107297.9154397324] 	Task 'll_path.ts_guess' is still running. Come back later...
   * [2107297.9154397324] 	Task 'll_refine.reactant_optimization' finished running. Checking output...
   * [2107297.9154397324] 	Task 'll_refine.reactant_optimization' completed successfully.
   * [2107297.9154397324] 	Task 'll_refine.product_optimization' finished running. Checking output...
   * [2107297.9154397324] 	Task 'll_refine.product_optimization' completed successfully.
   * [2409865.289214986] 	Task 'll_refine.product_optimization' finished running. Checking output...
   * [2409865.289214986] 	Task 'll_refine.product_optimization' completed successfully.
   * [2107297.9154397324] 	Task 'hl_refine.reactant_optimization' prerequisites met. Marked as READY.
   * [2107297.9154397324] 	Task 'hl_refine.product_optimization' prerequisites met. Marked as READY.
   * [2409865.289214986] 	Task 'll_path.ts_guess' prerequisites met. Marked as READY.
   * [2409865.289214986] 	Task 'll_refine.reactant_optimization' prerequisites met. Marked as READY.
   * [2409865.289214986] 	Task 'hl_refine.product_optimization' prerequisites met. Marked as READY.
Current active jobs: 1 / 100
   * [2107297.9154397324] 	Submitting task 'hl_refine.reactant_optimization'...
   * [2107297.9154397324] 	Submitting task 'hl_refine.product_optimization'...
   * [2409865.289214986] 	Submitting task 'll_path.ts_guess'...
     * [2409865.289214986] Selecting 3 conformer pairs for GSM...
   [DEBUG] ---> Blocked! Identical species calculation already active.
   * [2409865.289214986] 	Submitting task 'hl_refine.product_optimization'...
YARP progress tracking complete.
======================

[2026-06-10 22:10:42.969038] Run 4 of yarp_progress has been executed...
---*****---
Launching YARP job submitter: yarp-progress
======================
Processing YARP progress in /users/khubler/yarp-again/tutorials/v3.0.0/reaction_characterization/3_refine_rxn_path/multi_modal_refinement...
Jobs will be run using 'sge' scheduler and 'apptainer' containers.
Max active jobs allowed: 100
Synchronizing conformer data across identical chemical species...
Performing pre-flight checks to skip already characterized reactions...
   * [2409865.289214986] 	Task 'll_refine.reactant_optimization' (xtb_pysisyphus) already characterized/synced. Fast-forwarding...
   * [2107297.9154397324] 	Task 'll_path.ts_guess' is still running. Come back later...
   * [2107297.9154397324] 	Task 'hl_refine.reactant_optimization' is still running. Come back later...
   * [2107297.9154397324] 	Task 'hl_refine.product_optimization' is still running. Come back later...
   * [2409865.289214986] 	Task 'll_path.ts_guess' is still running. Come back later...
   * [2409865.289214986] 	Task 'hl_refine.product_optimization' is still running. Come back later...
   * [2409865.289214986] 	Task 'hl_refine.reactant_optimization' prerequisites met. Marked as READY.
Current active jobs: 5 / 100
   [DEBUG] ---> Blocked! Identical species calculation already active.
YARP progress tracking complete.
======================

[2026-06-10 22:11:46.411096] Run 5 of yarp_progress has been executed...
---*****---
Launching YARP job submitter: yarp-progress
======================
Processing YARP progress in /users/khubler/yarp-again/tutorials/v3.0.0/reaction_characterization/3_refine_rxn_path/multi_modal_refinement...
Jobs will be run using 'sge' scheduler and 'apptainer' containers.
Max active jobs allowed: 100
Synchronizing conformer data across identical chemical species...
Performing pre-flight checks to skip already characterized reactions...
   * [2107297.9154397324] 	Task 'll_path.ts_guess' is still running. Come back later...
   * [2107297.9154397324] 	Task 'hl_refine.reactant_optimization' is still running. Come back later...
   * [2107297.9154397324] 	Task 'hl_refine.product_optimization' is still running. Come back later...
   * [2409865.289214986] 	Task 'll_path.ts_guess' is still running. Come back later...
   * [2409865.289214986] 	Task 'hl_refine.product_optimization' is still running. Come back later...
Current active jobs: 5 / 100
   [DEBUG] ---> Blocked! Identical species calculation already active.
YARP progress tracking complete.
======================

[2026-06-10 22:13:01.650605] Run 6 of yarp_progress has been executed...
---*****---
Launching YARP job submitter: yarp-progress
======================
Processing YARP progress in /users/khubler/yarp-again/tutorials/v3.0.0/reaction_characterization/3_refine_rxn_path/multi_modal_refinement...
Jobs will be run using 'sge' scheduler and 'apptainer' containers.
Max active jobs allowed: 100
Synchronizing conformer data across identical chemical species...
Performing pre-flight checks to skip already characterized reactions...
   * [2107297.9154397324] 	Task 'll_path.ts_guess' is still running. Come back later...
   * [2107297.9154397324] 	Task 'hl_refine.reactant_optimization' is still running. Come back later...
   * [2107297.9154397324] 	Task 'hl_refine.product_optimization' is still running. Come back later...
   * [2409865.289214986] 	Task 'll_path.ts_guess' finished running. Checking output...
   * [2409865.289214986] 	Task 'll_path.ts_guess' completed successfully.
   * [2409865.289214986] 	Task 'hl_refine.product_optimization' is still running. Come back later...
   * [2409865.289214986] 	Task 'll_refine.transition_state_optimization' prerequisites met. Marked as READY.
Current active jobs: 4 / 100
   * [2409865.289214986] 	Submitting task 'll_refine.transition_state_optimization'...
   [DEBUG] ---> Blocked! Identical species calculation already active.
YARP progress tracking complete.
======================

[2026-06-10 22:15:26.630983] Run 7 of yarp_progress has been executed...
---*****---
Launching YARP job submitter: yarp-progress
======================
Processing YARP progress in /users/khubler/yarp-again/tutorials/v3.0.0/reaction_characterization/3_refine_rxn_path/multi_modal_refinement...
Jobs will be run using 'sge' scheduler and 'apptainer' containers.
Max active jobs allowed: 100
Synchronizing conformer data across identical chemical species...
Performing pre-flight checks to skip already characterized reactions...
   * [2107297.9154397324] 	Task 'll_path.ts_guess' finished running. Checking output...
   * [2107297.9154397324] 	Task 'll_path.ts_guess' completed successfully.
   * [2107297.9154397324] 	Task 'hl_refine.reactant_optimization' is still running. Come back later...
   * [2107297.9154397324] 	Task 'hl_refine.product_optimization' is still running. Come back later...
   * [2409865.289214986] 	Task 'll_refine.transition_state_optimization' finished running. Checking output...
   * [2409865.289214986] 	Task 'll_refine.transition_state_optimization' completed successfully.
   * [2409865.289214986] 	Task 'hl_refine.product_optimization' is still running. Come back later...
   * [2107297.9154397324] 	Task 'll_refine.transition_state_optimization' prerequisites met. Marked as READY.
   * [2409865.289214986] 	Task 'll_refine.irc_validation' prerequisites met. Marked as READY.
Current active jobs: 3 / 100
   * [2107297.9154397324] 	Submitting task 'll_refine.transition_state_optimization'...
   * [2409865.289214986] 	Submitting task 'll_refine.irc_validation'...
   [DEBUG] ---> Blocked! Identical species calculation already active.
YARP progress tracking complete.
======================

[2026-06-10 22:17:56.314539] Run 8 of yarp_progress has been executed...
---*****---
Launching YARP job submitter: yarp-progress
======================
Processing YARP progress in /users/khubler/yarp-again/tutorials/v3.0.0/reaction_characterization/3_refine_rxn_path/multi_modal_refinement...
Jobs will be run using 'sge' scheduler and 'apptainer' containers.
Max active jobs allowed: 100
Synchronizing conformer data across identical chemical species...
Performing pre-flight checks to skip already characterized reactions...
   * [2107297.9154397324] 	Task 'll_refine.transition_state_optimization' finished running. Checking output...
   * [2107297.9154397324] 	Task 'll_refine.transition_state_optimization' completed successfully.
   * [2107297.9154397324] 	Task 'hl_refine.reactant_optimization' is still running. Come back later...
   * [2107297.9154397324] 	Task 'hl_refine.product_optimization' is still running. Come back later...
   * [2409865.289214986] 	Task 'll_refine.irc_validation' is still running. Come back later...
   * [2409865.289214986] 	Task 'hl_refine.product_optimization' is still running. Come back later...
   * [2107297.9154397324] 	Task 'll_refine.irc_validation' prerequisites met. Marked as READY.
Current active jobs: 4 / 100
   * [2107297.9154397324] 	Submitting task 'll_refine.irc_validation'...
   [DEBUG] ---> Blocked! Identical species calculation already active.
YARP progress tracking complete.
======================

[2026-06-10 22:19:01.199713] Run 9 of yarp_progress has been executed...
---*****---
Launching YARP job submitter: yarp-progress
======================
Processing YARP progress in /users/khubler/yarp-again/tutorials/v3.0.0/reaction_characterization/3_refine_rxn_path/multi_modal_refinement...
Jobs will be run using 'sge' scheduler and 'apptainer' containers.
Max active jobs allowed: 100
Synchronizing conformer data across identical chemical species...
Performing pre-flight checks to skip already characterized reactions...
   * [2107297.9154397324] 	Task 'll_refine.irc_validation' finished running. Checking output...
     * TS 1 validated: inverse_intended with barrier of 60.24139579349904 kcal/mol
     * TS 2 validated: no_adjmat_change with barrier of 76.78298279158699 kcal/mol
     * TS 3 validated: inverse_intended with barrier of 50.193594646271514 kcal/mol
   * [2107297.9154397324] 	Task 'll_refine.irc_validation' completed successfully.
   * [2107297.9154397324] 	Task 'hl_refine.reactant_optimization' is still running. Come back later...
   * [2107297.9154397324] 	Task 'hl_refine.product_optimization' is still running. Come back later...
   * [2409865.289214986] 	Task 'll_refine.irc_validation' finished running. Checking output...
     * TS 1 validated: intended with barrier of 92.60755258126196 kcal/mol
     * TS 2 validated: intended with barrier of 87.27294455066921 kcal/mol
     * TS 3 validated: inverse_intended with barrier of 84.7012428298279 kcal/mol
   * [2409865.289214986] 	Task 'll_refine.irc_validation' completed successfully.
   * [2409865.289214986] 	Task 'hl_refine.product_optimization' is still running. Come back later...
   * [2107297.9154397324] 	Task 'hl_refine.transition_state_optimization' prerequisites met. Marked as READY.
   * [2409865.289214986] 	Task 'hl_refine.transition_state_optimization' prerequisites met. Marked as READY.
Current active jobs: 3 / 100
   * [2107297.9154397324] 	Submitting task 'hl_refine.transition_state_optimization'...
   [DEBUG] ---> Blocked! Identical species calculation already active.
   * [2409865.289214986] 	Submitting task 'hl_refine.transition_state_optimization'...
YARP progress tracking complete.
======================

[2026-06-10 22:20:08.682144] Run 10 of yarp_progress has been executed...
---*****---
Launching YARP job submitter: yarp-progress
======================
Processing YARP progress in /users/khubler/yarp-again/tutorials/v3.0.0/reaction_characterization/3_refine_rxn_path/multi_modal_refinement...
Jobs will be run using 'sge' scheduler and 'apptainer' containers.
Max active jobs allowed: 100
Synchronizing conformer data across identical chemical species...
Performing pre-flight checks to skip already characterized reactions...
   * [2107297.9154397324] 	Task 'hl_refine.reactant_optimization' is still running. Come back later...
   * [2107297.9154397324] 	Task 'hl_refine.product_optimization' is still running. Come back later...
   * [2107297.9154397324] 	Task 'hl_refine.transition_state_optimization' is still running. Come back later...
   * [2409865.289214986] 	Task 'hl_refine.product_optimization' is still running. Come back later...
   * [2409865.289214986] 	Task 'hl_refine.transition_state_optimization' is still running. Come back later...
Current active jobs: 5 / 100
   [DEBUG] ---> Blocked! Identical species calculation already active.
YARP progress tracking complete.
======================

[2026-06-10 22:21:11.950599] Run 11 of yarp_progress has been executed...
---*****---
Launching YARP job submitter: yarp-progress
======================
Processing YARP progress in /users/khubler/yarp-again/tutorials/v3.0.0/reaction_characterization/3_refine_rxn_path/multi_modal_refinement...
Jobs will be run using 'sge' scheduler and 'apptainer' containers.
Max active jobs allowed: 100
Synchronizing conformer data across identical chemical species...
Performing pre-flight checks to skip already characterized reactions...
   * [2107297.9154397324] 	Task 'hl_refine.reactant_optimization' is still running. Come back later...
   * [2107297.9154397324] 	Task 'hl_refine.product_optimization' is still running. Come back later...
   * [2107297.9154397324] 	Task 'hl_refine.transition_state_optimization' is still running. Come back later...
   * [2409865.289214986] 	Task 'hl_refine.product_optimization' is still running. Come back later...
   * [2409865.289214986] 	Task 'hl_refine.transition_state_optimization' is still running. Come back later...
Current active jobs: 5 / 100
   [DEBUG] ---> Blocked! Identical species calculation already active.
YARP progress tracking complete.
======================

[2026-06-10 22:22:15.333815] Run 12 of yarp_progress has been executed...
---*****---
Launching YARP job submitter: yarp-progress
======================
Processing YARP progress in /users/khubler/yarp-again/tutorials/v3.0.0/reaction_characterization/3_refine_rxn_path/multi_modal_refinement...
Jobs will be run using 'sge' scheduler and 'apptainer' containers.
Max active jobs allowed: 100
Synchronizing conformer data across identical chemical species...
Performing pre-flight checks to skip already characterized reactions...
   * [2107297.9154397324] 	Task 'hl_refine.reactant_optimization' is still running. Come back later...
   * [2107297.9154397324] 	Task 'hl_refine.product_optimization' is still running. Come back later...
   * [2107297.9154397324] 	Task 'hl_refine.transition_state_optimization' is still running. Come back later...
   * [2409865.289214986] 	Task 'hl_refine.product_optimization' is still running. Come back later...
   * [2409865.289214986] 	Task 'hl_refine.transition_state_optimization' is still running. Come back later...
Current active jobs: 5 / 100
   [DEBUG] ---> Blocked! Identical species calculation already active.
YARP progress tracking complete.
======================

[2026-06-10 22:23:18.869109] Run 13 of yarp_progress has been executed...
---*****---
Launching YARP job submitter: yarp-progress
======================
Processing YARP progress in /users/khubler/yarp-again/tutorials/v3.0.0/reaction_characterization/3_refine_rxn_path/multi_modal_refinement...
Jobs will be run using 'sge' scheduler and 'apptainer' containers.
Max active jobs allowed: 100
Synchronizing conformer data across identical chemical species...
Performing pre-flight checks to skip already characterized reactions...
   * [2107297.9154397324] 	Task 'hl_refine.reactant_optimization' is still running. Come back later...
   * [2107297.9154397324] 	Task 'hl_refine.product_optimization' is still running. Come back later...
   * [2107297.9154397324] 	Task 'hl_refine.transition_state_optimization' is still running. Come back later...
   * [2409865.289214986] 	Task 'hl_refine.product_optimization' is still running. Come back later...
   * [2409865.289214986] 	Task 'hl_refine.transition_state_optimization' is still running. Come back later...
Current active jobs: 5 / 100
   [DEBUG] ---> Blocked! Identical species calculation already active.
YARP progress tracking complete.
======================

[2026-06-10 22:24:22.567647] Run 14 of yarp_progress has been executed...
---*****---
Launching YARP job submitter: yarp-progress
======================
Processing YARP progress in /users/khubler/yarp-again/tutorials/v3.0.0/reaction_characterization/3_refine_rxn_path/multi_modal_refinement...
Jobs will be run using 'sge' scheduler and 'apptainer' containers.
Max active jobs allowed: 100
Synchronizing conformer data across identical chemical species...
Performing pre-flight checks to skip already characterized reactions...
   * [2107297.9154397324] 	Task 'hl_refine.reactant_optimization' is still running. Come back later...
   * [2107297.9154397324] 	Task 'hl_refine.product_optimization' is still running. Come back later...
   * [2107297.9154397324] 	Task 'hl_refine.transition_state_optimization' is still running. Come back later...
   * [2409865.289214986] 	Task 'hl_refine.product_optimization' is still running. Come back later...
   * [2409865.289214986] 	Task 'hl_refine.transition_state_optimization' is still running. Come back later...
Current active jobs: 5 / 100
   [DEBUG] ---> Blocked! Identical species calculation already active.
YARP progress tracking complete.
======================

[2026-06-10 22:25:25.503883] Run 15 of yarp_progress has been executed...
---*****---
Launching YARP job submitter: yarp-progress
======================
Processing YARP progress in /users/khubler/yarp-again/tutorials/v3.0.0/reaction_characterization/3_refine_rxn_path/multi_modal_refinement...
Jobs will be run using 'sge' scheduler and 'apptainer' containers.
Max active jobs allowed: 100
Synchronizing conformer data across identical chemical species...
Performing pre-flight checks to skip already characterized reactions...
   * [2107297.9154397324] 	Task 'hl_refine.reactant_optimization' is still running. Come back later...
   * [2107297.9154397324] 	Task 'hl_refine.product_optimization' is still running. Come back later...
   * [2107297.9154397324] 	Task 'hl_refine.transition_state_optimization' is still running. Come back later...
   * [2409865.289214986] 	Task 'hl_refine.product_optimization' is still running. Come back later...
   * [2409865.289214986] 	Task 'hl_refine.transition_state_optimization' is still running. Come back later...
Current active jobs: 5 / 100
   [DEBUG] ---> Blocked! Identical species calculation already active.
YARP progress tracking complete.
======================

[2026-06-10 22:26:29.122439] Run 16 of yarp_progress has been executed...
---*****---
Launching YARP job submitter: yarp-progress
======================
Processing YARP progress in /users/khubler/yarp-again/tutorials/v3.0.0/reaction_characterization/3_refine_rxn_path/multi_modal_refinement...
Jobs will be run using 'sge' scheduler and 'apptainer' containers.
Max active jobs allowed: 100
Synchronizing conformer data across identical chemical species...
Performing pre-flight checks to skip already characterized reactions...
   * [2107297.9154397324] 	Task 'hl_refine.reactant_optimization' is still running. Come back later...
   * [2107297.9154397324] 	Task 'hl_refine.product_optimization' is still running. Come back later...
   * [2107297.9154397324] 	Task 'hl_refine.transition_state_optimization' is still running. Come back later...
   * [2409865.289214986] 	Task 'hl_refine.product_optimization' finished running. Checking output...
   * [2409865.289214986] 	Task 'hl_refine.product_optimization' completed successfully.
   * [2409865.289214986] 	Task 'hl_refine.transition_state_optimization' is still running. Come back later...
   * [2409865.289214986] 	Task 'hl_refine2.product_optimization' prerequisites met. Marked as READY.
Current active jobs: 4 / 100
   [DEBUG] ---> Blocked! Identical species calculation already active.
   * [2409865.289214986] 	Submitting task 'hl_refine2.product_optimization'...
YARP progress tracking complete.
======================

[2026-06-10 22:27:34.465056] Run 17 of yarp_progress has been executed...
---*****---
Launching YARP job submitter: yarp-progress
======================
Processing YARP progress in /users/khubler/yarp-again/tutorials/v3.0.0/reaction_characterization/3_refine_rxn_path/multi_modal_refinement...
Jobs will be run using 'sge' scheduler and 'apptainer' containers.
Max active jobs allowed: 100
Synchronizing conformer data across identical chemical species...
Performing pre-flight checks to skip already characterized reactions...
   * [2107297.9154397324] 	Task 'hl_refine.reactant_optimization' is still running. Come back later...
   * [2107297.9154397324] 	Task 'hl_refine.product_optimization' finished running. Checking output...
   * [2107297.9154397324] 	Task 'hl_refine.product_optimization' completed successfully.
   * [2107297.9154397324] 	Task 'hl_refine.transition_state_optimization' is still running. Come back later...
   * [2409865.289214986] 	Task 'hl_refine.transition_state_optimization' is still running. Come back later...
   * [2409865.289214986] 	Task 'hl_refine2.product_optimization' is still running. Come back later...
   * [2107297.9154397324] 	Task 'hl_refine2.product_optimization' prerequisites met. Marked as READY.
Current active jobs: 4 / 100
   * [2107297.9154397324] 	Submitting task 'hl_refine2.product_optimization'...
   [DEBUG] ---> Blocked! Identical species calculation already active.
YARP progress tracking complete.
======================

[2026-06-10 22:28:39.111554] Run 18 of yarp_progress has been executed...
---*****---
Launching YARP job submitter: yarp-progress
======================
Processing YARP progress in /users/khubler/yarp-again/tutorials/v3.0.0/reaction_characterization/3_refine_rxn_path/multi_modal_refinement...
Jobs will be run using 'sge' scheduler and 'apptainer' containers.
Max active jobs allowed: 100
Synchronizing conformer data across identical chemical species...
Performing pre-flight checks to skip already characterized reactions...
   * [2107297.9154397324] 	Task 'hl_refine.reactant_optimization' is still running. Come back later...
   * [2107297.9154397324] 	Task 'hl_refine.transition_state_optimization' is still running. Come back later...
   * [2107297.9154397324] 	Task 'hl_refine2.product_optimization' is still running. Come back later...
   * [2409865.289214986] 	Task 'hl_refine.transition_state_optimization' is still running. Come back later...
   * [2409865.289214986] 	Task 'hl_refine2.product_optimization' is still running. Come back later...
Current active jobs: 5 / 100
   [DEBUG] ---> Blocked! Identical species calculation already active.
YARP progress tracking complete.
======================

[2026-06-10 22:29:42.535034] Run 19 of yarp_progress has been executed...
---*****---
Launching YARP job submitter: yarp-progress
======================
Processing YARP progress in /users/khubler/yarp-again/tutorials/v3.0.0/reaction_characterization/3_refine_rxn_path/multi_modal_refinement...
Jobs will be run using 'sge' scheduler and 'apptainer' containers.
Max active jobs allowed: 100
Synchronizing conformer data across identical chemical species...
Performing pre-flight checks to skip already characterized reactions...
   * [2107297.9154397324] 	Task 'hl_refine.reactant_optimization' is still running. Come back later...
   * [2107297.9154397324] 	Task 'hl_refine.transition_state_optimization' is still running. Come back later...
   * [2107297.9154397324] 	Task 'hl_refine2.product_optimization' is still running. Come back later...
   * [2409865.289214986] 	Task 'hl_refine.transition_state_optimization' is still running. Come back later...
   * [2409865.289214986] 	Task 'hl_refine2.product_optimization' is still running. Come back later...
Current active jobs: 5 / 100
   [DEBUG] ---> Blocked! Identical species calculation already active.
YARP progress tracking complete.
======================

[2026-06-10 22:30:45.777965] Run 20 of yarp_progress has been executed...
---*****---
Launching YARP job submitter: yarp-progress
======================
Processing YARP progress in /users/khubler/yarp-again/tutorials/v3.0.0/reaction_characterization/3_refine_rxn_path/multi_modal_refinement...
Jobs will be run using 'sge' scheduler and 'apptainer' containers.
Max active jobs allowed: 100
Synchronizing conformer data across identical chemical species...
Performing pre-flight checks to skip already characterized reactions...
   * [2107297.9154397324] 	Task 'hl_refine.reactant_optimization' is still running. Come back later...
   * [2107297.9154397324] 	Task 'hl_refine.transition_state_optimization' is still running. Come back later...
   * [2107297.9154397324] 	Task 'hl_refine2.product_optimization' is still running. Come back later...
   * [2409865.289214986] 	Task 'hl_refine.transition_state_optimization' is still running. Come back later...
   * [2409865.289214986] 	Task 'hl_refine2.product_optimization' is still running. Come back later...
Current active jobs: 5 / 100
   [DEBUG] ---> Blocked! Identical species calculation already active.
YARP progress tracking complete.
======================

[2026-06-10 22:31:49.655258] Run 21 of yarp_progress has been executed...
---*****---
Launching YARP job submitter: yarp-progress
======================
Processing YARP progress in /users/khubler/yarp-again/tutorials/v3.0.0/reaction_characterization/3_refine_rxn_path/multi_modal_refinement...
Jobs will be run using 'sge' scheduler and 'apptainer' containers.
Max active jobs allowed: 100
Synchronizing conformer data across identical chemical species...
Performing pre-flight checks to skip already characterized reactions...
   * [2107297.9154397324] 	Task 'hl_refine.reactant_optimization' is still running. Come back later...
   * [2107297.9154397324] 	Task 'hl_refine.transition_state_optimization' is still running. Come back later...
   * [2107297.9154397324] 	Task 'hl_refine2.product_optimization' is still running. Come back later...
   * [2409865.289214986] 	Task 'hl_refine.transition_state_optimization' finished running. Checking output...
   * [2409865.289214986] 	Task 'hl_refine.transition_state_optimization' completed successfully.
   * [2409865.289214986] 	Task 'hl_refine2.product_optimization' is still running. Come back later...
Current active jobs: 4 / 100
   [DEBUG] ---> Blocked! Identical species calculation already active.
YARP progress tracking complete.
======================

[2026-06-10 22:32:53.701146] Run 22 of yarp_progress has been executed...
---*****---
Launching YARP job submitter: yarp-progress
======================
Processing YARP progress in /users/khubler/yarp-again/tutorials/v3.0.0/reaction_characterization/3_refine_rxn_path/multi_modal_refinement...
Jobs will be run using 'sge' scheduler and 'apptainer' containers.
Max active jobs allowed: 100
Synchronizing conformer data across identical chemical species...
Performing pre-flight checks to skip already characterized reactions...
   * [2107297.9154397324] 	Task 'hl_refine.reactant_optimization' is still running. Come back later...
   * [2107297.9154397324] 	Task 'hl_refine.transition_state_optimization' is still running. Come back later...
   * [2107297.9154397324] 	Task 'hl_refine2.product_optimization' is still running. Come back later...
   * [2409865.289214986] 	Task 'hl_refine2.product_optimization' is still running. Come back later...
Current active jobs: 4 / 100
   [DEBUG] ---> Blocked! Identical species calculation already active.
YARP progress tracking complete.
======================

[2026-06-10 22:33:57.097154] Run 23 of yarp_progress has been executed...
---*****---
Launching YARP job submitter: yarp-progress
======================
Processing YARP progress in /users/khubler/yarp-again/tutorials/v3.0.0/reaction_characterization/3_refine_rxn_path/multi_modal_refinement...
Jobs will be run using 'sge' scheduler and 'apptainer' containers.
Max active jobs allowed: 100
Synchronizing conformer data across identical chemical species...
Performing pre-flight checks to skip already characterized reactions...
   * [2107297.9154397324] 	Task 'hl_refine.reactant_optimization' is still running. Come back later...
   * [2107297.9154397324] 	Task 'hl_refine.transition_state_optimization' is still running. Come back later...
   * [2107297.9154397324] 	Task 'hl_refine2.product_optimization' is still running. Come back later...
   * [2409865.289214986] 	Task 'hl_refine2.product_optimization' is still running. Come back later...
Current active jobs: 4 / 100
   [DEBUG] ---> Blocked! Identical species calculation already active.
YARP progress tracking complete.
======================

[2026-06-10 22:35:00.306419] Run 24 of yarp_progress has been executed...
---*****---
Launching YARP job submitter: yarp-progress
======================
Processing YARP progress in /users/khubler/yarp-again/tutorials/v3.0.0/reaction_characterization/3_refine_rxn_path/multi_modal_refinement...
Jobs will be run using 'sge' scheduler and 'apptainer' containers.
Max active jobs allowed: 100
Synchronizing conformer data across identical chemical species...
Performing pre-flight checks to skip already characterized reactions...
   * [2107297.9154397324] 	Task 'hl_refine.reactant_optimization' is still running. Come back later...
   * [2107297.9154397324] 	Task 'hl_refine.transition_state_optimization' is still running. Come back later...
   * [2107297.9154397324] 	Task 'hl_refine2.product_optimization' is still running. Come back later...
   * [2409865.289214986] 	Task 'hl_refine2.product_optimization' is still running. Come back later...
Current active jobs: 4 / 100
   [DEBUG] ---> Blocked! Identical species calculation already active.
YARP progress tracking complete.
======================

[2026-06-10 22:36:03.389087] Run 25 of yarp_progress has been executed...
---*****---
Launching YARP job submitter: yarp-progress
======================
Processing YARP progress in /users/khubler/yarp-again/tutorials/v3.0.0/reaction_characterization/3_refine_rxn_path/multi_modal_refinement...
Jobs will be run using 'sge' scheduler and 'apptainer' containers.
Max active jobs allowed: 100
Synchronizing conformer data across identical chemical species...
Performing pre-flight checks to skip already characterized reactions...
   * [2107297.9154397324] 	Task 'hl_refine.reactant_optimization' is still running. Come back later...
   * [2107297.9154397324] 	Task 'hl_refine.transition_state_optimization' is still running. Come back later...
   * [2107297.9154397324] 	Task 'hl_refine2.product_optimization' is still running. Come back later...
   * [2409865.289214986] 	Task 'hl_refine2.product_optimization' is still running. Come back later...
Current active jobs: 4 / 100
   [DEBUG] ---> Blocked! Identical species calculation already active.
YARP progress tracking complete.
======================

[2026-06-10 22:37:06.535473] Run 26 of yarp_progress has been executed...
---*****---
Launching YARP job submitter: yarp-progress
======================
Processing YARP progress in /users/khubler/yarp-again/tutorials/v3.0.0/reaction_characterization/3_refine_rxn_path/multi_modal_refinement...
Jobs will be run using 'sge' scheduler and 'apptainer' containers.
Max active jobs allowed: 100
Synchronizing conformer data across identical chemical species...
Performing pre-flight checks to skip already characterized reactions...
   * [2107297.9154397324] 	Task 'hl_refine.reactant_optimization' is still running. Come back later...
   * [2107297.9154397324] 	Task 'hl_refine.transition_state_optimization' is still running. Come back later...
   * [2107297.9154397324] 	Task 'hl_refine2.product_optimization' is still running. Come back later...
   * [2409865.289214986] 	Task 'hl_refine2.product_optimization' is still running. Come back later...
Current active jobs: 4 / 100
   [DEBUG] ---> Blocked! Identical species calculation already active.
YARP progress tracking complete.
======================

[2026-06-10 22:38:10.019397] Run 27 of yarp_progress has been executed...
---*****---
Launching YARP job submitter: yarp-progress
======================
Processing YARP progress in /users/khubler/yarp-again/tutorials/v3.0.0/reaction_characterization/3_refine_rxn_path/multi_modal_refinement...
Jobs will be run using 'sge' scheduler and 'apptainer' containers.
Max active jobs allowed: 100
Synchronizing conformer data across identical chemical species...
Performing pre-flight checks to skip already characterized reactions...
   * [2107297.9154397324] 	Task 'hl_refine.reactant_optimization' is still running. Come back later...
   * [2107297.9154397324] 	Task 'hl_refine.transition_state_optimization' is still running. Come back later...
   * [2107297.9154397324] 	Task 'hl_refine2.product_optimization' is still running. Come back later...
   * [2409865.289214986] 	Task 'hl_refine2.product_optimization' is still running. Come back later...
Current active jobs: 4 / 100
   [DEBUG] ---> Blocked! Identical species calculation already active.
YARP progress tracking complete.
======================

[2026-06-10 22:39:13.237855] Run 28 of yarp_progress has been executed...
---*****---
Launching YARP job submitter: yarp-progress
======================
Processing YARP progress in /users/khubler/yarp-again/tutorials/v3.0.0/reaction_characterization/3_refine_rxn_path/multi_modal_refinement...
Jobs will be run using 'sge' scheduler and 'apptainer' containers.
Max active jobs allowed: 100
Synchronizing conformer data across identical chemical species...
Performing pre-flight checks to skip already characterized reactions...
   * [2107297.9154397324] 	Task 'hl_refine.reactant_optimization' is still running. Come back later...
   * [2107297.9154397324] 	Task 'hl_refine.transition_state_optimization' is still running. Come back later...
   * [2107297.9154397324] 	Task 'hl_refine2.product_optimization' is still running. Come back later...
   * [2409865.289214986] 	Task 'hl_refine2.product_optimization' is still running. Come back later...
Current active jobs: 4 / 100
   [DEBUG] ---> Blocked! Identical species calculation already active.
YARP progress tracking complete.
======================

[2026-06-10 22:40:16.458054] Run 29 of yarp_progress has been executed...
---*****---
Launching YARP job submitter: yarp-progress
======================
Processing YARP progress in /users/khubler/yarp-again/tutorials/v3.0.0/reaction_characterization/3_refine_rxn_path/multi_modal_refinement...
Jobs will be run using 'sge' scheduler and 'apptainer' containers.
Max active jobs allowed: 100
Synchronizing conformer data across identical chemical species...
Performing pre-flight checks to skip already characterized reactions...
   * [2107297.9154397324] 	Task 'hl_refine.reactant_optimization' is still running. Come back later...
   * [2107297.9154397324] 	Task 'hl_refine.transition_state_optimization' is still running. Come back later...
   * [2107297.9154397324] 	Task 'hl_refine2.product_optimization' is still running. Come back later...
   * [2409865.289214986] 	Task 'hl_refine2.product_optimization' is still running. Come back later...
Current active jobs: 4 / 100
   [DEBUG] ---> Blocked! Identical species calculation already active.
YARP progress tracking complete.
======================

[2026-06-10 22:41:20.178668] Run 30 of yarp_progress has been executed...
---*****---
Launching YARP job submitter: yarp-progress
======================
Processing YARP progress in /users/khubler/yarp-again/tutorials/v3.0.0/reaction_characterization/3_refine_rxn_path/multi_modal_refinement...
Jobs will be run using 'sge' scheduler and 'apptainer' containers.
Max active jobs allowed: 100
Synchronizing conformer data across identical chemical species...
Performing pre-flight checks to skip already characterized reactions...
   * [2107297.9154397324] 	Task 'hl_refine.reactant_optimization' is still running. Come back later...
   * [2107297.9154397324] 	Task 'hl_refine.transition_state_optimization' is still running. Come back later...
   * [2107297.9154397324] 	Task 'hl_refine2.product_optimization' is still running. Come back later...
   * [2409865.289214986] 	Task 'hl_refine2.product_optimization' is still running. Come back later...
Current active jobs: 4 / 100
   [DEBUG] ---> Blocked! Identical species calculation already active.
YARP progress tracking complete.
======================

[2026-06-10 22:42:23.353272] Run 31 of yarp_progress has been executed...
---*****---
Launching YARP job submitter: yarp-progress
======================
Processing YARP progress in /users/khubler/yarp-again/tutorials/v3.0.0/reaction_characterization/3_refine_rxn_path/multi_modal_refinement...
Jobs will be run using 'sge' scheduler and 'apptainer' containers.
Max active jobs allowed: 100
Synchronizing conformer data across identical chemical species...
Performing pre-flight checks to skip already characterized reactions...
   * [2107297.9154397324] 	Task 'hl_refine.reactant_optimization' is still running. Come back later...
   * [2107297.9154397324] 	Task 'hl_refine.transition_state_optimization' is still running. Come back later...
   * [2107297.9154397324] 	Task 'hl_refine2.product_optimization' is still running. Come back later...
   * [2409865.289214986] 	Task 'hl_refine2.product_optimization' is still running. Come back later...
Current active jobs: 4 / 100
   [DEBUG] ---> Blocked! Identical species calculation already active.
YARP progress tracking complete.
======================

[2026-06-10 22:43:26.681951] Run 32 of yarp_progress has been executed...
---*****---
Launching YARP job submitter: yarp-progress
======================
Processing YARP progress in /users/khubler/yarp-again/tutorials/v3.0.0/reaction_characterization/3_refine_rxn_path/multi_modal_refinement...
Jobs will be run using 'sge' scheduler and 'apptainer' containers.
Max active jobs allowed: 100
Synchronizing conformer data across identical chemical species...
Performing pre-flight checks to skip already characterized reactions...
   * [2107297.9154397324] 	Task 'hl_refine.reactant_optimization' is still running. Come back later...
   * [2107297.9154397324] 	Task 'hl_refine.transition_state_optimization' is still running. Come back later...
   * [2107297.9154397324] 	Task 'hl_refine2.product_optimization' is still running. Come back later...
   * [2409865.289214986] 	Task 'hl_refine2.product_optimization' is still running. Come back later...
Current active jobs: 4 / 100
   [DEBUG] ---> Blocked! Identical species calculation already active.
YARP progress tracking complete.
======================

[2026-06-10 22:44:29.718169] Run 33 of yarp_progress has been executed...
---*****---
Launching YARP job submitter: yarp-progress
======================
Processing YARP progress in /users/khubler/yarp-again/tutorials/v3.0.0/reaction_characterization/3_refine_rxn_path/multi_modal_refinement...
Jobs will be run using 'sge' scheduler and 'apptainer' containers.
Max active jobs allowed: 100
Synchronizing conformer data across identical chemical species...
Performing pre-flight checks to skip already characterized reactions...
   * [2107297.9154397324] 	Task 'hl_refine.reactant_optimization' is still running. Come back later...
   * [2107297.9154397324] 	Task 'hl_refine.transition_state_optimization' is still running. Come back later...
   * [2107297.9154397324] 	Task 'hl_refine2.product_optimization' is still running. Come back later...
   * [2409865.289214986] 	Task 'hl_refine2.product_optimization' is still running. Come back later...
Current active jobs: 4 / 100
   [DEBUG] ---> Blocked! Identical species calculation already active.
YARP progress tracking complete.
======================

[2026-06-10 22:45:33.317085] Run 34 of yarp_progress has been executed...
---*****---
Launching YARP job submitter: yarp-progress
======================
Processing YARP progress in /users/khubler/yarp-again/tutorials/v3.0.0/reaction_characterization/3_refine_rxn_path/multi_modal_refinement...
Jobs will be run using 'sge' scheduler and 'apptainer' containers.
Max active jobs allowed: 100
Synchronizing conformer data across identical chemical species...
Performing pre-flight checks to skip already characterized reactions...
   * [2107297.9154397324] 	Task 'hl_refine.reactant_optimization' is still running. Come back later...
   * [2107297.9154397324] 	Task 'hl_refine.transition_state_optimization' is still running. Come back later...
   * [2107297.9154397324] 	Task 'hl_refine2.product_optimization' is still running. Come back later...
   * [2409865.289214986] 	Task 'hl_refine2.product_optimization' is still running. Come back later...
Current active jobs: 4 / 100
   [DEBUG] ---> Blocked! Identical species calculation already active.
YARP progress tracking complete.
======================

[2026-06-10 22:46:36.660236] Run 35 of yarp_progress has been executed...
---*****---
Launching YARP job submitter: yarp-progress
======================
Processing YARP progress in /users/khubler/yarp-again/tutorials/v3.0.0/reaction_characterization/3_refine_rxn_path/multi_modal_refinement...
Jobs will be run using 'sge' scheduler and 'apptainer' containers.
Max active jobs allowed: 100
Synchronizing conformer data across identical chemical species...
Performing pre-flight checks to skip already characterized reactions...
   * [2107297.9154397324] 	Task 'hl_refine.reactant_optimization' is still running. Come back later...
   * [2107297.9154397324] 	Task 'hl_refine.transition_state_optimization' is still running. Come back later...
   * [2107297.9154397324] 	Task 'hl_refine2.product_optimization' is still running. Come back later...
   * [2409865.289214986] 	Task 'hl_refine2.product_optimization' is still running. Come back later...
Current active jobs: 4 / 100
   [DEBUG] ---> Blocked! Identical species calculation already active.
YARP progress tracking complete.
======================

[2026-06-10 22:47:39.780287] Run 36 of yarp_progress has been executed...
---*****---
Launching YARP job submitter: yarp-progress
======================
Processing YARP progress in /users/khubler/yarp-again/tutorials/v3.0.0/reaction_characterization/3_refine_rxn_path/multi_modal_refinement...
Jobs will be run using 'sge' scheduler and 'apptainer' containers.
Max active jobs allowed: 100
Synchronizing conformer data across identical chemical species...
Performing pre-flight checks to skip already characterized reactions...
   * [2107297.9154397324] 	Task 'hl_refine.reactant_optimization' is still running. Come back later...
   * [2107297.9154397324] 	Task 'hl_refine.transition_state_optimization' is still running. Come back later...
   * [2107297.9154397324] 	Task 'hl_refine2.product_optimization' is still running. Come back later...
   * [2409865.289214986] 	Task 'hl_refine2.product_optimization' is still running. Come back later...
Current active jobs: 4 / 100
   [DEBUG] ---> Blocked! Identical species calculation already active.
YARP progress tracking complete.
======================

[2026-06-10 22:48:42.975457] Run 37 of yarp_progress has been executed...
---*****---
Launching YARP job submitter: yarp-progress
======================
Processing YARP progress in /users/khubler/yarp-again/tutorials/v3.0.0/reaction_characterization/3_refine_rxn_path/multi_modal_refinement...
Jobs will be run using 'sge' scheduler and 'apptainer' containers.
Max active jobs allowed: 100
Synchronizing conformer data across identical chemical species...
Performing pre-flight checks to skip already characterized reactions...
   * [2107297.9154397324] 	Task 'hl_refine.reactant_optimization' is still running. Come back later...
   * [2107297.9154397324] 	Task 'hl_refine.transition_state_optimization' is still running. Come back later...
   * [2107297.9154397324] 	Task 'hl_refine2.product_optimization' is still running. Come back later...
   * [2409865.289214986] 	Task 'hl_refine2.product_optimization' is still running. Come back later...
Current active jobs: 4 / 100
   [DEBUG] ---> Blocked! Identical species calculation already active.
YARP progress tracking complete.
======================

[2026-06-10 22:49:46.068868] Run 38 of yarp_progress has been executed...
---*****---
Launching YARP job submitter: yarp-progress
======================
Processing YARP progress in /users/khubler/yarp-again/tutorials/v3.0.0/reaction_characterization/3_refine_rxn_path/multi_modal_refinement...
Jobs will be run using 'sge' scheduler and 'apptainer' containers.
Max active jobs allowed: 100
Synchronizing conformer data across identical chemical species...
Performing pre-flight checks to skip already characterized reactions...
   * [2107297.9154397324] 	Task 'hl_refine.reactant_optimization' is still running. Come back later...
   * [2107297.9154397324] 	Task 'hl_refine.transition_state_optimization' finished running. Checking output...
   * [2107297.9154397324] 	Task 'hl_refine.transition_state_optimization' completed successfully.
   * [2107297.9154397324] 	Task 'hl_refine2.product_optimization' is still running. Come back later...
   * [2409865.289214986] 	Task 'hl_refine2.product_optimization' is still running. Come back later...
Current active jobs: 3 / 100
   [DEBUG] ---> Blocked! Identical species calculation already active.
YARP progress tracking complete.
======================

[2026-06-10 22:50:53.938942] Run 39 of yarp_progress has been executed...
---*****---
Launching YARP job submitter: yarp-progress
======================
Processing YARP progress in /users/khubler/yarp-again/tutorials/v3.0.0/reaction_characterization/3_refine_rxn_path/multi_modal_refinement...
Jobs will be run using 'sge' scheduler and 'apptainer' containers.
Max active jobs allowed: 100
Synchronizing conformer data across identical chemical species...
Performing pre-flight checks to skip already characterized reactions...
   * [2107297.9154397324] 	Task 'hl_refine.reactant_optimization' is still running. Come back later...
   * [2107297.9154397324] 	Task 'hl_refine2.product_optimization' is still running. Come back later...
   * [2409865.289214986] 	Task 'hl_refine2.product_optimization' is still running. Come back later...
Current active jobs: 3 / 100
   [DEBUG] ---> Blocked! Identical species calculation already active.
YARP progress tracking complete.
======================

[2026-06-10 22:51:57.078608] Run 40 of yarp_progress has been executed...
---*****---
Launching YARP job submitter: yarp-progress
======================
Processing YARP progress in /users/khubler/yarp-again/tutorials/v3.0.0/reaction_characterization/3_refine_rxn_path/multi_modal_refinement...
Jobs will be run using 'sge' scheduler and 'apptainer' containers.
Max active jobs allowed: 100
Synchronizing conformer data across identical chemical species...
Performing pre-flight checks to skip already characterized reactions...
   * [2107297.9154397324] 	Task 'hl_refine.reactant_optimization' is still running. Come back later...
   * [2107297.9154397324] 	Task 'hl_refine2.product_optimization' finished running. Checking output...
   * [2107297.9154397324] 	Task 'hl_refine2.product_optimization' completed successfully.
   * [2409865.289214986] 	Task 'hl_refine2.product_optimization' is still running. Come back later...
Current active jobs: 2 / 100
   [DEBUG] ---> Blocked! Identical species calculation already active.
YARP progress tracking complete.
======================

[2026-06-10 22:53:00.300048] Run 41 of yarp_progress has been executed...
---*****---
Launching YARP job submitter: yarp-progress
======================
Processing YARP progress in /users/khubler/yarp-again/tutorials/v3.0.0/reaction_characterization/3_refine_rxn_path/multi_modal_refinement...
Jobs will be run using 'sge' scheduler and 'apptainer' containers.
Max active jobs allowed: 100
Synchronizing conformer data across identical chemical species...
Performing pre-flight checks to skip already characterized reactions...
   * [2107297.9154397324] 	Task 'hl_refine.reactant_optimization' is still running. Come back later...
   * [2409865.289214986] 	Task 'hl_refine2.product_optimization' is still running. Come back later...
Current active jobs: 2 / 100
   [DEBUG] ---> Blocked! Identical species calculation already active.
YARP progress tracking complete.
======================

[2026-06-10 22:54:03.716144] Run 42 of yarp_progress has been executed...
---*****---
Launching YARP job submitter: yarp-progress
======================
Processing YARP progress in /users/khubler/yarp-again/tutorials/v3.0.0/reaction_characterization/3_refine_rxn_path/multi_modal_refinement...
Jobs will be run using 'sge' scheduler and 'apptainer' containers.
Max active jobs allowed: 100
Synchronizing conformer data across identical chemical species...
Performing pre-flight checks to skip already characterized reactions...
   * [2107297.9154397324] 	Task 'hl_refine.reactant_optimization' is still running. Come back later...
   * [2409865.289214986] 	Task 'hl_refine2.product_optimization' is still running. Come back later...
Current active jobs: 2 / 100
   [DEBUG] ---> Blocked! Identical species calculation already active.
YARP progress tracking complete.
======================

[2026-06-10 22:55:06.805276] Run 43 of yarp_progress has been executed...
---*****---
Launching YARP job submitter: yarp-progress
======================
Processing YARP progress in /users/khubler/yarp-again/tutorials/v3.0.0/reaction_characterization/3_refine_rxn_path/multi_modal_refinement...
Jobs will be run using 'sge' scheduler and 'apptainer' containers.
Max active jobs allowed: 100
Synchronizing conformer data across identical chemical species...
Performing pre-flight checks to skip already characterized reactions...
   * [2107297.9154397324] 	Task 'hl_refine.reactant_optimization' is still running. Come back later...
   * [2409865.289214986] 	Task 'hl_refine2.product_optimization' is still running. Come back later...
Current active jobs: 2 / 100
   [DEBUG] ---> Blocked! Identical species calculation already active.
YARP progress tracking complete.
======================

[2026-06-10 22:56:09.560144] Run 44 of yarp_progress has been executed...
---*****---
Launching YARP job submitter: yarp-progress
======================
Processing YARP progress in /users/khubler/yarp-again/tutorials/v3.0.0/reaction_characterization/3_refine_rxn_path/multi_modal_refinement...
Jobs will be run using 'sge' scheduler and 'apptainer' containers.
Max active jobs allowed: 100
Synchronizing conformer data across identical chemical species...
Performing pre-flight checks to skip already characterized reactions...
   * [2107297.9154397324] 	Task 'hl_refine.reactant_optimization' is still running. Come back later...
   * [2409865.289214986] 	Task 'hl_refine2.product_optimization' is still running. Come back later...
Current active jobs: 2 / 100
   [DEBUG] ---> Blocked! Identical species calculation already active.
YARP progress tracking complete.
======================

[2026-06-10 22:57:13.212701] Run 45 of yarp_progress has been executed...
---*****---
Launching YARP job submitter: yarp-progress
======================
Processing YARP progress in /users/khubler/yarp-again/tutorials/v3.0.0/reaction_characterization/3_refine_rxn_path/multi_modal_refinement...
Jobs will be run using 'sge' scheduler and 'apptainer' containers.
Max active jobs allowed: 100
Synchronizing conformer data across identical chemical species...
Performing pre-flight checks to skip already characterized reactions...
   * [2107297.9154397324] 	Task 'hl_refine.reactant_optimization' is still running. Come back later...
   * [2409865.289214986] 	Task 'hl_refine2.product_optimization' is still running. Come back later...
Current active jobs: 2 / 100
   [DEBUG] ---> Blocked! Identical species calculation already active.
YARP progress tracking complete.
======================

[2026-06-10 22:58:16.603675] Run 46 of yarp_progress has been executed...
---*****---
Launching YARP job submitter: yarp-progress
======================
Processing YARP progress in /users/khubler/yarp-again/tutorials/v3.0.0/reaction_characterization/3_refine_rxn_path/multi_modal_refinement...
Jobs will be run using 'sge' scheduler and 'apptainer' containers.
Max active jobs allowed: 100
Synchronizing conformer data across identical chemical species...
Performing pre-flight checks to skip already characterized reactions...
   * [2107297.9154397324] 	Task 'hl_refine.reactant_optimization' is still running. Come back later...
   * [2409865.289214986] 	Task 'hl_refine2.product_optimization' is still running. Come back later...
Current active jobs: 2 / 100
   [DEBUG] ---> Blocked! Identical species calculation already active.
YARP progress tracking complete.
======================

[2026-06-10 22:59:19.908452] Run 47 of yarp_progress has been executed...
---*****---
Launching YARP job submitter: yarp-progress
======================
Processing YARP progress in /users/khubler/yarp-again/tutorials/v3.0.0/reaction_characterization/3_refine_rxn_path/multi_modal_refinement...
Jobs will be run using 'sge' scheduler and 'apptainer' containers.
Max active jobs allowed: 100
Synchronizing conformer data across identical chemical species...
Performing pre-flight checks to skip already characterized reactions...
   * [2107297.9154397324] 	Task 'hl_refine.reactant_optimization' is still running. Come back later...
   * [2409865.289214986] 	Task 'hl_refine2.product_optimization' is still running. Come back later...
Current active jobs: 2 / 100
   [DEBUG] ---> Blocked! Identical species calculation already active.
YARP progress tracking complete.
======================

[2026-06-10 23:00:23.718925] Run 48 of yarp_progress has been executed...
---*****---
Launching YARP job submitter: yarp-progress
======================
Processing YARP progress in /users/khubler/yarp-again/tutorials/v3.0.0/reaction_characterization/3_refine_rxn_path/multi_modal_refinement...
Jobs will be run using 'sge' scheduler and 'apptainer' containers.
Max active jobs allowed: 100
Synchronizing conformer data across identical chemical species...
Performing pre-flight checks to skip already characterized reactions...
   * [2107297.9154397324] 	Task 'hl_refine.reactant_optimization' is still running. Come back later...
   * [2409865.289214986] 	Task 'hl_refine2.product_optimization' is still running. Come back later...
Current active jobs: 2 / 100
   [DEBUG] ---> Blocked! Identical species calculation already active.
YARP progress tracking complete.
======================

[2026-06-10 23:01:26.802338] Run 49 of yarp_progress has been executed...
---*****---
Launching YARP job submitter: yarp-progress
======================
Processing YARP progress in /users/khubler/yarp-again/tutorials/v3.0.0/reaction_characterization/3_refine_rxn_path/multi_modal_refinement...
Jobs will be run using 'sge' scheduler and 'apptainer' containers.
Max active jobs allowed: 100
Synchronizing conformer data across identical chemical species...
Performing pre-flight checks to skip already characterized reactions...
   * [2107297.9154397324] 	Task 'hl_refine.reactant_optimization' is still running. Come back later...
   * [2409865.289214986] 	Task 'hl_refine2.product_optimization' is still running. Come back later...
Current active jobs: 2 / 100
   [DEBUG] ---> Blocked! Identical species calculation already active.
YARP progress tracking complete.
======================

[2026-06-10 23:02:30.427309] Run 50 of yarp_progress has been executed...
---*****---
Launching YARP job submitter: yarp-progress
======================
Processing YARP progress in /users/khubler/yarp-again/tutorials/v3.0.0/reaction_characterization/3_refine_rxn_path/multi_modal_refinement...
Jobs will be run using 'sge' scheduler and 'apptainer' containers.
Max active jobs allowed: 100
Synchronizing conformer data across identical chemical species...
Performing pre-flight checks to skip already characterized reactions...
   * [2107297.9154397324] 	Task 'hl_refine.reactant_optimization' is still running. Come back later...
   * [2409865.289214986] 	Task 'hl_refine2.product_optimization' is still running. Come back later...
Current active jobs: 2 / 100
   [DEBUG] ---> Blocked! Identical species calculation already active.
YARP progress tracking complete.
======================

[2026-06-10 23:03:33.837562] Run 51 of yarp_progress has been executed...
---*****---
Launching YARP job submitter: yarp-progress
======================
Processing YARP progress in /users/khubler/yarp-again/tutorials/v3.0.0/reaction_characterization/3_refine_rxn_path/multi_modal_refinement...
Jobs will be run using 'sge' scheduler and 'apptainer' containers.
Max active jobs allowed: 100
Synchronizing conformer data across identical chemical species...
Performing pre-flight checks to skip already characterized reactions...
   * [2107297.9154397324] 	Task 'hl_refine.reactant_optimization' is still running. Come back later...
   * [2409865.289214986] 	Task 'hl_refine2.product_optimization' is still running. Come back later...
Current active jobs: 2 / 100
   [DEBUG] ---> Blocked! Identical species calculation already active.
YARP progress tracking complete.
======================

[2026-06-10 23:04:36.875454] Run 52 of yarp_progress has been executed...
---*****---
Launching YARP job submitter: yarp-progress
======================
Processing YARP progress in /users/khubler/yarp-again/tutorials/v3.0.0/reaction_characterization/3_refine_rxn_path/multi_modal_refinement...
Jobs will be run using 'sge' scheduler and 'apptainer' containers.
Max active jobs allowed: 100
Synchronizing conformer data across identical chemical species...
Performing pre-flight checks to skip already characterized reactions...
   * [2107297.9154397324] 	Task 'hl_refine.reactant_optimization' is still running. Come back later...
   * [2409865.289214986] 	Task 'hl_refine2.product_optimization' is still running. Come back later...
Current active jobs: 2 / 100
   [DEBUG] ---> Blocked! Identical species calculation already active.
YARP progress tracking complete.
======================

[2026-06-10 23:05:39.900636] Run 53 of yarp_progress has been executed...
---*****---
Launching YARP job submitter: yarp-progress
======================
Processing YARP progress in /users/khubler/yarp-again/tutorials/v3.0.0/reaction_characterization/3_refine_rxn_path/multi_modal_refinement...
Jobs will be run using 'sge' scheduler and 'apptainer' containers.
Max active jobs allowed: 100
Synchronizing conformer data across identical chemical species...
Performing pre-flight checks to skip already characterized reactions...
   * [2107297.9154397324] 	Task 'hl_refine.reactant_optimization' is still running. Come back later...
   * [2409865.289214986] 	Task 'hl_refine2.product_optimization' is still running. Come back later...
Current active jobs: 2 / 100
   [DEBUG] ---> Blocked! Identical species calculation already active.
YARP progress tracking complete.
======================

[2026-06-10 23:06:43.222939] Run 54 of yarp_progress has been executed...
---*****---
Launching YARP job submitter: yarp-progress
======================
Processing YARP progress in /users/khubler/yarp-again/tutorials/v3.0.0/reaction_characterization/3_refine_rxn_path/multi_modal_refinement...
Jobs will be run using 'sge' scheduler and 'apptainer' containers.
Max active jobs allowed: 100
Synchronizing conformer data across identical chemical species...
Performing pre-flight checks to skip already characterized reactions...
   * [2107297.9154397324] 	Task 'hl_refine.reactant_optimization' is still running. Come back later...
   * [2409865.289214986] 	Task 'hl_refine2.product_optimization' is still running. Come back later...
Current active jobs: 2 / 100
   [DEBUG] ---> Blocked! Identical species calculation already active.
YARP progress tracking complete.
======================

[2026-06-10 23:07:46.728941] Run 55 of yarp_progress has been executed...
---*****---
Launching YARP job submitter: yarp-progress
======================
Processing YARP progress in /users/khubler/yarp-again/tutorials/v3.0.0/reaction_characterization/3_refine_rxn_path/multi_modal_refinement...
Jobs will be run using 'sge' scheduler and 'apptainer' containers.
Max active jobs allowed: 100
Synchronizing conformer data across identical chemical species...
Performing pre-flight checks to skip already characterized reactions...
   * [2107297.9154397324] 	Task 'hl_refine.reactant_optimization' is still running. Come back later...
   * [2409865.289214986] 	Task 'hl_refine2.product_optimization' is still running. Come back later...
Current active jobs: 2 / 100
   [DEBUG] ---> Blocked! Identical species calculation already active.
YARP progress tracking complete.
======================

[2026-06-10 23:08:49.707068] Run 56 of yarp_progress has been executed...
---*****---
Launching YARP job submitter: yarp-progress
======================
Processing YARP progress in /users/khubler/yarp-again/tutorials/v3.0.0/reaction_characterization/3_refine_rxn_path/multi_modal_refinement...
Jobs will be run using 'sge' scheduler and 'apptainer' containers.
Max active jobs allowed: 100
Synchronizing conformer data across identical chemical species...
Performing pre-flight checks to skip already characterized reactions...
   * [2107297.9154397324] 	Task 'hl_refine.reactant_optimization' is still running. Come back later...
   * [2409865.289214986] 	Task 'hl_refine2.product_optimization' is still running. Come back later...
Current active jobs: 2 / 100
   [DEBUG] ---> Blocked! Identical species calculation already active.
YARP progress tracking complete.
======================

[2026-06-10 23:09:52.817628] Run 57 of yarp_progress has been executed...
---*****---
Launching YARP job submitter: yarp-progress
======================
Processing YARP progress in /users/khubler/yarp-again/tutorials/v3.0.0/reaction_characterization/3_refine_rxn_path/multi_modal_refinement...
Jobs will be run using 'sge' scheduler and 'apptainer' containers.
Max active jobs allowed: 100
Synchronizing conformer data across identical chemical species...
Performing pre-flight checks to skip already characterized reactions...
   * [2107297.9154397324] 	Task 'hl_refine.reactant_optimization' finished running. Checking output...
     * Run failed: Did not find successful termination message in output.
   * [2107297.9154397324] 	Task 'hl_refine.reactant_optimization' failed output validation.
   * [2409865.289214986] 	Task 'hl_refine2.product_optimization' is still running. Come back later...
Current active jobs: 1 / 100
   [DEBUG] ---> Blocked! Identical species calculation already active.
YARP progress tracking complete.
======================

[2026-06-10 23:10:56.000123] Run 58 of yarp_progress has been executed...
---*****---
Launching YARP job submitter: yarp-progress
======================
Processing YARP progress in /users/khubler/yarp-again/tutorials/v3.0.0/reaction_characterization/3_refine_rxn_path/multi_modal_refinement...
Jobs will be run using 'sge' scheduler and 'apptainer' containers.
Max active jobs allowed: 100
Synchronizing conformer data across identical chemical species...
Performing pre-flight checks to skip already characterized reactions...
   * [2409865.289214986] 	Task 'hl_refine2.product_optimization' is still running. Come back later...
Current active jobs: 1 / 100
   * [2409865.289214986] 	Submitting task 'hl_refine.reactant_optimization'...
YARP progress tracking complete.
======================

[2026-06-10 23:12:00.087981] Run 59 of yarp_progress has been executed...
---*****---
Launching YARP job submitter: yarp-progress
======================
Processing YARP progress in /users/khubler/yarp-again/tutorials/v3.0.0/reaction_characterization/3_refine_rxn_path/multi_modal_refinement...
Jobs will be run using 'sge' scheduler and 'apptainer' containers.
Max active jobs allowed: 100
Synchronizing conformer data across identical chemical species...
Performing pre-flight checks to skip already characterized reactions...
   * [2409865.289214986] 	Task 'hl_refine.reactant_optimization' is still running. Come back later...
   * [2409865.289214986] 	Task 'hl_refine2.product_optimization' is still running. Come back later...
Current active jobs: 2 / 100
YARP progress tracking complete.
======================

[2026-06-10 23:13:03.682839] Run 60 of yarp_progress has been executed...
---*****---
Launching YARP job submitter: yarp-progress
======================
Processing YARP progress in /users/khubler/yarp-again/tutorials/v3.0.0/reaction_characterization/3_refine_rxn_path/multi_modal_refinement...
Jobs will be run using 'sge' scheduler and 'apptainer' containers.
Max active jobs allowed: 100
Synchronizing conformer data across identical chemical species...
Performing pre-flight checks to skip already characterized reactions...
   * [2409865.289214986] 	Task 'hl_refine.reactant_optimization' is still running. Come back later...
   * [2409865.289214986] 	Task 'hl_refine2.product_optimization' is still running. Come back later...
Current active jobs: 2 / 100
YARP progress tracking complete.
======================

[2026-06-10 23:14:06.840117] Run 61 of yarp_progress has been executed...
---*****---
Launching YARP job submitter: yarp-progress
======================
Processing YARP progress in /users/khubler/yarp-again/tutorials/v3.0.0/reaction_characterization/3_refine_rxn_path/multi_modal_refinement...
Jobs will be run using 'sge' scheduler and 'apptainer' containers.
Max active jobs allowed: 100
Synchronizing conformer data across identical chemical species...
Performing pre-flight checks to skip already characterized reactions...
   * [2409865.289214986] 	Task 'hl_refine.reactant_optimization' is still running. Come back later...
   * [2409865.289214986] 	Task 'hl_refine2.product_optimization' is still running. Come back later...
Current active jobs: 2 / 100
YARP progress tracking complete.
======================

[2026-06-10 23:15:09.894585] Run 62 of yarp_progress has been executed...
---*****---
Launching YARP job submitter: yarp-progress
======================
Processing YARP progress in /users/khubler/yarp-again/tutorials/v3.0.0/reaction_characterization/3_refine_rxn_path/multi_modal_refinement...
Jobs will be run using 'sge' scheduler and 'apptainer' containers.
Max active jobs allowed: 100
Synchronizing conformer data across identical chemical species...
Performing pre-flight checks to skip already characterized reactions...
   * [2409865.289214986] 	Task 'hl_refine.reactant_optimization' is still running. Come back later...
   * [2409865.289214986] 	Task 'hl_refine2.product_optimization' finished running. Checking output...
   * [2409865.289214986] 	Task 'hl_refine2.product_optimization' completed successfully.
Current active jobs: 1 / 100
YARP progress tracking complete.
======================

[2026-06-10 23:16:13.126862] Run 63 of yarp_progress has been executed...
---*****---
Launching YARP job submitter: yarp-progress
======================
Processing YARP progress in /users/khubler/yarp-again/tutorials/v3.0.0/reaction_characterization/3_refine_rxn_path/multi_modal_refinement...
Jobs will be run using 'sge' scheduler and 'apptainer' containers.
Max active jobs allowed: 100
Synchronizing conformer data across identical chemical species...
Performing pre-flight checks to skip already characterized reactions...
   * [2409865.289214986] 	Task 'hl_refine.reactant_optimization' is still running. Come back later...
Current active jobs: 1 / 100
YARP progress tracking complete.
======================

[2026-06-10 23:17:16.094378] Run 64 of yarp_progress has been executed...
---*****---
Launching YARP job submitter: yarp-progress
======================
Processing YARP progress in /users/khubler/yarp-again/tutorials/v3.0.0/reaction_characterization/3_refine_rxn_path/multi_modal_refinement...
Jobs will be run using 'sge' scheduler and 'apptainer' containers.
Max active jobs allowed: 100
Synchronizing conformer data across identical chemical species...
Performing pre-flight checks to skip already characterized reactions...
   * [2409865.289214986] 	Task 'hl_refine.reactant_optimization' is still running. Come back later...
Current active jobs: 1 / 100
YARP progress tracking complete.
======================

[2026-06-10 23:18:19.015210] Run 65 of yarp_progress has been executed...
---*****---
Launching YARP job submitter: yarp-progress
======================
Processing YARP progress in /users/khubler/yarp-again/tutorials/v3.0.0/reaction_characterization/3_refine_rxn_path/multi_modal_refinement...
Jobs will be run using 'sge' scheduler and 'apptainer' containers.
Max active jobs allowed: 100
Synchronizing conformer data across identical chemical species...
Performing pre-flight checks to skip already characterized reactions...
   * [2409865.289214986] 	Task 'hl_refine.reactant_optimization' is still running. Come back later...
Current active jobs: 1 / 100
YARP progress tracking complete.
======================

[2026-06-10 23:19:23.553106] Run 66 of yarp_progress has been executed...
---*****---
Launching YARP job submitter: yarp-progress
======================
Processing YARP progress in /users/khubler/yarp-again/tutorials/v3.0.0/reaction_characterization/3_refine_rxn_path/multi_modal_refinement...
Jobs will be run using 'sge' scheduler and 'apptainer' containers.
Max active jobs allowed: 100
Synchronizing conformer data across identical chemical species...
Performing pre-flight checks to skip already characterized reactions...
   * [2409865.289214986] 	Task 'hl_refine.reactant_optimization' is still running. Come back later...
Current active jobs: 1 / 100
YARP progress tracking complete.
======================

[2026-06-10 23:20:26.419660] Run 67 of yarp_progress has been executed...
---*****---
Launching YARP job submitter: yarp-progress
======================
Processing YARP progress in /users/khubler/yarp-again/tutorials/v3.0.0/reaction_characterization/3_refine_rxn_path/multi_modal_refinement...
Jobs will be run using 'sge' scheduler and 'apptainer' containers.
Max active jobs allowed: 100
Synchronizing conformer data across identical chemical species...
Performing pre-flight checks to skip already characterized reactions...
   * [2409865.289214986] 	Task 'hl_refine.reactant_optimization' is still running. Come back later...
Current active jobs: 1 / 100
YARP progress tracking complete.
======================

[2026-06-10 23:21:29.191026] Run 68 of yarp_progress has been executed...
---*****---
Launching YARP job submitter: yarp-progress
======================
Processing YARP progress in /users/khubler/yarp-again/tutorials/v3.0.0/reaction_characterization/3_refine_rxn_path/multi_modal_refinement...
Jobs will be run using 'sge' scheduler and 'apptainer' containers.
Max active jobs allowed: 100
Synchronizing conformer data across identical chemical species...
Performing pre-flight checks to skip already characterized reactions...
   * [2409865.289214986] 	Task 'hl_refine.reactant_optimization' is still running. Come back later...
Current active jobs: 1 / 100
YARP progress tracking complete.
======================

[2026-06-10 23:22:32.116130] Run 69 of yarp_progress has been executed...
---*****---
