
       ==============================================
       |                                            |
       |                 C R E S T                  |
       |                                            |
       |  Conformer-Rotamer Ensemble Sampling Tool  |
       |          based on the GFN methods          |
       |             P.Pracht, S.Grimme             |
       |          Universitaet Bonn, MCTC           |
       ==============================================
       Version 2.12,   Thu 19. Mai 16:32:32 CEST 2022
  Using the xTB program. Compatible with xTB version 6.4.0

   Cite work conducted with this code as

   • P.Pracht, F.Bohle, S.Grimme, PCCP, 2020, 22, 7169-7192.
   • S.Grimme, JCTC, 2019, 15, 2847-2862.

   and for works involving QCG as

   • S.Spicher, C.Plett, P.Pracht, A.Hansen, S.Grimme,
     JCTC, 2022, 18 (5), 3174-3189.

   with help from:
   C.Bannwarth, F.Bohle, S.Ehlert, S.Grimme,
   C.Plett, P.Pracht, S.Spicher

   This program is distributed in the hope that it will be useful,
   but WITHOUT ANY WARRANTY; without even the implied warranty of
   MERCHANTABILITY or FITNESS FOR A PARTICULAR PURPOSE.

 Command line input:
 > /home/li1724/.conda/envs/2022.10-py39/Clone_Depot_YARP/bin/crest /scratch/negishi/li1724/Redo-Original-4-5/TEST-CREST-BrAr//conformer/crest_task_2/task_2.xyz -xname /home/li1724/.conda/envs/2022.10-py39/Clone_Depot_YARP/bin/xtb -opt vtight -chrg -1 -uhf 0 -gfn2 -nozs -T 48 -quick -rthr 0.1 -ewin 8 -cinp /scratch/negishi/li1724/Redo-Original-4-5/TEST-CREST-BrAr//conformer/crest_task_2/task_2.xcontrol

  -opt 2
  -chrg -1
  -uhf 0
  -gfn2 : Use of GFN2-xTB requested.
  -T 48 (CPUs/Threads selected)
  -rthr 0.1
  -ewin 8
  -cinp : /scratch/negishi/li1724/Redo-Original-4-5/TEST-CREST-BrAr//conformer/crest_task_2/task_2.xcontrol

 </scratch/negishi/li1724/Redo-Original-4-5/TEST-CREST-BrAr//conformer/crest_task_2/task_2.xcontrol> file present.
 content of the constraining file (sorted):
> $constrain
>   force constant=0.5
>   distance:38, 43, 2.0000
>   distance:32, 43, 2.7500
>   distance:37, 43, 2.7500
>   distance:43, 1, 3.5000
>   distance:43, 22, 3.5000
> $

 -------------------------
 xTB Geometry Optimization
 -------------------------
 Geometry successfully optimized.

------------------------------------------------
Generating MTD length from a flexibility measure
------------------------------------------------
 Calculating WBOs... done.
 Calculating NCI flexibility... done.
     covalent flexibility measure :   0.060
 non-covalent flexibility measure :   0.535
 flexibility measure :   0.096
 t(MTD) / ps    :     3.0
 Σ(t(MTD)) / ps :    18.0 (6 MTDs)

-------------------------------------
Starting a trial MTD to test settings
-------------------------------------
 Estimated runtime for one MTD (3.0 ps) on a single thread: 10 h 5 min 16 sec
 Estimated runtime for a batch of 6 MTDs on 48 threads: 1 h 15 min 39 sec

 list of Vbias parameters applied:
$metadyn    0.00200   1.200
$metadyn    0.00100   1.200
$metadyn    0.00200   0.600
$metadyn    0.00100   0.600
$metadyn    0.00200   0.300
$metadyn    0.00100   0.300

*******************************************************************************************
**                        N E W    I T E R A T I O N    C Y C L E                        **
*******************************************************************************************

========================================
            MTD Iteration  1
========================================

     ========================================
     |         Meta-MD (MTD) Sampling       |
     ========================================

Starting Meta-MD   1 with the settings:
     MD time /ps        :     3.0
     dt /fs             :     5.0
     dumpstep(trj) /fs  :     100
     dumpstep(Vbias)/ps :     1.0
     Vbias factor k /Eh :  0.1540
     Vbias exp α /bohr⁻²:    1.20
Starting Meta-MD   2 with the settings:
     MD time /ps        :     3.0
     dt /fs             :     5.0
     dumpstep(trj) /fs  :     100
     dumpstep(Vbias)/ps :     1.0
     Vbias factor k /Eh :  0.0770
     Vbias exp α /bohr⁻²:    1.20
Starting Meta-MD   3 with the settings:
     MD time /ps        :     3.0
     dt /fs             :     5.0
     dumpstep(trj) /fs  :     100
     dumpstep(Vbias)/ps :     1.0
     Vbias factor k /Eh :  0.1540
     Vbias exp α /bohr⁻²:    0.60
Starting Meta-MD   6 with the settings:
     MD time /ps        :     3.0
     dt /fs             :     5.0
     dumpstep(trj) /fs  :     100
     dumpstep(Vbias)/ps :     1.0
     Vbias factor k /Eh :  0.0770
     Vbias exp α /bohr⁻²:    0.30
Starting Meta-MD   5 with the settings:
     MD time /ps        :     3.0
     dt /fs             :     5.0
     dumpstep(trj) /fs  :     100
     dumpstep(Vbias)/ps :     1.0
     Vbias factor k /Eh :  0.1540
     Vbias exp α /bohr⁻²:    0.30
Starting Meta-MD   4 with the settings:
     MD time /ps        :     3.0
     dt /fs             :     5.0
     dumpstep(trj) /fs  :     100
     dumpstep(Vbias)/ps :     1.0
     Vbias factor k /Eh :  0.0770
     Vbias exp α /bohr⁻²:    0.60
*Meta-MTD 4 finished*
*Meta-MTD 3 finished*
*Meta-MTD 2 finished*
*Meta-MTD 5 finished*
*Meta-MTD 6 finished*
*Meta-MTD 1 finished*

-----------------------
Multilevel Optimization
-----------------------

 -------------------------
 1. crude pre-optimization
 -------------------------
 Optimizing all 174 structures from file "crest_rotamers_0.xyz" ...
 1 2 3 4 5 6 7 8 9 10 11 12 13 14 15 16 17 18 19 20 21 22 23 24 25 26 27 28 29 30 31 32 33 34 35 36 37 38 39 40 41 42 43 44 45 46 47 48 49 50 51 52 53 54 55 56 57 58 59 60 61 62 63 64 65 66 67 68 69 70 71 72 73 74 75 76 77 78 79 80 81 82 83 84 85 86 87 88 89 90 91 92 93 94 95 96 97 98 99 100 101 102 103 104 105 106 107 108 109 110 111 112 113 114 115 116 117 118 119 120 121 122 123 124 125 126 127 128 129 130 131 132 133 134 135 136 137 138 139 140 141 142 143 144 145 146 147 148 149 150 151 152 153 154 155 156 157 158 159 160 161 162 163 164 165 166 167 168 169 170 171 172 173 174
 done.
 running RMSDs...
 done.
 E lowest :  -121.76805
 159 structures remain within    16.00 kcal/mol window

 -------------------------------------
 2. optimization with tight thresholds
 -------------------------------------
 Optimizing all 160 structures from file "crest_rotamers_1.xyz" ...
 1 2 3 4 5 6 7 8 9 10 11 12 13 14 15 16 17 18 19 20 21 22 23 24 25 26 27 28 29 30 31 32 33 34 35 36 37 38 39 40 41 42 43 44 45 46 47 48 49 50 51 52 53 54 55 56 57 58 59 60 61 62 63 64 65 66 67 68 69 70 71 72 73 74 75 76 77 78 79 80 81 82 83 84 85 86 87 88 89 90 91 92 93 94 95 96 97 98 99 100 101 102 103 104 105 106 107 108 109 110 111 112 113 114 115 116 117 118 119 120 121 122 123 124 125 126 127 128 129 130 131 132 133 134 135 136 137 138 139 140 141 142 143 144 145 146 147 148 149 150 151 152 153 154 155 156 157 158 159 160
 done.
 running RMSDs...
 done.
 E lowest :  -121.77040
 34 structures remain within     8.00 kcal/mol window


========================================
            MTD Iteration  2
========================================

     ========================================
     |         Meta-MD (MTD) Sampling       |
     ========================================

Starting Meta-MD   1 with the settings:
     MD time /ps        :     3.0
     dt /fs             :     5.0
     dumpstep(trj) /fs  :     100
     dumpstep(Vbias)/ps :     1.0
     Vbias factor k /Eh :  0.1540
     Vbias exp α /bohr⁻²:    1.20
Starting Meta-MD   2 with the settings:
     MD time /ps        :     3.0
     dt /fs             :     5.0
     dumpstep(trj) /fs  :     100
     dumpstep(Vbias)/ps :     1.0
     Vbias factor k /Eh :  0.0770
     Vbias exp α /bohr⁻²:    1.20
Starting Meta-MD   4 with the settings:
     MD time /ps        :     3.0
     dt /fs             :     5.0
     dumpstep(trj) /fs  :     100
     dumpstep(Vbias)/ps :     1.0
     Vbias factor k /Eh :  0.0770
     Vbias exp α /bohr⁻²:    0.60
Starting Meta-MD   3 with the settings:
     MD time /ps        :     3.0
     dt /fs             :     5.0
     dumpstep(trj) /fs  :     100
     dumpstep(Vbias)/ps :     1.0
     Vbias factor k /Eh :  0.1540
     Vbias exp α /bohr⁻²:    0.60
*Meta-MTD 4 finished*
*Meta-MTD 1 finished*
*Meta-MTD 3 finished*
*Meta-MTD 2 finished*

-----------------------
Multilevel Optimization
-----------------------

 -------------------------
 1. crude pre-optimization
 -------------------------
 Optimizing all 116 structures from file "crest_rotamers_0.xyz" ...
 1 2 3 4 5 6 7 8 9 10 11 12 13 14 15 16 17 18 19 20 21 22 23 24 25 26 27 28 29 30 31 32 33 34 35 36 37 38 39 40 41 42 43 44 45 46 47 48 49 50 51 52 53 54 55 56 57 58 59 60 61 62 63 64 65 66 67 68 69 70 71 72 73 74 75 76 77 78 79 80 81 82 83 84 85 86 87 88 89 90 91 92 93 94 95 96 97 98 99 100 101 102 103 104 105 106 107 108 109 110 111 112 113 114 115 116
 done.
 running RMSDs...
 done.
 E lowest :  -121.77001
 110 structures remain within    16.00 kcal/mol window

 -------------------------------------
 2. optimization with tight thresholds
 -------------------------------------
 Optimizing all 111 structures from file "crest_rotamers_1.xyz" ...
 1 2 3 4 5 6 7 8 9 10 11 12 13 14 15 16 17 18 19 20 21 22 23 24 25 26 27 28 29 30 31 32 33 34 35 36 37 38 39 40 41 42 43 44 45 46 47 48 49 50 51 52 53 54 55 56 57 58 59 60 61 62 63 64 65 66 67 68 69 70 71 72 73 74 75 76 77 78 79 80 81 82 83 84 85 86 87 88 89 90 91 92 93 94 95 96 97 98 99 100 101 102 103 104 105 106 107 108 109 110 111
 done.
 running RMSDs...
 done.
 E lowest :  -121.77040
 11 structures remain within     8.00 kcal/mol window

========================================
            MTD Iterations done         
========================================
 Collecting ensmbles.
 running RMSDs...
 done.
 E lowest :  -121.77040
 44 structures remain within     8.00 kcal/mol window

-----------------------------------------------
Additional regular MDs on lowest 2 conformer(s)
-----------------------------------------------
Starting MD   1 with the settings:
     MD time /ps        :     1.5
     MD Temperature /K  :   400.0
     dt /fs             :     5.0
     dumpstep(trj) /fs  :     100
Starting MD   2 with the settings:
     MD time /ps        :     1.5
     MD Temperature /K  :   500.0
     dt /fs             :     5.0
     dumpstep(trj) /fs  :     100
Starting MD   4 with the settings:
     MD time /ps        :     1.5
     MD Temperature /K  :   500.0
     dt /fs             :     5.0
     dumpstep(trj) /fs  :     100
Starting MD   3 with the settings:
     MD time /ps        :     1.5
     MD Temperature /K  :   400.0
     dt /fs             :     5.0
     dumpstep(trj) /fs  :     100
*MD 1 finished*
*MD 3 finished*
*MD 4 finished*
*MD 2 finished*
 Appending file crest_rotamers_1.xyz with new structures

 -------------------------------------------
 Ensemble optimization with tight thresholds
 -------------------------------------------
 Optimizing all 100 structures from file "crest_rotamers_1.xyz" ...
 1 2 3 4 5 6 7 8 9 10 11 12 13 14 15 16 17 18 19 20 21 22 23 24 25 26 27 28 29 30 31 32 33 34 35 36 37 38 39 40 41 42 43 44 45 46 47 48 49 50 51 52 53 54 55 56 57 58 59 60 61 62 63 64 65 66 67 68 69 70 71 72 73 74 75 76 77 78 79 80 81 82 83 84 85 86 87 88 89 90 91 92 93 94 95 96 97 98 99 100
 done.
 running RMSDs...
 done.
 E lowest :  -121.77040
 44 structures remain within     8.00 kcal/mol window


     ========================================
     |        Structure Crossing (GC)       |
     ========================================
 =============================
  # threads =          48
 =============================
 input  file name : crest_rotamers_3.xyz
number of atoms                :    77
number of points on xyz files  :    44
conformer energy window  /kcal :    8.00
CN per atom difference cut-off :  0.3000
RMSD threshold                 :  0.2000
max. # of generated structures : 75
 reading xyz file ...
 # in E window                 44
 generating pairs ...         989
 number of clash discarded :         946
 No new structures from GC.
 running RMSDs...
 done.
 E lowest :  -121.77040


   ================================================
   |           Final Geometry Optimization        |
   ================================================
 -------------------------------------------
 Ensemble optimization with tight thresholds
 -------------------------------------------
 Optimizing all 44 structures from file "crest_rotamers_4.xyz" ...
 1 2 3 4 5 6 7 8 9 10 11 12 13 14 15 16 17 18 19 20 21 22 23 24 25 26 27 28 29 30 31 32 33 34 35 36 37 38 39 40 41 42 43 44
 done.
 running RMSDs...
 done.
 E lowest :  -121.77040
 44 structures remain within     8.00 kcal/mol window

 input  file name : crest_rotamers_5.xyz
 output file name : crest_rotamers_6.xyz
 number of atoms                :   77
 number of points on xyz files  :   44
 RMSD threshold                 :   0.1000
 Bconst threshold               :   0.0100
 population threshold           :   0.0500
 conformer energy window  /kcal :   8.0000
 # fragment in coord            :     2
 # bonds in reference structure :    84
 number of reliable points      :    44
 reference state Etot :  -121.77040058000000
 number of doubles removed by rot/RMSD         :           0
 total number unique points considered further :          44
       Erel/kcal        Etot weight/tot  conformer     set   degen     origin
       1   0.000  -121.77040    0.11312    0.45078       1       4     mtd1
       2   0.000  -121.77040    0.11309                                mtd1
       3   0.001  -121.77040    0.11300                                mtd4
       4   0.008  -121.77039    0.11158                                mtd5
       5   0.338  -121.76986    0.06398    0.19109       2       3     md3
       6   0.342  -121.76986    0.06357                                mtd3
       7   0.342  -121.76986    0.06354                                mtd3
       8   0.504  -121.76960    0.04835    0.04835       3       1     mtd5
       9   0.599  -121.76945    0.04122    0.04122       4       1     mtd5
      10   0.600  -121.76944    0.04109    0.04109       5       1     mtd5
      11   0.759  -121.76919    0.03143    0.09406       6       3     mtd1
      12   0.760  -121.76919    0.03140                                mtd1
      13   0.763  -121.76918    0.03123                                mtd1
      14   0.821  -121.76909    0.02831    0.02831       7       1     mtd6
      15   0.970  -121.76885    0.02203    0.04344       8       2     mtd2
      16   0.987  -121.76883    0.02140                                mtd2
      17   0.995  -121.76881    0.02112    0.04217       9       2     mtd4
      18   0.997  -121.76881    0.02105                                mtd5
      19   1.880  -121.76741    0.00475    0.00475      10       1     mtd6
      20   2.177  -121.76693    0.00288    0.00863      11       3     mtd2
      21   2.177  -121.76693    0.00288                                mtd2
      22   2.178  -121.76693    0.00287                                mtd1
      23   2.724  -121.76606    0.00114    0.00343      12       3     mtd3
      24   2.725  -121.76606    0.00114                                mtd3
      25   2.726  -121.76606    0.00114                                mtd3
      26   3.094  -121.76547    0.00061    0.00183      13       3     mtd1
      27   3.096  -121.76547    0.00061                                mtd1
      28   3.101  -121.76546    0.00061                                mtd1
      29   3.436  -121.76492    0.00034    0.00034      14       1     mtd2
      30   3.946  -121.76411    0.00015    0.00015      15       1     mtd6
      31   4.231  -121.76366    0.00009    0.00009      16       1     mtd6
      32   4.641  -121.76300    0.00005    0.00013      17       3     mtd3
      33   4.642  -121.76300    0.00005                                mtd5
      34   4.652  -121.76299    0.00004                                mtd3
      35   4.660  -121.76297    0.00004    0.00004      18       1     mtd2
      36   4.834  -121.76270    0.00003    0.00003      19       1     mtd6
      37   5.097  -121.76228    0.00002    0.00002      20       1     mtd6
      38   5.671  -121.76136    0.00001    0.00002      21       3     mtd2
      39   5.673  -121.76136    0.00001                                mtd1
      40   5.674  -121.76136    0.00001                                mtd1
      41   6.075  -121.76072    0.00000    0.00001      22       2     mtd6
      42   6.078  -121.76072    0.00000                                mtd6
      43   7.770  -121.75802    0.00000    0.00000      23       1     mtd4
      44   7.962  -121.75771    0.00000    0.00000      24       1     mtd4
T /K                                  :   298.15
E lowest                              :  -121.77040
ensemble average energy (kcal)        :    0.365
ensemble entropy (J/mol K, cal/mol K) :   23.242    5.555
ensemble free energy (kcal/mol)       :   -1.656
population of lowest in %             :   45.078
 number of unique conformers for further calc           24
 list of relative energies saved as "crest.energies"

 -----------------
 Wall Time Summary
 -----------------
             test MD wall time :         0h : 0m :25s
                 MTD wall time :         0h : 2m :30s
      multilevel OPT wall time :         0h : 3m : 3s
                  MD wall time :         0h : 1m : 0s
                  GC wall time :         0h : 0m : 0s
--------------------
Overall wall time  : 0h : 7m : 1s

 CREST terminated normally.
