Starting YARP loop. Running progress_yarp.py every 1 mins until 2026-06-10 22:45:23.767555
Launching YARP job submitter: yarp-progress
======================
Processing YARP progress in /users/khubler/yarp-again/tutorials/v3.0.0/reaction_characterization/3_refine_rxn_path/basic_functionality...
Jobs will be run using 'sge' scheduler and 'apptainer' containers.
Max active jobs allowed: 100
Synchronizing conformer data across identical chemical species...
Performing pre-flight checks to skip already characterized reactions...
Current active jobs: 0 / 100
 * Submitting global task 'egat.ml_predict'...
YARP progress tracking complete.
======================

[2026-06-10 21:45:28.255200] Run 1 of yarp_progress has been executed...
---*****---
Launching YARP job submitter: yarp-progress
======================
Processing YARP progress in /users/khubler/yarp-again/tutorials/v3.0.0/reaction_characterization/3_refine_rxn_path/basic_functionality...
Jobs will be run using 'sge' scheduler and 'apptainer' containers.
Max active jobs allowed: 100
Synchronizing conformer data across identical chemical species...
Performing pre-flight checks to skip already characterized reactions...
 * Global Task 'egat.ml_predict' finished successfully!
   * [2107297.9154397324] 	Task 'll_path.reactant_conformer' prerequisites met. Marked as READY.
   * [2107297.9154397324] 	Task 'll_path.product_conformer' prerequisites met. Marked as READY.
   * [2409865.289214986] 	Task 'll_path.reactant_conformer' prerequisites met. Marked as READY.
   * [2409865.289214986] 	Task 'll_path.product_conformer' prerequisites met. Marked as READY.
Current active jobs: 0 / 100
   * [2107297.9154397324] 	Submitting task 'll_path.reactant_conformer'...
   * [2107297.9154397324] 	Submitting task 'll_path.product_conformer'...
   [DEBUG] ---> Blocked! Identical species calculation already active.
   * [2409865.289214986] 	Submitting task 'll_path.product_conformer'...
YARP progress tracking complete.
======================

[2026-06-10 21:46:35.022610] Run 2 of yarp_progress has been executed...
---*****---
Launching YARP job submitter: yarp-progress
======================
Processing YARP progress in /users/khubler/yarp-again/tutorials/v3.0.0/reaction_characterization/3_refine_rxn_path/basic_functionality...
Jobs will be run using 'sge' scheduler and 'apptainer' containers.
Max active jobs allowed: 100
Synchronizing conformer data across identical chemical species...
Performing pre-flight checks to skip already characterized reactions...
   * [2107297.9154397324] 	Task 'll_path.reactant_conformer' finished running. Checking output...
   * [2107297.9154397324] 	Task 'll_path.reactant_conformer' completed successfully.
   * [2107297.9154397324] 	Task 'll_path.product_conformer' finished running. Checking output...
   * [2107297.9154397324] 	Task 'll_path.product_conformer' completed successfully.
   * [2409865.289214986] 	Task 'll_path.product_conformer' finished running. Checking output...
   * [2409865.289214986] 	Task 'll_path.product_conformer' completed successfully.
   * [2107297.9154397324] 	Task 'll_path.ts_guess' prerequisites met. Marked as READY.
   * [2107297.9154397324] 	Task 'll_refine.reactant_optimization' prerequisites met. Marked as READY.
   * [2107297.9154397324] 	Task 'll_refine.product_optimization' prerequisites met. Marked as READY.
   * [2409865.289214986] 	Task 'll_refine.product_optimization' prerequisites met. Marked as READY.
Current active jobs: 0 / 100
   * [2107297.9154397324] 	Submitting task 'll_path.ts_guess'...
     * [2107297.9154397324] Selecting 3 conformer pairs for GSM...
   * [2107297.9154397324] 	Submitting task 'll_refine.reactant_optimization'...
   * [2107297.9154397324] 	Submitting task 'll_refine.product_optimization'...
   [DEBUG] ---> Blocked! Identical species calculation already active.
   * [2409865.289214986] 	Submitting task 'll_refine.product_optimization'...
YARP progress tracking complete.
======================

[2026-06-10 21:47:44.177122] Run 3 of yarp_progress has been executed...
---*****---
Launching YARP job submitter: yarp-progress
======================
Processing YARP progress in /users/khubler/yarp-again/tutorials/v3.0.0/reaction_characterization/3_refine_rxn_path/basic_functionality...
Jobs will be run using 'sge' scheduler and 'apptainer' containers.
Max active jobs allowed: 100
Synchronizing conformer data across identical chemical species...
Performing pre-flight checks to skip already characterized reactions...
   * [2409865.289214986] 	Task 'll_path.reactant_conformer' (gfn2_crest) already characterized/synced. Fast-forwarding...
   * [2107297.9154397324] 	Task 'll_path.ts_guess' is still running. Come back later...
   * [2107297.9154397324] 	Task 'll_refine.reactant_optimization' finished running. Checking output...
   * [2107297.9154397324] 	Task 'll_refine.reactant_optimization' completed successfully.
   * [2107297.9154397324] 	Task 'll_refine.product_optimization' finished running. Checking output...
   * [2107297.9154397324] 	Task 'll_refine.product_optimization' completed successfully.
   * [2409865.289214986] 	Task 'll_refine.product_optimization' finished running. Checking output...
   * [2409865.289214986] 	Task 'll_refine.product_optimization' completed successfully.
   * [2409865.289214986] 	Task 'll_path.ts_guess' prerequisites met. Marked as READY.
   * [2409865.289214986] 	Task 'll_refine.reactant_optimization' prerequisites met. Marked as READY.
Current active jobs: 1 / 100
   * [2409865.289214986] 	Submitting task 'll_path.ts_guess'...
     * [2409865.289214986] Selecting 3 conformer pairs for GSM...
   [DEBUG] ---> Blocked! Identical species calculation already active.
YARP progress tracking complete.
======================

[2026-06-10 21:48:49.746626] Run 4 of yarp_progress has been executed...
---*****---
Launching YARP job submitter: yarp-progress
======================
Processing YARP progress in /users/khubler/yarp-again/tutorials/v3.0.0/reaction_characterization/3_refine_rxn_path/basic_functionality...
Jobs will be run using 'sge' scheduler and 'apptainer' containers.
Max active jobs allowed: 100
Synchronizing conformer data across identical chemical species...
Performing pre-flight checks to skip already characterized reactions...
   * [2409865.289214986] 	Task 'll_refine.reactant_optimization' (xtb_pysisyphus) already characterized/synced. Fast-forwarding...
   * [2107297.9154397324] 	Task 'll_path.ts_guess' is still running. Come back later...
   * [2409865.289214986] 	Task 'll_path.ts_guess' is still running. Come back later...
Current active jobs: 2 / 100
YARP progress tracking complete.
======================

[2026-06-10 21:49:53.027128] Run 5 of yarp_progress has been executed...
---*****---
Launching YARP job submitter: yarp-progress
======================
Processing YARP progress in /users/khubler/yarp-again/tutorials/v3.0.0/reaction_characterization/3_refine_rxn_path/basic_functionality...
Jobs will be run using 'sge' scheduler and 'apptainer' containers.
Max active jobs allowed: 100
Synchronizing conformer data across identical chemical species...
Performing pre-flight checks to skip already characterized reactions...
   * [2107297.9154397324] 	Task 'll_path.ts_guess' is still running. Come back later...
   * [2409865.289214986] 	Task 'll_path.ts_guess' finished running. Checking output...
   * [2409865.289214986] 	Task 'll_path.ts_guess' completed successfully.
   * [2409865.289214986] 	Task 'll_refine.transition_state_optimization' prerequisites met. Marked as READY.
Current active jobs: 1 / 100
   * [2409865.289214986] 	Submitting task 'll_refine.transition_state_optimization'...
YARP progress tracking complete.
======================

[2026-06-10 21:51:05.239875] Run 6 of yarp_progress has been executed...
---*****---
Launching YARP job submitter: yarp-progress
======================
Processing YARP progress in /users/khubler/yarp-again/tutorials/v3.0.0/reaction_characterization/3_refine_rxn_path/basic_functionality...
Jobs will be run using 'sge' scheduler and 'apptainer' containers.
Max active jobs allowed: 100
Synchronizing conformer data across identical chemical species...
Performing pre-flight checks to skip already characterized reactions...
   * [2107297.9154397324] 	Task 'll_path.ts_guess' finished running. Checking output...
   * [2107297.9154397324] 	Task 'll_path.ts_guess' completed successfully.
   * [2409865.289214986] 	Task 'll_refine.transition_state_optimization' finished running. Checking output...
   * [2409865.289214986] 	Task 'll_refine.transition_state_optimization' completed successfully.
   * [2107297.9154397324] 	Task 'll_refine.transition_state_optimization' prerequisites met. Marked as READY.
   * [2409865.289214986] 	Task 'll_refine.irc_validation' prerequisites met. Marked as READY.
Current active jobs: 0 / 100
   * [2107297.9154397324] 	Submitting task 'll_refine.transition_state_optimization'...
   * [2409865.289214986] 	Submitting task 'll_refine.irc_validation'...
YARP progress tracking complete.
======================

[2026-06-10 21:52:39.201221] Run 7 of yarp_progress has been executed...
---*****---
Launching YARP job submitter: yarp-progress
======================
Processing YARP progress in /users/khubler/yarp-again/tutorials/v3.0.0/reaction_characterization/3_refine_rxn_path/basic_functionality...
Jobs will be run using 'sge' scheduler and 'apptainer' containers.
Max active jobs allowed: 100
Synchronizing conformer data across identical chemical species...
Performing pre-flight checks to skip already characterized reactions...
   * [2107297.9154397324] 	Task 'll_refine.transition_state_optimization' finished running. Checking output...
   * [2107297.9154397324] 	Task 'll_refine.transition_state_optimization' completed successfully.
   * [2409865.289214986] 	Task 'll_refine.irc_validation' finished running. Checking output...
     * TS 1 validated: intended with barrier of 92.60755258126196 kcal/mol
     * TS 2 validated: intended with barrier of 87.27294455066921 kcal/mol
     * TS 3 validated: intended with barrier of 84.7012428298279 kcal/mol
   * [2409865.289214986] 	Task 'll_refine.irc_validation' completed successfully.
   * [2107297.9154397324] 	Task 'll_refine.irc_validation' prerequisites met. Marked as READY.
Current active jobs: 0 / 100
   * [2107297.9154397324] 	Submitting task 'll_refine.irc_validation'...
YARP progress tracking complete.
======================

[2026-06-10 21:53:44.888990] Run 8 of yarp_progress has been executed...
---*****---
Launching YARP job submitter: yarp-progress
======================
Processing YARP progress in /users/khubler/yarp-again/tutorials/v3.0.0/reaction_characterization/3_refine_rxn_path/basic_functionality...
Jobs will be run using 'sge' scheduler and 'apptainer' containers.
Max active jobs allowed: 100
Synchronizing conformer data across identical chemical species...
Performing pre-flight checks to skip already characterized reactions...
   * [2107297.9154397324] 	Task 'll_refine.irc_validation' finished running. Checking output...
     * Run 2 failed or did not finish successfully.
     * TS 1 validated: inverse_intended with barrier of 60.24139579349904 kcal/mol
     * TS 3 validated: no_adjmat_change with barrier of 127.49282982791586 kcal/mol
   * [2107297.9154397324] 	Task 'll_refine.irc_validation' completed successfully.
Current active jobs: 0 / 100
No active or pending tasks remain; YARP has reached a quiescent state.
YARP progress tracking complete.
======================

[2026-06-10 21:54:49.180524] Run 9 of yarp_progress has been executed...
---*****---
Shutdown marker found in output file; exiting loop.
