Welcome to
               __   __ _    ____  ____  
               \ \ / // \  |  _ \|  _ \ 
                \ V // _ \ | |_) | |_) |
                 | |/ ___ \|  _ <|  __/ 
                 |_/_/   \_\_| \_\_|
                        // Yet Another Reaction Program
    
Processing YARP progress in /users/emille35/dev/yarp-again/tutorials/v3.0.0/reaction_characterization/3_refine_rxn_path/basic_functionality...
Jobs will be run using 'sge' scheduler and 'apptainer' containers.
Max active jobs allowed: 100
Synchronizing conformer data across identical chemical species...
Performing pre-flight checks to skip already characterized reactions...
 * Global Task 'egat.ml_predict' finished successfully!
   * [2107297.9154397324] Task 'll_path.reactant_conformer' prerequisites met. Marked as READY.
   * [2107297.9154397324] Task 'll_path.product_conformer' prerequisites met. Marked as READY.
   * [2409865.289214986] Task 'll_path.reactant_conformer' prerequisites met. Marked as READY.
   * [2409865.289214986] Task 'll_path.product_conformer' prerequisites met. Marked as READY.
Current active jobs: 0 / 100
   * [2107297.9154397324] Submitting task 'll_path.reactant_conformer'...
   * [2107297.9154397324] Submitting task 'll_path.product_conformer'...
   [DEBUG] ---> Blocked! Identical species calculation already active.
   * [2409865.289214986] Submitting task 'll_path.product_conformer'...
YARP progress tracking complete.
======================

