Welcome to
               __   __ _    ____  ____  
               \ \ / // \  |  _ \|  _ \ 
                \ V // _ \ | |_) | |_) |
                 | |/ ___ \|  _ <|  __/ 
                 |_/_/   \_\_| \_\_|
                        // Yet Another Reaction Program
    
Processing YARP progress in /Users/khubler/Documents/notre_dame/research/dev/yarp-again/tutorials/v0.3.0/enumeration_2_egat_2_xtb_2_dft/depth1...
Jobs will be run using 'local' scheduler and 'docker' containers.
Max active jobs allowed: 4
Synchronizing conformer data across identical chemical species...
Performing pre-flight checks to skip already characterized reactions...
   * [2107297.9154397324] Task 'hl_refine.transition_state_optimization' finished running. Checking output...
   * [2107297.9154397324] Task 'hl_refine.transition_state_optimization' completed successfully.
   * [2409865.289214986] Task 'll_path.gsm' is still running. Come back later...
   * [2409865.289214986] Task 'hl_refine.product_optimization' finished running. Checking output...
   * [2409865.289214986] Task 'hl_refine.product_optimization' completed successfully.
   * [2107297.9154397324] Task 'hl_refine.irc_validation' prerequisites met. Marked as READY.
Current active jobs: 1 / 4
   * [2107297.9154397324] Submitting task 'hl_refine.irc_validation'...
YARP progress tracking complete.
Starting YARP serial IRC execution...
--- Running IRC 1 ---
--- Finished IRC 1 ---
