Welcome to
               __   __ _    ____  ____  
               \ \ / // \  |  _ \|  _ \ 
                \ V // _ \ | |_) | |_) |
                 | |/ ___ \|  _ <|  __/ 
                 |_/_/   \_\_| \_\_|
                        // Yet Another Reaction Program
    
Processing YARP progress in /Users/khubler/Documents/notre_dame/research/dev/yarp-again/tutorials/v0.3.0/enumeration_2_egat_2_xtb_2_dft/depth1...
Jobs will be run using 'local' scheduler and 'docker' containers.
Max active jobs allowed: 4
Synchronizing conformer data across identical chemical species...
Performing pre-flight checks to skip already characterized reactions...
   * [2107297.9154397324] Task 'hl_refine.irc_validation' is still running. Come back later...
   * [2409865.289214986] Task 'll_refine.irc_validation' finished running. Checking output...
     * TS 1 validated: no_adjmat_change with barrier of 120.63814531548756 kcal/mol
     * TS 2 validated: unintended with barrier of 62.13432122370937 kcal/mol
     * TS 3 validated: unintended with barrier of 62.13432122370937 kcal/mol
   * [2409865.289214986] Task 'll_refine.irc_validation' completed successfully.
   * [2409865.289214986] Reaction failed IRC validation (Outcome: 'unintended'). Routing to failed_rxns.
Current active jobs: 1 / 4
YARP progress tracking complete.
