Starting YARP serial GSM execution...
--- Running GSM pair 1 ---
Welcome to
               __   __ _    ____  ____  
               \ \ / // \  |  _ \|  _ \ 
                \ V // _ \ | |_) | |_) |
                 | |/ ___ \|  _ <|  __/ 
                 |_/_/   \_\_| \_\_|
                        // Yet Another Reaction Program
    
Processing YARP progress in /Users/khubler/Documents/notre_dame/research/dev/yarp-again/tutorials/v0.3.0/enumeration_2_egat_2_xtb_2_dft/depth1...
Jobs will be run using 'local' scheduler and 'docker' containers.
Max active jobs allowed: 4
Synchronizing conformer data across identical chemical species...
Performing pre-flight checks to skip already characterized reactions...
   * [2107297.9154397324] Task 'll_path.reactant_conformer' finished running. Checking output...
   * [2107297.9154397324] Task 'll_path.reactant_conformer' completed successfully.
   * [2107297.9154397324] Task 'll_path.product_conformer' finished running. Checking output...
   * [2107297.9154397324] Task 'll_path.product_conformer' completed successfully.
   * [2409865.289214986] Task 'll_path.product_conformer' finished running. Checking output...
   * [2409865.289214986] Task 'll_path.product_conformer' completed successfully.
   * [2107297.9154397324] Task 'll_path.gsm' prerequisites met. Marked as READY.
   * [2107297.9154397324] Task 'll_refine.reactant_optimization' prerequisites met. Marked as READY.
   * [2107297.9154397324] Task 'll_refine.product_optimization' prerequisites met. Marked as READY.
   * [2409865.289214986] Task 'll_refine.product_optimization' prerequisites met. Marked as READY.
Current active jobs: 0 / 4
   * [2107297.9154397324] Submitting task 'll_path.gsm'...
     * [2107297.9154397324] Selecting 3 conformer pairs for GSM...
   * [2107297.9154397324] Submitting task 'll_refine.reactant_optimization'...
   * [2107297.9154397324] Submitting task 'll_refine.product_optimization'...
   [DEBUG] ---> Blocked! Identical species calculation already active.
   * [2409865.289214986] Submitting task 'll_refine.product_optimization'...
YARP progress tracking complete.
--- Finished GSM pair 1 ---
--- Running GSM pair 2 ---
--- Finished GSM pair 2 ---
--- Running GSM pair 3 ---
--- Finished GSM pair 3 ---
