                           d8b                            888
                           Y8P                            888
                                                          888
88888b.  888  888 .d8888b  888 .d8888b  888  888 88888b.  88888b.  888  888 .d8888b
888 "88b 888  888 88K      888 88K      888  888 888 "88b 888 "88b 888  888 88K
888  888 888  888 "Y8888b. 888 "Y8888b. 888  888 888  888 888  888 888  888 "Y8888b.
888 d88P Y88b 888      X88 888      X88 Y88b 888 888 d88P 888  888 Y88b 888      X88
88888P"   "Y88888  88888P' 888  88888P'  "Y88888 88888P"  888  888  "Y88888  88888P'
888           888                            888 888
888      Y8b d88P                       Y8b d88P 888
888       "Y88P"                         "Y88P"  888                            

Version 0.7.6.post2 (Python 3.9.17, NumPy 1.24.4, SciPy 1.11.1)
Executed at Mon Feb 12 23:16:50 2024 on 'a171.negishi.rcac.purdue.edu'
Platform: Linux-4.18.0-477.10.1.el8_8.x86_64-x86_64-with-glibc2.28
Interpreter: /home/li1724/.conda/envs/2022.10-py39/Clone_Depot_YARP/bin/python
Current working directory: /scratch/negishi/li1724/Test-Original-4-5-ClassyYARP/CWMHSQPVYVHHDK-QJPJQTDYNZXKQF_0_1

If pysisyphus benefitted your research please cite:

	https://doi.org/10.1002/qua.26390

Good luck!

{'calc': {'charge': -1, 'mem': 4000, 'mult': 1, 'pal': 1, 'type': 'xtb'},
 'endopt': {'T': 298.15,
            'do_hess': False,
            'dump': True,
            'fragments': False,
            'geom': {'coord_kwargs': {}, 'type': 'redund'},
            'max_cycles': 400,
            'overachieve_factor': 5,
            'p': 101325,
            'thresh': 'gau',
            'type': 'rfo'},
 'geom': {'coord_kwargs': {},
          'fn': '/scratch/negishi/li1724/Test-Original-4-5-ClassyYARP/CWMHSQPVYVHHDK-QJPJQTDYNZXKQF_0_1/CWMHSQPVYVHHDK-QJPJQTDYNZXKQF_0_1-TS.xyz',
          'type': 'redund'},
 'irc': {'backward': True,
         'downhill': False,
         'forward': True,
         'hessian_init': '/scratch/negishi/li1724/Test-Original-4-5-ClassyYARP/CWMHSQPVYVHHDK-QJPJQTDYNZXKQF_0_1/ts_final_hessian.h5',
         'rms_grad_thresh': 0.001,
         'type': 'eulerpc'}}

Read 1 geometry.
                                ###############
                                # RUNNING IRC #
                                ###############

Convergence thresholds (non mass-weighted gradient):
	     rms(|gradient|) <= 0.001000 E_h a_0⁻¹
	             Δenergy <= 0.000001 E_h

Calculating energy and gradient at TS.
Transition vector is mode 0 with wavenumber -39.58 cm⁻¹.
Crossover temperature T_c: 9.06 K
Energy-based (ΔE=0.001 au) initial displacement from the TS using 2rd derivatives.
Initial step lengths (not mass-weighted):
	 Forward: 1.7679 au
	Backward: 1.7679 au
IRC length in mw. coords, max(|grad|) and rms(grad) in unweighted coordinates.

                               #################
                               # IRC - FORWARD #
                               #################

Requested energy lowering:  0.0010 au ( 2.63 kJ mol⁻¹)
   Actual energy lowering:  0.0002 au ( 0.45 kJ mol⁻¹)
                        Δ:  0.0008 au ( 2.17 kJ mol⁻¹)


        Step   IRC length      dE / au  max(|grad|)    rms(grad)
        --------------------------------------------------------
           0     0.299740    -0.000334     0.001070     0.000149
        Bond broken: [Cu42-C21]
           1     0.305289    -0.000003     0.001043     0.000152
           2     0.305289     0.000000     0.001043     0.000152
        Energy converged!

                               ##################
                               # IRC - BACKWARD #
                               ##################

Requested energy lowering:  0.0010 au ( 2.63 kJ mol⁻¹)
   Actual energy lowering:  0.0012 au ( 3.17 kJ mol⁻¹)
                        Δ: -0.0002 au (-0.54 kJ mol⁻¹)


        Step   IRC length      dE / au  max(|grad|)    rms(grad)
        --------------------------------------------------------
           0     0.302300    -0.000307     0.001562     0.000189
        Bond formed: [Cu42-C22]
           1     0.394230    -0.000051     0.001273     0.000179
           2     0.394230     0.000000     0.001273     0.000179
        Energy converged!
                       #################################
                       # OPTIMIZING REACTION PATH ENDS #
                       #################################


                      +----------------------------------+
                      | RUNNING FORWARD_END OPTIMIZATION |
                      +----------------------------------+

     Input geometry: Geometry(Br1_C41_Cu1_H31_N2_O1, 77 atoms)
  Coordinate system: redund
         Calculator: XTB calculator
             Charge: -1
       Multiplicity: 1
          Optimizer: rfo


If not specified otherwise, all quantities are given in au.

Convergence thresholds, (overachieved when):
	max(|force|) <= 0.000450, (0.000090) E_h a_0⁻¹ (rad⁻¹)
	  rms(force) <= 0.000300, (0.000060) E_h a_0⁻¹ (rad⁻¹)
	 max(|step|) <= 0.001800 a_0 (rad)
	   rms(step) <= 0.001200 a_0 (rad)

Spent 0.0 s preparing the first cycle.
       cycle    Δ(energy) max(|force|)   rms(force)  max(|step|)    rms(step)      s/cycle
           0          nan     0.001954     0.000339     0.242798     0.021615         0.55
       Unexpected energy increase (0.021123 au)! Trust radius: old=0.5, new=0.125
           1     0.021123     0.431047     0.026876     0.208309     0.017528         0.62
           2    -0.021409     0.006173     0.000446     0.048511     0.005659         0.58
       Unexpected energy increase (0.000457 au)! Trust radius: old=0.125, new=0.1
           3     0.000457     0.008889     0.000949     0.026780     0.004564         0.59
           4    -0.000622     0.006443     0.000429     0.054222     0.009799         0.59
       Unexpected energy increase (0.001418 au)! Trust radius: old=0.2, new=0.1
           5     0.001418     0.029929     0.002334     0.052771     0.007171         0.60
           6    -0.001531     0.008456     0.000483     0.042705     0.004571         0.60
       Unexpected energy increase (0.000007 au)! Trust radius: old=0.1, new=0.1
           7     0.000007     0.007551     0.000458     0.031385     0.004056         0.69
           8    -0.000166     0.009566     0.000488     0.031925     0.006069         0.60
           9    -0.000144     0.004166     0.000403     0.042591     0.004229         0.57
       -----------------------------------------------------------------------------------
          10    -0.000171     0.005192     0.000328     0.076406     0.007403         0.57
          11    -0.000197     0.003382     0.000250     0.030575     0.005241         0.57
          12    -0.000110     0.001247     0.000198     0.038238     0.005834         0.56
          13    -0.000061     0.002200     0.000191     0.023260     0.003631         0.60
       Unexpected energy increase (0.000006 au)! Trust radius: old=0.1, new=0.1
          14     0.000006     0.005122     0.000350     0.029294     0.004343         0.56
          15    -0.000026     0.001520     0.000189     0.023521     0.002972         0.56
          16    -0.000033     0.001290     0.000140     0.017517     0.002627         0.59
          17    -0.000033     0.002272     0.000161     0.034189     0.004105         0.58
          18    -0.000028     0.002174     0.000152     0.038641     0.004527         0.56
          19    -0.000032     0.001268     0.000106     0.060329     0.006847         0.56
       -----------------------------------------------------------------------------------
          20    -0.000022     0.000506     0.000065     0.004930     0.000876         0.57
          21    -0.000006     0.000401     0.000036     0.010399     0.001392         0.56
          22    -0.000003     0.000338     0.000021     0.012347     0.001417         0.65
          23    -0.000001     0.000299     0.000022     0.013969     0.001556         0.59
          24    -0.000001     0.000268     0.000026     0.015811     0.001675         0.56
          25    -0.000001     0.000354     0.000029     0.013921     0.001439         0.56
          26    -0.000001     0.000343     0.000026     0.012534     0.001219         0.58
          27    -0.000001     0.000254     0.000020     0.009910     0.000893         0.56
          28    -0.000000     0.000060     0.000007     0.005587     0.000486         0.58
       Converged!

Final summary:
            	max(forces, internal): 0.000060 hartree/(bohr,rad)
            	rms(forces, internal): 0.000007 hartree/(bohr,rad)
        	max(forces,cartesian): 0.000109 hartree/bohr
        	rms(forces,cartesian): 0.000017 hartree/bohr
        	energy: -121.77058712 hartree
       Wrote final, hopefully optimized, geometry to 'forward_end_final_geometry.xyz'

Moved 'forward_end_final_geometry.xyz' to 'forward_end_opt.xyz'.

                     +-----------------------------------+
                     | RUNNING BACKWARD_END OPTIMIZATION |
                     +-----------------------------------+

     Input geometry: Geometry(Br1_C41_Cu1_H31_N2_O1, 77 atoms)
  Coordinate system: redund
         Calculator: XTB calculator
             Charge: -1
       Multiplicity: 1
          Optimizer: rfo


If not specified otherwise, all quantities are given in au.

Convergence thresholds, (overachieved when):
	max(|force|) <= 0.000450, (0.000090) E_h a_0⁻¹ (rad⁻¹)
	  rms(force) <= 0.000300, (0.000060) E_h a_0⁻¹ (rad⁻¹)
	 max(|step|) <= 0.001800 a_0 (rad)
	   rms(step) <= 0.001200 a_0 (rad)

Spent 0.0 s preparing the first cycle.
       cycle    Δ(energy) max(|force|)   rms(force)  max(|step|)    rms(step)      s/cycle
           0          nan     0.002231     0.000308     0.066405     0.008821         0.67
       Unexpected energy increase (0.001292 au)! Trust radius: old=0.5, new=0.125
           1     0.001292     0.006753     0.000999     0.048158     0.006547         0.73
           2    -0.001341     0.002620     0.000435     0.033426     0.005258         0.74
       Unexpected energy increase (0.000303 au)! Trust radius: old=0.125, new=0.1
           3     0.000303     0.010502     0.001042     0.029642     0.004585         0.73
           4    -0.000424     0.003908     0.000459     0.034203     0.004517         0.71
       Unexpected energy increase (0.000161 au)! Trust radius: old=0.1, new=0.1
           5     0.000161     0.005172     0.000632     0.027329     0.003565         0.71
           6    -0.000351     0.001590     0.000188     0.033744     0.004323         0.70
       Unexpected energy increase (0.000031 au)! Trust radius: old=0.1, new=0.1
           7     0.000031     0.002943     0.000336     0.018031     0.002395         0.69
           8    -0.000136     0.001112     0.000100     0.011413     0.001923         0.72
           9    -0.000047     0.001105     0.000086     0.026387     0.004304         0.68
       -----------------------------------------------------------------------------------
          10    -0.000093     0.000962     0.000090     0.028228     0.004107         0.72
          11    -0.000062     0.000487     0.000071     0.028686     0.004350         0.68
          12    -0.000029     0.000613     0.000063     0.007456     0.001329         0.68
          13    -0.000011     0.000514     0.000049     0.013232     0.002468         0.70
          14    -0.000017     0.000274     0.000046     0.006155     0.001336         0.68
          15    -0.000007     0.000227     0.000042     0.005684     0.001142         0.69
          16    -0.000006     0.000242     0.000035     0.011602     0.001756         0.68
          17    -0.000007     0.000192     0.000029     0.014580     0.002090         0.70
          18    -0.000006     0.000219     0.000029     0.015102     0.002113         0.71
          19    -0.000005     0.000199     0.000029     0.016081     0.002285         0.73
       -----------------------------------------------------------------------------------
          20    -0.000005     0.000253     0.000028     0.016702     0.002471         0.79
          21    -0.000005     0.000252     0.000030     0.017208     0.002740         0.76
          22    -0.000005     0.000246     0.000029     0.013411     0.002219         0.70
          23    -0.000005     0.000231     0.000027     0.023532     0.004283         0.72
          24    -0.000007     0.000156     0.000029     0.020509     0.003912         0.69
          25    -0.000007     0.000219     0.000034     0.013871     0.002830         0.68
          26    -0.000010     0.000244     0.000035     0.021767     0.004313         0.71
          27    -0.000015     0.000292     0.000037     0.025378     0.004984         0.75
          28    -0.000017     0.000529     0.000047     0.021465     0.004094         0.70
          29    -0.000023     0.000720     0.000060     0.022866     0.004413         0.72
       -----------------------------------------------------------------------------------
          30    -0.000027     0.000952     0.000087     0.022573     0.004173         0.71
          31    -0.000036     0.001103     0.000120     0.025058     0.004204         0.70
          32    -0.000041     0.001260     0.000159     0.048661     0.007935         0.69
          33    -0.000085     0.001775     0.000251     0.054613     0.009123         0.71
          34    -0.000137     0.002554     0.000352     0.070464     0.008452         0.70
          35    -0.000169     0.004399     0.000557     0.119386     0.016102         0.85
          36    -0.000493     0.007084     0.000891     0.126270     0.016903         0.75
          37     0.000447     0.003262     0.000457     0.281927     0.033806         0.73
          38    -0.001916     0.006830     0.000905     0.352945     0.042258         0.71
          39     0.002193     0.002828     0.000359     0.363199     0.042258         0.70
       -----------------------------------------------------------------------------------
          40    -0.002275     0.006751     0.000906     0.353589     0.042258         0.70
          41     0.002305     0.002652     0.000374     0.367798     0.042258         0.72
          42    -0.002379     0.006746     0.000913     0.361999     0.042258         0.84
          43     0.002411     0.002620     0.000391     0.373539     0.042258         0.72
          44    -0.002483     0.006693     0.000915     0.382949     0.042258         0.70
          45    -0.003931     0.008475     0.001419     0.265662     0.031866         0.71
          46    -0.001282     0.009826     0.001669     0.043730     0.007816         0.70
          47    -0.001088     0.010680     0.001575     0.052382     0.010564         0.73
          48    -0.001235     0.008686     0.001415     0.111850     0.018783         0.72
          49    -0.000998     0.009997     0.001386     0.078827     0.013384         0.72
       -----------------------------------------------------------------------------------
          50    -0.000851     0.007857     0.001202     0.081867     0.013537         0.75
          51    -0.000877     0.007202     0.001098     0.076638     0.012218         0.72
          52    -0.000906     0.006987     0.001003     0.067493     0.012721         0.70
          53    -0.001029     0.004904     0.000849     0.059969     0.011696         0.71
          54    -0.000975     0.004312     0.000618     0.050320     0.011062         0.70
          55    -0.000808     0.003968     0.000544     0.057165     0.011280         0.72
          56    -0.000827     0.003442     0.000482     0.017679     0.004226         0.73
          57    -0.000505     0.002453     0.000327     0.037264     0.008391         0.85
          58    -0.000615     0.001466     0.000208     0.070235     0.015269         0.70
          59    -0.000501     0.001503     0.000250     0.067649     0.012087         0.72
       -----------------------------------------------------------------------------------
          60    -0.000269     0.002065     0.000283     0.075799     0.013569         0.70
          61    -0.000302     0.001798     0.000238     0.108019     0.017582         0.71
          62    -0.000310     0.002335     0.000352     0.035754     0.006818         0.81
          63    -0.000207     0.001802     0.000273     0.056158     0.009617         0.74
          64    -0.000314     0.002794     0.000319     0.033091     0.004222         0.74
          65    -0.000261     0.002490     0.000307     0.082756     0.008635         0.74
          66    -0.000563     0.001766     0.000341     0.090240     0.008348         0.79
          67    -0.000610     0.001980     0.000402     0.099453     0.008571         0.73
          68    -0.000732     0.002204     0.000448     0.159416     0.013587         0.71
          69    -0.000508     0.004977     0.000760     0.097753     0.008472         0.73
       -----------------------------------------------------------------------------------
          70    -0.000436     0.003465     0.000514     0.089488     0.016419         0.74
          71    -0.000537     0.002645     0.000390     0.063538     0.010094         0.72
          72    -0.000420     0.002383     0.000342     0.040002     0.007101         0.73
          73    -0.000226     0.001063     0.000250     0.060036     0.012184         0.71
          74    -0.000286     0.001505     0.000227     0.067827     0.012861         0.72
          75    -0.000217     0.001824     0.000252     0.061311     0.011187         0.83
          76    -0.000239     0.002077     0.000299     0.064640     0.012884         0.71
          77    -0.000298     0.001471     0.000250     0.054503     0.011852         0.72
          78    -0.000286     0.001226     0.000236     0.016251     0.004223         0.73
          79    -0.000171     0.000796     0.000160     0.033602     0.008348         0.74
       -----------------------------------------------------------------------------------
          80    -0.000243     0.000794     0.000134     0.038662     0.008828         0.74
          81    -0.000187     0.000724     0.000137     0.037174     0.008057         0.71
          82    -0.000141     0.000526     0.000115     0.040001     0.008190         0.70
          83    -0.000104     0.000427     0.000095     0.070616     0.011466         0.72
          84    -0.000058     0.000649     0.000120     0.018679     0.003916         0.78
          85    -0.000033     0.000387     0.000085     0.019509     0.003034         0.74
          86    -0.000035     0.000428     0.000063     0.019769     0.003712         0.73
          87    -0.000027     0.000279     0.000056     0.032811     0.004686         0.75
          88    -0.000014     0.000370     0.000064     0.015621     0.002737         0.80
          89    -0.000009     0.000274     0.000044     0.008196     0.001938         0.78
       -----------------------------------------------------------------------------------
          90    -0.000008     0.000166     0.000027     0.004610     0.000902         0.72
          91    -0.000003     0.000158     0.000027     0.004558     0.000805         0.71
          92    -0.000002     0.000140     0.000024     0.003773     0.000774         0.70
          93    -0.000001     0.000128     0.000018     0.002504     0.000591         0.74
          94    -0.000001     0.000083     0.000013     0.002442     0.000482         0.64
       Converged!

Final summary:
            	max(forces, internal): 0.000083 hartree/(bohr,rad)
            	rms(forces, internal): 0.000013 hartree/(bohr,rad)
        	max(forces,cartesian): 0.000154 hartree/bohr
        	rms(forces,cartesian): 0.000034 hartree/bohr
        	energy: -121.79807920 hartree
       Wrote final, hopefully optimized, geometry to 'backward_end_final_geometry.xyz'

Moved 'backward_end_final_geometry.xyz' to 'backward_end_opt.xyz'.


                 #############################################
                 # BARRIER HEIGHTS AFTER END OPTIMIZATION(S) #
                 #############################################

All tabulated quantities are given in au.

           File            E_el
           --------------------
/scrat...ry.xyz     -121.770587
             TS     -121.768488
/scrat...ry.xyz     -121.798079

                                  +----------+
                                  | BARRIERS |
                                  +----------+

Temperature: 298.15 K
Pressure: 101325.0 Pa

Corrections:
Change of standard-state: False, 0.0 kJ mol⁻¹
                 Solvent: False
         Thermochemistry: False

Left geometry:
	0: forward_end_final_geometry.xyz (Geometry(Br1_C41_Cu1_H31_N2_O1), 77 atoms)
TS geometry:
	0:  (Geometry(Br1_C41_Cu1_H31_N2_O1), 77 atoms)
Right geometry:
	0: backward_end_final_geometry.xyz (Geometry(Br1_C41_Cu1_H31_N2_O1), 77 atoms)

Minimum energy of 0.0 kJ mol⁻¹ at 'Right'.

	  Left:    72.18 kJ mol⁻¹ (1 geometry)
	    TS:    77.69 kJ mol⁻¹ (1 geometry)
	 Right:     0.00 kJ mol⁻¹ (1 geometry)

Wrote optimized end-geometries and TS to 'left_ts_right_geoms.trj'
pysisyphus run took 0:01:52 h.
