Using a factor of 1.300000 for bond detection.
Using svd_inv_thresh=3.1600e-04 for inversions.
Detecting primitive internals for 77 atoms.
Excluding 0 frozen atoms from the internal coordinate setup.
Skipping generation of dihedral [74, 4, 42, 6] as some of the the atoms are (close too) linear.
Checking 516 supplied typed primitives.
516 primitives are valid at the current Cartesians.
Defined primitives
	000:       [40, 41]
	001:       [10, 18]
	002:       [29, 31]
	003:       [15, 16]
	004:        [7, 12]
	005:       [13, 55]
	006:       [17, 25]
	007:       [21, 22]
	008:        [2, 45]
	009:       [28, 30]
	010:       [38, 70]
	011:        [9, 43]
	012:       [39, 71]
	013:       [11, 75]
	014:       [35, 41]
	015:       [28, 29]
	016:        [0, 42]
	017:       [42, 75]
	018:       [24, 35]
	019:       [34, 67]
	020:       [11, 42]
	021:       [30, 64]
	022:        [4, 11]
	023:       [12, 24]
	024:       [33, 65]
	025:       [34, 39]
	026:        [5, 12]
	027:        [8, 13]
	028:        [8, 49]
	029:        [1, 10]
	030:         [4, 6]
	031:       [22, 60]
	032:       [41, 73]
	033:        [3, 46]
	034:       [30, 36]
	035:       [23, 24]
	036:       [23, 33]
	037:        [6, 47]
	038:       [15, 52]
	039:       [40, 72]
	040:       [29, 62]
	041:         [1, 9]
	042:       [18, 25]
	043:       [17, 56]
	044:        [0, 21]
	045:       [14, 50]
	046:       [28, 61]
	047:       [19, 21]
	048:       [33, 40]
	049:         [3, 8]
	050:       [15, 19]
	051:       [36, 37]
	052:       [16, 76]
	053:        [6, 13]
	054:       [21, 42]
	055:       [42, 74]
	056:        [3, 11]
	057:        [4, 74]
	058:        [5, 48]
	059:        [4, 42]
	060:       [35, 66]
	061:       [26, 75]
	062:       [31, 37]
	063:        [2, 10]
	064:       [23, 51]
	065:       [32, 38]
	066:       [20, 54]
	067:       [16, 20]
	068:        [9, 17]
	069:       [31, 32]
	070:         [2, 5]
	071:       [20, 22]
	072:       [38, 39]
	073:       [27, 57]
	074:       [19, 53]
	075:       [37, 69]
	076:       [27, 34]
	077:        [7, 74]
	078:       [25, 63]
	079:       [14, 58]
	080:       [26, 32]
	081:       [14, 76]
	082:         [1, 7]
	083:       [14, 44]
	084:       [26, 27]
	085:       [36, 68]
	086:       [18, 59]
	087:    [42, 74, 4]
	088:   [16, 15, 19]
	089:   [73, 41, 35]
	090:   [76, 16, 20]
	091:   [74, 42, 21]
	092:     [10, 1, 7]
	093:    [42, 4, 11]
	094:    [3, 11, 75]
	095:   [12, 24, 23]
	096:   [21, 19, 15]
	097:   [68, 36, 37]
	098:     [42, 4, 6]
	099:   [32, 26, 27]
	100:   [17, 25, 18]
	101:   [74, 42, 11]
	102:   [10, 18, 59]
	103:   [34, 39, 71]
	104:     [9, 1, 10]
	105:    [1, 10, 18]
	106:   [35, 24, 23]
	107:    [4, 42, 21]
	108:    [75, 42, 4]
	109:    [74, 7, 12]
	110:     [1, 7, 12]
	111:    [0, 42, 75]
	112:   [33, 23, 51]
	113:   [65, 33, 23]
	114:   [11, 42, 21]
	115:     [8, 13, 6]
	116:   [72, 40, 41]
	117:    [42, 0, 21]
	118:   [76, 14, 44]
	119:   [26, 75, 11]
	120:     [8, 3, 46]
	121:   [34, 39, 38]
	122:   [58, 14, 76]
	123:     [48, 5, 2]
	124:    [10, 2, 45]
	125:    [0, 42, 74]
	126:   [27, 34, 39]
	127:    [42, 11, 3]
	128:   [24, 35, 66]
	129:     [1, 9, 43]
	130:   [26, 75, 42]
	131:   [58, 14, 44]
	132:   [38, 39, 71]
	133:   [64, 30, 28]
	134:   [38, 32, 31]
	135:   [35, 24, 12]
	136:   [28, 29, 62]
	137:   [56, 17, 25]
	138:   [32, 38, 70]
	139:   [16, 20, 22]
	140:   [50, 14, 76]
	141:     [3, 11, 4]
	142:   [19, 15, 52]
	143:   [29, 28, 61]
	144:    [11, 3, 46]
	145:   [41, 40, 33]
	146:   [50, 14, 44]
	147:   [74, 42, 75]
	148:   [76, 16, 15]
	149:   [41, 35, 66]
	150:     [11, 4, 6]
	151:   [25, 18, 10]
	152:   [42, 21, 19]
	153:   [60, 22, 21]
	154:   [17, 25, 63]
	155:     [0, 42, 4]
	156:    [74, 4, 11]
	157:    [42, 74, 7]
	158:     [5, 12, 7]
	159:   [54, 20, 22]
	160:    [49, 8, 13]
	161:     [74, 4, 6]
	162:    [24, 12, 7]
	163:   [27, 34, 67]
	164:    [74, 4, 42]
	165:   [70, 38, 39]
	166:   [69, 37, 31]
	167:    [0, 21, 42]
	168:   [16, 76, 14]
	169:    [13, 6, 47]
	170:   [75, 42, 21]
	171:    [0, 21, 19]
	172:     [3, 8, 13]
	173:   [29, 31, 37]
	174:   [26, 27, 34]
	175:   [67, 34, 39]
	176:   [57, 27, 26]
	177:   [40, 33, 65]
	178:     [5, 2, 45]
	179:   [61, 28, 30]
	180:   [42, 11, 75]
	181:   [16, 20, 54]
	182:   [68, 36, 30]
	183:   [40, 41, 73]
	184:    [18, 10, 2]
	185:   [75, 42, 11]
	186:   [27, 26, 75]
	187:   [53, 19, 15]
	188:    [74, 42, 4]
	189:     [4, 6, 47]
	190:     [1, 10, 2]
	191:   [64, 30, 36]
	192:     [2, 5, 12]
	193:   [40, 33, 23]
	194:    [75, 11, 4]
	195:    [6, 13, 55]
	196:   [25, 18, 59]
	197:   [26, 32, 38]
	198:   [20, 22, 21]
	199:   [40, 41, 35]
	200:   [24, 35, 41]
	201:   [36, 37, 69]
	202:   [19, 21, 22]
	203:    [11, 42, 4]
	204:   [32, 31, 29]
	205:   [72, 40, 33]
	206:   [60, 22, 20]
	207:    [56, 17, 9]
	208:     [8, 3, 11]
	209:     [4, 6, 13]
	210:   [58, 14, 50]
	211:    [0, 42, 21]
	212:    [48, 5, 12]
	213:   [37, 36, 30]
	214:   [42, 21, 22]
	215:    [42, 11, 4]
	216:     [1, 9, 17]
	217:   [32, 26, 75]
	218:     [10, 2, 5]
	219:   [32, 31, 37]
	220:    [8, 13, 55]
	221:     [49, 8, 3]
	222:   [62, 29, 31]
	223:     [1, 7, 74]
	224:   [16, 15, 52]
	225:   [42, 75, 11]
	226:    [0, 42, 11]
	227:   [36, 37, 31]
	228:   [21, 19, 53]
	229:    [9, 17, 25]
	230:   [36, 30, 28]
	231:   [28, 29, 31]
	232:   [18, 25, 63]
	233:   [32, 38, 39]
	234:     [4, 74, 7]
	235:   [24, 23, 33]
	236:    [24, 12, 5]
	237:   [24, 23, 51]
	238:   [26, 32, 31]
	239:   [57, 27, 34]
	240:   [29, 28, 30]
	241:    [0, 21, 22]
	242:    [17, 9, 43]
	243:   [20, 16, 15]
	244:      [9, 1, 7]
	245: [4, 6, 13, 55]
	246: [40, 33, 23, 24]
	247: [42, 11, 4, 74]
	248:  [2, 5, 12, 7]
	249: [11, 42, 4, 74]
	250: [22, 21, 19, 53]
	251: [69, 37, 31, 29]
	252: [30, 36, 37, 31]
	253: [8, 3, 11, 75]
	254: [12, 24, 23, 33]
	255: [4, 42, 21, 22]
	256: [12, 24, 23, 51]
	257: [11, 42, 21, 19]
	258:  [3, 8, 13, 6]
	259: [42, 4, 6, 47]
	260: [21, 42, 11, 75]
	261: [3, 11, 42, 21]
	262: [20, 16, 15, 52]
	263: [5, 12, 24, 23]
	264: [42, 21, 22, 60]
	265: [70, 38, 32, 31]
	266: [21, 19, 15, 16]
	267: [75, 26, 32, 38]
	268: [76, 16, 15, 19]
	269: [21, 19, 15, 52]
	270: [10, 1, 7, 12]
	271: [32, 26, 75, 11]
	272: [11, 42, 74, 7]
	273: [16, 76, 14, 44]
	274: [18, 10, 2, 45]
	275: [2, 5, 12, 24]
	276:  [43, 9, 1, 7]
	277: [42, 4, 11, 3]
	278: [27, 34, 39, 38]
	279: [9, 17, 25, 18]
	280: [70, 38, 39, 71]
	281: [11, 42, 21, 0]
	282: [1, 10, 2, 45]
	283: [38, 32, 31, 29]
	284: [36, 37, 31, 29]
	285: [32, 31, 29, 28]
	286: [32, 38, 39, 34]
	287: [74, 42, 21, 19]
	288: [8, 13, 6, 47]
	289: [20, 22, 21, 19]
	290: [42, 21, 19, 53]
	291: [74, 4, 11, 75]
	292: [35, 24, 23, 33]
	293:  [4, 6, 13, 8]
	294: [35, 24, 23, 51]
	295: [55, 13, 6, 47]
	296: [75, 26, 27, 34]
	297: [25, 18, 10, 2]
	298: [54, 20, 22, 21]
	299: [20, 16, 15, 19]
	300: [22, 21, 19, 15]
	301: [11, 3, 8, 13]
	302:  [3, 11, 4, 6]
	303: [13, 8, 3, 46]
	304: [49, 8, 3, 46]
	305: [50, 14, 76, 16]
	306: [56, 17, 9, 43]
	307: [68, 36, 37, 69]
	308: [38, 32, 31, 37]
	309: [75, 42, 4, 11]
	310: [29, 28, 30, 64]
	311: [11, 4, 6, 47]
	312: [23, 24, 12, 7]
	313: [24, 35, 41, 73]
	314: [20, 22, 21, 0]
	315: [35, 24, 12, 5]
	316: [42, 4, 6, 13]
	317: [10, 2, 5, 12]
	318: [21, 42, 4, 11]
	319: [75, 42, 4, 6]
	320: [0, 42, 21, 19]
	321: [25, 18, 10, 1]
	322: [75, 42, 11, 4]
	323: [42, 0, 21, 22]
	324: [15, 16, 20, 54]
	325: [53, 19, 15, 16]
	326: [59, 18, 25, 63]
	327: [48, 5, 12, 24]
	328: [0, 21, 42, 75]
	329: [26, 27, 34, 67]
	330: [21, 42, 4, 6]
	331: [29, 28, 30, 36]
	332: [26, 75, 11, 3]
	333:  [8, 3, 11, 4]
	334: [42, 4, 74, 7]
	335: [17, 25, 18, 10]
	336: [12, 5, 2, 45]
	337: [28, 29, 31, 37]
	338: [42, 21, 19, 15]
	339: [27, 26, 75, 11]
	340: [15, 16, 20, 22]
	341: [56, 17, 9, 1]
	342: [21, 42, 11, 4]
	343: [0, 42, 75, 26]
	344: [75, 42, 21, 22]
	345: [12, 24, 35, 66]
	346:  [9, 1, 7, 74]
	347: [74, 42, 11, 75]
	348: [57, 27, 34, 39]
	349: [24, 35, 41, 40]
	350: [26, 75, 42, 4]
	351: [40, 33, 23, 51]
	352: [32, 26, 27, 34]
	353: [42, 11, 75, 26]
	354: [68, 36, 37, 31]
	355: [21, 42, 75, 11]
	356: [0, 21, 22, 60]
	357: [26, 27, 34, 39]
	358: [76, 16, 20, 22]
	359: [74, 4, 6, 47]
	360: [62, 29, 28, 30]
	361: [0, 42, 21, 22]
	362: [58, 14, 76, 16]
	363: [32, 31, 37, 69]
	364: [14, 76, 16, 20]
	365:  [4, 74, 7, 1]
	366: [32, 38, 39, 71]
	367: [26, 32, 31, 37]
	368: [35, 41, 40, 33]
	369: [48, 5, 2, 45]
	370: [42, 11, 4, 6]
	371: [31, 29, 28, 30]
	372: [18, 10, 2, 5]
	373: [3, 8, 13, 55]
	374: [14, 76, 16, 15]
	375: [72, 40, 33, 65]
	376: [74, 4, 42, 0]
	377: [9, 17, 25, 63]
	378: [64, 30, 36, 37]
	379: [0, 42, 11, 75]
	380: [21, 0, 42, 11]
	381: [32, 26, 75, 42]
	382: [31, 29, 28, 61]
	383: [26, 32, 38, 39]
	384: [26, 75, 42, 74]
	385: [27, 26, 32, 38]
	386: [1, 7, 74, 42]
	387: [49, 8, 13, 6]
	388:  [6, 4, 74, 7]
	389: [11, 42, 21, 22]
	390: [75, 42, 74, 4]
	391: [32, 31, 37, 36]
	392: [39, 38, 32, 31]
	393: [16, 20, 22, 21]
	394: [74, 4, 11, 3]
	395: [74, 4, 42, 75]
	396: [21, 42, 74, 4]
	397: [74, 42, 4, 11]
	398: [72, 40, 33, 23]
	399: [40, 41, 35, 66]
	400: [43, 9, 1, 10]
	401: [74, 4, 6, 13]
	402: [67, 34, 39, 71]
	403: [74, 42, 4, 6]
	404: [57, 27, 34, 67]
	405: [9, 1, 10, 18]
	406: [74, 42, 21, 22]
	407: [75, 26, 32, 31]
	408: [65, 33, 23, 24]
	409: [74, 42, 11, 4]
	410: [4, 42, 21, 19]
	411:  [9, 1, 7, 12]
	412:  [2, 10, 1, 7]
	413: [53, 19, 15, 52]
	414: [75, 42, 74, 7]
	415: [74, 7, 12, 24]
	416: [68, 36, 30, 28]
	417: [3, 11, 75, 42]
	418: [56, 17, 25, 18]
	419: [32, 26, 27, 57]
	420: [59, 18, 10, 2]
	421: [0, 42, 4, 11]
	422: [74, 42, 75, 11]
	423: [4, 42, 74, 7]
	424: [3, 11, 42, 4]
	425:  [17, 9, 1, 7]
	426: [76, 16, 20, 54]
	427: [73, 41, 40, 33]
	428: [1, 9, 17, 25]
	429: [17, 25, 18, 59]
	430: [27, 26, 75, 42]
	431: [75, 42, 11, 3]
	432: [4, 42, 21, 0]
	433: [48, 5, 2, 10]
	434:  [0, 42, 4, 6]
	435: [75, 42, 0, 21]
	436: [42, 11, 3, 46]
	437: [67, 34, 39, 38]
	438: [0, 21, 42, 74]
	439: [74, 7, 12, 5]
	440: [7, 1, 10, 18]
	441: [42, 21, 22, 20]
	442: [57, 27, 26, 75]
	443: [42, 74, 7, 12]
	444: [0, 42, 11, 4]
	445: [0, 21, 19, 53]
	446: [72, 40, 41, 73]
	447: [1, 7, 12, 24]
	448: [11, 4, 6, 13]
	449: [75, 11, 4, 6]
	450: [11, 42, 4, 6]
	451: [10, 1, 9, 17]
	452: [26, 75, 42, 21]
	453: [63, 25, 18, 10]
	454: [62, 29, 28, 61]
	455: [42, 74, 4, 11]
	456: [0, 42, 75, 11]
	457: [73, 41, 35, 66]
	458:  [1, 10, 2, 5]
	459: [35, 24, 12, 7]
	460: [42, 4, 11, 75]
	461: [41, 40, 33, 65]
	462:  [9, 1, 10, 2]
	463: [11, 75, 42, 4]
	464: [42, 74, 4, 6]
	465: [0, 42, 11, 3]
	466: [49, 8, 3, 11]
	467: [60, 22, 20, 54]
	468: [60, 22, 21, 19]
	469:  [1, 7, 12, 5]
	470: [64, 30, 36, 68]
	471: [75, 11, 3, 46]
	472: [10, 1, 7, 74]
	473: [26, 75, 42, 11]
	474: [26, 32, 38, 70]
	475: [42, 11, 3, 8]
	476: [42, 0, 21, 19]
	477: [12, 24, 35, 41]
	478: [49, 8, 13, 55]
	479: [42, 75, 11, 4]
	480: [0, 42, 74, 4]
	481: [0, 21, 19, 15]
	482: [70, 38, 39, 34]
	483: [4, 74, 42, 11]
	484: [30, 36, 37, 69]
	485: [74, 4, 42, 21]
	486: [75, 42, 21, 19]
	487: [75, 11, 42, 4]
	488: [41, 40, 33, 23]
	489: [72, 40, 41, 35]
	490: [61, 28, 30, 64]
	491: [4, 11, 3, 46]
	492: [48, 5, 12, 7]
	493: [26, 75, 11, 4]
	494: [4, 74, 7, 12]
	495: [37, 36, 30, 28]
	496: [11, 4, 74, 7]
	497: [23, 24, 35, 66]
	498: [65, 33, 23, 51]
	499: [32, 31, 29, 62]
	500: [1, 10, 18, 59]
	501: [74, 42, 0, 21]
	502: [16, 20, 22, 60]
	503: [61, 28, 30, 36]
	504: [56, 17, 25, 63]
	505: [76, 16, 15, 52]
	506: [21, 0, 42, 4]
	507: [21, 42, 74, 7]
	508: [43, 9, 17, 25]
	509: [62, 29, 31, 37]
	510: [41, 35, 24, 23]
	511: [0, 42, 74, 7]
	512: [26, 32, 31, 29]
	513: [27, 26, 32, 31]
	514: [27, 34, 39, 71]
	515: [74, 42, 11, 3]

Condition number of B^T.B=G: 9.1482e+04
Using a factor of 1.300000 for bond detection.
Using svd_inv_thresh=3.1600e-04 for inversions.
Checking 516 supplied typed primitives.
516 primitives are valid at the current Cartesians.
Defined primitives
	000:       [40, 41]
	001:       [10, 18]
	002:       [29, 31]
	003:       [15, 16]
	004:        [7, 12]
	005:       [13, 55]
	006:       [17, 25]
	007:       [21, 22]
	008:        [2, 45]
	009:       [28, 30]
	010:       [38, 70]
	011:        [9, 43]
	012:       [39, 71]
	013:       [11, 75]
	014:       [35, 41]
	015:       [28, 29]
	016:        [0, 42]
	017:       [42, 75]
	018:       [24, 35]
	019:       [34, 67]
	020:       [11, 42]
	021:       [30, 64]
	022:        [4, 11]
	023:       [12, 24]
	024:       [33, 65]
	025:       [34, 39]
	026:        [5, 12]
	027:        [8, 13]
	028:        [8, 49]
	029:        [1, 10]
	030:         [4, 6]
	031:       [22, 60]
	032:       [41, 73]
	033:        [3, 46]
	034:       [30, 36]
	035:       [23, 24]
	036:       [23, 33]
	037:        [6, 47]
	038:       [15, 52]
	039:       [40, 72]
	040:       [29, 62]
	041:         [1, 9]
	042:       [18, 25]
	043:       [17, 56]
	044:        [0, 21]
	045:       [14, 50]
	046:       [28, 61]
	047:       [19, 21]
	048:       [33, 40]
	049:         [3, 8]
	050:       [15, 19]
	051:       [36, 37]
	052:       [16, 76]
	053:        [6, 13]
	054:       [21, 42]
	055:       [42, 74]
	056:        [3, 11]
	057:        [4, 74]
	058:        [5, 48]
	059:        [4, 42]
	060:       [35, 66]
	061:       [26, 75]
	062:       [31, 37]
	063:        [2, 10]
	064:       [23, 51]
	065:       [32, 38]
	066:       [20, 54]
	067:       [16, 20]
	068:        [9, 17]
	069:       [31, 32]
	070:         [2, 5]
	071:       [20, 22]
	072:       [38, 39]
	073:       [27, 57]
	074:       [19, 53]
	075:       [37, 69]
	076:       [27, 34]
	077:        [7, 74]
	078:       [25, 63]
	079:       [14, 58]
	080:       [26, 32]
	081:       [14, 76]
	082:         [1, 7]
	083:       [14, 44]
	084:       [26, 27]
	085:       [36, 68]
	086:       [18, 59]
	087:    [42, 74, 4]
	088:   [16, 15, 19]
	089:   [73, 41, 35]
	090:   [76, 16, 20]
	091:   [74, 42, 21]
	092:     [10, 1, 7]
	093:    [42, 4, 11]
	094:    [3, 11, 75]
	095:   [12, 24, 23]
	096:   [21, 19, 15]
	097:   [68, 36, 37]
	098:     [42, 4, 6]
	099:   [32, 26, 27]
	100:   [17, 25, 18]
	101:   [74, 42, 11]
	102:   [10, 18, 59]
	103:   [34, 39, 71]
	104:     [9, 1, 10]
	105:    [1, 10, 18]
	106:   [35, 24, 23]
	107:    [4, 42, 21]
	108:    [75, 42, 4]
	109:    [74, 7, 12]
	110:     [1, 7, 12]
	111:    [0, 42, 75]
	112:   [33, 23, 51]
	113:   [65, 33, 23]
	114:   [11, 42, 21]
	115:     [8, 13, 6]
	116:   [72, 40, 41]
	117:    [42, 0, 21]
	118:   [76, 14, 44]
	119:   [26, 75, 11]
	120:     [8, 3, 46]
	121:   [34, 39, 38]
	122:   [58, 14, 76]
	123:     [48, 5, 2]
	124:    [10, 2, 45]
	125:    [0, 42, 74]
	126:   [27, 34, 39]
	127:    [42, 11, 3]
	128:   [24, 35, 66]
	129:     [1, 9, 43]
	130:   [26, 75, 42]
	131:   [58, 14, 44]
	132:   [38, 39, 71]
	133:   [64, 30, 28]
	134:   [38, 32, 31]
	135:   [35, 24, 12]
	136:   [28, 29, 62]
	137:   [56, 17, 25]
	138:   [32, 38, 70]
	139:   [16, 20, 22]
	140:   [50, 14, 76]
	141:     [3, 11, 4]
	142:   [19, 15, 52]
	143:   [29, 28, 61]
	144:    [11, 3, 46]
	145:   [41, 40, 33]
	146:   [50, 14, 44]
	147:   [74, 42, 75]
	148:   [76, 16, 15]
	149:   [41, 35, 66]
	150:     [11, 4, 6]
	151:   [25, 18, 10]
	152:   [42, 21, 19]
	153:   [60, 22, 21]
	154:   [17, 25, 63]
	155:     [0, 42, 4]
	156:    [74, 4, 11]
	157:    [42, 74, 7]
	158:     [5, 12, 7]
	159:   [54, 20, 22]
	160:    [49, 8, 13]
	161:     [74, 4, 6]
	162:    [24, 12, 7]
	163:   [27, 34, 67]
	164:    [74, 4, 42]
	165:   [70, 38, 39]
	166:   [69, 37, 31]
	167:    [0, 21, 42]
	168:   [16, 76, 14]
	169:    [13, 6, 47]
	170:   [75, 42, 21]
	171:    [0, 21, 19]
	172:     [3, 8, 13]
	173:   [29, 31, 37]
	174:   [26, 27, 34]
	175:   [67, 34, 39]
	176:   [57, 27, 26]
	177:   [40, 33, 65]
	178:     [5, 2, 45]
	179:   [61, 28, 30]
	180:   [42, 11, 75]
	181:   [16, 20, 54]
	182:   [68, 36, 30]
	183:   [40, 41, 73]
	184:    [18, 10, 2]
	185:   [75, 42, 11]
	186:   [27, 26, 75]
	187:   [53, 19, 15]
	188:    [74, 42, 4]
	189:     [4, 6, 47]
	190:     [1, 10, 2]
	191:   [64, 30, 36]
	192:     [2, 5, 12]
	193:   [40, 33, 23]
	194:    [75, 11, 4]
	195:    [6, 13, 55]
	196:   [25, 18, 59]
	197:   [26, 32, 38]
	198:   [20, 22, 21]
	199:   [40, 41, 35]
	200:   [24, 35, 41]
	201:   [36, 37, 69]
	202:   [19, 21, 22]
	203:    [11, 42, 4]
	204:   [32, 31, 29]
	205:   [72, 40, 33]
	206:   [60, 22, 20]
	207:    [56, 17, 9]
	208:     [8, 3, 11]
	209:     [4, 6, 13]
	210:   [58, 14, 50]
	211:    [0, 42, 21]
	212:    [48, 5, 12]
	213:   [37, 36, 30]
	214:   [42, 21, 22]
	215:    [42, 11, 4]
	216:     [1, 9, 17]
	217:   [32, 26, 75]
	218:     [10, 2, 5]
	219:   [32, 31, 37]
	220:    [8, 13, 55]
	221:     [49, 8, 3]
	222:   [62, 29, 31]
	223:     [1, 7, 74]
	224:   [16, 15, 52]
	225:   [42, 75, 11]
	226:    [0, 42, 11]
	227:   [36, 37, 31]
	228:   [21, 19, 53]
	229:    [9, 17, 25]
	230:   [36, 30, 28]
	231:   [28, 29, 31]
	232:   [18, 25, 63]
	233:   [32, 38, 39]
	234:     [4, 74, 7]
	235:   [24, 23, 33]
	236:    [24, 12, 5]
	237:   [24, 23, 51]
	238:   [26, 32, 31]
	239:   [57, 27, 34]
	240:   [29, 28, 30]
	241:    [0, 21, 22]
	242:    [17, 9, 43]
	243:   [20, 16, 15]
	244:      [9, 1, 7]
	245: [4, 6, 13, 55]
	246: [40, 33, 23, 24]
	247: [42, 11, 4, 74]
	248:  [2, 5, 12, 7]
	249: [11, 42, 4, 74]
	250: [22, 21, 19, 53]
	251: [69, 37, 31, 29]
	252: [30, 36, 37, 31]
	253: [8, 3, 11, 75]
	254: [12, 24, 23, 33]
	255: [4, 42, 21, 22]
	256: [12, 24, 23, 51]
	257: [11, 42, 21, 19]
	258:  [3, 8, 13, 6]
	259: [42, 4, 6, 47]
	260: [21, 42, 11, 75]
	261: [3, 11, 42, 21]
	262: [20, 16, 15, 52]
	263: [5, 12, 24, 23]
	264: [42, 21, 22, 60]
	265: [70, 38, 32, 31]
	266: [21, 19, 15, 16]
	267: [75, 26, 32, 38]
	268: [76, 16, 15, 19]
	269: [21, 19, 15, 52]
	270: [10, 1, 7, 12]
	271: [32, 26, 75, 11]
	272: [11, 42, 74, 7]
	273: [16, 76, 14, 44]
	274: [18, 10, 2, 45]
	275: [2, 5, 12, 24]
	276:  [43, 9, 1, 7]
	277: [42, 4, 11, 3]
	278: [27, 34, 39, 38]
	279: [9, 17, 25, 18]
	280: [70, 38, 39, 71]
	281: [11, 42, 21, 0]
	282: [1, 10, 2, 45]
	283: [38, 32, 31, 29]
	284: [36, 37, 31, 29]
	285: [32, 31, 29, 28]
	286: [32, 38, 39, 34]
	287: [74, 42, 21, 19]
	288: [8, 13, 6, 47]
	289: [20, 22, 21, 19]
	290: [42, 21, 19, 53]
	291: [74, 4, 11, 75]
	292: [35, 24, 23, 33]
	293:  [4, 6, 13, 8]
	294: [35, 24, 23, 51]
	295: [55, 13, 6, 47]
	296: [75, 26, 27, 34]
	297: [25, 18, 10, 2]
	298: [54, 20, 22, 21]
	299: [20, 16, 15, 19]
	300: [22, 21, 19, 15]
	301: [11, 3, 8, 13]
	302:  [3, 11, 4, 6]
	303: [13, 8, 3, 46]
	304: [49, 8, 3, 46]
	305: [50, 14, 76, 16]
	306: [56, 17, 9, 43]
	307: [68, 36, 37, 69]
	308: [38, 32, 31, 37]
	309: [75, 42, 4, 11]
	310: [29, 28, 30, 64]
	311: [11, 4, 6, 47]
	312: [23, 24, 12, 7]
	313: [24, 35, 41, 73]
	314: [20, 22, 21, 0]
	315: [35, 24, 12, 5]
	316: [42, 4, 6, 13]
	317: [10, 2, 5, 12]
	318: [21, 42, 4, 11]
	319: [75, 42, 4, 6]
	320: [0, 42, 21, 19]
	321: [25, 18, 10, 1]
	322: [75, 42, 11, 4]
	323: [42, 0, 21, 22]
	324: [15, 16, 20, 54]
	325: [53, 19, 15, 16]
	326: [59, 18, 25, 63]
	327: [48, 5, 12, 24]
	328: [0, 21, 42, 75]
	329: [26, 27, 34, 67]
	330: [21, 42, 4, 6]
	331: [29, 28, 30, 36]
	332: [26, 75, 11, 3]
	333:  [8, 3, 11, 4]
	334: [42, 4, 74, 7]
	335: [17, 25, 18, 10]
	336: [12, 5, 2, 45]
	337: [28, 29, 31, 37]
	338: [42, 21, 19, 15]
	339: [27, 26, 75, 11]
	340: [15, 16, 20, 22]
	341: [56, 17, 9, 1]
	342: [21, 42, 11, 4]
	343: [0, 42, 75, 26]
	344: [75, 42, 21, 22]
	345: [12, 24, 35, 66]
	346:  [9, 1, 7, 74]
	347: [74, 42, 11, 75]
	348: [57, 27, 34, 39]
	349: [24, 35, 41, 40]
	350: [26, 75, 42, 4]
	351: [40, 33, 23, 51]
	352: [32, 26, 27, 34]
	353: [42, 11, 75, 26]
	354: [68, 36, 37, 31]
	355: [21, 42, 75, 11]
	356: [0, 21, 22, 60]
	357: [26, 27, 34, 39]
	358: [76, 16, 20, 22]
	359: [74, 4, 6, 47]
	360: [62, 29, 28, 30]
	361: [0, 42, 21, 22]
	362: [58, 14, 76, 16]
	363: [32, 31, 37, 69]
	364: [14, 76, 16, 20]
	365:  [4, 74, 7, 1]
	366: [32, 38, 39, 71]
	367: [26, 32, 31, 37]
	368: [35, 41, 40, 33]
	369: [48, 5, 2, 45]
	370: [42, 11, 4, 6]
	371: [31, 29, 28, 30]
	372: [18, 10, 2, 5]
	373: [3, 8, 13, 55]
	374: [14, 76, 16, 15]
	375: [72, 40, 33, 65]
	376: [74, 4, 42, 0]
	377: [9, 17, 25, 63]
	378: [64, 30, 36, 37]
	379: [0, 42, 11, 75]
	380: [21, 0, 42, 11]
	381: [32, 26, 75, 42]
	382: [31, 29, 28, 61]
	383: [26, 32, 38, 39]
	384: [26, 75, 42, 74]
	385: [27, 26, 32, 38]
	386: [1, 7, 74, 42]
	387: [49, 8, 13, 6]
	388:  [6, 4, 74, 7]
	389: [11, 42, 21, 22]
	390: [75, 42, 74, 4]
	391: [32, 31, 37, 36]
	392: [39, 38, 32, 31]
	393: [16, 20, 22, 21]
	394: [74, 4, 11, 3]
	395: [74, 4, 42, 75]
	396: [21, 42, 74, 4]
	397: [74, 42, 4, 11]
	398: [72, 40, 33, 23]
	399: [40, 41, 35, 66]
	400: [43, 9, 1, 10]
	401: [74, 4, 6, 13]
	402: [67, 34, 39, 71]
	403: [74, 42, 4, 6]
	404: [57, 27, 34, 67]
	405: [9, 1, 10, 18]
	406: [74, 42, 21, 22]
	407: [75, 26, 32, 31]
	408: [65, 33, 23, 24]
	409: [74, 42, 11, 4]
	410: [4, 42, 21, 19]
	411:  [9, 1, 7, 12]
	412:  [2, 10, 1, 7]
	413: [53, 19, 15, 52]
	414: [75, 42, 74, 7]
	415: [74, 7, 12, 24]
	416: [68, 36, 30, 28]
	417: [3, 11, 75, 42]
	418: [56, 17, 25, 18]
	419: [32, 26, 27, 57]
	420: [59, 18, 10, 2]
	421: [0, 42, 4, 11]
	422: [74, 42, 75, 11]
	423: [4, 42, 74, 7]
	424: [3, 11, 42, 4]
	425:  [17, 9, 1, 7]
	426: [76, 16, 20, 54]
	427: [73, 41, 40, 33]
	428: [1, 9, 17, 25]
	429: [17, 25, 18, 59]
	430: [27, 26, 75, 42]
	431: [75, 42, 11, 3]
	432: [4, 42, 21, 0]
	433: [48, 5, 2, 10]
	434:  [0, 42, 4, 6]
	435: [75, 42, 0, 21]
	436: [42, 11, 3, 46]
	437: [67, 34, 39, 38]
	438: [0, 21, 42, 74]
	439: [74, 7, 12, 5]
	440: [7, 1, 10, 18]
	441: [42, 21, 22, 20]
	442: [57, 27, 26, 75]
	443: [42, 74, 7, 12]
	444: [0, 42, 11, 4]
	445: [0, 21, 19, 53]
	446: [72, 40, 41, 73]
	447: [1, 7, 12, 24]
	448: [11, 4, 6, 13]
	449: [75, 11, 4, 6]
	450: [11, 42, 4, 6]
	451: [10, 1, 9, 17]
	452: [26, 75, 42, 21]
	453: [63, 25, 18, 10]
	454: [62, 29, 28, 61]
	455: [42, 74, 4, 11]
	456: [0, 42, 75, 11]
	457: [73, 41, 35, 66]
	458:  [1, 10, 2, 5]
	459: [35, 24, 12, 7]
	460: [42, 4, 11, 75]
	461: [41, 40, 33, 65]
	462:  [9, 1, 10, 2]
	463: [11, 75, 42, 4]
	464: [42, 74, 4, 6]
	465: [0, 42, 11, 3]
	466: [49, 8, 3, 11]
	467: [60, 22, 20, 54]
	468: [60, 22, 21, 19]
	469:  [1, 7, 12, 5]
	470: [64, 30, 36, 68]
	471: [75, 11, 3, 46]
	472: [10, 1, 7, 74]
	473: [26, 75, 42, 11]
	474: [26, 32, 38, 70]
	475: [42, 11, 3, 8]
	476: [42, 0, 21, 19]
	477: [12, 24, 35, 41]
	478: [49, 8, 13, 55]
	479: [42, 75, 11, 4]
	480: [0, 42, 74, 4]
	481: [0, 21, 19, 15]
	482: [70, 38, 39, 34]
	483: [4, 74, 42, 11]
	484: [30, 36, 37, 69]
	485: [74, 4, 42, 21]
	486: [75, 42, 21, 19]
	487: [75, 11, 42, 4]
	488: [41, 40, 33, 23]
	489: [72, 40, 41, 35]
	490: [61, 28, 30, 64]
	491: [4, 11, 3, 46]
	492: [48, 5, 12, 7]
	493: [26, 75, 11, 4]
	494: [4, 74, 7, 12]
	495: [37, 36, 30, 28]
	496: [11, 4, 74, 7]
	497: [23, 24, 35, 66]
	498: [65, 33, 23, 51]
	499: [32, 31, 29, 62]
	500: [1, 10, 18, 59]
	501: [74, 42, 0, 21]
	502: [16, 20, 22, 60]
	503: [61, 28, 30, 36]
	504: [56, 17, 25, 63]
	505: [76, 16, 15, 52]
	506: [21, 0, 42, 4]
	507: [21, 42, 74, 7]
	508: [43, 9, 17, 25]
	509: [62, 29, 31, 37]
	510: [41, 35, 24, 23]
	511: [0, 42, 74, 7]
	512: [26, 32, 31, 29]
	513: [27, 26, 32, 31]
	514: [27, 34, 39, 71]
	515: [74, 42, 11, 3]

Condition number of B^T.B=G: 9.1482e+04
Using a factor of 1.300000 for bond detection.
Using svd_inv_thresh=3.1600e-04 for inversions.
Detecting primitive internals for 77 atoms.
Excluding 0 frozen atoms from the internal coordinate setup.
Skipping generation of dihedral [74, 4, 42, 6] as some of the the atoms are (close too) linear.
Checking 479 supplied typed primitives.
479 primitives are valid at the current Cartesians.
Defined primitives
	000:       [40, 41]
	001:       [10, 18]
	002:       [29, 31]
	003:       [15, 16]
	004:        [7, 12]
	005:       [13, 55]
	006:       [17, 25]
	007:       [21, 22]
	008:        [2, 45]
	009:       [28, 30]
	010:       [38, 70]
	011:        [9, 43]
	012:       [39, 71]
	013:       [11, 75]
	014:       [35, 41]
	015:       [28, 29]
	016:        [0, 42]
	017:       [42, 75]
	018:       [24, 35]
	019:       [34, 67]
	020:       [11, 42]
	021:       [30, 64]
	022:        [4, 11]
	023:       [12, 24]
	024:       [33, 65]
	025:       [34, 39]
	026:        [5, 12]
	027:        [8, 13]
	028:        [8, 49]
	029:        [1, 10]
	030:         [4, 6]
	031:       [22, 60]
	032:       [41, 73]
	033:        [3, 46]
	034:       [30, 36]
	035:       [23, 24]
	036:       [23, 33]
	037:        [6, 47]
	038:       [15, 52]
	039:       [40, 72]
	040:       [29, 62]
	041:         [1, 9]
	042:       [18, 25]
	043:       [17, 56]
	044:        [0, 21]
	045:       [14, 50]
	046:       [28, 61]
	047:       [19, 21]
	048:       [33, 40]
	049:         [3, 8]
	050:       [15, 19]
	051:       [36, 37]
	052:       [16, 76]
	053:        [6, 13]
	054:       [42, 74]
	055:        [3, 11]
	056:        [4, 74]
	057:        [5, 48]
	058:        [4, 42]
	059:       [35, 66]
	060:       [26, 75]
	061:       [31, 37]
	062:        [2, 10]
	063:       [23, 51]
	064:       [32, 38]
	065:       [20, 54]
	066:       [16, 20]
	067:        [9, 17]
	068:       [31, 32]
	069:         [2, 5]
	070:       [20, 22]
	071:       [38, 39]
	072:       [27, 57]
	073:       [19, 53]
	074:       [37, 69]
	075:       [27, 34]
	076:        [7, 74]
	077:       [25, 63]
	078:       [14, 58]
	079:       [26, 32]
	080:       [14, 76]
	081:         [1, 7]
	082:       [14, 44]
	083:       [26, 27]
	084:       [36, 68]
	085:       [18, 59]
	086:    [42, 74, 4]
	087:   [16, 15, 19]
	088:   [73, 41, 35]
	089:   [76, 16, 20]
	090:     [10, 1, 7]
	091:    [42, 4, 11]
	092:    [3, 11, 75]
	093:   [12, 24, 23]
	094:   [21, 19, 15]
	095:   [68, 36, 37]
	096:     [42, 4, 6]
	097:   [32, 26, 27]
	098:   [17, 25, 18]
	099:   [74, 42, 11]
	100:   [10, 18, 59]
	101:   [34, 39, 71]
	102:     [9, 1, 10]
	103:    [1, 10, 18]
	104:   [35, 24, 23]
	105:    [75, 42, 4]
	106:    [74, 7, 12]
	107:     [1, 7, 12]
	108:    [0, 42, 75]
	109:   [33, 23, 51]
	110:   [65, 33, 23]
	111:     [8, 13, 6]
	112:   [72, 40, 41]
	113:    [42, 0, 21]
	114:   [76, 14, 44]
	115:   [26, 75, 11]
	116:     [8, 3, 46]
	117:   [34, 39, 38]
	118:   [58, 14, 76]
	119:     [48, 5, 2]
	120:    [10, 2, 45]
	121:    [0, 42, 74]
	122:   [27, 34, 39]
	123:    [42, 11, 3]
	124:   [24, 35, 66]
	125:     [1, 9, 43]
	126:   [26, 75, 42]
	127:   [58, 14, 44]
	128:   [38, 39, 71]
	129:   [64, 30, 28]
	130:   [38, 32, 31]
	131:   [35, 24, 12]
	132:   [28, 29, 62]
	133:   [56, 17, 25]
	134:   [32, 38, 70]
	135:   [16, 20, 22]
	136:   [50, 14, 76]
	137:     [3, 11, 4]
	138:   [19, 15, 52]
	139:   [29, 28, 61]
	140:    [11, 3, 46]
	141:   [41, 40, 33]
	142:   [50, 14, 44]
	143:   [74, 42, 75]
	144:   [76, 16, 15]
	145:   [41, 35, 66]
	146:     [11, 4, 6]
	147:   [25, 18, 10]
	148:   [60, 22, 21]
	149:   [17, 25, 63]
	150:     [0, 42, 4]
	151:    [74, 4, 11]
	152:    [42, 74, 7]
	153:     [5, 12, 7]
	154:   [54, 20, 22]
	155:    [49, 8, 13]
	156:     [74, 4, 6]
	157:    [24, 12, 7]
	158:   [27, 34, 67]
	159:    [74, 4, 42]
	160:   [70, 38, 39]
	161:   [69, 37, 31]
	162:   [16, 76, 14]
	163:    [13, 6, 47]
	164:    [0, 21, 19]
	165:     [3, 8, 13]
	166:   [29, 31, 37]
	167:   [26, 27, 34]
	168:   [67, 34, 39]
	169:   [57, 27, 26]
	170:   [40, 33, 65]
	171:     [5, 2, 45]
	172:   [61, 28, 30]
	173:   [42, 11, 75]
	174:   [16, 20, 54]
	175:   [68, 36, 30]
	176:   [40, 41, 73]
	177:    [18, 10, 2]
	178:   [75, 42, 11]
	179:   [27, 26, 75]
	180:   [53, 19, 15]
	181:    [74, 42, 4]
	182:     [4, 6, 47]
	183:     [1, 10, 2]
	184:   [64, 30, 36]
	185:     [2, 5, 12]
	186:   [40, 33, 23]
	187:    [75, 11, 4]
	188:    [6, 13, 55]
	189:   [25, 18, 59]
	190:   [26, 32, 38]
	191:   [20, 22, 21]
	192:   [40, 41, 35]
	193:   [24, 35, 41]
	194:   [36, 37, 69]
	195:   [19, 21, 22]
	196:    [11, 42, 4]
	197:   [32, 31, 29]
	198:   [72, 40, 33]
	199:   [60, 22, 20]
	200:    [56, 17, 9]
	201:     [8, 3, 11]
	202:     [4, 6, 13]
	203:   [58, 14, 50]
	204:    [48, 5, 12]
	205:   [37, 36, 30]
	206:    [42, 11, 4]
	207:     [1, 9, 17]
	208:   [32, 26, 75]
	209:     [10, 2, 5]
	210:   [32, 31, 37]
	211:    [8, 13, 55]
	212:     [49, 8, 3]
	213:   [62, 29, 31]
	214:     [1, 7, 74]
	215:   [16, 15, 52]
	216:   [42, 75, 11]
	217:    [0, 42, 11]
	218:   [36, 37, 31]
	219:   [21, 19, 53]
	220:    [9, 17, 25]
	221:   [36, 30, 28]
	222:   [28, 29, 31]
	223:   [18, 25, 63]
	224:   [32, 38, 39]
	225:     [4, 74, 7]
	226:   [24, 23, 33]
	227:    [24, 12, 5]
	228:   [24, 23, 51]
	229:   [26, 32, 31]
	230:   [57, 27, 34]
	231:   [29, 28, 30]
	232:    [0, 21, 22]
	233:    [17, 9, 43]
	234:   [20, 16, 15]
	235:      [9, 1, 7]
	236: [4, 6, 13, 55]
	237: [40, 33, 23, 24]
	238: [42, 11, 4, 74]
	239:  [2, 5, 12, 7]
	240: [11, 42, 4, 74]
	241: [22, 21, 19, 53]
	242: [69, 37, 31, 29]
	243: [30, 36, 37, 31]
	244: [8, 3, 11, 75]
	245: [12, 24, 23, 33]
	246: [12, 24, 23, 51]
	247:  [3, 8, 13, 6]
	248: [42, 4, 6, 47]
	249: [20, 16, 15, 52]
	250: [5, 12, 24, 23]
	251: [70, 38, 32, 31]
	252: [21, 19, 15, 16]
	253: [75, 26, 32, 38]
	254: [76, 16, 15, 19]
	255: [21, 19, 15, 52]
	256: [10, 1, 7, 12]
	257: [32, 26, 75, 11]
	258: [11, 42, 74, 7]
	259: [16, 76, 14, 44]
	260: [18, 10, 2, 45]
	261: [2, 5, 12, 24]
	262:  [43, 9, 1, 7]
	263: [42, 4, 11, 3]
	264: [27, 34, 39, 38]
	265: [9, 17, 25, 18]
	266: [70, 38, 39, 71]
	267: [1, 10, 2, 45]
	268: [38, 32, 31, 29]
	269: [36, 37, 31, 29]
	270: [32, 31, 29, 28]
	271: [32, 38, 39, 34]
	272: [8, 13, 6, 47]
	273: [20, 22, 21, 19]
	274: [74, 4, 11, 75]
	275: [35, 24, 23, 33]
	276:  [4, 6, 13, 8]
	277: [35, 24, 23, 51]
	278: [55, 13, 6, 47]
	279: [75, 26, 27, 34]
	280: [25, 18, 10, 2]
	281: [54, 20, 22, 21]
	282: [20, 16, 15, 19]
	283: [22, 21, 19, 15]
	284: [11, 3, 8, 13]
	285:  [3, 11, 4, 6]
	286: [13, 8, 3, 46]
	287: [49, 8, 3, 46]
	288: [50, 14, 76, 16]
	289: [56, 17, 9, 43]
	290: [68, 36, 37, 69]
	291: [38, 32, 31, 37]
	292: [75, 42, 4, 11]
	293: [29, 28, 30, 64]
	294: [11, 4, 6, 47]
	295: [23, 24, 12, 7]
	296: [24, 35, 41, 73]
	297: [20, 22, 21, 0]
	298: [35, 24, 12, 5]
	299: [42, 4, 6, 13]
	300: [10, 2, 5, 12]
	301: [75, 42, 4, 6]
	302: [25, 18, 10, 1]
	303: [75, 42, 11, 4]
	304: [42, 0, 21, 22]
	305: [15, 16, 20, 54]
	306: [53, 19, 15, 16]
	307: [59, 18, 25, 63]
	308: [48, 5, 12, 24]
	309: [26, 27, 34, 67]
	310: [29, 28, 30, 36]
	311: [26, 75, 11, 3]
	312:  [8, 3, 11, 4]
	313: [42, 4, 74, 7]
	314: [17, 25, 18, 10]
	315: [12, 5, 2, 45]
	316: [28, 29, 31, 37]
	317: [27, 26, 75, 11]
	318: [15, 16, 20, 22]
	319: [56, 17, 9, 1]
	320: [0, 42, 75, 26]
	321: [12, 24, 35, 66]
	322:  [9, 1, 7, 74]
	323: [74, 42, 11, 75]
	324: [57, 27, 34, 39]
	325: [24, 35, 41, 40]
	326: [26, 75, 42, 4]
	327: [40, 33, 23, 51]
	328: [32, 26, 27, 34]
	329: [42, 11, 75, 26]
	330: [68, 36, 37, 31]
	331: [0, 21, 22, 60]
	332: [26, 27, 34, 39]
	333: [76, 16, 20, 22]
	334: [74, 4, 6, 47]
	335: [62, 29, 28, 30]
	336: [58, 14, 76, 16]
	337: [32, 31, 37, 69]
	338: [14, 76, 16, 20]
	339:  [4, 74, 7, 1]
	340: [32, 38, 39, 71]
	341: [26, 32, 31, 37]
	342: [35, 41, 40, 33]
	343: [48, 5, 2, 45]
	344: [42, 11, 4, 6]
	345: [31, 29, 28, 30]
	346: [18, 10, 2, 5]
	347: [3, 8, 13, 55]
	348: [14, 76, 16, 15]
	349: [72, 40, 33, 65]
	350: [74, 4, 42, 0]
	351: [9, 17, 25, 63]
	352: [64, 30, 36, 37]
	353: [0, 42, 11, 75]
	354: [21, 0, 42, 11]
	355: [32, 26, 75, 42]
	356: [31, 29, 28, 61]
	357: [26, 32, 38, 39]
	358: [26, 75, 42, 74]
	359: [27, 26, 32, 38]
	360: [1, 7, 74, 42]
	361: [49, 8, 13, 6]
	362:  [6, 4, 74, 7]
	363: [75, 42, 74, 4]
	364: [32, 31, 37, 36]
	365: [39, 38, 32, 31]
	366: [16, 20, 22, 21]
	367: [74, 4, 11, 3]
	368: [74, 4, 42, 75]
	369: [74, 42, 4, 11]
	370: [72, 40, 33, 23]
	371: [40, 41, 35, 66]
	372: [43, 9, 1, 10]
	373: [74, 4, 6, 13]
	374: [67, 34, 39, 71]
	375: [74, 42, 4, 6]
	376: [57, 27, 34, 67]
	377: [9, 1, 10, 18]
	378: [75, 26, 32, 31]
	379: [65, 33, 23, 24]
	380: [74, 42, 11, 4]
	381:  [9, 1, 7, 12]
	382:  [2, 10, 1, 7]
	383: [53, 19, 15, 52]
	384: [75, 42, 74, 7]
	385: [74, 7, 12, 24]
	386: [68, 36, 30, 28]
	387: [3, 11, 75, 42]
	388: [56, 17, 25, 18]
	389: [32, 26, 27, 57]
	390: [59, 18, 10, 2]
	391: [0, 42, 4, 11]
	392: [74, 42, 75, 11]
	393: [4, 42, 74, 7]
	394: [3, 11, 42, 4]
	395:  [17, 9, 1, 7]
	396: [76, 16, 20, 54]
	397: [73, 41, 40, 33]
	398: [1, 9, 17, 25]
	399: [17, 25, 18, 59]
	400: [27, 26, 75, 42]
	401: [75, 42, 11, 3]
	402: [48, 5, 2, 10]
	403:  [0, 42, 4, 6]
	404: [75, 42, 0, 21]
	405: [42, 11, 3, 46]
	406: [67, 34, 39, 38]
	407: [74, 7, 12, 5]
	408: [7, 1, 10, 18]
	409: [57, 27, 26, 75]
	410: [42, 74, 7, 12]
	411: [0, 42, 11, 4]
	412: [0, 21, 19, 53]
	413: [72, 40, 41, 73]
	414: [1, 7, 12, 24]
	415: [11, 4, 6, 13]
	416: [75, 11, 4, 6]
	417: [11, 42, 4, 6]
	418: [10, 1, 9, 17]
	419: [63, 25, 18, 10]
	420: [62, 29, 28, 61]
	421: [42, 74, 4, 11]
	422: [0, 42, 75, 11]
	423: [73, 41, 35, 66]
	424:  [1, 10, 2, 5]
	425: [35, 24, 12, 7]
	426: [42, 4, 11, 75]
	427: [41, 40, 33, 65]
	428:  [9, 1, 10, 2]
	429: [11, 75, 42, 4]
	430: [42, 74, 4, 6]
	431: [0, 42, 11, 3]
	432: [49, 8, 3, 11]
	433: [60, 22, 20, 54]
	434: [60, 22, 21, 19]
	435:  [1, 7, 12, 5]
	436: [64, 30, 36, 68]
	437: [75, 11, 3, 46]
	438: [10, 1, 7, 74]
	439: [26, 75, 42, 11]
	440: [26, 32, 38, 70]
	441: [42, 11, 3, 8]
	442: [42, 0, 21, 19]
	443: [12, 24, 35, 41]
	444: [49, 8, 13, 55]
	445: [42, 75, 11, 4]
	446: [0, 42, 74, 4]
	447: [0, 21, 19, 15]
	448: [70, 38, 39, 34]
	449: [4, 74, 42, 11]
	450: [30, 36, 37, 69]
	451: [75, 11, 42, 4]
	452: [41, 40, 33, 23]
	453: [72, 40, 41, 35]
	454: [61, 28, 30, 64]
	455: [4, 11, 3, 46]
	456: [48, 5, 12, 7]
	457: [26, 75, 11, 4]
	458: [4, 74, 7, 12]
	459: [37, 36, 30, 28]
	460: [11, 4, 74, 7]
	461: [23, 24, 35, 66]
	462: [65, 33, 23, 51]
	463: [32, 31, 29, 62]
	464: [1, 10, 18, 59]
	465: [74, 42, 0, 21]
	466: [16, 20, 22, 60]
	467: [61, 28, 30, 36]
	468: [56, 17, 25, 63]
	469: [76, 16, 15, 52]
	470: [21, 0, 42, 4]
	471: [43, 9, 17, 25]
	472: [62, 29, 31, 37]
	473: [41, 35, 24, 23]
	474: [0, 42, 74, 7]
	475: [26, 32, 31, 29]
	476: [27, 26, 32, 31]
	477: [27, 34, 39, 71]
	478: [74, 42, 11, 3]

Condition number of B^T.B=G: 1.2642e+05
Backtransformation 0
Cycle 0: rms(Δcart)=4.2182e-01, rms(Δint.) = 7.19471e-03
Cycle 1: rms(Δcart)=3.5283e-02, rms(Δint.) = 4.68357e-04
Cycle 2: rms(Δcart)=6.4488e-03, rms(Δint.) = 2.40007e-04
Cycle 3: rms(Δcart)=1.0434e-03, rms(Δint.) = 4.48500e-05
Cycle 4: rms(Δcart)=2.0563e-04, rms(Δint.) = 3.97122e-05
Cycle 5: rms(Δcart)=3.4267e-05, rms(Δint.) = 3.87950e-05
Cycle 6: rms(Δcart)=7.1539e-06, rms(Δint.) = 3.87802e-05
Cycle 7: rms(Δcart)=1.2571e-06, rms(Δint.) = 3.87789e-05
Cycle 8: rms(Δcart)=2.7043e-07, rms(Δint.) = 3.87789e-05
Internal->Cartesian transformation converged in 9 cycle(s)!

Backtransformation 1
Cycle 0: rms(Δcart)=3.5469e-01, rms(Δint.) = 4.83034e-03
Cycle 1: rms(Δcart)=2.5451e-02, rms(Δint.) = 2.28882e-04
Cycle 2: rms(Δcart)=3.3816e-03, rms(Δint.) = 9.96844e-05
Cycle 3: rms(Δcart)=4.8103e-04, rms(Δint.) = 3.55252e-05
Cycle 4: rms(Δcart)=6.4469e-05, rms(Δint.) = 3.48434e-05
Cycle 5: rms(Δcart)=9.2876e-06, rms(Δint.) = 3.47953e-05
Cycle 6: rms(Δcart)=1.2501e-06, rms(Δint.) = 3.47946e-05
Cycle 7: rms(Δcart)=1.8270e-07, rms(Δint.) = 3.47946e-05
Internal->Cartesian transformation converged in 8 cycle(s)!

Backtransformation 2
Cycle 0: rms(Δcart)=1.0477e-01, rms(Δint.) = 5.78598e-04
Cycle 1: rms(Δcart)=2.0361e-03, rms(Δint.) = 1.09312e-05
Cycle 2: rms(Δcart)=9.7161e-05, rms(Δint.) = 5.58195e-06
Cycle 3: rms(Δcart)=4.4459e-06, rms(Δint.) = 5.42026e-06
Cycle 4: rms(Δcart)=2.3106e-07, rms(Δint.) = 5.42022e-06
Internal->Cartesian transformation converged in 5 cycle(s)!

Backtransformation 3
Cycle 0: rms(Δcart)=9.6965e-02, rms(Δint.) = 4.43142e-04
Cycle 1: rms(Δcart)=1.8863e-03, rms(Δint.) = 7.54472e-06
Cycle 2: rms(Δcart)=8.0561e-05, rms(Δint.) = 4.69679e-06
Cycle 3: rms(Δcart)=3.6580e-06, rms(Δint.) = 4.59554e-06
Cycle 4: rms(Δcart)=1.7875e-07, rms(Δint.) = 4.59551e-06
Internal->Cartesian transformation converged in 5 cycle(s)!

Backtransformation 4
Cycle 0: rms(Δcart)=1.3005e-01, rms(Δint.) = 1.23955e-03
Cycle 1: rms(Δcart)=4.0276e-03, rms(Δint.) = 8.23422e-05
Cycle 2: rms(Δcart)=2.8314e-04, rms(Δint.) = 7.74211e-05
Cycle 3: rms(Δcart)=1.9921e-05, rms(Δint.) = 7.71082e-05
Cycle 4: rms(Δcart)=1.5656e-06, rms(Δint.) = 7.71081e-05
Cycle 5: rms(Δcart)=1.1576e-07, rms(Δint.) = 7.71080e-05
Internal->Cartesian transformation converged in 6 cycle(s)!

Backtransformation 5
Cycle 0: rms(Δcart)=1.1161e-01, rms(Δint.) = 8.31163e-04
Cycle 1: rms(Δcart)=2.6923e-03, rms(Δint.) = 7.02213e-05
Cycle 2: rms(Δcart)=1.6407e-04, rms(Δint.) = 6.85532e-05
Cycle 3: rms(Δcart)=1.2826e-05, rms(Δint.) = 6.84658e-05
Cycle 4: rms(Δcart)=9.1723e-07, rms(Δint.) = 6.84657e-05
Internal->Cartesian transformation converged in 5 cycle(s)!

Backtransformation 6
Cycle 0: rms(Δcart)=3.4645e-02, rms(Δint.) = 1.84401e-04
Cycle 1: rms(Δcart)=1.1048e-03, rms(Δint.) = 1.15000e-05
Cycle 2: rms(Δcart)=3.9060e-05, rms(Δint.) = 1.08270e-05
Cycle 3: rms(Δcart)=2.1159e-06, rms(Δint.) = 1.08221e-05
Cycle 4: rms(Δcart)=8.7213e-08, rms(Δint.) = 1.08221e-05
Internal->Cartesian transformation converged in 5 cycle(s)!

Backtransformation 7
Cycle 0: rms(Δcart)=5.3456e-02, rms(Δint.) = 1.47089e-04
Cycle 1: rms(Δcart)=5.9654e-04, rms(Δint.) = 8.97696e-06
Cycle 2: rms(Δcart)=1.9387e-05, rms(Δint.) = 8.60951e-06
Cycle 3: rms(Δcart)=6.0362e-07, rms(Δint.) = 8.60823e-06
Internal->Cartesian transformation converged in 4 cycle(s)!

Backtransformation 8
Cycle 0: rms(Δcart)=5.9574e-02, rms(Δint.) = 1.52706e-04
Cycle 1: rms(Δcart)=7.2817e-04, rms(Δint.) = 5.63210e-05
Cycle 2: rms(Δcart)=2.0357e-05, rms(Δint.) = 5.62585e-05
Cycle 3: rms(Δcart)=3.8451e-07, rms(Δint.) = 5.62586e-05
Internal->Cartesian transformation converged in 4 cycle(s)!

Backtransformation 9
Cycle 0: rms(Δcart)=7.2931e-02, rms(Δint.) = 4.13539e-04
Cycle 1: rms(Δcart)=1.1513e-03, rms(Δint.) = 1.29185e-05
Cycle 2: rms(Δcart)=5.6687e-05, rms(Δint.) = 1.02400e-05
Cycle 3: rms(Δcart)=2.8309e-06, rms(Δint.) = 1.01862e-05
Cycle 4: rms(Δcart)=1.4879e-07, rms(Δint.) = 1.01861e-05
Internal->Cartesian transformation converged in 5 cycle(s)!

Backtransformation 10
Cycle 0: rms(Δcart)=1.1022e-01, rms(Δint.) = 9.37311e-04
Cycle 1: rms(Δcart)=2.8189e-03, rms(Δint.) = 8.04166e-05
Cycle 2: rms(Δcart)=1.9517e-04, rms(Δint.) = 7.07525e-05
Cycle 3: rms(Δcart)=1.5198e-05, rms(Δint.) = 7.05419e-05
Cycle 4: rms(Δcart)=1.2777e-06, rms(Δint.) = 7.05415e-05
Cycle 5: rms(Δcart)=1.1285e-07, rms(Δint.) = 7.05415e-05
Internal->Cartesian transformation converged in 6 cycle(s)!

Backtransformation 11
Cycle 0: rms(Δcart)=4.9812e-02, rms(Δint.) = 1.39706e-04
Cycle 1: rms(Δcart)=7.3721e-04, rms(Δint.) = 5.51584e-05
Cycle 2: rms(Δcart)=3.4239e-05, rms(Δint.) = 5.51090e-05
Cycle 3: rms(Δcart)=1.3718e-06, rms(Δint.) = 5.51022e-05
Cycle 4: rms(Δcart)=6.7867e-08, rms(Δint.) = 5.51025e-05
Internal->Cartesian transformation converged in 5 cycle(s)!

Backtransformation 12
Cycle 0: rms(Δcart)=4.7892e-02, rms(Δint.) = 1.40828e-04
Cycle 1: rms(Δcart)=6.5427e-04, rms(Δint.) = 6.73573e-05
Cycle 2: rms(Δcart)=3.3536e-05, rms(Δint.) = 6.73393e-05
Cycle 3: rms(Δcart)=1.5985e-06, rms(Δint.) = 6.73309e-05
Cycle 4: rms(Δcart)=8.4106e-08, rms(Δint.) = 6.73314e-05
Internal->Cartesian transformation converged in 5 cycle(s)!

Backtransformation 13
Cycle 0: rms(Δcart)=3.7315e-02, rms(Δint.) = 1.38979e-04
Cycle 1: rms(Δcart)=5.5174e-04, rms(Δint.) = 4.34013e-06
Cycle 2: rms(Δcart)=1.3405e-05, rms(Δint.) = 3.98970e-06
Cycle 3: rms(Δcart)=5.2866e-07, rms(Δint.) = 3.98713e-06
Internal->Cartesian transformation converged in 4 cycle(s)!

Backtransformation 14
Cycle 0: rms(Δcart)=5.6199e-02, rms(Δint.) = 1.76350e-04
Cycle 1: rms(Δcart)=6.3904e-04, rms(Δint.) = 4.60815e-06
Cycle 2: rms(Δcart)=1.8755e-05, rms(Δint.) = 4.09547e-06
Cycle 3: rms(Δcart)=6.2821e-07, rms(Δint.) = 4.09185e-06
Internal->Cartesian transformation converged in 4 cycle(s)!

Backtransformation 15
Cycle 0: rms(Δcart)=3.0938e-02, rms(Δint.) = 9.65229e-05
Cycle 1: rms(Δcart)=2.7884e-04, rms(Δint.) = 2.30510e-06
Cycle 2: rms(Δcart)=6.2998e-06, rms(Δint.) = 2.11149e-06
Cycle 3: rms(Δcart)=1.6036e-07, rms(Δint.) = 2.11049e-06
Internal->Cartesian transformation converged in 4 cycle(s)!

Backtransformation 16
Cycle 0: rms(Δcart)=1.5141e-02, rms(Δint.) = 2.08195e-05
Cycle 1: rms(Δcart)=6.7809e-05, rms(Δint.) = 8.18994e-06
Cycle 2: rms(Δcart)=7.3806e-07, rms(Δint.) = 8.18917e-06
Internal->Cartesian transformation converged in 3 cycle(s)!

Backtransformation 17
Cycle 0: rms(Δcart)=1.0017e-02, rms(Δint.) = 5.71834e-05
Cycle 1: rms(Δcart)=4.0748e-04, rms(Δint.) = 3.88128e-05
Cycle 2: rms(Δcart)=2.3986e-06, rms(Δint.) = 3.88213e-05
Cycle 3: rms(Δcart)=3.1357e-07, rms(Δint.) = 3.88209e-05
Internal->Cartesian transformation converged in 4 cycle(s)!

Backtransformation 18
Cycle 0: rms(Δcart)=1.4142e-02, rms(Δint.) = 9.10532e-05
Cycle 1: rms(Δcart)=6.7784e-04, rms(Δint.) = 5.74772e-05
Cycle 2: rms(Δcart)=5.5257e-06, rms(Δint.) = 5.74921e-05
Cycle 3: rms(Δcart)=8.7248e-07, rms(Δint.) = 5.74900e-05
Internal->Cartesian transformation converged in 4 cycle(s)!

Backtransformation 19
Cycle 0: rms(Δcart)=1.7857e-02, rms(Δint.) = 2.52876e-04
Cycle 1: rms(Δcart)=1.7377e-03, rms(Δint.) = 1.48979e-04
Cycle 2: rms(Δcart)=4.1258e-05, rms(Δint.) = 1.48914e-04
Cycle 3: rms(Δcart)=7.0890e-06, rms(Δint.) = 1.48867e-04
Cycle 4: rms(Δcart)=5.5386e-07, rms(Δint.) = 1.48871e-04
Internal->Cartesian transformation converged in 5 cycle(s)!

Backtransformation 20
Cycle 0: rms(Δcart)=5.7769e-03, rms(Δint.) = 2.84393e-06
Cycle 1: rms(Δcart)=1.2356e-05, rms(Δint.) = 1.27918e-06
Cycle 2: rms(Δcart)=4.5197e-08, rms(Δint.) = 1.27917e-06
Internal->Cartesian transformation converged in 3 cycle(s)!

Backtransformation 21
Cycle 0: rms(Δcart)=4.1004e-03, rms(Δint.) = 2.77549e-06
Cycle 1: rms(Δcart)=8.0916e-06, rms(Δint.) = 6.27470e-07
Cycle 2: rms(Δcart)=2.4212e-08, rms(Δint.) = 6.27435e-07
Internal->Cartesian transformation converged in 3 cycle(s)!

Backtransformation 22
Cycle 0: rms(Δcart)=2.2134e-03, rms(Δint.) = 6.81429e-06
Cycle 1: rms(Δcart)=3.1694e-05, rms(Δint.) = 2.55052e-06
Cycle 2: rms(Δcart)=2.6603e-07, rms(Δint.) = 2.55009e-06
Internal->Cartesian transformation converged in 3 cycle(s)!

Backtransformation 23
Cycle 0: rms(Δcart)=1.6157e-03, rms(Δint.) = 3.77643e-06
Cycle 1: rms(Δcart)=1.3597e-05, rms(Δint.) = 2.63486e-06
Cycle 2: rms(Δcart)=2.2385e-07, rms(Δint.) = 2.63456e-06
Internal->Cartesian transformation converged in 3 cycle(s)!

Backtransformation 24
Cycle 0: rms(Δcart)=1.2792e-03, rms(Δint.) = 7.38132e-06
Cycle 1: rms(Δcart)=3.1110e-05, rms(Δint.) = 3.55578e-06
Cycle 2: rms(Δcart)=3.2691e-07, rms(Δint.) = 3.55522e-06
Internal->Cartesian transformation converged in 3 cycle(s)!

Backtransformation 25
Cycle 0: rms(Δcart)=1.1649e-03, rms(Δint.) = 4.93803e-06
Cycle 1: rms(Δcart)=1.7696e-05, rms(Δint.) = 3.56828e-06
Cycle 2: rms(Δcart)=1.4185e-07, rms(Δint.) = 3.56820e-06
Internal->Cartesian transformation converged in 3 cycle(s)!

Backtransformation 26
Cycle 0: rms(Δcart)=1.3274e-03, rms(Δint.) = 3.99874e-06
Cycle 1: rms(Δcart)=1.6482e-05, rms(Δint.) = 2.21005e-06
Cycle 2: rms(Δcart)=5.8118e-08, rms(Δint.) = 2.21002e-06
Internal->Cartesian transformation converged in 3 cycle(s)!

Backtransformation 27
Cycle 0: rms(Δcart)=1.4533e-03, rms(Δint.) = 2.86250e-06
Cycle 1: rms(Δcart)=4.0889e-06, rms(Δint.) = 2.74352e-06
Cycle 2: rms(Δcart)=7.1890e-09, rms(Δint.) = 2.74352e-06
Internal->Cartesian transformation converged in 3 cycle(s)!

Using a factor of 1.300000 for bond detection.
Using svd_inv_thresh=3.1600e-04 for inversions.
Detecting primitive internals for 77 atoms.
Excluding 0 frozen atoms from the internal coordinate setup.
Skipping generation of dihedral [74, 4, 42, 6] as some of the the atoms are (close too) linear.
Checking 560 supplied typed primitives.
560 primitives are valid at the current Cartesians.
Defined primitives
	000:       [22, 42]
	001:       [40, 41]
	002:       [10, 18]
	003:       [29, 31]
	004:       [15, 16]
	005:        [7, 12]
	006:       [13, 55]
	007:       [17, 25]
	008:       [21, 22]
	009:        [2, 45]
	010:       [28, 30]
	011:       [38, 70]
	012:        [9, 43]
	013:       [39, 71]
	014:       [11, 75]
	015:       [35, 41]
	016:       [28, 29]
	017:        [0, 42]
	018:       [42, 75]
	019:       [24, 35]
	020:       [34, 67]
	021:       [11, 42]
	022:       [30, 64]
	023:        [4, 11]
	024:       [12, 24]
	025:       [33, 65]
	026:       [34, 39]
	027:        [5, 12]
	028:        [8, 13]
	029:        [8, 49]
	030:        [1, 10]
	031:         [4, 6]
	032:       [22, 60]
	033:       [41, 73]
	034:        [3, 46]
	035:       [30, 36]
	036:       [23, 24]
	037:       [23, 33]
	038:        [6, 47]
	039:       [15, 52]
	040:       [40, 72]
	041:       [29, 62]
	042:         [1, 9]
	043:       [18, 25]
	044:       [17, 56]
	045:        [0, 21]
	046:       [14, 50]
	047:       [28, 61]
	048:       [19, 21]
	049:       [33, 40]
	050:         [3, 8]
	051:       [15, 19]
	052:       [36, 37]
	053:       [16, 76]
	054:        [6, 13]
	055:       [21, 42]
	056:       [42, 74]
	057:        [3, 11]
	058:        [4, 74]
	059:        [5, 48]
	060:        [4, 42]
	061:       [35, 66]
	062:       [26, 75]
	063:       [31, 37]
	064:        [2, 10]
	065:       [23, 51]
	066:       [32, 38]
	067:       [20, 54]
	068:       [16, 20]
	069:        [9, 17]
	070:       [31, 32]
	071:         [2, 5]
	072:       [20, 22]
	073:       [38, 39]
	074:       [27, 57]
	075:       [19, 53]
	076:       [37, 69]
	077:       [27, 34]
	078:        [7, 74]
	079:       [25, 63]
	080:       [14, 58]
	081:       [26, 32]
	082:       [14, 76]
	083:         [1, 7]
	084:       [14, 44]
	085:       [26, 27]
	086:       [36, 68]
	087:       [18, 59]
	088:    [42, 74, 4]
	089:   [16, 15, 19]
	090:   [73, 41, 35]
	091:   [76, 16, 20]
	092:   [74, 42, 21]
	093:     [10, 1, 7]
	094:    [42, 4, 11]
	095:    [4, 42, 22]
	096:    [3, 11, 75]
	097:   [12, 24, 23]
	098:   [21, 19, 15]
	099:   [68, 36, 37]
	100:     [42, 4, 6]
	101:   [32, 26, 27]
	102:   [42, 22, 60]
	103:   [17, 25, 18]
	104:   [74, 42, 11]
	105:   [10, 18, 59]
	106:   [34, 39, 71]
	107:     [9, 1, 10]
	108:    [1, 10, 18]
	109:   [35, 24, 23]
	110:    [4, 42, 21]
	111:    [75, 42, 4]
	112:   [75, 42, 22]
	113:    [74, 7, 12]
	114:     [1, 7, 12]
	115:    [0, 42, 75]
	116:   [33, 23, 51]
	117:   [65, 33, 23]
	118:   [11, 42, 21]
	119:     [8, 13, 6]
	120:   [72, 40, 41]
	121:    [42, 0, 21]
	122:   [76, 14, 44]
	123:   [26, 75, 11]
	124:     [8, 3, 46]
	125:   [34, 39, 38]
	126:   [58, 14, 76]
	127:     [48, 5, 2]
	128:    [10, 2, 45]
	129:    [0, 42, 74]
	130:   [27, 34, 39]
	131:    [42, 11, 3]
	132:   [24, 35, 66]
	133:     [1, 9, 43]
	134:   [26, 75, 42]
	135:   [58, 14, 44]
	136:   [38, 39, 71]
	137:   [64, 30, 28]
	138:   [38, 32, 31]
	139:   [35, 24, 12]
	140:   [28, 29, 62]
	141:   [56, 17, 25]
	142:   [32, 38, 70]
	143:   [16, 20, 22]
	144:   [50, 14, 76]
	145:     [3, 11, 4]
	146:   [19, 15, 52]
	147:   [42, 22, 21]
	148:   [29, 28, 61]
	149:    [11, 3, 46]
	150:   [41, 40, 33]
	151:   [50, 14, 44]
	152:   [74, 42, 75]
	153:   [76, 16, 15]
	154:   [41, 35, 66]
	155:     [11, 4, 6]
	156:   [25, 18, 10]
	157:   [42, 21, 19]
	158:   [60, 22, 21]
	159:   [17, 25, 63]
	160:     [0, 42, 4]
	161:    [0, 42, 22]
	162:    [74, 4, 11]
	163:    [42, 74, 7]
	164:     [5, 12, 7]
	165:   [54, 20, 22]
	166:    [49, 8, 13]
	167:     [74, 4, 6]
	168:    [24, 12, 7]
	169:   [27, 34, 67]
	170:    [74, 4, 42]
	171:   [70, 38, 39]
	172:   [69, 37, 31]
	173:    [0, 21, 42]
	174:   [16, 76, 14]
	175:    [13, 6, 47]
	176:   [75, 42, 21]
	177:    [0, 21, 19]
	178:     [3, 8, 13]
	179:   [29, 31, 37]
	180:   [26, 27, 34]
	181:   [67, 34, 39]
	182:   [57, 27, 26]
	183:   [40, 33, 65]
	184:     [5, 2, 45]
	185:   [61, 28, 30]
	186:   [42, 11, 75]
	187:   [16, 20, 54]
	188:   [68, 36, 30]
	189:   [40, 41, 73]
	190:    [18, 10, 2]
	191:   [75, 42, 11]
	192:   [27, 26, 75]
	193:   [53, 19, 15]
	194:    [74, 42, 4]
	195:     [4, 6, 47]
	196:     [1, 10, 2]
	197:   [64, 30, 36]
	198:     [2, 5, 12]
	199:   [40, 33, 23]
	200:    [75, 11, 4]
	201:   [42, 22, 20]
	202:    [6, 13, 55]
	203:   [25, 18, 59]
	204:   [26, 32, 38]
	205:   [20, 22, 21]
	206:   [40, 41, 35]
	207:   [24, 35, 41]
	208:   [36, 37, 69]
	209:   [19, 21, 22]
	210:    [11, 42, 4]
	211:   [32, 31, 29]
	212:   [11, 42, 22]
	213:   [72, 40, 33]
	214:   [60, 22, 20]
	215:    [56, 17, 9]
	216:     [8, 3, 11]
	217:     [4, 6, 13]
	218:   [58, 14, 50]
	219:    [0, 42, 21]
	220:    [48, 5, 12]
	221:   [37, 36, 30]
	222:   [42, 21, 22]
	223:    [42, 11, 4]
	224:     [1, 9, 17]
	225:   [32, 26, 75]
	226:     [10, 2, 5]
	227:   [32, 31, 37]
	228:    [8, 13, 55]
	229:     [49, 8, 3]
	230:   [62, 29, 31]
	231:     [1, 7, 74]
	232:   [16, 15, 52]
	233:   [42, 75, 11]
	234:    [0, 42, 11]
	235:   [36, 37, 31]
	236:   [21, 19, 53]
	237:    [9, 17, 25]
	238:   [36, 30, 28]
	239:   [28, 29, 31]
	240:   [18, 25, 63]
	241:   [32, 38, 39]
	242:   [74, 42, 22]
	243:     [4, 74, 7]
	244:   [24, 23, 33]
	245:    [24, 12, 5]
	246:   [24, 23, 51]
	247:   [26, 32, 31]
	248:   [57, 27, 34]
	249:   [21, 42, 22]
	250:   [29, 28, 30]
	251:    [0, 21, 22]
	252:    [17, 9, 43]
	253:   [20, 16, 15]
	254:      [9, 1, 7]
	255: [4, 6, 13, 55]
	256: [40, 33, 23, 24]
	257: [42, 11, 4, 74]
	258:  [2, 5, 12, 7]
	259: [11, 42, 4, 74]
	260: [22, 21, 19, 53]
	261: [69, 37, 31, 29]
	262: [30, 36, 37, 31]
	263: [8, 3, 11, 75]
	264: [12, 24, 23, 33]
	265: [4, 42, 21, 22]
	266: [12, 24, 23, 51]
	267: [11, 42, 21, 19]
	268:  [3, 8, 13, 6]
	269: [42, 4, 6, 47]
	270: [21, 42, 11, 75]
	271: [3, 11, 42, 21]
	272: [42, 22, 21, 19]
	273: [42, 22, 20, 54]
	274: [20, 16, 15, 52]
	275: [5, 12, 24, 23]
	276: [42, 21, 22, 60]
	277: [74, 42, 22, 21]
	278: [21, 19, 15, 16]
	279: [75, 26, 32, 38]
	280: [76, 16, 15, 19]
	281: [70, 38, 32, 31]
	282: [21, 19, 15, 52]
	283: [10, 1, 7, 12]
	284: [32, 26, 75, 11]
	285: [11, 42, 74, 7]
	286: [16, 76, 14, 44]
	287: [18, 10, 2, 45]
	288: [2, 5, 12, 24]
	289:  [43, 9, 1, 7]
	290: [42, 4, 11, 3]
	291: [27, 34, 39, 38]
	292: [22, 42, 74, 4]
	293: [9, 17, 25, 18]
	294: [70, 38, 39, 71]
	295: [11, 42, 21, 0]
	296: [1, 10, 2, 45]
	297: [38, 32, 31, 29]
	298: [42, 22, 21, 0]
	299: [36, 37, 31, 29]
	300: [32, 31, 29, 28]
	301: [32, 38, 39, 34]
	302: [74, 42, 21, 19]
	303: [8, 13, 6, 47]
	304: [20, 22, 21, 19]
	305: [42, 21, 19, 53]
	306: [74, 4, 11, 75]
	307: [35, 24, 23, 33]
	308:  [4, 6, 13, 8]
	309: [35, 24, 23, 51]
	310: [55, 13, 6, 47]
	311: [75, 26, 27, 34]
	312: [25, 18, 10, 2]
	313: [54, 20, 22, 21]
	314: [20, 16, 15, 19]
	315: [22, 21, 19, 15]
	316: [75, 42, 22, 60]
	317: [11, 3, 8, 13]
	318:  [3, 11, 4, 6]
	319: [13, 8, 3, 46]
	320: [0, 42, 22, 20]
	321: [49, 8, 3, 46]
	322: [50, 14, 76, 16]
	323: [56, 17, 9, 43]
	324: [68, 36, 37, 69]
	325: [38, 32, 31, 37]
	326: [75, 42, 4, 11]
	327: [29, 28, 30, 64]
	328: [11, 4, 6, 47]
	329: [23, 24, 12, 7]
	330: [24, 35, 41, 73]
	331: [20, 22, 21, 0]
	332: [35, 24, 12, 5]
	333: [42, 4, 6, 13]
	334: [10, 2, 5, 12]
	335: [22, 42, 4, 6]
	336: [21, 42, 4, 11]
	337: [75, 42, 4, 6]
	338: [0, 42, 21, 19]
	339: [25, 18, 10, 1]
	340: [75, 42, 11, 4]
	341: [42, 0, 21, 22]
	342: [15, 16, 20, 54]
	343: [53, 19, 15, 16]
	344: [21, 0, 42, 22]
	345: [59, 18, 25, 63]
	346: [48, 5, 12, 24]
	347: [0, 21, 42, 75]
	348: [11, 42, 22, 21]
	349: [26, 27, 34, 67]
	350: [21, 42, 4, 6]
	351: [29, 28, 30, 36]
	352: [21, 42, 22, 60]
	353: [4, 42, 22, 60]
	354: [26, 75, 11, 3]
	355:  [8, 3, 11, 4]
	356: [42, 4, 74, 7]
	357: [17, 25, 18, 10]
	358: [12, 5, 2, 45]
	359: [28, 29, 31, 37]
	360: [42, 21, 19, 15]
	361: [27, 26, 75, 11]
	362: [15, 16, 20, 22]
	363: [56, 17, 9, 1]
	364: [21, 42, 11, 4]
	365: [0, 42, 75, 26]
	366: [75, 42, 21, 22]
	367: [12, 24, 35, 66]
	368:  [9, 1, 7, 74]
	369: [74, 42, 11, 75]
	370: [57, 27, 34, 39]
	371: [24, 35, 41, 40]
	372: [26, 75, 42, 4]
	373: [40, 33, 23, 51]
	374: [32, 26, 27, 34]
	375: [42, 11, 75, 26]
	376: [68, 36, 37, 31]
	377: [21, 42, 75, 11]
	378: [0, 21, 22, 60]
	379: [26, 27, 34, 39]
	380: [11, 42, 22, 20]
	381: [76, 16, 20, 22]
	382: [74, 4, 6, 47]
	383: [62, 29, 28, 30]
	384: [0, 42, 21, 22]
	385: [58, 14, 76, 16]
	386: [32, 31, 37, 69]
	387: [14, 76, 16, 20]
	388:  [4, 74, 7, 1]
	389: [32, 38, 39, 71]
	390: [26, 32, 31, 37]
	391: [35, 41, 40, 33]
	392: [48, 5, 2, 45]
	393: [42, 11, 4, 6]
	394: [31, 29, 28, 30]
	395: [18, 10, 2, 5]
	396: [3, 8, 13, 55]
	397: [14, 76, 16, 15]
	398: [72, 40, 33, 65]
	399: [74, 4, 42, 0]
	400: [9, 17, 25, 63]
	401: [64, 30, 36, 37]
	402: [0, 42, 11, 75]
	403: [21, 0, 42, 11]
	404: [32, 26, 75, 42]
	405: [31, 29, 28, 61]
	406: [19, 21, 42, 22]
	407: [26, 32, 38, 39]
	408: [26, 75, 42, 74]
	409: [74, 42, 22, 20]
	410: [27, 26, 32, 38]
	411: [1, 7, 74, 42]
	412: [49, 8, 13, 6]
	413:  [6, 4, 74, 7]
	414: [11, 42, 21, 22]
	415: [75, 42, 74, 4]
	416: [32, 31, 37, 36]
	417: [39, 38, 32, 31]
	418: [16, 20, 22, 21]
	419: [74, 4, 11, 3]
	420: [74, 4, 42, 75]
	421: [21, 42, 74, 4]
	422: [4, 42, 22, 21]
	423: [74, 42, 4, 11]
	424: [72, 40, 33, 23]
	425: [40, 41, 35, 66]
	426: [43, 9, 1, 10]
	427: [22, 42, 74, 7]
	428: [0, 42, 22, 60]
	429: [74, 4, 6, 13]
	430: [67, 34, 39, 71]
	431: [74, 42, 4, 6]
	432: [57, 27, 34, 67]
	433: [9, 1, 10, 18]
	434: [74, 42, 21, 22]
	435: [75, 26, 32, 31]
	436: [65, 33, 23, 24]
	437: [74, 42, 11, 4]
	438: [4, 42, 21, 19]
	439:  [9, 1, 7, 12]
	440:  [2, 10, 1, 7]
	441: [53, 19, 15, 52]
	442: [75, 42, 74, 7]
	443: [74, 7, 12, 24]
	444: [68, 36, 30, 28]
	445: [3, 11, 75, 42]
	446: [56, 17, 25, 18]
	447: [32, 26, 27, 57]
	448: [59, 18, 10, 2]
	449: [0, 42, 4, 11]
	450: [74, 42, 75, 11]
	451: [4, 42, 74, 7]
	452: [3, 11, 42, 4]
	453:  [17, 9, 1, 7]
	454: [26, 75, 42, 22]
	455: [76, 16, 20, 54]
	456: [3, 11, 42, 22]
	457: [73, 41, 40, 33]
	458: [1, 9, 17, 25]
	459: [17, 25, 18, 59]
	460: [27, 26, 75, 42]
	461: [75, 42, 11, 3]
	462: [4, 42, 21, 0]
	463: [48, 5, 2, 10]
	464:  [0, 42, 4, 6]
	465: [75, 42, 0, 21]
	466: [42, 11, 3, 46]
	467: [67, 34, 39, 38]
	468: [0, 21, 42, 74]
	469: [22, 42, 11, 75]
	470: [74, 7, 12, 5]
	471: [7, 1, 10, 18]
	472: [42, 21, 22, 20]
	473: [57, 27, 26, 75]
	474: [42, 74, 7, 12]
	475: [0, 42, 11, 4]
	476: [0, 21, 19, 53]
	477: [72, 40, 41, 73]
	478: [1, 7, 12, 24]
	479: [11, 4, 6, 13]
	480: [75, 11, 4, 6]
	481: [11, 42, 4, 6]
	482: [75, 42, 22, 21]
	483: [10, 1, 9, 17]
	484: [11, 42, 22, 60]
	485: [26, 75, 42, 21]
	486: [63, 25, 18, 10]
	487: [62, 29, 28, 61]
	488: [42, 74, 4, 11]
	489: [0, 42, 75, 11]
	490: [73, 41, 35, 66]
	491:  [1, 10, 2, 5]
	492: [35, 24, 12, 7]
	493: [42, 4, 11, 75]
	494: [41, 40, 33, 65]
	495:  [9, 1, 10, 2]
	496: [11, 75, 42, 4]
	497: [42, 74, 4, 6]
	498: [0, 42, 11, 3]
	499: [49, 8, 3, 11]
	500: [0, 42, 22, 21]
	501: [74, 4, 42, 22]
	502: [60, 22, 20, 54]
	503: [60, 22, 21, 19]
	504:  [1, 7, 12, 5]
	505: [64, 30, 36, 68]
	506: [75, 11, 3, 46]
	507: [10, 1, 7, 74]
	508: [75, 42, 22, 20]
	509: [26, 75, 42, 11]
	510: [26, 32, 38, 70]
	511: [42, 11, 3, 8]
	512: [74, 42, 22, 60]
	513: [42, 0, 21, 19]
	514: [12, 24, 35, 41]
	515: [49, 8, 13, 55]
	516: [42, 75, 11, 4]
	517: [0, 42, 74, 4]
	518: [0, 21, 19, 15]
	519: [70, 38, 39, 34]
	520: [4, 74, 42, 11]
	521: [30, 36, 37, 69]
	522: [74, 4, 42, 21]
	523: [0, 21, 42, 22]
	524: [75, 42, 21, 19]
	525: [75, 11, 42, 4]
	526: [41, 40, 33, 23]
	527: [72, 40, 41, 35]
	528: [61, 28, 30, 64]
	529: [4, 11, 3, 46]
	530: [48, 5, 12, 7]
	531: [22, 42, 4, 11]
	532: [26, 75, 11, 4]
	533: [4, 74, 7, 12]
	534: [37, 36, 30, 28]
	535: [11, 4, 74, 7]
	536: [23, 24, 35, 66]
	537: [65, 33, 23, 51]
	538: [21, 42, 22, 20]
	539: [4, 42, 22, 20]
	540: [32, 31, 29, 62]
	541: [1, 10, 18, 59]
	542: [74, 42, 0, 21]
	543: [16, 20, 22, 42]
	544: [16, 20, 22, 60]
	545: [22, 42, 11, 4]
	546: [61, 28, 30, 36]
	547: [56, 17, 25, 63]
	548: [76, 16, 15, 52]
	549: [21, 0, 42, 4]
	550: [21, 42, 74, 7]
	551: [43, 9, 17, 25]
	552: [62, 29, 31, 37]
	553: [41, 35, 24, 23]
	554: [0, 42, 74, 7]
	555: [26, 32, 31, 29]
	556: [27, 26, 32, 31]
	557: [27, 34, 39, 71]
	558: [74, 42, 11, 3]
	559: [22, 42, 75, 11]

Condition number of B^T.B=G: 8.5278e+04
Backtransformation 0
Cycle 0: rms(Δcart)=1.9394e-01, rms(Δint.) = 1.65914e-03
Cycle 1: rms(Δcart)=7.7250e-03, rms(Δint.) = 5.05270e-05
Cycle 2: rms(Δcart)=6.4703e-04, rms(Δint.) = 3.13767e-05
Cycle 3: rms(Δcart)=5.4489e-05, rms(Δint.) = 2.87560e-05
Cycle 4: rms(Δcart)=5.0493e-06, rms(Δint.) = 2.87544e-05
Cycle 5: rms(Δcart)=4.4167e-07, rms(Δint.) = 2.87543e-05
Internal->Cartesian transformation converged in 6 cycle(s)!

Backtransformation 1
Cycle 0: rms(Δcart)=1.4630e-01, rms(Δint.) = 8.59228e-04
Cycle 1: rms(Δcart)=4.0116e-03, rms(Δint.) = 2.31583e-05
Cycle 2: rms(Δcart)=2.2143e-04, rms(Δint.) = 1.86631e-05
Cycle 3: rms(Δcart)=1.3186e-05, rms(Δint.) = 1.83976e-05
Cycle 4: rms(Δcart)=8.0531e-07, rms(Δint.) = 1.83975e-05
Internal->Cartesian transformation converged in 5 cycle(s)!

Backtransformation 2
Cycle 0: rms(Δcart)=9.4381e-02, rms(Δint.) = 3.26946e-04
Cycle 1: rms(Δcart)=1.5273e-03, rms(Δint.) = 9.70837e-06
Cycle 2: rms(Δcart)=6.5341e-05, rms(Δint.) = 8.13641e-06
Cycle 3: rms(Δcart)=2.4549e-06, rms(Δint.) = 8.11317e-06
Cycle 4: rms(Δcart)=1.1661e-07, rms(Δint.) = 8.11318e-06
Internal->Cartesian transformation converged in 5 cycle(s)!

Backtransformation 3
Cycle 0: rms(Δcart)=7.6002e-02, rms(Δint.) = 2.98643e-04
Cycle 1: rms(Δcart)=1.2914e-03, rms(Δint.) = 8.03783e-06
Cycle 2: rms(Δcart)=5.1815e-05, rms(Δint.) = 6.90603e-06
Cycle 3: rms(Δcart)=2.1368e-06, rms(Δint.) = 6.88342e-06
Cycle 4: rms(Δcart)=9.4399e-08, rms(Δint.) = 6.88343e-06
Internal->Cartesian transformation converged in 5 cycle(s)!

Backtransformation 4
Cycle 0: rms(Δcart)=7.4957e-02, rms(Δint.) = 1.73743e-04
Cycle 1: rms(Δcart)=1.1650e-03, rms(Δint.) = 1.50871e-05
Cycle 2: rms(Δcart)=3.9944e-05, rms(Δint.) = 1.46836e-05
Cycle 3: rms(Δcart)=1.3028e-06, rms(Δint.) = 1.46826e-05
Cycle 4: rms(Δcart)=4.4535e-08, rms(Δint.) = 1.46826e-05
Internal->Cartesian transformation converged in 5 cycle(s)!

Backtransformation 5
Cycle 0: rms(Δcart)=5.7899e-02, rms(Δint.) = 1.90144e-04
Cycle 1: rms(Δcart)=6.6959e-04, rms(Δint.) = 6.05097e-06
Cycle 2: rms(Δcart)=1.8915e-05, rms(Δint.) = 5.72414e-06
Cycle 3: rms(Δcart)=5.2632e-07, rms(Δint.) = 5.72180e-06
Internal->Cartesian transformation converged in 4 cycle(s)!

Backtransformation 6
Cycle 0: rms(Δcart)=4.4652e-02, rms(Δint.) = 1.97612e-04
Cycle 1: rms(Δcart)=5.9461e-04, rms(Δint.) = 5.95710e-06
Cycle 2: rms(Δcart)=2.0069e-05, rms(Δint.) = 5.23074e-06
Cycle 3: rms(Δcart)=7.7850e-07, rms(Δint.) = 5.22280e-06
Internal->Cartesian transformation converged in 4 cycle(s)!

Backtransformation 7
Cycle 0: rms(Δcart)=2.7695e-02, rms(Δint.) = 6.06411e-05
Cycle 1: rms(Δcart)=2.1235e-04, rms(Δint.) = 2.06087e-06
Cycle 2: rms(Δcart)=3.6110e-06, rms(Δint.) = 1.99202e-06
Cycle 3: rms(Δcart)=7.2911e-08, rms(Δint.) = 1.99186e-06
Internal->Cartesian transformation converged in 4 cycle(s)!

Backtransformation 8
Cycle 0: rms(Δcart)=1.0878e-02, rms(Δint.) = 9.99773e-06
Cycle 1: rms(Δcart)=3.8356e-05, rms(Δint.) = 3.54604e-06
Cycle 2: rms(Δcart)=1.5437e-07, rms(Δint.) = 3.54588e-06
Internal->Cartesian transformation converged in 3 cycle(s)!

Backtransformation 9
Cycle 0: rms(Δcart)=2.0277e-02, rms(Δint.) = 5.17862e-05
Cycle 1: rms(Δcart)=1.7240e-04, rms(Δint.) = 2.25334e-05
Cycle 2: rms(Δcart)=1.6339e-06, rms(Δint.) = 2.25304e-05
Cycle 3: rms(Δcart)=2.9360e-08, rms(Δint.) = 2.25304e-05
Internal->Cartesian transformation converged in 4 cycle(s)!

Backtransformation 10
Cycle 0: rms(Δcart)=1.7825e-02, rms(Δint.) = 4.99154e-05
Cycle 1: rms(Δcart)=1.2731e-04, rms(Δint.) = 2.22794e-05
Cycle 2: rms(Δcart)=1.4467e-06, rms(Δint.) = 2.22767e-05
Cycle 3: rms(Δcart)=2.5333e-08, rms(Δint.) = 2.22767e-05
Internal->Cartesian transformation converged in 4 cycle(s)!

Backtransformation 11
Cycle 0: rms(Δcart)=1.7587e-02, rms(Δint.) = 6.21430e-05
Cycle 1: rms(Δcart)=1.1661e-04, rms(Δint.) = 4.26379e-05
Cycle 2: rms(Δcart)=1.6247e-06, rms(Δint.) = 4.26387e-05
Cycle 3: rms(Δcart)=3.0830e-08, rms(Δint.) = 4.26387e-05
Internal->Cartesian transformation converged in 4 cycle(s)!

Backtransformation 12
Cycle 0: rms(Δcart)=9.1724e-03, rms(Δint.) = 7.92454e-06
Cycle 1: rms(Δcart)=1.8212e-05, rms(Δint.) = 3.97738e-06
Cycle 2: rms(Δcart)=9.6484e-08, rms(Δint.) = 3.97737e-06
Internal->Cartesian transformation converged in 3 cycle(s)!

Backtransformation 13
Cycle 0: rms(Δcart)=1.2099e-02, rms(Δint.) = 1.19554e-05
Cycle 1: rms(Δcart)=4.6112e-05, rms(Δint.) = 6.51480e-06
Cycle 2: rms(Δcart)=2.5531e-07, rms(Δint.) = 6.51469e-06
Internal->Cartesian transformation converged in 3 cycle(s)!

Backtransformation 14
Cycle 0: rms(Δcart)=9.9016e-03, rms(Δint.) = 6.10302e-06
Cycle 1: rms(Δcart)=2.0717e-05, rms(Δint.) = 2.59807e-06
Cycle 2: rms(Δcart)=6.3044e-08, rms(Δint.) = 2.59804e-06
Internal->Cartesian transformation converged in 3 cycle(s)!

Backtransformation 15
Cycle 0: rms(Δcart)=4.6225e-03, rms(Δint.) = 2.49005e-06
Cycle 1: rms(Δcart)=7.3045e-06, rms(Δint.) = 8.38598e-07
Cycle 2: rms(Δcart)=1.6016e-08, rms(Δint.) = 8.38579e-07
Internal->Cartesian transformation converged in 3 cycle(s)!

Backtransformation 16
Cycle 0: rms(Δcart)=6.8027e-03, rms(Δint.) = 5.95342e-06
Cycle 1: rms(Δcart)=1.8787e-05, rms(Δint.) = 2.58152e-06
Cycle 2: rms(Δcart)=5.2740e-08, rms(Δint.) = 2.58143e-06
Internal->Cartesian transformation converged in 3 cycle(s)!

Backtransformation 17
Cycle 0: rms(Δcart)=8.4059e-03, rms(Δint.) = 8.68219e-06
Cycle 1: rms(Δcart)=2.9476e-05, rms(Δint.) = 4.51537e-06
Cycle 2: rms(Δcart)=9.7096e-08, rms(Δint.) = 4.51522e-06
Internal->Cartesian transformation converged in 3 cycle(s)!

Backtransformation 18
Cycle 0: rms(Δcart)=1.0306e-02, rms(Δint.) = 8.71779e-06
Cycle 1: rms(Δcart)=3.0389e-05, rms(Δint.) = 4.72205e-06
Cycle 2: rms(Δcart)=1.2790e-07, rms(Δint.) = 4.72187e-06
Internal->Cartesian transformation converged in 3 cycle(s)!

Backtransformation 19
Cycle 0: rms(Δcart)=1.0282e-02, rms(Δint.) = 9.06571e-06
Cycle 1: rms(Δcart)=3.2212e-05, rms(Δint.) = 4.65537e-06
Cycle 2: rms(Δcart)=1.7446e-07, rms(Δint.) = 4.65500e-06
Internal->Cartesian transformation converged in 3 cycle(s)!

Backtransformation 20
Cycle 0: rms(Δcart)=1.0443e-02, rms(Δint.) = 9.91377e-06
Cycle 1: rms(Δcart)=3.2284e-05, rms(Δint.) = 4.73355e-06
Cycle 2: rms(Δcart)=2.0814e-07, rms(Δint.) = 4.73301e-06
Internal->Cartesian transformation converged in 3 cycle(s)!

Backtransformation 21
Cycle 0: rms(Δcart)=1.0239e-02, rms(Δint.) = 1.37574e-05
Cycle 1: rms(Δcart)=3.5644e-05, rms(Δint.) = 6.27340e-06
Cycle 2: rms(Δcart)=3.0346e-07, rms(Δint.) = 6.27271e-06
Internal->Cartesian transformation converged in 3 cycle(s)!

Backtransformation 22
Cycle 0: rms(Δcart)=6.9738e-03, rms(Δint.) = 1.08342e-05
Cycle 1: rms(Δcart)=1.6487e-05, rms(Δint.) = 5.72249e-06
Cycle 2: rms(Δcart)=1.2360e-07, rms(Δint.) = 5.72234e-06
Internal->Cartesian transformation converged in 3 cycle(s)!

Backtransformation 23
Cycle 0: rms(Δcart)=1.4233e-02, rms(Δint.) = 3.88443e-05
Cycle 1: rms(Δcart)=7.2709e-05, rms(Δint.) = 1.80125e-05
Cycle 2: rms(Δcart)=1.0180e-06, rms(Δint.) = 1.80102e-05
Cycle 3: rms(Δcart)=1.1571e-08, rms(Δint.) = 1.80102e-05
Internal->Cartesian transformation converged in 4 cycle(s)!

Backtransformation 24
Cycle 0: rms(Δcart)=1.2630e-02, rms(Δint.) = 3.86913e-05
Cycle 1: rms(Δcart)=6.7886e-05, rms(Δint.) = 2.38937e-05
Cycle 2: rms(Δcart)=6.6800e-07, rms(Δint.) = 2.38928e-05
Internal->Cartesian transformation converged in 3 cycle(s)!

Backtransformation 25
Cycle 0: rms(Δcart)=8.0017e-03, rms(Δint.) = 2.05070e-05
Cycle 1: rms(Δcart)=5.7218e-05, rms(Δint.) = 1.05188e-05
Cycle 2: rms(Δcart)=2.0233e-07, rms(Δint.) = 1.05184e-05
Internal->Cartesian transformation converged in 3 cycle(s)!

Backtransformation 26
Cycle 0: rms(Δcart)=1.3118e-02, rms(Δint.) = 4.80136e-05
Cycle 1: rms(Δcart)=1.2680e-04, rms(Δint.) = 2.43903e-05
Cycle 2: rms(Δcart)=7.0705e-07, rms(Δint.) = 2.43886e-05
Internal->Cartesian transformation converged in 3 cycle(s)!

Backtransformation 27
Cycle 0: rms(Δcart)=1.7613e-02, rms(Δint.) = 6.66269e-05
Cycle 1: rms(Δcart)=1.4518e-04, rms(Δint.) = 3.14720e-05
Cycle 2: rms(Δcart)=1.1930e-06, rms(Δint.) = 3.14691e-05
Cycle 3: rms(Δcart)=1.7198e-08, rms(Δint.) = 3.14691e-05
Internal->Cartesian transformation converged in 4 cycle(s)!

Backtransformation 28
Cycle 0: rms(Δcart)=1.6217e-02, rms(Δint.) = 4.20005e-05
Cycle 1: rms(Δcart)=8.4735e-05, rms(Δint.) = 1.96048e-05
Cycle 2: rms(Δcart)=5.9755e-07, rms(Δint.) = 1.96034e-05
Internal->Cartesian transformation converged in 3 cycle(s)!

Backtransformation 29
Cycle 0: rms(Δcart)=1.6675e-02, rms(Δint.) = 4.69643e-05
Cycle 1: rms(Δcart)=8.9372e-05, rms(Δint.) = 2.19797e-05
Cycle 2: rms(Δcart)=7.5619e-07, rms(Δint.) = 2.19775e-05
Internal->Cartesian transformation converged in 3 cycle(s)!

Backtransformation 30
Cycle 0: rms(Δcart)=1.4771e-02, rms(Δint.) = 3.64670e-05
Cycle 1: rms(Δcart)=7.3712e-05, rms(Δint.) = 1.60002e-05
Cycle 2: rms(Δcart)=6.5910e-07, rms(Δint.) = 1.59980e-05
Internal->Cartesian transformation converged in 3 cycle(s)!

Backtransformation 31
Cycle 0: rms(Δcart)=1.4795e-02, rms(Δint.) = 3.31687e-05
Cycle 1: rms(Δcart)=7.8352e-05, rms(Δint.) = 1.41451e-05
Cycle 2: rms(Δcart)=5.8651e-07, rms(Δint.) = 1.41424e-05
Internal->Cartesian transformation converged in 3 cycle(s)!

Backtransformation 32
Cycle 0: rms(Δcart)=2.6385e-02, rms(Δint.) = 1.16625e-04
Cycle 1: rms(Δcart)=2.8459e-04, rms(Δint.) = 4.98268e-05
Cycle 2: rms(Δcart)=4.1138e-06, rms(Δint.) = 4.97934e-05
Cycle 3: rms(Δcart)=1.1231e-07, rms(Δint.) = 4.97935e-05
Internal->Cartesian transformation converged in 4 cycle(s)!

Backtransformation 33
Cycle 0: rms(Δcart)=3.4239e-02, rms(Δint.) = 1.63391e-04
Cycle 1: rms(Δcart)=3.6791e-04, rms(Δint.) = 7.10479e-05
Cycle 2: rms(Δcart)=7.2842e-06, rms(Δint.) = 7.09951e-05
Cycle 3: rms(Δcart)=1.9880e-07, rms(Δint.) = 7.09953e-05
Internal->Cartesian transformation converged in 4 cycle(s)!

Backtransformation 34
Cycle 0: rms(Δcart)=3.1650e-02, rms(Δint.) = 1.23615e-04
Cycle 1: rms(Δcart)=3.5421e-04, rms(Δint.) = 5.34276e-05
Cycle 2: rms(Δcart)=5.1735e-06, rms(Δint.) = 5.33853e-05
Cycle 3: rms(Δcart)=1.3591e-07, rms(Δint.) = 5.33852e-05
Internal->Cartesian transformation converged in 4 cycle(s)!

Backtransformation 35
Cycle 0: rms(Δcart)=4.8555e-02, rms(Δint.) = 4.79768e-04
Cycle 1: rms(Δcart)=1.1906e-03, rms(Δint.) = 2.01980e-04
Cycle 2: rms(Δcart)=4.3770e-05, rms(Δint.) = 2.01253e-04
Cycle 3: rms(Δcart)=2.0150e-06, rms(Δint.) = 2.01251e-04
Cycle 4: rms(Δcart)=4.9201e-08, rms(Δint.) = 2.01251e-04
Internal->Cartesian transformation converged in 5 cycle(s)!

Backtransformation 36
Cycle 0: rms(Δcart)=6.9467e-02, rms(Δint.) = 5.38579e-04
Cycle 1: rms(Δcart)=1.4762e-03, rms(Δint.) = 2.24651e-04
Cycle 2: rms(Δcart)=4.7071e-05, rms(Δint.) = 2.23916e-04
Cycle 3: rms(Δcart)=2.3340e-06, rms(Δint.) = 2.23918e-04
Cycle 4: rms(Δcart)=7.4391e-08, rms(Δint.) = 2.23918e-04
Internal->Cartesian transformation converged in 5 cycle(s)!

Backtransformation 37
Cycle 0: rms(Δcart)=1.0589e-01, rms(Δint.) = 2.06142e-03
Cycle 1: rms(Δcart)=5.0760e-03, rms(Δint.) = 9.30917e-04
Cycle 2: rms(Δcart)=4.0584e-04, rms(Δint.) = 9.20591e-04
Cycle 3: rms(Δcart)=3.6972e-05, rms(Δint.) = 9.20420e-04
Cycle 4: rms(Δcart)=1.3147e-06, rms(Δint.) = 9.20432e-04
Cycle 5: rms(Δcart)=1.9331e-07, rms(Δint.) = 9.20431e-04
Internal->Cartesian transformation converged in 6 cycle(s)!

Backtransformation 38
Cycle 0: rms(Δcart)=1.2655e-01, rms(Δint.) = 3.18365e-03
Cycle 1: rms(Δcart)=7.9773e-03, rms(Δint.) = 1.44806e-03
Cycle 2: rms(Δcart)=8.6064e-04, rms(Δint.) = 1.41651e-03
Cycle 3: rms(Δcart)=9.7107e-05, rms(Δint.) = 1.41676e-03
Cycle 4: rms(Δcart)=5.3233e-06, rms(Δint.) = 1.41680e-03
Cycle 5: rms(Δcart)=6.2031e-07, rms(Δint.) = 1.41680e-03
Internal->Cartesian transformation converged in 6 cycle(s)!

Backtransformation 39
Cycle 0: rms(Δcart)=1.2921e-01, rms(Δint.) = 3.16561e-03
Cycle 1: rms(Δcart)=8.0547e-03, rms(Δint.) = 1.40674e-03
Cycle 2: rms(Δcart)=8.7196e-04, rms(Δint.) = 1.38056e-03
Cycle 3: rms(Δcart)=9.5897e-05, rms(Δint.) = 1.37989e-03
Cycle 4: rms(Δcart)=5.2532e-06, rms(Δint.) = 1.37992e-03
Cycle 5: rms(Δcart)=7.2561e-07, rms(Δint.) = 1.37992e-03
Internal->Cartesian transformation converged in 6 cycle(s)!

Backtransformation 40
Cycle 0: rms(Δcart)=1.2796e-01, rms(Δint.) = 3.20070e-03
Cycle 1: rms(Δcart)=7.5798e-03, rms(Δint.) = 1.48495e-03
Cycle 2: rms(Δcart)=8.1088e-04, rms(Δint.) = 1.45548e-03
Cycle 3: rms(Δcart)=9.3392e-05, rms(Δint.) = 1.45570e-03
Cycle 4: rms(Δcart)=5.3933e-06, rms(Δint.) = 1.45573e-03
Cycle 5: rms(Δcart)=5.7423e-07, rms(Δint.) = 1.45573e-03
Internal->Cartesian transformation converged in 6 cycle(s)!

Backtransformation 41
Cycle 0: rms(Δcart)=1.3372e-01, rms(Δint.) = 3.22857e-03
Cycle 1: rms(Δcart)=7.5106e-03, rms(Δint.) = 1.51186e-03
Cycle 2: rms(Δcart)=8.1450e-04, rms(Δint.) = 1.48750e-03
Cycle 3: rms(Δcart)=9.1421e-05, rms(Δint.) = 1.48711e-03
Cycle 4: rms(Δcart)=4.8797e-06, rms(Δint.) = 1.48716e-03
Cycle 5: rms(Δcart)=7.3761e-07, rms(Δint.) = 1.48715e-03
Internal->Cartesian transformation converged in 6 cycle(s)!

Backtransformation 42
Cycle 0: rms(Δcart)=1.2817e-01, rms(Δint.) = 3.19787e-03
Cycle 1: rms(Δcart)=7.4867e-03, rms(Δint.) = 1.49372e-03
Cycle 2: rms(Δcart)=8.2077e-04, rms(Δint.) = 1.46359e-03
Cycle 3: rms(Δcart)=9.4844e-05, rms(Δint.) = 1.46374e-03
Cycle 4: rms(Δcart)=5.2640e-06, rms(Δint.) = 1.46377e-03
Cycle 5: rms(Δcart)=5.6946e-07, rms(Δint.) = 1.46377e-03
Internal->Cartesian transformation converged in 6 cycle(s)!

Backtransformation 43
Cycle 0: rms(Δcart)=1.3295e-01, rms(Δint.) = 3.21451e-03
Cycle 1: rms(Δcart)=7.4249e-03, rms(Δint.) = 1.51895e-03
Cycle 2: rms(Δcart)=8.4676e-04, rms(Δint.) = 1.49344e-03
Cycle 3: rms(Δcart)=9.3353e-05, rms(Δint.) = 1.49303e-03
Cycle 4: rms(Δcart)=5.0815e-06, rms(Δint.) = 1.49309e-03
Cycle 5: rms(Δcart)=7.7408e-07, rms(Δint.) = 1.49308e-03
Internal->Cartesian transformation converged in 6 cycle(s)!

Backtransformation 44
Cycle 0: rms(Δcart)=1.2898e-01, rms(Δint.) = 3.52775e-03
Cycle 1: rms(Δcart)=7.6196e-03, rms(Δint.) = 1.55231e-03
Cycle 2: rms(Δcart)=1.0273e-03, rms(Δint.) = 1.51469e-03
Cycle 3: rms(Δcart)=1.1391e-04, rms(Δint.) = 1.51331e-03
Cycle 4: rms(Δcart)=8.5043e-06, rms(Δint.) = 1.51351e-03
Cycle 5: rms(Δcart)=1.9208e-06, rms(Δint.) = 1.51348e-03
Cycle 6: rms(Δcart)=2.8706e-07, rms(Δint.) = 1.51349e-03
Internal->Cartesian transformation converged in 7 cycle(s)!

Backtransformation 45
Cycle 0: rms(Δcart)=1.0519e-01, rms(Δint.) = 2.33343e-03
Cycle 1: rms(Δcart)=5.2548e-03, rms(Δint.) = 7.57802e-04
Cycle 2: rms(Δcart)=5.4555e-04, rms(Δint.) = 7.34769e-04
Cycle 3: rms(Δcart)=4.0269e-05, rms(Δint.) = 7.34248e-04
Cycle 4: rms(Δcart)=2.4520e-06, rms(Δint.) = 7.34272e-04
Cycle 5: rms(Δcart)=2.7497e-07, rms(Δint.) = 7.34270e-04
Internal->Cartesian transformation converged in 6 cycle(s)!

Backtransformation 46
Cycle 0: rms(Δcart)=3.9516e-02, rms(Δint.) = 2.18971e-04
Cycle 1: rms(Δcart)=5.9224e-04, rms(Δint.) = 1.22489e-04
Cycle 2: rms(Δcart)=1.8251e-05, rms(Δint.) = 1.22453e-04
Cycle 3: rms(Δcart)=6.5034e-07, rms(Δint.) = 1.22454e-04
Internal->Cartesian transformation converged in 4 cycle(s)!

Backtransformation 47
Cycle 0: rms(Δcart)=5.7087e-02, rms(Δint.) = 3.55934e-04
Cycle 1: rms(Δcart)=9.2361e-04, rms(Δint.) = 1.00755e-04
Cycle 2: rms(Δcart)=3.6553e-05, rms(Δint.) = 1.00236e-04
Cycle 3: rms(Δcart)=1.6411e-06, rms(Δint.) = 1.00237e-04
Cycle 4: rms(Δcart)=7.3642e-08, rms(Δint.) = 1.00237e-04
Internal->Cartesian transformation converged in 5 cycle(s)!

Backtransformation 48
Cycle 0: rms(Δcart)=9.8568e-02, rms(Δint.) = 1.52142e-03
Cycle 1: rms(Δcart)=4.1132e-03, rms(Δint.) = 2.98750e-04
Cycle 2: rms(Δcart)=4.4229e-04, rms(Δint.) = 2.91073e-04
Cycle 3: rms(Δcart)=5.1098e-05, rms(Δint.) = 2.90532e-04
Cycle 4: rms(Δcart)=5.9671e-06, rms(Δint.) = 2.90530e-04
Cycle 5: rms(Δcart)=7.0125e-07, rms(Δint.) = 2.90530e-04
Internal->Cartesian transformation converged in 6 cycle(s)!

Backtransformation 49
Cycle 0: rms(Δcart)=6.3247e-02, rms(Δint.) = 3.59607e-04
Cycle 1: rms(Δcart)=1.1733e-03, rms(Δint.) = 1.65977e-04
Cycle 2: rms(Δcart)=3.2036e-05, rms(Δint.) = 1.65747e-04
Cycle 3: rms(Δcart)=1.2848e-06, rms(Δint.) = 1.65744e-04
Cycle 4: rms(Δcart)=5.3934e-08, rms(Δint.) = 1.65744e-04
Internal->Cartesian transformation converged in 5 cycle(s)!

Backtransformation 50
Cycle 0: rms(Δcart)=5.8478e-02, rms(Δint.) = 5.87054e-04
Cycle 1: rms(Δcart)=1.3381e-03, rms(Δint.) = 2.51453e-04
Cycle 2: rms(Δcart)=5.7510e-05, rms(Δint.) = 2.51143e-04
Cycle 3: rms(Δcart)=3.1393e-06, rms(Δint.) = 2.51141e-04
Cycle 4: rms(Δcart)=1.8175e-07, rms(Δint.) = 2.51141e-04
Internal->Cartesian transformation converged in 5 cycle(s)!

Backtransformation 51
Cycle 0: rms(Δcart)=5.8233e-02, rms(Δint.) = 5.42303e-04
Cycle 1: rms(Δcart)=1.1552e-03, rms(Δint.) = 2.50661e-04
Cycle 2: rms(Δcart)=5.4755e-05, rms(Δint.) = 2.50449e-04
Cycle 3: rms(Δcart)=2.8448e-06, rms(Δint.) = 2.50446e-04
Cycle 4: rms(Δcart)=1.5003e-07, rms(Δint.) = 2.50446e-04
Internal->Cartesian transformation converged in 5 cycle(s)!

Backtransformation 52
Cycle 0: rms(Δcart)=7.3012e-02, rms(Δint.) = 5.87171e-04
Cycle 1: rms(Δcart)=1.7919e-03, rms(Δint.) = 2.45245e-04
Cycle 2: rms(Δcart)=8.1409e-05, rms(Δint.) = 2.44998e-04
Cycle 3: rms(Δcart)=4.8165e-06, rms(Δint.) = 2.44995e-04
Cycle 4: rms(Δcart)=2.7719e-07, rms(Δint.) = 2.44995e-04
Internal->Cartesian transformation converged in 5 cycle(s)!

Backtransformation 53
Cycle 0: rms(Δcart)=7.8142e-02, rms(Δint.) = 4.82648e-04
Cycle 1: rms(Δcart)=1.3168e-03, rms(Δint.) = 1.71059e-04
Cycle 2: rms(Δcart)=5.1359e-05, rms(Δint.) = 1.70622e-04
Cycle 3: rms(Δcart)=2.5336e-06, rms(Δint.) = 1.70619e-04
Cycle 4: rms(Δcart)=1.3198e-07, rms(Δint.) = 1.70619e-04
Internal->Cartesian transformation converged in 5 cycle(s)!

Backtransformation 54
Cycle 0: rms(Δcart)=9.5167e-02, rms(Δint.) = 4.92434e-04
Cycle 1: rms(Δcart)=1.5642e-03, rms(Δint.) = 1.12076e-04
Cycle 2: rms(Δcart)=4.3750e-05, rms(Δint.) = 1.11415e-04
Cycle 3: rms(Δcart)=1.6863e-06, rms(Δint.) = 1.11414e-04
Cycle 4: rms(Δcart)=7.1190e-08, rms(Δint.) = 1.11414e-04
Internal->Cartesian transformation converged in 5 cycle(s)!

Backtransformation 55
Cycle 0: rms(Δcart)=1.0552e-01, rms(Δint.) = 5.59490e-04
Cycle 1: rms(Δcart)=2.1835e-03, rms(Δint.) = 1.14038e-04
Cycle 2: rms(Δcart)=7.0009e-05, rms(Δint.) = 1.13487e-04
Cycle 3: rms(Δcart)=3.1919e-06, rms(Δint.) = 1.13484e-04
Cycle 4: rms(Δcart)=1.4221e-07, rms(Δint.) = 1.13484e-04
Internal->Cartesian transformation converged in 5 cycle(s)!

Backtransformation 56
Cycle 0: rms(Δcart)=3.6232e-02, rms(Δint.) = 9.58856e-05
Cycle 1: rms(Δcart)=3.5461e-04, rms(Δint.) = 9.34733e-06
Cycle 2: rms(Δcart)=6.4543e-06, rms(Δint.) = 9.31390e-06
Cycle 3: rms(Δcart)=1.4309e-07, rms(Δint.) = 9.31383e-06
Internal->Cartesian transformation converged in 4 cycle(s)!

Backtransformation 57
Cycle 0: rms(Δcart)=6.8640e-02, rms(Δint.) = 2.90894e-04
Cycle 1: rms(Δcart)=1.0802e-03, rms(Δint.) = 2.67221e-05
Cycle 2: rms(Δcart)=3.6622e-05, rms(Δint.) = 2.64422e-05
Cycle 3: rms(Δcart)=1.4336e-06, rms(Δint.) = 2.64390e-05
Cycle 4: rms(Δcart)=5.4840e-08, rms(Δint.) = 2.64390e-05
Internal->Cartesian transformation converged in 5 cycle(s)!

Backtransformation 58
Cycle 0: rms(Δcart)=8.4539e-02, rms(Δint.) = 4.99886e-04
Cycle 1: rms(Δcart)=1.8335e-03, rms(Δint.) = 8.73150e-05
Cycle 2: rms(Δcart)=8.1984e-05, rms(Δint.) = 8.46277e-05
Cycle 3: rms(Δcart)=3.9576e-06, rms(Δint.) = 8.46191e-05
Cycle 4: rms(Δcart)=1.9489e-07, rms(Δint.) = 8.46192e-05
Internal->Cartesian transformation converged in 5 cycle(s)!

Backtransformation 59
Cycle 0: rms(Δcart)=5.7054e-02, rms(Δint.) = 2.70843e-04
Cycle 1: rms(Δcart)=8.3923e-04, rms(Δint.) = 5.20365e-05
Cycle 2: rms(Δcart)=3.1066e-05, rms(Δint.) = 5.04610e-05
Cycle 3: rms(Δcart)=1.1557e-06, rms(Δint.) = 5.04589e-05
Cycle 4: rms(Δcart)=5.2474e-08, rms(Δint.) = 5.04589e-05
Internal->Cartesian transformation converged in 5 cycle(s)!

Backtransformation 60
Cycle 0: rms(Δcart)=5.1784e-02, rms(Δint.) = 2.31914e-04
Cycle 1: rms(Δcart)=5.6493e-04, rms(Δint.) = 5.80536e-05
Cycle 2: rms(Δcart)=2.2116e-05, rms(Δint.) = 5.57176e-05
Cycle 3: rms(Δcart)=9.5538e-07, rms(Δint.) = 5.57093e-05
Internal->Cartesian transformation converged in 4 cycle(s)!

Backtransformation 61
Cycle 0: rms(Δcart)=5.9025e-02, rms(Δint.) = 3.80960e-04
Cycle 1: rms(Δcart)=1.1058e-03, rms(Δint.) = 1.15547e-04
Cycle 2: rms(Δcart)=4.2194e-05, rms(Δint.) = 1.12353e-04
Cycle 3: rms(Δcart)=1.9505e-06, rms(Δint.) = 1.12346e-04
Cycle 4: rms(Δcart)=9.7056e-08, rms(Δint.) = 1.12347e-04
Internal->Cartesian transformation converged in 5 cycle(s)!

Backtransformation 62
Cycle 0: rms(Δcart)=3.6803e-02, rms(Δint.) = 8.09452e-05
Cycle 1: rms(Δcart)=3.0385e-04, rms(Δint.) = 2.91140e-05
Cycle 2: rms(Δcart)=5.9876e-06, rms(Δint.) = 2.90860e-05
Cycle 3: rms(Δcart)=1.2393e-07, rms(Δint.) = 2.90860e-05
Internal->Cartesian transformation converged in 4 cycle(s)!

Backtransformation 63
Cycle 0: rms(Δcart)=5.5878e-02, rms(Δint.) = 2.57712e-04
Cycle 1: rms(Δcart)=7.7066e-04, rms(Δint.) = 4.43872e-05
Cycle 2: rms(Δcart)=3.1105e-05, rms(Δint.) = 4.40515e-05
Cycle 3: rms(Δcart)=1.4012e-06, rms(Δint.) = 4.40486e-05
Cycle 4: rms(Δcart)=6.4949e-08, rms(Δint.) = 4.40486e-05
Internal->Cartesian transformation converged in 5 cycle(s)!

Backtransformation 64
Cycle 0: rms(Δcart)=3.6218e-02, rms(Δint.) = 1.30858e-04
Cycle 1: rms(Δcart)=3.6721e-04, rms(Δint.) = 6.75039e-06
Cycle 2: rms(Δcart)=1.0944e-05, rms(Δint.) = 6.58188e-06
Cycle 3: rms(Δcart)=3.5967e-07, rms(Δint.) = 6.58060e-06
Internal->Cartesian transformation converged in 4 cycle(s)!

Backtransformation 65
Cycle 0: rms(Δcart)=8.1681e-02, rms(Δint.) = 8.48222e-04
Cycle 1: rms(Δcart)=2.3724e-03, rms(Δint.) = 3.13337e-05
Cycle 2: rms(Δcart)=1.8725e-04, rms(Δint.) = 2.09371e-05
Cycle 3: rms(Δcart)=1.6211e-05, rms(Δint.) = 2.01657e-05
Cycle 4: rms(Δcart)=1.3578e-06, rms(Δint.) = 2.01653e-05
Cycle 5: rms(Δcart)=1.2007e-07, rms(Δint.) = 2.01652e-05
Internal->Cartesian transformation converged in 6 cycle(s)!

Backtransformation 66
Cycle 0: rms(Δcart)=8.8566e-02, rms(Δint.) = 1.08452e-03
Cycle 1: rms(Δcart)=3.1204e-03, rms(Δint.) = 3.94166e-05
Cycle 2: rms(Δcart)=2.7726e-04, rms(Δint.) = 1.99948e-05
Cycle 3: rms(Δcart)=2.7542e-05, rms(Δint.) = 1.77042e-05
Cycle 4: rms(Δcart)=2.6332e-06, rms(Δint.) = 1.77026e-05
Cycle 5: rms(Δcart)=2.6656e-07, rms(Δint.) = 1.77024e-05
Internal->Cartesian transformation converged in 6 cycle(s)!

Backtransformation 67
Cycle 0: rms(Δcart)=1.0765e-01, rms(Δint.) = 1.64677e-03
Cycle 1: rms(Δcart)=5.0055e-03, rms(Δint.) = 7.11159e-05
Cycle 2: rms(Δcart)=5.3134e-04, rms(Δint.) = 3.32686e-05
Cycle 3: rms(Δcart)=6.4717e-05, rms(Δint.) = 2.56244e-05
Cycle 4: rms(Δcart)=7.5987e-06, rms(Δint.) = 2.56130e-05
Cycle 5: rms(Δcart)=9.4326e-07, rms(Δint.) = 2.56114e-05
Internal->Cartesian transformation converged in 6 cycle(s)!

Backtransformation 68
Cycle 0: rms(Δcart)=1.4480e-01, rms(Δint.) = 3.45390e-03
Cycle 1: rms(Δcart)=9.9198e-03, rms(Δint.) = 2.32942e-04
Cycle 2: rms(Δcart)=1.5824e-03, rms(Δint.) = 1.11879e-04
Cycle 3: rms(Δcart)=2.7929e-04, rms(Δint.) = 6.10811e-05
Cycle 4: rms(Δcart)=4.9130e-05, rms(Δint.) = 6.06587e-05
Cycle 5: rms(Δcart)=8.7317e-06, rms(Δint.) = 6.06021e-05
Cycle 6: rms(Δcart)=1.5720e-06, rms(Δint.) = 6.05999e-05
Cycle 7: rms(Δcart)=2.7591e-07, rms(Δint.) = 6.05997e-05
Internal->Cartesian transformation converged in 8 cycle(s)!

Backtransformation 69
Cycle 0: rms(Δcart)=6.8924e-02, rms(Δint.) = 2.15915e-04
Cycle 1: rms(Δcart)=1.0531e-03, rms(Δint.) = 3.45733e-05
Cycle 2: rms(Δcart)=2.5874e-05, rms(Δint.) = 3.44034e-05
Cycle 3: rms(Δcart)=7.6168e-07, rms(Δint.) = 3.44027e-05
Internal->Cartesian transformation converged in 4 cycle(s)!

Backtransformation 70
Cycle 0: rms(Δcart)=9.8337e-02, rms(Δint.) = 7.33456e-04
Cycle 1: rms(Δcart)=3.0903e-03, rms(Δint.) = 1.97660e-04
Cycle 2: rms(Δcart)=2.0388e-04, rms(Δint.) = 1.96138e-04
Cycle 3: rms(Δcart)=1.3218e-05, rms(Δint.) = 1.96108e-04
Cycle 4: rms(Δcart)=1.0176e-06, rms(Δint.) = 1.96108e-04
Cycle 5: rms(Δcart)=6.6172e-08, rms(Δint.) = 1.96108e-04
Internal->Cartesian transformation converged in 6 cycle(s)!

Backtransformation 71
Cycle 0: rms(Δcart)=1.0038e-01, rms(Δint.) = 1.10087e-03
Cycle 1: rms(Δcart)=3.2824e-03, rms(Δint.) = 5.99037e-05
Cycle 2: rms(Δcart)=2.8314e-04, rms(Δint.) = 4.74191e-05
Cycle 3: rms(Δcart)=2.8055e-05, rms(Δint.) = 4.65384e-05
Cycle 4: rms(Δcart)=2.6942e-06, rms(Δint.) = 4.65370e-05
Cycle 5: rms(Δcart)=2.7309e-07, rms(Δint.) = 4.65370e-05
Internal->Cartesian transformation converged in 6 cycle(s)!

Backtransformation 72
Cycle 0: rms(Δcart)=4.7472e-02, rms(Δint.) = 1.77343e-04
Cycle 1: rms(Δcart)=4.9345e-04, rms(Δint.) = 2.09528e-05
Cycle 2: rms(Δcart)=1.3202e-05, rms(Δint.) = 2.08244e-05
Cycle 3: rms(Δcart)=4.1420e-07, rms(Δint.) = 2.08237e-05
Internal->Cartesian transformation converged in 4 cycle(s)!

Backtransformation 73
Cycle 0: rms(Δcart)=7.3530e-02, rms(Δint.) = 3.94047e-04
Cycle 1: rms(Δcart)=1.2243e-03, rms(Δint.) = 6.66704e-05
Cycle 2: rms(Δcart)=4.0412e-05, rms(Δint.) = 6.58813e-05
Cycle 3: rms(Δcart)=1.6349e-06, rms(Δint.) = 6.58784e-05
Cycle 4: rms(Δcart)=6.3489e-08, rms(Δint.) = 6.58784e-05
Internal->Cartesian transformation converged in 5 cycle(s)!

Backtransformation 74
Cycle 0: rms(Δcart)=8.0503e-02, rms(Δint.) = 5.67776e-04
Cycle 1: rms(Δcart)=1.5517e-03, rms(Δint.) = 8.71640e-05
Cycle 2: rms(Δcart)=7.4803e-05, rms(Δint.) = 8.59076e-05
Cycle 3: rms(Δcart)=3.8455e-06, rms(Δint.) = 8.58950e-05
Cycle 4: rms(Δcart)=2.1140e-07, rms(Δint.) = 8.58951e-05
Internal->Cartesian transformation converged in 5 cycle(s)!

Backtransformation 75
Cycle 0: rms(Δcart)=7.0105e-02, rms(Δint.) = 4.14557e-04
Cycle 1: rms(Δcart)=1.3963e-03, rms(Δint.) = 6.70661e-05
Cycle 2: rms(Δcart)=6.2963e-05, rms(Δint.) = 6.55143e-05
Cycle 3: rms(Δcart)=3.2536e-06, rms(Δint.) = 6.55097e-05
Cycle 4: rms(Δcart)=1.8250e-07, rms(Δint.) = 6.55100e-05
Internal->Cartesian transformation converged in 5 cycle(s)!

Backtransformation 76
Cycle 0: rms(Δcart)=1.0088e-01, rms(Δint.) = 6.95001e-04
Cycle 1: rms(Δcart)=2.4589e-03, rms(Δint.) = 1.09544e-04
Cycle 2: rms(Δcart)=1.5102e-04, rms(Δint.) = 1.05732e-04
Cycle 3: rms(Δcart)=1.0245e-05, rms(Δint.) = 1.05707e-04
Cycle 4: rms(Δcart)=7.3057e-07, rms(Δint.) = 1.05707e-04
Internal->Cartesian transformation converged in 5 cycle(s)!

Backtransformation 77
Cycle 0: rms(Δcart)=9.3076e-02, rms(Δint.) = 5.76309e-04
Cycle 1: rms(Δcart)=2.1780e-03, rms(Δint.) = 1.25022e-04
Cycle 2: rms(Δcart)=1.2320e-04, rms(Δint.) = 1.22946e-04
Cycle 3: rms(Δcart)=7.8451e-06, rms(Δint.) = 1.22934e-04
Cycle 4: rms(Δcart)=5.0731e-07, rms(Δint.) = 1.22934e-04
Internal->Cartesian transformation converged in 5 cycle(s)!

Backtransformation 78
Cycle 0: rms(Δcart)=3.4927e-02, rms(Δint.) = 5.86016e-05
Cycle 1: rms(Δcart)=2.2017e-04, rms(Δint.) = 7.69544e-06
Cycle 2: rms(Δcart)=3.3165e-06, rms(Δint.) = 7.67180e-06
Cycle 3: rms(Δcart)=5.2986e-08, rms(Δint.) = 7.67178e-06
Internal->Cartesian transformation converged in 4 cycle(s)!

Backtransformation 79
Cycle 0: rms(Δcart)=6.4217e-02, rms(Δint.) = 2.30866e-04
Cycle 1: rms(Δcart)=8.0497e-04, rms(Δint.) = 3.30661e-05
Cycle 2: rms(Δcart)=2.4641e-05, rms(Δint.) = 3.26507e-05
Cycle 3: rms(Δcart)=7.9057e-07, rms(Δint.) = 3.26495e-05
Internal->Cartesian transformation converged in 4 cycle(s)!

Backtransformation 80
Cycle 0: rms(Δcart)=6.4093e-02, rms(Δint.) = 2.65919e-04
Cycle 1: rms(Δcart)=8.9143e-04, rms(Δint.) = 3.62879e-05
Cycle 2: rms(Δcart)=3.0204e-05, rms(Δint.) = 3.56665e-05
Cycle 3: rms(Δcart)=1.0747e-06, rms(Δint.) = 3.56646e-05
Cycle 4: rms(Δcart)=3.8637e-08, rms(Δint.) = 3.56647e-05
Internal->Cartesian transformation converged in 5 cycle(s)!

Backtransformation 81
Cycle 0: rms(Δcart)=4.6799e-02, rms(Δint.) = 1.61236e-04
Cycle 1: rms(Δcart)=5.1598e-04, rms(Δint.) = 2.94838e-05
Cycle 2: rms(Δcart)=1.3751e-05, rms(Δint.) = 2.92556e-05
Cycle 3: rms(Δcart)=4.0623e-07, rms(Δint.) = 2.92554e-05
Internal->Cartesian transformation converged in 4 cycle(s)!

Backtransformation 82
Cycle 0: rms(Δcart)=4.1179e-02, rms(Δint.) = 1.39305e-04
Cycle 1: rms(Δcart)=4.1114e-04, rms(Δint.) = 3.24495e-05
Cycle 2: rms(Δcart)=1.1274e-05, rms(Δint.) = 3.22775e-05
Cycle 3: rms(Δcart)=3.1833e-07, rms(Δint.) = 3.22775e-05
Internal->Cartesian transformation converged in 4 cycle(s)!

Backtransformation 83
Cycle 0: rms(Δcart)=3.0609e-02, rms(Δint.) = 1.43355e-04
Cycle 1: rms(Δcart)=2.8368e-04, rms(Δint.) = 7.22483e-05
Cycle 2: rms(Δcart)=4.6105e-06, rms(Δint.) = 7.22142e-05
Cycle 3: rms(Δcart)=1.5700e-07, rms(Δint.) = 7.22139e-05
Internal->Cartesian transformation converged in 4 cycle(s)!

Backtransformation 84
Cycle 0: rms(Δcart)=3.1507e-02, rms(Δint.) = 5.52231e-05
Cycle 1: rms(Δcart)=1.8241e-04, rms(Δint.) = 1.08156e-05
Cycle 2: rms(Δcart)=2.9974e-06, rms(Δint.) = 1.07958e-05
Cycle 3: rms(Δcart)=4.8108e-08, rms(Δint.) = 1.07959e-05
Internal->Cartesian transformation converged in 4 cycle(s)!

Backtransformation 85
Cycle 0: rms(Δcart)=1.6604e-02, rms(Δint.) = 2.72610e-05
Cycle 1: rms(Δcart)=1.0148e-04, rms(Δint.) = 3.91901e-06
Cycle 2: rms(Δcart)=8.5806e-07, rms(Δint.) = 3.91411e-06
Internal->Cartesian transformation converged in 3 cycle(s)!

Backtransformation 86
Cycle 0: rms(Δcart)=1.4883e-02, rms(Δint.) = 2.83963e-05
Cycle 1: rms(Δcart)=8.1311e-05, rms(Δint.) = 5.21386e-06
Cycle 2: rms(Δcart)=7.1668e-07, rms(Δint.) = 5.21058e-06
Internal->Cartesian transformation converged in 3 cycle(s)!

Backtransformation 87
Cycle 0: rms(Δcart)=1.2885e-02, rms(Δint.) = 2.47548e-05
Cycle 1: rms(Δcart)=6.6126e-05, rms(Δint.) = 1.02891e-05
Cycle 2: rms(Δcart)=4.5875e-07, rms(Δint.) = 1.02857e-05
Internal->Cartesian transformation converged in 3 cycle(s)!

Backtransformation 88
Cycle 0: rms(Δcart)=1.1045e-02, rms(Δint.) = 1.09455e-05
Cycle 1: rms(Δcart)=3.3716e-05, rms(Δint.) = 5.95370e-06
Cycle 2: rms(Δcart)=1.3683e-07, rms(Δint.) = 5.95338e-06
Internal->Cartesian transformation converged in 3 cycle(s)!

Backtransformation 89
Cycle 0: rms(Δcart)=9.6387e-03, rms(Δint.) = 8.90874e-06
Cycle 1: rms(Δcart)=2.7396e-05, rms(Δint.) = 4.21928e-06
Cycle 2: rms(Δcart)=1.0113e-07, rms(Δint.) = 4.21913e-06
Internal->Cartesian transformation converged in 3 cycle(s)!

Backtransformation 90
Cycle 0: rms(Δcart)=3.9386e-03, rms(Δint.) = 1.86247e-06
Cycle 1: rms(Δcart)=4.4112e-06, rms(Δint.) = 1.23557e-06
Cycle 2: rms(Δcart)=9.3518e-09, rms(Δint.) = 1.23557e-06
Internal->Cartesian transformation converged in 3 cycle(s)!

Backtransformation 91
Cycle 0: rms(Δcart)=3.5551e-03, rms(Δint.) = 1.80256e-06
Cycle 1: rms(Δcart)=4.3222e-06, rms(Δint.) = 6.17384e-07
Cycle 2: rms(Δcart)=1.4924e-08, rms(Δint.) = 6.17366e-07
Internal->Cartesian transformation converged in 3 cycle(s)!

Backtransformation 92
Cycle 0: rms(Δcart)=4.0297e-03, rms(Δint.) = 1.70230e-06
Cycle 1: rms(Δcart)=5.5277e-06, rms(Δint.) = 6.62928e-07
Cycle 2: rms(Δcart)=2.1129e-08, rms(Δint.) = 6.62912e-07
Internal->Cartesian transformation converged in 3 cycle(s)!

Backtransformation 93
Cycle 0: rms(Δcart)=2.5263e-03, rms(Δint.) = 1.06810e-06
Cycle 1: rms(Δcart)=2.8216e-06, rms(Δint.) = 6.70414e-07
Cycle 2: rms(Δcart)=4.6588e-09, rms(Δint.) = 6.70412e-07
Internal->Cartesian transformation converged in 3 cycle(s)!

