                           d8b                            888
                           Y8P                            888
                                                          888
88888b.  888  888 .d8888b  888 .d8888b  888  888 88888b.  88888b.  888  888 .d8888b
888 "88b 888  888 88K      888 88K      888  888 888 "88b 888 "88b 888  888 88K
888  888 888  888 "Y8888b. 888 "Y8888b. 888  888 888  888 888  888 888  888 "Y8888b.
888 d88P Y88b 888      X88 888      X88 Y88b 888 888 d88P 888  888 Y88b 888      X88
88888P"   "Y88888  88888P' 888  88888P'  "Y88888 88888P"  888  888  "Y88888  88888P'
888           888                            888 888
888      Y8b d88P                       Y8b d88P 888
888       "Y88P"                         "Y88P"  888                            

Version 0.7.6.post2 (Python 3.8.15, NumPy 1.24.3, SciPy 1.10.1)
Executed at Tue Mar  5 13:50:33 2024 on 'pal-nat186-180-90.itap.purdue.edu'
Platform: macOS-10.16-x86_64-i386-64bit
Interpreter: /Users/hsu205/miniconda3/envs/py38/bin/python
Current working directory: /Users/hsu205/github/classy-yarp/reaction/xtb_run/HGCIXCUEYOPUTN

If pysisyphus benefitted your research please cite:

	https://doi.org/10.1002/qua.26390

Good luck!

{'calc': {'charge': 0, 'mem': 4000, 'mult': 1, 'pal': 1, 'type': 'xtb'},
 'geom': {'coord_kwargs': {},
          'fn': '/Users/hsu205/github/classy-yarp/reaction/xtb_run/HGCIXCUEYOPUTN/HGCIXCUEYOPUTN-init.xyz',
          'type': 'cart'},
 'opt': {'T': 298.15,
         'do_hess': True,
         'dump': True,
         'hessian_recalc': 1,
         'max_cycles': 50,
         'overachieve_factor': 3,
         'p': 101325,
         'type': 'rfo'}}

Read 1 geometry.
                            ########################
                            # RUNNING OPTIMIZATION #
                            ########################

     Input geometry: Geometry(C6_H10, 16 atoms)
  Coordinate system: cart
         Calculator: XTB calculator
             Charge: 0
       Multiplicity: 1
          Optimizer: rfo


If not specified otherwise, all quantities are given in au.

Convergence thresholds, (overachieved when):
	max(|force|) <= 0.002500, (0.000833) E_h a_0⁻¹
	  rms(force) <= 0.001700, (0.000567) E_h a_0⁻¹
	 max(|step|) <= 0.010000 a_0
	   rms(step) <= 0.006700 a_0

Spent 0.0 s preparing the first cycle.
       cycle    Δ(energy) max(|force|)   rms(force)  max(|step|)    rms(step)      s/cycle
           0          nan     0.086412     0.034708     0.081921     0.032904         0.06
           1    -0.031888     0.028224     0.011521     0.206533     0.072817         0.53
           2    -0.012137     0.004764     0.001921     0.222406     0.087196         0.52
           3    -0.003495     0.004592     0.001514     0.331698     0.140743         0.54
           4    -0.004229     0.008404     0.003453     0.230675     0.088909         0.52
           5    -0.002800     0.003283     0.001352     0.161138     0.058029         0.51
           6    -0.000719     0.001305     0.000453     0.063654     0.023803         0.50
           7    -0.000063     0.000822     0.000245     0.006055     0.001792         0.53
       Converged!

Final summary:
        	max(forces,cartesian): 0.000822 hartree/bohr
        	rms(forces,cartesian): 0.000245 hartree/bohr
        	energy: -17.93143469 hartree
       Wrote final, hopefully optimized, geometry to 'final_geometry.xyz'

                         +---------------------------+
                         | HESSIAN AT FINAL GEOMETRY |
                         +---------------------------+

... started Hessian calculation
... calculation took 0.00 min
... mass-weighing cartesian hessian
... doing Eckart-projection

First 10 eigenvalues [0.0009 0.0029 0.0053 0.0076 0.0085 0.0168 0.0208 0.0265 0.0299 0.0323]
Wrote Hessian data HD5 file 'final_hessian.h5'.


pysisyphus run took 0:00:03 h.
