Script executing from /users/emille35/dev/yarp-again/yarp
Welcome to
                __   __ _    ____  ____  
                \ \ / // \  |  _ \|  _ \ 
                 \ V // _ \ | |_) | |_) |
                  | |/ ___ \|  _ <|  __/ 
                  |_/_/   \_\_| \_\_|
                          // Yet Another Reaction Program
        
First off, here's the input file you provided:
=====================================
egat:
  method: ml_predict
  model: egat_pretrain
initialize:
  bonds to break: 2
  bonds to form: 2
  enumerate: true
  enumeration filters:
    barrier cutoff: 80.0
    barrier source: egat
    discard strained rings: false
    formal charge: 2.0
    lewis score: 0.0
  initial species: ../depth_1/depth1.pkl
  mode: concerted
  output: depth2.pkl
  separate products: all
stages:
- egat

=====================================
Product enumeration routine selected
 - Processing starting node(s) as YARP generated pickle file
 - Reading in 37 total reactions
 - Performing product separation on all reactions prior to enumeration
 - Barrier filtering selected! Reactions with egat dG above 80.0 kcal/mol will be excluded from enumeration.
  + Excluding XSASRUDTFFBDDK_to_PLXVTJBBUQBDRQ (dG = 88.3519515991211) from enumeration
  + Excluding XSASRUDTFFBDDK_to_LZBZEBHQVXRLLN (dG = 84.3137435913086) from enumeration
  + Excluding XSASRUDTFFBDDK_to_LSIGHSKIPNHVEN (dG = 103.42616271972656) from enumeration
  + Excluding XSASRUDTFFBDDK_to_CCGKOQOJPYTBIH-MEUKEBNAABNAEX (dG = 90.69873809814453) from enumeration
  + Separating WGCNASOHLSPBMP-WSFSSNUMVMOOMR into 2 nodes
  + Separating ASQQEOXYFGEFKQ-IKHGUXGNUITLKF into 2 nodes
  + Excluding XSASRUDTFFBDDK_to_QWFOJYBHKFALKR (dG = 107.6162109375) from enumeration
  + Separating SCKXCAADGDQQCS-VGGSQFUCUMXWEO into 2 nodes
  + Separating HGINCPLSRVDWNT-MHAJPDPJQMAIIY into 2 nodes
  + Excluding XSASRUDTFFBDDK_to_UTLVMFCPERHVKU (dG = 87.2101058959961) from enumeration
  + Excluding XSASRUDTFFBDDK_to_UVXJOOHEDLXZGH (dG = 99.1372299194336) from enumeration
  + Excluding XSASRUDTFFBDDK_to_MHAJPDPJQMAIIY-VBBRYJMZLIYUJQ (dG = 86.2401123046875) from enumeration
  + Excluding XSASRUDTFFBDDK_to_CZPZWMPYEINMCF (dG = 81.45484161376953) from enumeration
  + Excluding XSASRUDTFFBDDK_to_MYMOFIZGZYHOMD-NBBJYMSMWIIQGU (dG = 88.62409210205078) from enumeration
  + Separating IEZWOVIWXFLQTP-WSFSSNUMVMOOMR into 2 nodes
  + Excluding XSASRUDTFFBDDK_to_SAFQYXYVTVQFLR-UFHFLCQGNIYNRP (dG = 122.54642486572266) from enumeration
  + Excluding XSASRUDTFFBDDK_to_YKZHDJKJFXCGCU (dG = 97.6224365234375) from enumeration
  + Excluding XSASRUDTFFBDDK_to_KLARBAOWTNKAMX-UFHFLCQGNIYNRP (dG = 102.1546859741211) from enumeration
  + Separating WSMYVTOQOOLQHP-XLYOFNOQVPJJNP into 2 nodes
  + Separating NUZFBZRITSUKTP-UFHFLCQGNIYNRP into 2 nodes
  + Separating BDAGIHXWWSANSR-IAYPIBMASNFSPL into 2 nodes
  + Excluding XSASRUDTFFBDDK_to_BVTJGGGYKAMDBN-WSFSSNUMVMOOMR (dG = 84.5655746459961) from enumeration
  + Separating NTKXXOVKNHRVFH-UFHFLCQGNIYNRP into 2 nodes
  + Separating IWYRWIUNAVNFPE-XLYOFNOQVPJJNP into 2 nodes
  + Excluding XSASRUDTFFBDDK_to_SEWVJHXWGVGQLV-UFHFLCQGNIYNRP (dG = 96.5738525390625) from enumeration
  + Excluding XSASRUDTFFBDDK_to_KQBSGRWMSNFIPG (dG = 86.67922973632812) from enumeration
  + Separating VEZXCJBBBCKRPI-XLYOFNOQVPJJNP into 2 nodes
  + Separating PHILMFQVUWCHOQ-UFHFLCQGNIYNRP into 2 nodes
 - 28 unique products identified for enumeration
 - Enumerating from WSFSSNUMVMOOMR node
  * Product enumeration with break 2, form 2 will be performed in concerted mode.
   + Enumerated 0 products
   + Applying Lewis score cutoff of 0.0
   + Applying formal charge cutoff of 2.0
   + Returning 0 products after filtering
 - Enumerating from WGCNASOHLSPBMP node
  * Product enumeration with break 2, form 2 will be performed in concerted mode.
   + Enumerated 11 products
   + Applying Lewis score cutoff of 0.0
   + Applying formal charge cutoff of 2.0
   + Returning 11 products after filtering
 - Enumerating from MQZTXKZTLDDYNK node
  * Product enumeration with break 2, form 2 will be performed in concerted mode.
   + Enumerated 36 products
   + Applying Lewis score cutoff of 0.0
   + Applying formal charge cutoff of 2.0
   + Returning 36 products after filtering
 - Enumerating from ASQQEOXYFGEFKQ node
  * Product enumeration with break 2, form 2 will be performed in concerted mode.
   + Enumerated 1 products
   + Applying Lewis score cutoff of 0.0
   + Applying formal charge cutoff of 2.0
   + Returning 1 products after filtering
 - Enumerating from IKHGUXGNUITLKF node
  * Product enumeration with break 2, form 2 will be performed in concerted mode.
   + Enumerated 3 products
   + Applying Lewis score cutoff of 0.0
   + Applying formal charge cutoff of 2.0
   + Returning 3 products after filtering
 - Enumerating from VGGSQFUCUMXWEO node
  * Product enumeration with break 2, form 2 will be performed in concerted mode.
   + Enumerated 1 products
   + Applying Lewis score cutoff of 0.0
   + Applying formal charge cutoff of 2.0
   + Returning 1 products after filtering
 - Enumerating from SCKXCAADGDQQCS node
  * Product enumeration with break 2, form 2 will be performed in concerted mode.
   + Enumerated 6 products
   + Applying Lewis score cutoff of 0.0
   + Applying formal charge cutoff of 2.0
   + Returning 6 products after filtering
 - Enumerating from HGINCPLSRVDWNT node
  * Product enumeration with break 2, form 2 will be performed in concerted mode.
   + Enumerated 11 products
   + Applying Lewis score cutoff of 0.0
   + Applying formal charge cutoff of 2.0
   + Returning 10 products after filtering
 - Enumerating from MHAJPDPJQMAIIY node
  * Product enumeration with break 2, form 2 will be performed in concerted mode.
   + Enumerated 1 products
   + Applying Lewis score cutoff of 0.0
   + Applying formal charge cutoff of 2.0
   + Returning 1 products after filtering
 - Enumerating from JQQGJTHDBODIPT node
  * Product enumeration with break 2, form 2 will be performed in concerted mode.
   + Enumerated 42 products
   + Applying Lewis score cutoff of 0.0
   + Applying formal charge cutoff of 2.0
   + Returning 42 products after filtering
 - Enumerating from IEZWOVIWXFLQTP node
  * Product enumeration with break 2, form 2 will be performed in concerted mode.
   + Enumerated 12 products
   + Applying Lewis score cutoff of 0.0
   + Applying formal charge cutoff of 2.0
   + Returning 12 products after filtering
 - Enumerating from WSMYVTOQOOLQHP node
  * Product enumeration with break 2, form 2 will be performed in concerted mode.
   + Enumerated 11 products
   + Applying Lewis score cutoff of 0.0
   + Applying formal charge cutoff of 2.0
   + Returning 11 products after filtering
 - Enumerating from XLYOFNOQVPJJNP node
  * Product enumeration with break 2, form 2 will be performed in concerted mode.
   + Enumerated 0 products
   + Applying Lewis score cutoff of 0.0
   + Applying formal charge cutoff of 2.0
   + Returning 0 products after filtering
 - Enumerating from RGNLCYKNGPYALI node
  * Product enumeration with break 2, form 2 will be performed in concerted mode.
   + Enumerated 30 products
   + Applying Lewis score cutoff of 0.0
   + Applying formal charge cutoff of 2.0
   + Returning 30 products after filtering
 - Enumerating from NUZFBZRITSUKTP node
  * Product enumeration with break 2, form 2 will be performed in concerted mode.
   + Enumerated 24 products
   + Applying Lewis score cutoff of 0.0
   + Applying formal charge cutoff of 2.0
   + Returning 24 products after filtering
 - Enumerating from UFHFLCQGNIYNRP node
  * Product enumeration with break 2, form 2 will be performed in concerted mode.
   + Enumerated 0 products
   + Applying Lewis score cutoff of 0.0
   + Applying formal charge cutoff of 2.0
   + Returning 0 products after filtering
 - Enumerating from IAYPIBMASNFSPL node
  * Product enumeration with break 2, form 2 will be performed in concerted mode.
   + Enumerated 2 products
   + Applying Lewis score cutoff of 0.0
   + Applying formal charge cutoff of 2.0
   + Returning 2 products after filtering
 - Enumerating from BDAGIHXWWSANSR node
  * Product enumeration with break 2, form 2 will be performed in concerted mode.
   + Enumerated 2 products
   + Applying Lewis score cutoff of 0.0
   + Applying formal charge cutoff of 2.0
   + Returning 2 products after filtering
 - Enumerating from UKQJDWBNQNAJHB node
  * Product enumeration with break 2, form 2 will be performed in concerted mode.
   + Enumerated 35 products
   + Applying Lewis score cutoff of 0.0
   + Applying formal charge cutoff of 2.0
   + Returning 35 products after filtering
 - Enumerating from COYCHYMPNMUQTC node
  * Product enumeration with break 2, form 2 will be performed in concerted mode.
   + Enumerated 30 products
   + Applying Lewis score cutoff of 0.0
   + Applying formal charge cutoff of 2.0
   + Returning 30 products after filtering
 - Enumerating from MFKZDADVASPENT node
  * Product enumeration with break 2, form 2 will be performed in concerted mode.
   + Enumerated 45 products
   + Applying Lewis score cutoff of 0.0
   + Applying formal charge cutoff of 2.0
   + Returning 45 products after filtering
 - Enumerating from NTKXXOVKNHRVFH node
  * Product enumeration with break 2, form 2 will be performed in concerted mode.
   + Enumerated 29 products
   + Applying Lewis score cutoff of 0.0
   + Applying formal charge cutoff of 2.0
   + Returning 29 products after filtering
 - Enumerating from IWYRWIUNAVNFPE node
  * Product enumeration with break 2, form 2 will be performed in concerted mode.
   + Enumerated 20 products
   + Applying Lewis score cutoff of 0.0
   + Applying formal charge cutoff of 2.0
   + Returning 20 products after filtering
 - Enumerating from MNQZXJOMYWMBOU node
  * Product enumeration with break 2, form 2 will be performed in concerted mode.
   + Enumerated 42 products
   + Applying Lewis score cutoff of 0.0
   + Applying formal charge cutoff of 2.0
   + Returning 42 products after filtering
 - Enumerating from KYKDRUWGNWYQSD node
  * Product enumeration with break 2, form 2 will be performed in concerted mode.
   + Enumerated 42 products
   + Applying Lewis score cutoff of 0.0
   + Applying formal charge cutoff of 2.0
   + Returning 42 products after filtering
 - Enumerating from VEZXCJBBBCKRPI node
  * Product enumeration with break 2, form 2 will be performed in concerted mode.
   + Enumerated 18 products
   + Applying Lewis score cutoff of 0.0
   + Applying formal charge cutoff of 2.0
   + Returning 18 products after filtering
 - Enumerating from ALRHLSYJTWAHJZ node
  * Product enumeration with break 2, form 2 will be performed in concerted mode.
   + Enumerated 38 products
   + Applying Lewis score cutoff of 0.0
   + Applying formal charge cutoff of 2.0
   + Returning 38 products after filtering
 - Enumerating from PHILMFQVUWCHOQ node
  * Product enumeration with break 2, form 2 will be performed in concerted mode.
   + Enumerated 28 products
   + Applying Lewis score cutoff of 0.0
   + Applying formal charge cutoff of 2.0
   + Returning 27 products after filtering
Number of reactions generated: 539
 -- Reaction 0: XSASRUDTFFBDDK_to_WGCNASOHLSPBMP-WSFSSNUMVMOOMR
 -- Reaction 1: XSASRUDTFFBDDK_to_MQZTXKZTLDDYNK
 -- Reaction 2: XSASRUDTFFBDDK_to_ASQQEOXYFGEFKQ-IKHGUXGNUITLKF
 -- Reaction 3: XSASRUDTFFBDDK_to_SCKXCAADGDQQCS-VGGSQFUCUMXWEO
 -- Reaction 4: XSASRUDTFFBDDK_to_HGINCPLSRVDWNT-MHAJPDPJQMAIIY
 -- Reaction 5: XSASRUDTFFBDDK_to_JQQGJTHDBODIPT
 -- Reaction 6: XSASRUDTFFBDDK_to_IEZWOVIWXFLQTP-WSFSSNUMVMOOMR
 -- Reaction 7: XSASRUDTFFBDDK_to_WSMYVTOQOOLQHP-XLYOFNOQVPJJNP
 -- Reaction 8: XSASRUDTFFBDDK_to_RGNLCYKNGPYALI
 -- Reaction 9: XSASRUDTFFBDDK_to_NUZFBZRITSUKTP-UFHFLCQGNIYNRP
 -- Reaction 10: XSASRUDTFFBDDK_to_BDAGIHXWWSANSR-IAYPIBMASNFSPL
 -- Reaction 11: XSASRUDTFFBDDK_to_UKQJDWBNQNAJHB
 -- Reaction 12: XSASRUDTFFBDDK_to_COYCHYMPNMUQTC
 -- Reaction 13: XSASRUDTFFBDDK_to_MFKZDADVASPENT
 -- Reaction 14: XSASRUDTFFBDDK_to_NTKXXOVKNHRVFH-UFHFLCQGNIYNRP
 -- Reaction 15: XSASRUDTFFBDDK_to_IWYRWIUNAVNFPE-XLYOFNOQVPJJNP
 -- Reaction 16: XSASRUDTFFBDDK_to_MNQZXJOMYWMBOU
 -- Reaction 17: XSASRUDTFFBDDK_to_KYKDRUWGNWYQSD
 -- Reaction 18: XSASRUDTFFBDDK_to_VEZXCJBBBCKRPI-XLYOFNOQVPJJNP
 -- Reaction 19: XSASRUDTFFBDDK_to_ALRHLSYJTWAHJZ
 -- Reaction 20: XSASRUDTFFBDDK_to_PHILMFQVUWCHOQ-UFHFLCQGNIYNRP
 -- Reaction 21: WGCNASOHLSPBMP_to_WSFSSNUMVMOOMR-WSFSSNUMVMOOMR
 -- Reaction 22: WGCNASOHLSPBMP_to_TZIHFWKZFHZASV
 -- Reaction 23: WGCNASOHLSPBMP_to_IEZWOVIWXFLQTP
 -- Reaction 24: WGCNASOHLSPBMP_to_DOAMZWOPDPPKJS
 -- Reaction 25: WGCNASOHLSPBMP_to_CCGKOQOJPYTBIH-XLYOFNOQVPJJNP
 -- Reaction 26: WGCNASOHLSPBMP_to_QTBSBXVTEAMEQO
 -- Reaction 27: WGCNASOHLSPBMP_to_JMCRDEBJJPRTPV
 -- Reaction 28: WGCNASOHLSPBMP_to_UFHFLCQGNIYNRP-WVKOKNQPFFEMSR
 -- Reaction 29: WGCNASOHLSPBMP_to_LEQAOMBKQFMDFZ-UFHFLCQGNIYNRP
 -- Reaction 30: WGCNASOHLSPBMP_to_BVTJGGGYKAMDBN
 -- Reaction 31: WGCNASOHLSPBMP_to_HZSIFDFXFAXICF-UFHFLCQGNIYNRP
 -- Reaction 32: MQZTXKZTLDDYNK_to_UKQJDWBNQNAJHB
 -- Reaction 33: MQZTXKZTLDDYNK_to_WGCNASOHLSPBMP-WSFSSNUMVMOOMR
 -- Reaction 34: MQZTXKZTLDDYNK_to_MNQZXJOMYWMBOU
 -- Reaction 35: MQZTXKZTLDDYNK_to_LEQAOMBKQFMDFZ-OKKJLVBELUTLKV
 -- Reaction 36: MQZTXKZTLDDYNK_to_BFPUSHWBRPMZFN
 -- Reaction 37: MQZTXKZTLDDYNK_to_OCSVNKWAJGSUKI
 -- Reaction 38: MQZTXKZTLDDYNK_to_RXKJFZQQPQGTFL
 -- Reaction 39: MQZTXKZTLDDYNK_to_HZSIFDFXFAXICF-OKKJLVBELUTLKV
 -- Reaction 40: MQZTXKZTLDDYNK_to_QWFOJYBHKFALKR
 -- Reaction 41: MQZTXKZTLDDYNK_to_BDAGIHXWWSANSR-IAYPIBMASNFSPL
 -- Reaction 42: MQZTXKZTLDDYNK_to_XSASRUDTFFBDDK
 -- Reaction 43: MQZTXKZTLDDYNK_to_IWYRWIUNAVNFPE-XLYOFNOQVPJJNP
 -- Reaction 44: MQZTXKZTLDDYNK_to_XKRYVGDYTMIZST
 -- Reaction 45: MQZTXKZTLDDYNK_to_WVFPEXSMTPRZJP
 -- Reaction 46: MQZTXKZTLDDYNK_to_TWGSXTJXQLNWNP
 -- Reaction 47: MQZTXKZTLDDYNK_to_ROADCYAOHVSOLQ-XLYOFNOQVPJJNP
 -- Reaction 48: MQZTXKZTLDDYNK_to_RMIODHQZRUFFFF
 -- Reaction 49: MQZTXKZTLDDYNK_to_DOAMZWOPDPPKJS-WSFSSNUMVMOOMR
 -- Reaction 50: MQZTXKZTLDDYNK_to_RGNLCYKNGPYALI
 -- Reaction 51: MQZTXKZTLDDYNK_to_BDAGIHXWWSANSR-IKHGUXGNUITLKF
 -- Reaction 52: MQZTXKZTLDDYNK_to_UFHFLCQGNIYNRP-URQJYCMMYPTYSF
 -- Reaction 53: MQZTXKZTLDDYNK_to_SUCKNXAQIMPMOC
 -- Reaction 54: MQZTXKZTLDDYNK_to_VOZDABZCYIIVTM
 -- Reaction 55: MQZTXKZTLDDYNK_to_LTRRBWARIDHOMC-UFHFLCQGNIYNRP
 -- Reaction 56: MQZTXKZTLDDYNK_to_MFRMAQFRVTUENW-UFHFLCQGNIYNRP
 -- Reaction 57: MQZTXKZTLDDYNK_to_GFAJOMHUNNCCJQ-WSFSSNUMVMOOMR
 -- Reaction 58: MQZTXKZTLDDYNK_to_VKWJMTLAAJULGF
 -- Reaction 59: MQZTXKZTLDDYNK_to_KQBGNBDMOJYJAO
 -- Reaction 60: MQZTXKZTLDDYNK_to_CCGKOQOJPYTBIH-CKFGINPQOCXMAZ
 -- Reaction 61: MQZTXKZTLDDYNK_to_JYVNDCLJHKQUHE
 -- Reaction 62: MQZTXKZTLDDYNK_to_ASQQEOXYFGEFKQ-IKHGUXGNUITLKF
 -- Reaction 63: MQZTXKZTLDDYNK_to_PHMDMSMEYYVXLZ
 -- Reaction 64: MQZTXKZTLDDYNK_to_JCTHKUNMWCUDLH-UFHFLCQGNIYNRP
 -- Reaction 65: MQZTXKZTLDDYNK_to_RBNCVQJDGSQYET-UFHFLCQGNIYNRP
 -- Reaction 66: MQZTXKZTLDDYNK_to_FQERLIOIVXPZKH
 -- Reaction 67: MQZTXKZTLDDYNK_to_GZTMCZAOQTVOJK-UFHFLCQGNIYNRP
 -- Reaction 68: ASQQEOXYFGEFKQ_to_BDAGIHXWWSANSR
 -- Reaction 69: IKHGUXGNUITLKF_to_IMROMDMJAWUWLK
 -- Reaction 70: IKHGUXGNUITLKF_to_IAYPIBMASNFSPL
 -- Reaction 71: IKHGUXGNUITLKF_to_CCGKOQOJPYTBIH-UFHFLCQGNIYNRP
 -- Reaction 72: VGGSQFUCUMXWEO_to_HSFWRNGVRCDJHI-UFHFLCQGNIYNRP
 -- Reaction 73: SCKXCAADGDQQCS_to_MYMOFIZGZYHOMD-WSFSSNUMVMOOMR
 -- Reaction 74: SCKXCAADGDQQCS_to_CVTVRXGPXQVJAU
 -- Reaction 75: SCKXCAADGDQQCS_to_BJMSRZLVEVUDIK
 -- Reaction 76: SCKXCAADGDQQCS_to_CURLTUGMZLYLDI-XLYOFNOQVPJJNP
 -- Reaction 77: SCKXCAADGDQQCS_to_BVKZGUZCCUSVTD
 -- Reaction 78: SCKXCAADGDQQCS_to_NPDDCAZCWJWIBW-UFHFLCQGNIYNRP
 -- Reaction 79: HGINCPLSRVDWNT_to_HSFWRNGVRCDJHI-WSFSSNUMVMOOMR
 -- Reaction 80: HGINCPLSRVDWNT_to_CRYATLIDHPPXDV
 -- Reaction 81: HGINCPLSRVDWNT_to_SQRHNJRUPNFNHY
 -- Reaction 82: HGINCPLSRVDWNT_to_YQTVBZHHWNMNKX
 -- Reaction 83: HGINCPLSRVDWNT_to_AAEZMHSWRQVQEK
 -- Reaction 84: HGINCPLSRVDWNT_to_VOXWVWGNZYVMQA
 -- Reaction 85: HGINCPLSRVDWNT_to_UYLUJGRCKKSWHS
 -- Reaction 86: HGINCPLSRVDWNT_to_VBBRYJMZLIYUJQ
 -- Reaction 87: HGINCPLSRVDWNT_to_TURAMGVWNUTQKH-UFHFLCQGNIYNRP
 -- Reaction 88: HGINCPLSRVDWNT_to_IJNJLGFTSIAHEA-UFHFLCQGNIYNRP
 -- Reaction 89: MHAJPDPJQMAIIY_to_MYMOFIZGZYHOMD-UFHFLCQGNIYNRP
 -- Reaction 90: JQQGJTHDBODIPT_to_SCKXCAADGDQQCS-VGGSQFUCUMXWEO
 -- Reaction 91: JQQGJTHDBODIPT_to_YLOCODGPXISXIR
 -- Reaction 92: JQQGJTHDBODIPT_to_LZBZEBHQVXRLLN
 -- Reaction 93: JQQGJTHDBODIPT_to_UKQJDWBNQNAJHB
 -- Reaction 94: JQQGJTHDBODIPT_to_VOZDABZCYIIVTM
 -- Reaction 95: JQQGJTHDBODIPT_to_JQTRCASVHDFDIY
 -- Reaction 96: JQQGJTHDBODIPT_to_FQERLIOIVXPZKH
 -- Reaction 97: JQQGJTHDBODIPT_to_PLXVTJBBUQBDRQ
 -- Reaction 98: JQQGJTHDBODIPT_to_UVXJOOHEDLXZGH
 -- Reaction 99: JQQGJTHDBODIPT_to_XSASRUDTFFBDDK
 -- Reaction 100: JQQGJTHDBODIPT_to_MHAJPDPJQMAIIY-SQRHNJRUPNFNHY
 -- Reaction 101: JQQGJTHDBODIPT_to_CRYATLIDHPPXDV-MHAJPDPJQMAIIY
 -- Reaction 102: JQQGJTHDBODIPT_to_WVFPEXSMTPRZJP
 -- Reaction 103: JQQGJTHDBODIPT_to_AHHWIHXENZJRFG-MYMOFIZGZYHOMD
 -- Reaction 104: JQQGJTHDBODIPT_to_IEZWOVIWXFLQTP-WSFSSNUMVMOOMR
 -- Reaction 105: JQQGJTHDBODIPT_to_YKZHDJKJFXCGCU
 -- Reaction 106: JQQGJTHDBODIPT_to_LGAKZZVAQHLFSN
 -- Reaction 107: JQQGJTHDBODIPT_to_KYKDRUWGNWYQSD
 -- Reaction 108: JQQGJTHDBODIPT_to_DTXLZANOYCDGFH
 -- Reaction 109: JQQGJTHDBODIPT_to_KQBSGRWMSNFIPG
 -- Reaction 110: JQQGJTHDBODIPT_to_XDOSUYFJXIIXIM
 -- Reaction 111: JQQGJTHDBODIPT_to_PQLKATRRSMAICE
 -- Reaction 112: JQQGJTHDBODIPT_to_SHEQRTRCYNGEEJ
 -- Reaction 113: JQQGJTHDBODIPT_to_CZPZWMPYEINMCF
 -- Reaction 114: JQQGJTHDBODIPT_to_UFHFLCQGNIYNRP-YHAGBRCRSSOTCP
 -- Reaction 115: JQQGJTHDBODIPT_to_STDNQZPMIRKDCV-UFHFLCQGNIYNRP
 -- Reaction 116: JQQGJTHDBODIPT_to_VEZXCJBBBCKRPI-XLYOFNOQVPJJNP
 -- Reaction 117: JQQGJTHDBODIPT_to_MOKACWHZOSFWEI
 -- Reaction 118: JQQGJTHDBODIPT_to_ARCNIFKJKCNTNO-UFHFLCQGNIYNRP
 -- Reaction 119: JQQGJTHDBODIPT_to_DNNLBMAZSCRRMG
 -- Reaction 120: JQQGJTHDBODIPT_to_OCSVNKWAJGSUKI
 -- Reaction 121: JQQGJTHDBODIPT_to_IZHVFAKMAKGJLM
 -- Reaction 122: JQQGJTHDBODIPT_to_HREKQTFXSLSXGY
 -- Reaction 123: JQQGJTHDBODIPT_to_CXMXXUXSRBBZSC
 -- Reaction 124: JQQGJTHDBODIPT_to_AQKWQHQQWFSEQR
 -- Reaction 125: JQQGJTHDBODIPT_to_UFHFLCQGNIYNRP-ZXEDRBJDQBSWAI
 -- Reaction 126: JQQGJTHDBODIPT_to_WEOAOPULSHXPNT-XLYOFNOQVPJJNP
 -- Reaction 127: JQQGJTHDBODIPT_to_LMZBGVBKISSTKO
 -- Reaction 128: JQQGJTHDBODIPT_to_NGTHLWHNLJEPPD-UFHFLCQGNIYNRP
 -- Reaction 129: JQQGJTHDBODIPT_to_IUBDIJVSWDMJLO-XLYOFNOQVPJJNP
 -- Reaction 130: JQQGJTHDBODIPT_to_SUCKNXAQIMPMOC
 -- Reaction 131: JQQGJTHDBODIPT_to_BNJDONXQWMZFOE-UFHFLCQGNIYNRP
 -- Reaction 132: IEZWOVIWXFLQTP_to_WGCNASOHLSPBMP
 -- Reaction 133: IEZWOVIWXFLQTP_to_DOAMZWOPDPPKJS
 -- Reaction 134: IEZWOVIWXFLQTP_to_NOZLREUTKGWBPY
 -- Reaction 135: IEZWOVIWXFLQTP_to_BVTJGGGYKAMDBN
 -- Reaction 136: IEZWOVIWXFLQTP_to_HSFWRNGVRCDJHI-MHAJPDPJQMAIIY
 -- Reaction 137: IEZWOVIWXFLQTP_to_MYMOFIZGZYHOMD-VGGSQFUCUMXWEO
 -- Reaction 138: IEZWOVIWXFLQTP_to_UFHFLCQGNIYNRP-XTIVMLJPNCRJDY
 -- Reaction 139: IEZWOVIWXFLQTP_to_CCGKOQOJPYTBIH-XLYOFNOQVPJJNP
 -- Reaction 140: IEZWOVIWXFLQTP_to_LONYOMRPNGXPGP
 -- Reaction 141: IEZWOVIWXFLQTP_to_DRACBBLWNRFTPS-UFHFLCQGNIYNRP
 -- Reaction 142: IEZWOVIWXFLQTP_to_JMCRDEBJJPRTPV
 -- Reaction 143: IEZWOVIWXFLQTP_to_LKPDARIQMYHGOW-UFHFLCQGNIYNRP
 -- Reaction 144: WSMYVTOQOOLQHP_to_GFJVXXWOPWLRNU
 -- Reaction 145: WSMYVTOQOOLQHP_to_IWYRWIUNAVNFPE
 -- Reaction 146: WSMYVTOQOOLQHP_to_CCGKOQOJPYTBIH-WSFSSNUMVMOOMR
 -- Reaction 147: WSMYVTOQOOLQHP_to_AIJULSRZWUXGPQ
 -- Reaction 148: WSMYVTOQOOLQHP_to_GMSHJLUJOABYOM
 -- Reaction 149: WSMYVTOQOOLQHP_to_BJZRPPPHLTTXMO-UFHFLCQGNIYNRP
 -- Reaction 150: WSMYVTOQOOLQHP_to_UCZMEHHAPUYKNJ
 -- Reaction 151: WSMYVTOQOOLQHP_to_WEOAOPULSHXPNT
 -- Reaction 152: WSMYVTOQOOLQHP_to_FQAPTELXEUWBBK
 -- Reaction 153: WSMYVTOQOOLQHP_to_VEZXCJBBBCKRPI
 -- Reaction 154: WSMYVTOQOOLQHP_to_MPGMMGPFTLLOGN-UFHFLCQGNIYNRP
 -- Reaction 155: RGNLCYKNGPYALI_to_YAFICCFLXARRNU
 -- Reaction 156: RGNLCYKNGPYALI_to_TUHFIVHHNIWHQM
 -- Reaction 157: RGNLCYKNGPYALI_to_UOQFZGVGGMHGEE
 -- Reaction 158: RGNLCYKNGPYALI_to_CCGKOQOJPYTBIH-CKFGINPQOCXMAZ
 -- Reaction 159: RGNLCYKNGPYALI_to_BDAGIHXWWSANSR-IKHGUXGNUITLKF
 -- Reaction 160: RGNLCYKNGPYALI_to_MQZTXKZTLDDYNK
 -- Reaction 161: RGNLCYKNGPYALI_to_BDAGIHXWWSANSR-IMROMDMJAWUWLK
 -- Reaction 162: RGNLCYKNGPYALI_to_MNQZXJOMYWMBOU
 -- Reaction 163: RGNLCYKNGPYALI_to_GMSHJLUJOABYOM-XLYOFNOQVPJJNP
 -- Reaction 164: RGNLCYKNGPYALI_to_YKZHDJKJFXCGCU
 -- Reaction 165: RGNLCYKNGPYALI_to_LMZBGVBKISSTKO
 -- Reaction 166: RGNLCYKNGPYALI_to_FQAPTELXEUWBBK-XLYOFNOQVPJJNP
 -- Reaction 167: RGNLCYKNGPYALI_to_ALRHLSYJTWAHJZ
 -- Reaction 168: RGNLCYKNGPYALI_to_WSMYVTOQOOLQHP-XLYOFNOQVPJJNP
 -- Reaction 169: RGNLCYKNGPYALI_to_XSASRUDTFFBDDK
 -- Reaction 170: RGNLCYKNGPYALI_to_LONYOMRPNGXPGP-WSFSSNUMVMOOMR
 -- Reaction 171: RGNLCYKNGPYALI_to_CNPMSUPIRHIVPC
 -- Reaction 172: RGNLCYKNGPYALI_to_NCTDTKHCTAWTHU-UFHFLCQGNIYNRP
 -- Reaction 173: RGNLCYKNGPYALI_to_DPAUIBRBGMIMLP
 -- Reaction 174: RGNLCYKNGPYALI_to_MOKACWHZOSFWEI
 -- Reaction 175: RGNLCYKNGPYALI_to_RYSGESCXXMRILP-UFHFLCQGNIYNRP
 -- Reaction 176: RGNLCYKNGPYALI_to_OAKURXIZZOAYBC-UFHFLCQGNIYNRP
 -- Reaction 177: RGNLCYKNGPYALI_to_DOAMZWOPDPPKJS-WSFSSNUMVMOOMR
 -- Reaction 178: RGNLCYKNGPYALI_to_JRUKHAIVAGVYRP
 -- Reaction 179: RGNLCYKNGPYALI_to_DNEPOKDMYAKLLN
 -- Reaction 180: RGNLCYKNGPYALI_to_GPKMMINCBXDDSX-UFHFLCQGNIYNRP
 -- Reaction 181: RGNLCYKNGPYALI_to_UFHFLCQGNIYNRP-URQJYCMMYPTYSF
 -- Reaction 182: RGNLCYKNGPYALI_to_KYKDRUWGNWYQSD
 -- Reaction 183: RGNLCYKNGPYALI_to_UFHFLCQGNIYNRP-VZNKYYYANZLXLS
 -- Reaction 184: RGNLCYKNGPYALI_to_NUZFBZRITSUKTP-UFHFLCQGNIYNRP
 -- Reaction 185: NUZFBZRITSUKTP_to_HBMVIKUHROZBFH
 -- Reaction 186: NUZFBZRITSUKTP_to_UXKIFZHTEPIISG
 -- Reaction 187: NUZFBZRITSUKTP_to_CWJDCGOKZKVGJP
 -- Reaction 188: NUZFBZRITSUKTP_to_ASQQEOXYFGEFKQ-CCGKOQOJPYTBIH
 -- Reaction 189: NUZFBZRITSUKTP_to_MFRMAQFRVTUENW
 -- Reaction 190: NUZFBZRITSUKTP_to_NCCRMMIIRYTOBF
 -- Reaction 191: NUZFBZRITSUKTP_to_SEWVJHXWGVGQLV
 -- Reaction 192: NUZFBZRITSUKTP_to_SAFQYXYVTVQFLR
 -- Reaction 193: NUZFBZRITSUKTP_to_PNZFDEOSSAGNTC
 -- Reaction 194: NUZFBZRITSUKTP_to_NGTHLWHNLJEPPD
 -- Reaction 195: NUZFBZRITSUKTP_to_KLARBAOWTNKAMX
 -- Reaction 196: NUZFBZRITSUKTP_to_PHILMFQVUWCHOQ
 -- Reaction 197: NUZFBZRITSUKTP_to_DRACBBLWNRFTPS-WSFSSNUMVMOOMR
 -- Reaction 198: NUZFBZRITSUKTP_to_ZFQINGUEHXEYMH
 -- Reaction 199: NUZFBZRITSUKTP_to_MPKCFOSWXJNNTJ-UFHFLCQGNIYNRP
 -- Reaction 200: NUZFBZRITSUKTP_to_VOKQKPQDHWIVGH
 -- Reaction 201: NUZFBZRITSUKTP_to_ARCNIFKJKCNTNO
 -- Reaction 202: NUZFBZRITSUKTP_to_PMSQJWHNVKCDJF-UFHFLCQGNIYNRP
 -- Reaction 203: NUZFBZRITSUKTP_to_OAKURXIZZOAYBC
 -- Reaction 204: NUZFBZRITSUKTP_to_CGPGEDSPKFBZMV
 -- Reaction 205: NUZFBZRITSUKTP_to_DENSUXAYAWJULC
 -- Reaction 206: NUZFBZRITSUKTP_to_OAIVPENFRKZMAK-UFHFLCQGNIYNRP
 -- Reaction 207: NUZFBZRITSUKTP_to_URQJYCMMYPTYSF
 -- Reaction 208: NUZFBZRITSUKTP_to_VZNKYYYANZLXLS
 -- Reaction 209: IAYPIBMASNFSPL_to_IMROMDMJAWUWLK
 -- Reaction 210: IAYPIBMASNFSPL_to_IKHGUXGNUITLKF
 -- Reaction 211: BDAGIHXWWSANSR_to_ASQQEOXYFGEFKQ
 -- Reaction 212: BDAGIHXWWSANSR_to_CURLTUGMZLYLDI-UFHFLCQGNIYNRP
 -- Reaction 213: UKQJDWBNQNAJHB_to_MQZTXKZTLDDYNK
 -- Reaction 214: UKQJDWBNQNAJHB_to_WGCNASOHLSPBMP-WSFSSNUMVMOOMR
 -- Reaction 215: UKQJDWBNQNAJHB_to_OCSVNKWAJGSUKI
 -- Reaction 216: UKQJDWBNQNAJHB_to_DNNLBMAZSCRRMG
 -- Reaction 217: UKQJDWBNQNAJHB_to_HZSIFDFXFAXICF-OKKJLVBELUTLKV
 -- Reaction 218: UKQJDWBNQNAJHB_to_GSJFXBNYJCXDGI
 -- Reaction 219: UKQJDWBNQNAJHB_to_VKWJMTLAAJULGF
 -- Reaction 220: UKQJDWBNQNAJHB_to_TZIHFWKZFHZASV-WSFSSNUMVMOOMR
 -- Reaction 221: UKQJDWBNQNAJHB_to_SCKXCAADGDQQCS-VGGSQFUCUMXWEO
 -- Reaction 222: UKQJDWBNQNAJHB_to_BDAGIHXWWSANSR-IMROMDMJAWUWLK
 -- Reaction 223: UKQJDWBNQNAJHB_to_JRUKHAIVAGVYRP
 -- Reaction 224: UKQJDWBNQNAJHB_to_DTXLZANOYCDGFH
 -- Reaction 225: UKQJDWBNQNAJHB_to_ALRHLSYJTWAHJZ
 -- Reaction 226: UKQJDWBNQNAJHB_to_CURLTUGMZLYLDI-LFQSCWFLJHTTHZ
 -- Reaction 227: UKQJDWBNQNAJHB_to_BDAGIHXWWSANSR-IAYPIBMASNFSPL
 -- Reaction 228: UKQJDWBNQNAJHB_to_COYCHYMPNMUQTC
 -- Reaction 229: UKQJDWBNQNAJHB_to_GFJVXXWOPWLRNU-XLYOFNOQVPJJNP
 -- Reaction 230: UKQJDWBNQNAJHB_to_UFHFLCQGNIYNRP-UNOQYACVVFEUPE
 -- Reaction 231: UKQJDWBNQNAJHB_to_MNQZXJOMYWMBOU
 -- Reaction 232: UKQJDWBNQNAJHB_to_BDJBDLCUJNXGRX
 -- Reaction 233: UKQJDWBNQNAJHB_to_UFHFLCQGNIYNRP-UVFIISNPWKBTMO
 -- Reaction 234: UKQJDWBNQNAJHB_to_CGPGEDSPKFBZMV-UFHFLCQGNIYNRP
 -- Reaction 235: UKQJDWBNQNAJHB_to_XSASRUDTFFBDDK
 -- Reaction 236: UKQJDWBNQNAJHB_to_JQQGJTHDBODIPT
 -- Reaction 237: UKQJDWBNQNAJHB_to_VOZDABZCYIIVTM
 -- Reaction 238: UKQJDWBNQNAJHB_to_VEZXCJBBBCKRPI-XLYOFNOQVPJJNP
 -- Reaction 239: UKQJDWBNQNAJHB_to_CQDGTJPVBWZJAZ
 -- Reaction 240: UKQJDWBNQNAJHB_to_DOAMZWOPDPPKJS-WSFSSNUMVMOOMR
 -- Reaction 241: UKQJDWBNQNAJHB_to_SUCKNXAQIMPMOC
 -- Reaction 242: UKQJDWBNQNAJHB_to_TWGSXTJXQLNWNP
 -- Reaction 243: UKQJDWBNQNAJHB_to_LGUPRTLHPKMGHK-UFHFLCQGNIYNRP
 -- Reaction 244: UKQJDWBNQNAJHB_to_MFRMAQFRVTUENW-UFHFLCQGNIYNRP
 -- Reaction 245: UKQJDWBNQNAJHB_to_BVTJGGGYKAMDBN-WSFSSNUMVMOOMR
 -- Reaction 246: UKQJDWBNQNAJHB_to_FQERLIOIVXPZKH
 -- Reaction 247: UKQJDWBNQNAJHB_to_KMTRUDSVKNLOMY-UFHFLCQGNIYNRP
 -- Reaction 248: COYCHYMPNMUQTC_to_QWFOJYBHKFALKR
 -- Reaction 249: COYCHYMPNMUQTC_to_ASQQEOXYFGEFKQ-IKHGUXGNUITLKF
 -- Reaction 250: COYCHYMPNMUQTC_to_HREKQTFXSLSXGY
 -- Reaction 251: COYCHYMPNMUQTC_to_IZHVFAKMAKGJLM
 -- Reaction 252: COYCHYMPNMUQTC_to_MKQRDVRSSVPGEB-VNWKTOKETHGBQD
 -- Reaction 253: COYCHYMPNMUQTC_to_GNVILSSSAMKPLR
 -- Reaction 254: COYCHYMPNMUQTC_to_VKWJMTLAAJULGF
 -- Reaction 255: COYCHYMPNMUQTC_to_TZIHFWKZFHZASV-WSFSSNUMVMOOMR
 -- Reaction 256: COYCHYMPNMUQTC_to_SCKXCAADGDQQCS-VGGSQFUCUMXWEO
 -- Reaction 257: COYCHYMPNMUQTC_to_MYMOFIZGZYHOMD-NBBJYMSMWIIQGU
 -- Reaction 258: COYCHYMPNMUQTC_to_AQKWQHQQWFSEQR
 -- Reaction 259: COYCHYMPNMUQTC_to_JQTRCASVHDFDIY
 -- Reaction 260: COYCHYMPNMUQTC_to_CZPZWMPYEINMCF
 -- Reaction 261: COYCHYMPNMUQTC_to_NPDDCAZCWJWIBW-OTMSDBZUPAUEDD
 -- Reaction 262: COYCHYMPNMUQTC_to_NCCRMMIIRYTOBF-UFHFLCQGNIYNRP
 -- Reaction 263: COYCHYMPNMUQTC_to_UTLVMFCPERHVKU
 -- Reaction 264: COYCHYMPNMUQTC_to_NOZLREUTKGWBPY-WSFSSNUMVMOOMR
 -- Reaction 265: COYCHYMPNMUQTC_to_OYKWJRCDWIZWPU
 -- Reaction 266: COYCHYMPNMUQTC_to_UFHFLCQGNIYNRP-ZKQWQNCFSDPOKV
 -- Reaction 267: COYCHYMPNMUQTC_to_JRUKHAIVAGVYRP
 -- Reaction 268: COYCHYMPNMUQTC_to_BDAGIHXWWSANSR-IKHGUXGNUITLKF
 -- Reaction 269: COYCHYMPNMUQTC_to_XSASRUDTFFBDDK
 -- Reaction 270: COYCHYMPNMUQTC_to_BVTJGGGYKAMDBN-WSFSSNUMVMOOMR
 -- Reaction 271: COYCHYMPNMUQTC_to_KYKDRUWGNWYQSD
 -- Reaction 272: COYCHYMPNMUQTC_to_FQERLIOIVXPZKH
 -- Reaction 273: COYCHYMPNMUQTC_to_PHILMFQVUWCHOQ-UFHFLCQGNIYNRP
 -- Reaction 274: COYCHYMPNMUQTC_to_UKQJDWBNQNAJHB
 -- Reaction 275: COYCHYMPNMUQTC_to_BDAGIHXWWSANSR-IAYPIBMASNFSPL
 -- Reaction 276: COYCHYMPNMUQTC_to_CURLTUGMZLYLDI-LFQSCWFLJHTTHZ
 -- Reaction 277: COYCHYMPNMUQTC_to_CQDGTJPVBWZJAZ
 -- Reaction 278: MFKZDADVASPENT_to_HSFWRNGVRCDJHI-NEZWFWIACBUQMN
 -- Reaction 279: MFKZDADVASPENT_to_ADWDSLXSJIQCLO
 -- Reaction 280: MFKZDADVASPENT_to_MEUKEBNAABNAEX-QFXZANXYUCUTQH
 -- Reaction 281: MFKZDADVASPENT_to_JMCRDEBJJPRTPV-WSFSSNUMVMOOMR
 -- Reaction 282: MFKZDADVASPENT_to_PHMDMSMEYYVXLZ
 -- Reaction 283: MFKZDADVASPENT_to_ASQQEOXYFGEFKQ-IMROMDMJAWUWLK
 -- Reaction 284: MFKZDADVASPENT_to_VQVXRAZPVSGHCI
 -- Reaction 285: MFKZDADVASPENT_to_LZBZEBHQVXRLLN
 -- Reaction 286: MFKZDADVASPENT_to_YKZHDJKJFXCGCU
 -- Reaction 287: MFKZDADVASPENT_to_CXMXXUXSRBBZSC
 -- Reaction 288: MFKZDADVASPENT_to_JSPLKZUTYZBBKA-OOXWYYGXTJLWHA
 -- Reaction 289: MFKZDADVASPENT_to_LGAKZZVAQHLFSN
 -- Reaction 290: MFKZDADVASPENT_to_MHAJPDPJQMAIIY-POIHZHZUTZWYJR
 -- Reaction 291: MFKZDADVASPENT_to_RCTBAXSXJSMBPW
 -- Reaction 292: MFKZDADVASPENT_to_MHAJPDPJQMAIIY-YQTVBZHHWNMNKX
 -- Reaction 293: MFKZDADVASPENT_to_BPEDXNYOTVMGJB
 -- Reaction 294: MFKZDADVASPENT_to_DOKHEARVIDLSFF-MYMOFIZGZYHOMD
 -- Reaction 295: MFKZDADVASPENT_to_CRYATLIDHPPXDV-MHAJPDPJQMAIIY
 -- Reaction 296: MFKZDADVASPENT_to_RZHHIEKUXYUNNW
 -- Reaction 297: MFKZDADVASPENT_to_LGAKZZVAQHLFSN
 -- Reaction 298: MFKZDADVASPENT_to_DHIGTZNAXKPHCQ-XLYOFNOQVPJJNP
 -- Reaction 299: MFKZDADVASPENT_to_CVSPQTXCYOWJOP-UFHFLCQGNIYNRP
 -- Reaction 300: MFKZDADVASPENT_to_UFHFLCQGNIYNRP-WEWAPBZNGSPYOY
 -- Reaction 301: MFKZDADVASPENT_to_GMSHJLUJOABYOM-XLYOFNOQVPJJNP
 -- Reaction 302: MFKZDADVASPENT_to_DNEPOKDMYAKLLN
 -- Reaction 303: MFKZDADVASPENT_to_DENSUXAYAWJULC-UFHFLCQGNIYNRP
 -- Reaction 304: MFKZDADVASPENT_to_UFHFLCQGNIYNRP-ZXEDRBJDQBSWAI
 -- Reaction 305: MFKZDADVASPENT_to_SUCKNXAQIMPMOC
 -- Reaction 306: MFKZDADVASPENT_to_YAFICCFLXARRNU
 -- Reaction 307: MFKZDADVASPENT_to_KYKDRUWGNWYQSD
 -- Reaction 308: MFKZDADVASPENT_to_BFPUSHWBRPMZFN
 -- Reaction 309: MFKZDADVASPENT_to_XSASRUDTFFBDDK
 -- Reaction 310: MFKZDADVASPENT_to_PLXVTJBBUQBDRQ
 -- Reaction 311: MFKZDADVASPENT_to_MLMWEBWZFDJRKJ-XLYOFNOQVPJJNP
 -- Reaction 312: MFKZDADVASPENT_to_XKTYXVDYIKIYJP-XLYOFNOQVPJJNP
 -- Reaction 313: MFKZDADVASPENT_to_LQBLZPJRKONGBA
 -- Reaction 314: MFKZDADVASPENT_to_CROFJPFWWQDQOX-UFHFLCQGNIYNRP
 -- Reaction 315: MFKZDADVASPENT_to_OJCCLOSTDYMGOA-XLYOFNOQVPJJNP
 -- Reaction 316: MFKZDADVASPENT_to_HJKODFBJSPEFPW
 -- Reaction 317: MFKZDADVASPENT_to_GAJYHLUYMIZKMD-UFHFLCQGNIYNRP
 -- Reaction 318: MFKZDADVASPENT_to_NTKXXOVKNHRVFH-UFHFLCQGNIYNRP
 -- Reaction 319: MFKZDADVASPENT_to_ABYVGHUNYVONCV-XLYOFNOQVPJJNP
 -- Reaction 320: MFKZDADVASPENT_to_YTXCQYABGWUXFL
 -- Reaction 321: MFKZDADVASPENT_to_DUZSYYWLMISMCM-UFHFLCQGNIYNRP
 -- Reaction 322: MFKZDADVASPENT_to_UFHFLCQGNIYNRP-VSLDDSJTIWMSPL
 -- Reaction 323: NTKXXOVKNHRVFH_to_WSFSSNUMVMOOMR-WVKOKNQPFFEMSR
 -- Reaction 324: NTKXXOVKNHRVFH_to_JCTHKUNMWCUDLH
 -- Reaction 325: NTKXXOVKNHRVFH_to_ASQQEOXYFGEFKQ-CCGKOQOJPYTBIH
 -- Reaction 326: NTKXXOVKNHRVFH_to_OAFRVESFETYZKN
 -- Reaction 327: NTKXXOVKNHRVFH_to_KUDUADQPAQKPEH
 -- Reaction 328: NTKXXOVKNHRVFH_to_AZIQALWHRUQPHV
 -- Reaction 329: NTKXXOVKNHRVFH_to_KLARBAOWTNKAMX
 -- Reaction 330: NTKXXOVKNHRVFH_to_MHAJPDPJQMAIIY-TURAMGVWNUTQKH
 -- Reaction 331: NTKXXOVKNHRVFH_to_BLCYQHVXVAUROS
 -- Reaction 332: NTKXXOVKNHRVFH_to_MYMOFIZGZYHOMD-UYLUJGRCKKSWHS
 -- Reaction 333: NTKXXOVKNHRVFH_to_KYVGFKWPEQJPNX
 -- Reaction 334: NTKXXOVKNHRVFH_to_STDNQZPMIRKDCV
 -- Reaction 335: NTKXXOVKNHRVFH_to_SAFQYXYVTVQFLR
 -- Reaction 336: NTKXXOVKNHRVFH_to_BKPYNUMZCRWPTG-UFHFLCQGNIYNRP
 -- Reaction 337: NTKXXOVKNHRVFH_to_BJZRPPPHLTTXMO-XLYOFNOQVPJJNP
 -- Reaction 338: NTKXXOVKNHRVFH_to_GPKMMINCBXDDSX
 -- Reaction 339: NTKXXOVKNHRVFH_to_OAIVPENFRKZMAK-UFHFLCQGNIYNRP
 -- Reaction 340: NTKXXOVKNHRVFH_to_CVSPQTXCYOWJOP
 -- Reaction 341: NTKXXOVKNHRVFH_to_ZXEDRBJDQBSWAI
 -- Reaction 342: NTKXXOVKNHRVFH_to_OTGHWLKHGCENJV
 -- Reaction 343: NTKXXOVKNHRVFH_to_LGUPRTLHPKMGHK
 -- Reaction 344: NTKXXOVKNHRVFH_to_SEWVJHXWGVGQLV
 -- Reaction 345: NTKXXOVKNHRVFH_to_PHILMFQVUWCHOQ
 -- Reaction 346: NTKXXOVKNHRVFH_to_LYOPOBDGZQICSQ-XLYOFNOQVPJJNP
 -- Reaction 347: NTKXXOVKNHRVFH_to_IBEVALOAXGLDCB
 -- Reaction 348: NTKXXOVKNHRVFH_to_HSVJKDLXVWVDAP-UFHFLCQGNIYNRP
 -- Reaction 349: NTKXXOVKNHRVFH_to_CROFJPFWWQDQOX
 -- Reaction 350: NTKXXOVKNHRVFH_to_GAJYHLUYMIZKMD
 -- Reaction 351: NTKXXOVKNHRVFH_to_VSLDDSJTIWMSPL
 -- Reaction 352: IWYRWIUNAVNFPE_to_ABADUMLIAZCWJD
 -- Reaction 353: IWYRWIUNAVNFPE_to_IUBDIJVSWDMJLO
 -- Reaction 354: IWYRWIUNAVNFPE_to_MIFXURDBXVFMHR
 -- Reaction 355: IWYRWIUNAVNFPE_to_ROADCYAOHVSOLQ
 -- Reaction 356: IWYRWIUNAVNFPE_to_GFJVXXWOPWLRNU
 -- Reaction 357: IWYRWIUNAVNFPE_to_WSMYVTOQOOLQHP
 -- Reaction 358: IWYRWIUNAVNFPE_to_GMSHJLUJOABYOM
 -- Reaction 359: IWYRWIUNAVNFPE_to_XKTYXVDYIKIYJP
 -- Reaction 360: IWYRWIUNAVNFPE_to_MRPPZOFPHFPLIZ
 -- Reaction 361: IWYRWIUNAVNFPE_to_VEZXCJBBBCKRPI
 -- Reaction 362: IWYRWIUNAVNFPE_to_QRFGDGZPNFSNCE
 -- Reaction 363: IWYRWIUNAVNFPE_to_AIJULSRZWUXGPQ
 -- Reaction 364: IWYRWIUNAVNFPE_to_ABYVGHUNYVONCV
 -- Reaction 365: IWYRWIUNAVNFPE_to_NOSDJZPNVXHUIA
 -- Reaction 366: IWYRWIUNAVNFPE_to_LYOPOBDGZQICSQ-UFHFLCQGNIYNRP
 -- Reaction 367: IWYRWIUNAVNFPE_to_UCZMEHHAPUYKNJ
 -- Reaction 368: IWYRWIUNAVNFPE_to_FQAPTELXEUWBBK
 -- Reaction 369: IWYRWIUNAVNFPE_to_YCHXNMPJFFEIJG
 -- Reaction 370: IWYRWIUNAVNFPE_to_ILTZZOJNEGDSFG
 -- Reaction 371: IWYRWIUNAVNFPE_to_SJDXHQGUQDXLMK-UFHFLCQGNIYNRP
 -- Reaction 372: MNQZXJOMYWMBOU_to_PHMDMSMEYYVXLZ
 -- Reaction 373: MNQZXJOMYWMBOU_to_BDJBDLCUJNXGRX
 -- Reaction 374: MNQZXJOMYWMBOU_to_OKKJLVBELUTLKV-WVKOKNQPFFEMSR
 -- Reaction 375: MNQZXJOMYWMBOU_to_RXKJFZQQPQGTFL
 -- Reaction 376: MNQZXJOMYWMBOU_to_LEQAOMBKQFMDFZ-OKKJLVBELUTLKV
 -- Reaction 377: MNQZXJOMYWMBOU_to_MQZTXKZTLDDYNK
 -- Reaction 378: MNQZXJOMYWMBOU_to_XKRYVGDYTMIZST
 -- Reaction 379: MNQZXJOMYWMBOU_to_WGCNASOHLSPBMP-WSFSSNUMVMOOMR
 -- Reaction 380: MNQZXJOMYWMBOU_to_BDAGIHXWWSANSR-IMROMDMJAWUWLK
 -- Reaction 381: MNQZXJOMYWMBOU_to_RGNLCYKNGPYALI
 -- Reaction 382: MNQZXJOMYWMBOU_to_JMCRDEBJJPRTPV-WSFSSNUMVMOOMR
 -- Reaction 383: MNQZXJOMYWMBOU_to_UKQJDWBNQNAJHB
 -- Reaction 384: MNQZXJOMYWMBOU_to_DOAMZWOPDPPKJS-WSFSSNUMVMOOMR
 -- Reaction 385: MNQZXJOMYWMBOU_to_HGINCPLSRVDWNT-MHAJPDPJQMAIIY
 -- Reaction 386: MNQZXJOMYWMBOU_to_GMSHJLUJOABYOM-XLYOFNOQVPJJNP
 -- Reaction 387: MNQZXJOMYWMBOU_to_LGAKZZVAQHLFSN
 -- Reaction 388: MNQZXJOMYWMBOU_to_MRPPZOFPHFPLIZ-XLYOFNOQVPJJNP
 -- Reaction 389: MNQZXJOMYWMBOU_to_ALRHLSYJTWAHJZ
 -- Reaction 390: MNQZXJOMYWMBOU_to_IWYRWIUNAVNFPE-XLYOFNOQVPJJNP
 -- Reaction 391: MNQZXJOMYWMBOU_to_XSASRUDTFFBDDK
 -- Reaction 392: MNQZXJOMYWMBOU_to_QRFGDGZPNFSNCE-XLYOFNOQVPJJNP
 -- Reaction 393: MNQZXJOMYWMBOU_to_CNPMSUPIRHIVPC
 -- Reaction 394: MNQZXJOMYWMBOU_to_NGSULTPMGQCSHK-UFHFLCQGNIYNRP
 -- Reaction 395: MNQZXJOMYWMBOU_to_YTXCQYABGWUXFL
 -- Reaction 396: MNQZXJOMYWMBOU_to_WESGJWRMMBFBMN
 -- Reaction 397: MNQZXJOMYWMBOU_to_IBEVALOAXGLDCB-UFHFLCQGNIYNRP
 -- Reaction 398: MNQZXJOMYWMBOU_to_JLPAWRLRMTZCSF-UFHFLCQGNIYNRP
 -- Reaction 399: MNQZXJOMYWMBOU_to_STLRUJMKYCNVOI-UFHFLCQGNIYNRP
 -- Reaction 400: MNQZXJOMYWMBOU_to_YKZHDJKJFXCGCU
 -- Reaction 401: MNQZXJOMYWMBOU_to_SUCKNXAQIMPMOC
 -- Reaction 402: MNQZXJOMYWMBOU_to_FQAPTELXEUWBBK-XLYOFNOQVPJJNP
 -- Reaction 403: MNQZXJOMYWMBOU_to_JVTAAEKCZFNVCJ
 -- Reaction 404: MNQZXJOMYWMBOU_to_UTLVMFCPERHVKU
 -- Reaction 405: MNQZXJOMYWMBOU_to_KOXBHHOQWVRQSB
 -- Reaction 406: MNQZXJOMYWMBOU_to_MIWMHFBMLWTINT-UFHFLCQGNIYNRP
 -- Reaction 407: MNQZXJOMYWMBOU_to_UFHFLCQGNIYNRP-URQJYCMMYPTYSF
 -- Reaction 408: MNQZXJOMYWMBOU_to_NVXLIZQNSVLKPO-UFHFLCQGNIYNRP
 -- Reaction 409: MNQZXJOMYWMBOU_to_BFPUSHWBRPMZFN
 -- Reaction 410: MNQZXJOMYWMBOU_to_TXHBRKKPPAECNB
 -- Reaction 411: MNQZXJOMYWMBOU_to_UFHFLCQGNIYNRP-UVFIISNPWKBTMO
 -- Reaction 412: MNQZXJOMYWMBOU_to_LGUPRTLHPKMGHK-UFHFLCQGNIYNRP
 -- Reaction 413: MNQZXJOMYWMBOU_to_SEWVJHXWGVGQLV-UFHFLCQGNIYNRP
 -- Reaction 414: KYKDRUWGNWYQSD_to_CVTVRXGPXQVJAU-VGGSQFUCUMXWEO
 -- Reaction 415: KYKDRUWGNWYQSD_to_OYKWJRCDWIZWPU
 -- Reaction 416: KYKDRUWGNWYQSD_to_KQBGNBDMOJYJAO
 -- Reaction 417: KYKDRUWGNWYQSD_to_BDAGIHXWWSANSR-IAYPIBMASNFSPL
 -- Reaction 418: KYKDRUWGNWYQSD_to_VOZDABZCYIIVTM
 -- Reaction 419: KYKDRUWGNWYQSD_to_COYCHYMPNMUQTC
 -- Reaction 420: KYKDRUWGNWYQSD_to_FQERLIOIVXPZKH
 -- Reaction 421: KYKDRUWGNWYQSD_to_TXHBRKKPPAECNB
 -- Reaction 422: KYKDRUWGNWYQSD_to_ASQQEOXYFGEFKQ-IMROMDMJAWUWLK
 -- Reaction 423: KYKDRUWGNWYQSD_to_MYMOFIZGZYHOMD-YOXHCYXIAVIFCZ
 -- Reaction 424: KYKDRUWGNWYQSD_to_YKZHDJKJFXCGCU
 -- Reaction 425: KYKDRUWGNWYQSD_to_DTXLZANOYCDGFH
 -- Reaction 426: KYKDRUWGNWYQSD_to_MFKZDADVASPENT
 -- Reaction 427: KYKDRUWGNWYQSD_to_BFPUSHWBRPMZFN
 -- Reaction 428: KYKDRUWGNWYQSD_to_XSASRUDTFFBDDK
 -- Reaction 429: KYKDRUWGNWYQSD_to_KQBSGRWMSNFIPG
 -- Reaction 430: KYKDRUWGNWYQSD_to_UVXJOOHEDLXZGH
 -- Reaction 431: KYKDRUWGNWYQSD_to_UCZMEHHAPUYKNJ-XLYOFNOQVPJJNP
 -- Reaction 432: KYKDRUWGNWYQSD_to_XKTYXVDYIKIYJP-XLYOFNOQVPJJNP
 -- Reaction 433: KYKDRUWGNWYQSD_to_JQQGJTHDBODIPT
 -- Reaction 434: KYKDRUWGNWYQSD_to_GAUCYLKCTZPVLB
 -- Reaction 435: KYKDRUWGNWYQSD_to_FNWLCNZUVROOFW
 -- Reaction 436: KYKDRUWGNWYQSD_to_SHEQRTRCYNGEEJ
 -- Reaction 437: KYKDRUWGNWYQSD_to_WJFKCENNRPNHOE
 -- Reaction 438: KYKDRUWGNWYQSD_to_SKFZIELIUAHGPK-UFHFLCQGNIYNRP
 -- Reaction 439: KYKDRUWGNWYQSD_to_GAJYHLUYMIZKMD-UFHFLCQGNIYNRP
 -- Reaction 440: KYKDRUWGNWYQSD_to_ALRHLSYJTWAHJZ
 -- Reaction 441: KYKDRUWGNWYQSD_to_MOKACWHZOSFWEI
 -- Reaction 442: KYKDRUWGNWYQSD_to_PHILMFQVUWCHOQ-UFHFLCQGNIYNRP
 -- Reaction 443: KYKDRUWGNWYQSD_to_TWGSXTJXQLNWNP
 -- Reaction 444: KYKDRUWGNWYQSD_to_DOAMZWOPDPPKJS-WSFSSNUMVMOOMR
 -- Reaction 445: KYKDRUWGNWYQSD_to_IZHVFAKMAKGJLM
 -- Reaction 446: KYKDRUWGNWYQSD_to_CKTASNZTAVBJSB
 -- Reaction 447: KYKDRUWGNWYQSD_to_CXMXXUXSRBBZSC
 -- Reaction 448: KYKDRUWGNWYQSD_to_AQKWQHQQWFSEQR
 -- Reaction 449: KYKDRUWGNWYQSD_to_FMGBGGSVWWXHHO-UFHFLCQGNIYNRP
 -- Reaction 450: KYKDRUWGNWYQSD_to_LMZBGVBKISSTKO
 -- Reaction 451: KYKDRUWGNWYQSD_to_RGNLCYKNGPYALI
 -- Reaction 452: KYKDRUWGNWYQSD_to_NGTHLWHNLJEPPD-UFHFLCQGNIYNRP
 -- Reaction 453: KYKDRUWGNWYQSD_to_BDJBDLCUJNXGRX
 -- Reaction 454: KYKDRUWGNWYQSD_to_YAFICCFLXARRNU
 -- Reaction 455: KYKDRUWGNWYQSD_to_UFHFLCQGNIYNRP-YWCSBIRMAKNRIT
 -- Reaction 456: VEZXCJBBBCKRPI_to_ROADCYAOHVSOLQ
 -- Reaction 457: VEZXCJBBBCKRPI_to_CCGKOQOJPYTBIH-WSFSSNUMVMOOMR
 -- Reaction 458: VEZXCJBBBCKRPI_to_NOSDJZPNVXHUIA
 -- Reaction 459: VEZXCJBBBCKRPI_to_QBAPQBFAEQIXJU
 -- Reaction 460: VEZXCJBBBCKRPI_to_CURLTUGMZLYLDI-VGGSQFUCUMXWEO
 -- Reaction 461: VEZXCJBBBCKRPI_to_NIXOWILDQLNWCW
 -- Reaction 462: VEZXCJBBBCKRPI_to_YCHXNMPJFFEIJG
 -- Reaction 463: VEZXCJBBBCKRPI_to_JXBWNXUPNLUECQ
 -- Reaction 464: VEZXCJBBBCKRPI_to_GFJVXXWOPWLRNU
 -- Reaction 465: VEZXCJBBBCKRPI_to_ODEIUYRZRJLYGF-UFHFLCQGNIYNRP
 -- Reaction 466: VEZXCJBBBCKRPI_to_FQAPTELXEUWBBK
 -- Reaction 467: VEZXCJBBBCKRPI_to_WSMYVTOQOOLQHP
 -- Reaction 468: VEZXCJBBBCKRPI_to_YJRDYDHLJSMNHU
 -- Reaction 469: VEZXCJBBBCKRPI_to_WEOAOPULSHXPNT
 -- Reaction 470: VEZXCJBBBCKRPI_to_MRPPZOFPHFPLIZ
 -- Reaction 471: VEZXCJBBBCKRPI_to_IWYRWIUNAVNFPE
 -- Reaction 472: VEZXCJBBBCKRPI_to_OJCCLOSTDYMGOA
 -- Reaction 473: VEZXCJBBBCKRPI_to_IUBDIJVSWDMJLO
 -- Reaction 474: ALRHLSYJTWAHJZ_to_RXKJFZQQPQGTFL
 -- Reaction 475: ALRHLSYJTWAHJZ_to_CCGKOQOJPYTBIH-CKFGINPQOCXMAZ
 -- Reaction 476: ALRHLSYJTWAHJZ_to_WESGJWRMMBFBMN
 -- Reaction 477: ALRHLSYJTWAHJZ_to_UQAOJDMRTIQDHF
 -- Reaction 478: ALRHLSYJTWAHJZ_to_JYVNDCLJHKQUHE
 -- Reaction 479: ALRHLSYJTWAHJZ_to_HZSIFDFXFAXICF-OKKJLVBELUTLKV
 -- Reaction 480: ALRHLSYJTWAHJZ_to_QTBSBXVTEAMEQO-WSFSSNUMVMOOMR
 -- Reaction 481: ALRHLSYJTWAHJZ_to_RMIODHQZRUFFFF
 -- Reaction 482: ALRHLSYJTWAHJZ_to_BVKZGUZCCUSVTD-VGGSQFUCUMXWEO
 -- Reaction 483: ALRHLSYJTWAHJZ_to_NIXOWILDQLNWCW-XLYOFNOQVPJJNP
 -- Reaction 484: ALRHLSYJTWAHJZ_to_JVTAAEKCZFNVCJ
 -- Reaction 485: ALRHLSYJTWAHJZ_to_MHAJPDPJQMAIIY-VBBRYJMZLIYUJQ
 -- Reaction 486: ALRHLSYJTWAHJZ_to_SHEQRTRCYNGEEJ
 -- Reaction 487: ALRHLSYJTWAHJZ_to_MOKACWHZOSFWEI
 -- Reaction 488: ALRHLSYJTWAHJZ_to_VEZXCJBBBCKRPI-XLYOFNOQVPJJNP
 -- Reaction 489: ALRHLSYJTWAHJZ_to_CZPZWMPYEINMCF
 -- Reaction 490: ALRHLSYJTWAHJZ_to_BDAGIHXWWSANSR-IMROMDMJAWUWLK
 -- Reaction 491: ALRHLSYJTWAHJZ_to_UFHFLCQGNIYNRP-ZJKIBABOSPFBNO
 -- Reaction 492: ALRHLSYJTWAHJZ_to_FQAPTELXEUWBBK-XLYOFNOQVPJJNP
 -- Reaction 493: ALRHLSYJTWAHJZ_to_RGNLCYKNGPYALI
 -- Reaction 494: ALRHLSYJTWAHJZ_to_DPAUIBRBGMIMLP
 -- Reaction 495: ALRHLSYJTWAHJZ_to_LMZBGVBKISSTKO
 -- Reaction 496: ALRHLSYJTWAHJZ_to_UFHFLCQGNIYNRP-VZNKYYYANZLXLS
 -- Reaction 497: ALRHLSYJTWAHJZ_to_OAKURXIZZOAYBC-UFHFLCQGNIYNRP
 -- Reaction 498: ALRHLSYJTWAHJZ_to_UKQJDWBNQNAJHB
 -- Reaction 499: ALRHLSYJTWAHJZ_to_CURLTUGMZLYLDI-LFQSCWFLJHTTHZ
 -- Reaction 500: ALRHLSYJTWAHJZ_to_BDAGIHXWWSANSR-IAYPIBMASNFSPL
 -- Reaction 501: ALRHLSYJTWAHJZ_to_CQDGTJPVBWZJAZ
 -- Reaction 502: ALRHLSYJTWAHJZ_to_MRPPZOFPHFPLIZ-XLYOFNOQVPJJNP
 -- Reaction 503: ALRHLSYJTWAHJZ_to_MNQZXJOMYWMBOU
 -- Reaction 504: ALRHLSYJTWAHJZ_to_HJKODFBJSPEFPW
 -- Reaction 505: ALRHLSYJTWAHJZ_to_BDJBDLCUJNXGRX
 -- Reaction 506: ALRHLSYJTWAHJZ_to_UFHFLCQGNIYNRP-UVFIISNPWKBTMO
 -- Reaction 507: ALRHLSYJTWAHJZ_to_OTGHWLKHGCENJV-UFHFLCQGNIYNRP
 -- Reaction 508: ALRHLSYJTWAHJZ_to_XSASRUDTFFBDDK
 -- Reaction 509: ALRHLSYJTWAHJZ_to_DTXLZANOYCDGFH
 -- Reaction 510: ALRHLSYJTWAHJZ_to_KYKDRUWGNWYQSD
 -- Reaction 511: ALRHLSYJTWAHJZ_to_PHILMFQVUWCHOQ-UFHFLCQGNIYNRP
 -- Reaction 512: PHILMFQVUWCHOQ_to_GAYDGVKMRJRIBA
 -- Reaction 513: PHILMFQVUWCHOQ_to_ASQQEOXYFGEFKQ-CCGKOQOJPYTBIH
 -- Reaction 514: PHILMFQVUWCHOQ_to_JCBNIAKDQWPVQI
 -- Reaction 515: PHILMFQVUWCHOQ_to_ZPISZKCVTVEGHS
 -- Reaction 516: PHILMFQVUWCHOQ_to_GZTMCZAOQTVOJK
 -- Reaction 517: PHILMFQVUWCHOQ_to_HZSIFDFXFAXICF-WSFSSNUMVMOOMR
 -- Reaction 518: PHILMFQVUWCHOQ_to_NPDDCAZCWJWIBW-VGGSQFUCUMXWEO
 -- Reaction 519: PHILMFQVUWCHOQ_to_AZIQALWHRUQPHV
 -- Reaction 520: PHILMFQVUWCHOQ_to_ZKQWQNCFSDPOKV
 -- Reaction 521: PHILMFQVUWCHOQ_to_MYMOFIZGZYHOMD-VBBRYJMZLIYUJQ
 -- Reaction 522: PHILMFQVUWCHOQ_to_ZTQVDXSOKHXJPT
 -- Reaction 523: PHILMFQVUWCHOQ_to_ARCNIFKJKCNTNO
 -- Reaction 524: PHILMFQVUWCHOQ_to_NCCRMMIIRYTOBF
 -- Reaction 525: PHILMFQVUWCHOQ_to_KLARBAOWTNKAMX
 -- Reaction 526: PHILMFQVUWCHOQ_to_NUZFBZRITSUKTP
 -- Reaction 527: PHILMFQVUWCHOQ_to_SKFZIELIUAHGPK
 -- Reaction 528: PHILMFQVUWCHOQ_to_NGTHLWHNLJEPPD
 -- Reaction 529: PHILMFQVUWCHOQ_to_VZNKYYYANZLXLS
 -- Reaction 530: PHILMFQVUWCHOQ_to_OAKURXIZZOAYBC
 -- Reaction 531: PHILMFQVUWCHOQ_to_KMTRUDSVKNLOMY
 -- Reaction 532: PHILMFQVUWCHOQ_to_CURLTUGMZLYLDI-IAYPIBMASNFSPL
 -- Reaction 533: PHILMFQVUWCHOQ_to_NTKXXOVKNHRVFH
 -- Reaction 534: PHILMFQVUWCHOQ_to_SEWVJHXWGVGQLV
 -- Reaction 535: PHILMFQVUWCHOQ_to_GAJYHLUYMIZKMD
 -- Reaction 536: PHILMFQVUWCHOQ_to_YWCSBIRMAKNRIT
 -- Reaction 537: PHILMFQVUWCHOQ_to_UVFIISNPWKBTMO
 -- Reaction 538: PHILMFQVUWCHOQ_to_OTGHWLKHGCENJV
Processing stage egat
Reaction characterization via ML model selected
 - Loading egat_pretrain model
 - Predicting barriers for 539 reactions
Reactions dictionary has been pickled to depth2.pkl.
