Well folks, looks like we have 539 reactions on our hands
+-------------------------------------------------+---------------+-----------------------------+--------------------+
|                   Reaction ID                   |   Reactant    |           Product           |    EGAT barrier    |
+-------------------------------------------------+---------------+-----------------------------+--------------------+
| XSASRUDTFFBDDK_to_WGCNASOHLSPBMP-WSFSSNUMVMOOMR |    O=CCCOO    |          C=O.O=CCO          |    72.10546875     |
|        XSASRUDTFFBDDK_to_MQZTXKZTLDDYNK         |    O=CCCOO    |           O=CCOCO           | 64.47501373291016  |
| XSASRUDTFFBDDK_to_ASQQEOXYFGEFKQ-IKHGUXGNUITLKF |    O=CCCOO    |         C1OO1.CC=O          | 77.75397491455078  |
| XSASRUDTFFBDDK_to_SCKXCAADGDQQCS-VGGSQFUCUMXWEO |    O=CCCOO    |          C=C.O=COO          | 57.09778594970703  |
| XSASRUDTFFBDDK_to_HGINCPLSRVDWNT-MHAJPDPJQMAIIY |    O=CCCOO    |          C=CC=O.OO          | 53.12726974487305  |
|        XSASRUDTFFBDDK_to_JQQGJTHDBODIPT         |    O=CCCOO    |          OOC1CCO1           |  75.4463882446289  |
| XSASRUDTFFBDDK_to_IEZWOVIWXFLQTP-WSFSSNUMVMOOMR |    O=CCCOO    |          C=COO.C=O          | 72.98025512695312  |
| XSASRUDTFFBDDK_to_WSMYVTOQOOLQHP-XLYOFNOQVPJJNP |    O=CCCOO    |          O.O=CCC=O          | 51.57850646972656  |
|        XSASRUDTFFBDDK_to_RGNLCYKNGPYALI         |    O=CCCOO    |          O=CCC(O)O          | 66.68606567382812  |
| XSASRUDTFFBDDK_to_NUZFBZRITSUKTP-UFHFLCQGNIYNRP |    O=CCCOO    |      O=CCC1OO1.[H][H]       | 66.66397094726562  |
| XSASRUDTFFBDDK_to_BDAGIHXWWSANSR-IAYPIBMASNFSPL |    O=CCCOO    |         C1CO1.O=CO          |  70.6568374633789  |
|        XSASRUDTFFBDDK_to_UKQJDWBNQNAJHB         |    O=CCCOO    |           O=COCCO           |  73.374755859375   |
|        XSASRUDTFFBDDK_to_COYCHYMPNMUQTC         |    O=CCCOO    |           CCOOC=O           | 65.36923217773438  |
|        XSASRUDTFFBDDK_to_MFKZDADVASPENT         |    O=CCCOO    |          O/C=C/COO          | 67.73641967773438  |
| XSASRUDTFFBDDK_to_NTKXXOVKNHRVFH-UFHFLCQGNIYNRP |    O=CCCOO    |       O=C=CCOO.[H][H]       | 74.03746032714844  |
| XSASRUDTFFBDDK_to_IWYRWIUNAVNFPE-XLYOFNOQVPJJNP |    O=CCCOO    |       O.O=C[C@H]1CO1        | 60.04733657836914  |
|        XSASRUDTFFBDDK_to_MNQZXJOMYWMBOU         |    O=CCCOO    |        O=C[C@H](O)CO        | 66.75702667236328  |
|        XSASRUDTFFBDDK_to_KYKDRUWGNWYQSD         |    O=CCCOO    |          OC1CCOO1           | 74.03573608398438  |
| XSASRUDTFFBDDK_to_VEZXCJBBBCKRPI-XLYOFNOQVPJJNP |    O=CCCOO    |         O.O=C1CCO1          | 61.13621520996094  |
|        XSASRUDTFFBDDK_to_ALRHLSYJTWAHJZ         |    O=CCCOO    |          O=C(O)CCO          | 60.34493637084961  |
| XSASRUDTFFBDDK_to_PHILMFQVUWCHOQ-UFHFLCQGNIYNRP |    O=CCCOO    |      O=C1CCOO1.[H][H]       | 58.12763214111328  |
| WGCNASOHLSPBMP_to_WSFSSNUMVMOOMR-WSFSSNUMVMOOMR |     O=CCO     |           C=O.C=O           | 95.00933837890625  |
|        WGCNASOHLSPBMP_to_TZIHFWKZFHZASV         |     O=CCO     |            COC=O            | 119.04434204101562 |
|        WGCNASOHLSPBMP_to_IEZWOVIWXFLQTP         |     O=CCO     |            C=COO            | 97.13385772705078  |
|        WGCNASOHLSPBMP_to_DOAMZWOPDPPKJS         |     O=CCO     |           OC1CO1            | 73.41398620605469  |
| WGCNASOHLSPBMP_to_CCGKOQOJPYTBIH-XLYOFNOQVPJJNP |     O=CCO     |           C=C=O.O           |  80.7259292602539  |
|        WGCNASOHLSPBMP_to_QTBSBXVTEAMEQO         |     O=CCO     |           CC(=O)O           | 86.41400909423828  |
|        WGCNASOHLSPBMP_to_JMCRDEBJJPRTPV         |     O=CCO     |           O/C=C/O           | 71.50653076171875  |
| WGCNASOHLSPBMP_to_UFHFLCQGNIYNRP-WVKOKNQPFFEMSR |     O=CCO     |        O=C=CO.[H][H]        |  75.237060546875   |
| WGCNASOHLSPBMP_to_LEQAOMBKQFMDFZ-UFHFLCQGNIYNRP |     O=CCO     |        O=CC=O.[H][H]        | 99.29496765136719  |
|        WGCNASOHLSPBMP_to_BVTJGGGYKAMDBN         |     O=CCO     |           C1COO1            | 126.59050750732422 |
| WGCNASOHLSPBMP_to_HZSIFDFXFAXICF-UFHFLCQGNIYNRP |     O=CCO     |       O=C1CO1.[H][H]        | 67.40081024169922  |
|        MQZTXKZTLDDYNK_to_UKQJDWBNQNAJHB         |    O=CCOCO    |           O=COCCO           | 99.93801879882812  |
| MQZTXKZTLDDYNK_to_WGCNASOHLSPBMP-WSFSSNUMVMOOMR |    O=CCOCO    |          C=O.O=CCO          | 84.08123779296875  |
|        MQZTXKZTLDDYNK_to_MNQZXJOMYWMBOU         |    O=CCOCO    |        O=C[C@H](O)CO        | 112.15462493896484 |
| MQZTXKZTLDDYNK_to_LEQAOMBKQFMDFZ-OKKJLVBELUTLKV |    O=CCOCO    |          CO.O=CC=O          | 91.10809326171875  |
|        MQZTXKZTLDDYNK_to_BFPUSHWBRPMZFN         |    O=CCOCO    |          OCC1COO1           | 125.77583312988281 |
|        MQZTXKZTLDDYNK_to_OCSVNKWAJGSUKI         |    O=CCOCO    |          OCOC1CO1           | 69.10700988769531  |
|        MQZTXKZTLDDYNK_to_RXKJFZQQPQGTFL         |    O=CCOCO    |          O=C(CO)CO          | 84.32479095458984  |
| MQZTXKZTLDDYNK_to_HZSIFDFXFAXICF-OKKJLVBELUTLKV |    O=CCOCO    |         CO.O=C1CO1          | 67.86087036132812  |
|        MQZTXKZTLDDYNK_to_QWFOJYBHKFALKR         |    O=CCOCO    |           COOCC=O           | 119.28599548339844 |
| MQZTXKZTLDDYNK_to_BDAGIHXWWSANSR-IAYPIBMASNFSPL |    O=CCOCO    |         C1CO1.O=CO          | 84.77967834472656  |
|        MQZTXKZTLDDYNK_to_XSASRUDTFFBDDK         |    O=CCOCO    |           O=CCCOO           | 113.05998992919922 |
| MQZTXKZTLDDYNK_to_IWYRWIUNAVNFPE-XLYOFNOQVPJJNP |    O=CCOCO    |       O.O=C[C@H]1CO1        | 74.02664184570312  |
|        MQZTXKZTLDDYNK_to_XKRYVGDYTMIZST         |    O=CCOCO    |       CO[C@@H](O)C=O        | 93.25240325927734  |
|        MQZTXKZTLDDYNK_to_WVFPEXSMTPRZJP         |    O=CCOCO    |          OOC1COC1           | 123.81025695800781 |
|        MQZTXKZTLDDYNK_to_TWGSXTJXQLNWNP         |    O=CCOCO    |          OC1COCO1           | 70.35144805908203  |
| MQZTXKZTLDDYNK_to_ROADCYAOHVSOLQ-XLYOFNOQVPJJNP |    O=CCOCO    |         O.O=C1COC1          | 97.73274993896484  |
|        MQZTXKZTLDDYNK_to_RMIODHQZRUFFFF         |    O=CCOCO    |          COCC(=O)O          |  73.3479232788086  |
| MQZTXKZTLDDYNK_to_DOAMZWOPDPPKJS-WSFSSNUMVMOOMR |    O=CCOCO    |       C=O.O[C@@H]1CO1       | 78.13905334472656  |
|        MQZTXKZTLDDYNK_to_RGNLCYKNGPYALI         |    O=CCOCO    |          O=CCC(O)O          | 122.53805541992188 |
| MQZTXKZTLDDYNK_to_BDAGIHXWWSANSR-IKHGUXGNUITLKF |    O=CCOCO    |          CC=O.O=CO          | 84.32772064208984  |
| MQZTXKZTLDDYNK_to_UFHFLCQGNIYNRP-URQJYCMMYPTYSF |    O=CCOCO    | O=C[C@@H]1O[C@@H]1O.[H][H]  | 84.57026672363281  |
|        MQZTXKZTLDDYNK_to_SUCKNXAQIMPMOC         |    O=CCOCO    |        OC1CO[C@@H]1O        |  84.3860092163086  |
|        MQZTXKZTLDDYNK_to_VOZDABZCYIIVTM         |    O=CCOCO    |          OC1OCCO1           | 86.80941772460938  |
| MQZTXKZTLDDYNK_to_LTRRBWARIDHOMC-UFHFLCQGNIYNRP |    O=CCOCO    |    O=C1CO[C@@H]1O.[H][H]    | 99.33690643310547  |
| MQZTXKZTLDDYNK_to_MFRMAQFRVTUENW-UFHFLCQGNIYNRP |    O=CCOCO    |       O=CCOC=O.[H][H]       | 79.71134185791016  |
| MQZTXKZTLDDYNK_to_GFAJOMHUNNCCJQ-WSFSSNUMVMOOMR |    O=CCOCO    |         C1OCO1.C=O          | 94.00358581542969  |
|        MQZTXKZTLDDYNK_to_VKWJMTLAAJULGF         |    O=CCOCO    |           COCOC=O           | 65.15055847167969  |
|        MQZTXKZTLDDYNK_to_KQBGNBDMOJYJAO         |    O=CCOCO    |           C=COOCO           | 89.04329681396484  |
| MQZTXKZTLDDYNK_to_CCGKOQOJPYTBIH-CKFGINPQOCXMAZ |    O=CCOCO    |          C=C=O.OCO          |  78.6795425415039  |
|        MQZTXKZTLDDYNK_to_JYVNDCLJHKQUHE         |    O=CCOCO    |          CC(=O)OCO          |  82.641845703125   |
| MQZTXKZTLDDYNK_to_ASQQEOXYFGEFKQ-IKHGUXGNUITLKF |    O=CCOCO    |         C1OO1.CC=O          | 93.88046264648438  |
|        MQZTXKZTLDDYNK_to_PHMDMSMEYYVXLZ         |    O=CCOCO    |          O/C=C/OCO          | 67.57176971435547  |
| MQZTXKZTLDDYNK_to_JCTHKUNMWCUDLH-UFHFLCQGNIYNRP |    O=CCOCO    |       O=C=COCO.[H][H]       |  75.0328140258789  |
| MQZTXKZTLDDYNK_to_RBNCVQJDGSQYET-UFHFLCQGNIYNRP |    O=CCOCO    |      O=CC1OCO1.[H][H]       |  97.8421630859375  |
|        MQZTXKZTLDDYNK_to_FQERLIOIVXPZKH         |    O=CCOCO    |          C1COOCO1           | 111.47360229492188 |
| MQZTXKZTLDDYNK_to_GZTMCZAOQTVOJK-UFHFLCQGNIYNRP |    O=CCOCO    |      O=C1COCO1.[H][H]       | 69.82467651367188  |
|        ASQQEOXYFGEFKQ_to_BDAGIHXWWSANSR         |     C1OO1     |            O=CO             | 44.735965728759766 |
|        IKHGUXGNUITLKF_to_IMROMDMJAWUWLK         |     CC=O      |            C=CO             | 69.39720153808594  |
|        IKHGUXGNUITLKF_to_IAYPIBMASNFSPL         |     CC=O      |            C1CO1            | 92.20793914794922  |
| IKHGUXGNUITLKF_to_CCGKOQOJPYTBIH-UFHFLCQGNIYNRP |     CC=O      |        C=C=O.[H][H]         | 78.01516723632812  |
| VGGSQFUCUMXWEO_to_HSFWRNGVRCDJHI-UFHFLCQGNIYNRP |      C=C      |         C#C.[H][H]          | 123.29019927978516 |
| SCKXCAADGDQQCS_to_MYMOFIZGZYHOMD-WSFSSNUMVMOOMR |     O=COO     |           C=O.O=O           | 100.80813598632812 |
|        SCKXCAADGDQQCS_to_CVTVRXGPXQVJAU         |     O=COO     |           OC1OO1            | 66.35730743408203  |
|        SCKXCAADGDQQCS_to_BJMSRZLVEVUDIK         |     O=COO     |           C1OOO1            | 92.33403778076172  |
| SCKXCAADGDQQCS_to_CURLTUGMZLYLDI-XLYOFNOQVPJJNP |     O=COO     |           O.O=C=O           | 55.101707458496094 |
|        SCKXCAADGDQQCS_to_BVKZGUZCCUSVTD         |     O=COO     |           O=C(O)O           | 60.518157958984375 |
| SCKXCAADGDQQCS_to_NPDDCAZCWJWIBW-UFHFLCQGNIYNRP |     O=COO     |       O=C1OO1.[H][H]        |  66.9959716796875  |
| HGINCPLSRVDWNT_to_HSFWRNGVRCDJHI-WSFSSNUMVMOOMR |    C=CC=O     |           C#C.C=O           | 99.88203430175781  |
|        HGINCPLSRVDWNT_to_CRYATLIDHPPXDV         |    C=CC=O     |           C1=COC1           | 58.532020568847656 |
|        HGINCPLSRVDWNT_to_SQRHNJRUPNFNHY         |    C=CC=O     |        C1C2O[C@H]12         | 80.94464874267578  |
|        HGINCPLSRVDWNT_to_YQTVBZHHWNMNKX         |    C=CC=O     |           C=C=CO            | 74.43161010742188  |
|        HGINCPLSRVDWNT_to_AAEZMHSWRQVQEK         |    C=CC=O     |           C=C1CO1           | 95.25700378417969  |
|        HGINCPLSRVDWNT_to_VOXWVWGNZYVMQA         |    C=CC=O     |           OC1C=C1           | 104.18978118896484 |
|        HGINCPLSRVDWNT_to_UYLUJGRCKKSWHS         |    C=CC=O     |           CC=C=O            | 65.17073059082031  |
|        HGINCPLSRVDWNT_to_VBBRYJMZLIYUJQ         |    C=CC=O     |           O=C1CC1           |  87.1414566040039  |
| HGINCPLSRVDWNT_to_TURAMGVWNUTQKH-UFHFLCQGNIYNRP |    C=CC=O     |       C=C=C=O.[H][H]        | 89.77725982666016  |
| HGINCPLSRVDWNT_to_IJNJLGFTSIAHEA-UFHFLCQGNIYNRP |    C=CC=O     |        C#CC=O.[H][H]        | 113.6144027709961  |
| MHAJPDPJQMAIIY_to_MYMOFIZGZYHOMD-UFHFLCQGNIYNRP |      OO       |         O=O.[H][H]          | 109.51605224609375 |
| JQQGJTHDBODIPT_to_SCKXCAADGDQQCS-VGGSQFUCUMXWEO |   OOC1CCO1    |          C=C.O=COO          | 53.58567810058594  |
|        JQQGJTHDBODIPT_to_YLOCODGPXISXIR         |   OOC1CCO1    |        C[C@@H]1OC1OO        | 93.08377838134766  |
|        JQQGJTHDBODIPT_to_LZBZEBHQVXRLLN         |   OOC1CCO1    |           C=COCOO           |  84.7413101196289  |
|        JQQGJTHDBODIPT_to_UKQJDWBNQNAJHB         |   OOC1CCO1    |           O=COCCO           |  70.3348159790039  |
|        JQQGJTHDBODIPT_to_VOZDABZCYIIVTM         |   OOC1CCO1    |          OC1OCCO1           | 48.713260650634766 |
|        JQQGJTHDBODIPT_to_JQTRCASVHDFDIY         |   OOC1CCO1    |          CCOC1OO1           | 57.279598236083984 |
|        JQQGJTHDBODIPT_to_FQERLIOIVXPZKH         |   OOC1CCO1    |          C1COOCO1           | 90.52013397216797  |
|        JQQGJTHDBODIPT_to_PLXVTJBBUQBDRQ         |   OOC1CCO1    |          OOCC1CO1           | 87.32642364501953  |
|        JQQGJTHDBODIPT_to_UVXJOOHEDLXZGH         |   OOC1CCO1    |          OOOC1CC1           | 96.24101257324219  |
|        JQQGJTHDBODIPT_to_XSASRUDTFFBDDK         |   OOC1CCO1    |           O=CCCOO           | 62.20012283325195  |
| JQQGJTHDBODIPT_to_MHAJPDPJQMAIIY-SQRHNJRUPNFNHY |   OOC1CCO1    |      C1C2O[C@@H]12.OO       | 78.52134704589844  |
| JQQGJTHDBODIPT_to_CRYATLIDHPPXDV-MHAJPDPJQMAIIY |   OOC1CCO1    |         C1=COC1.OO          | 63.74268341064453  |
|        JQQGJTHDBODIPT_to_WVFPEXSMTPRZJP         |   OOC1CCO1    |          OOC1COC1           | 100.08303833007812 |
| JQQGJTHDBODIPT_to_AHHWIHXENZJRFG-MYMOFIZGZYHOMD |   OOC1CCO1    |         C1COC1.O=O          |   90.80322265625   |
| JQQGJTHDBODIPT_to_IEZWOVIWXFLQTP-WSFSSNUMVMOOMR |   OOC1CCO1    |          C=COO.C=O          | 57.78367614746094  |
|        JQQGJTHDBODIPT_to_YKZHDJKJFXCGCU         |   OOC1CCO1    |        OOC1C[C@@H]1O        | 100.12175750732422 |
|        JQQGJTHDBODIPT_to_LGAKZZVAQHLFSN         |   OOC1CCO1    |          OC/C=C\OO          | 62.267311096191406 |
|        JQQGJTHDBODIPT_to_KYKDRUWGNWYQSD         |   OOC1CCO1    |          OC1CCOO1           |  62.347412109375   |
|        JQQGJTHDBODIPT_to_DTXLZANOYCDGFH         |   OOC1CCO1    |          OCCC1OO1           | 43.699398040771484 |
|        JQQGJTHDBODIPT_to_KQBSGRWMSNFIPG         |   OOC1CCO1    |          C1COOOC1           | 89.83484649658203  |
|        JQQGJTHDBODIPT_to_XDOSUYFJXIIXIM         |   OOC1CCO1    |         CC1(OO)CO1          |  88.5091323852539  |
|        JQQGJTHDBODIPT_to_PQLKATRRSMAICE         |   OOC1CCO1    |          C=C(OC)OO          | 79.30958557128906  |
|        JQQGJTHDBODIPT_to_SHEQRTRCYNGEEJ         |   OOC1CCO1    |         OOC1(O)CC1          | 97.92778778076172  |
|        JQQGJTHDBODIPT_to_CZPZWMPYEINMCF         |   OOC1CCO1    |          CCC(=O)OO          | 74.65636444091797  |
| JQQGJTHDBODIPT_to_UFHFLCQGNIYNRP-YHAGBRCRSSOTCP |   OOC1CCO1    |   OOC12C[C@@H]1O2.[H][H]    | 93.99639129638672  |
| JQQGJTHDBODIPT_to_STDNQZPMIRKDCV-UFHFLCQGNIYNRP |   OOC1CCO1    |      OOC1=CCO1.[H][H]       | 102.61742401123047 |
| JQQGJTHDBODIPT_to_VEZXCJBBBCKRPI-XLYOFNOQVPJJNP |   OOC1CCO1    |         O.O=C1CCO1          | 52.97652053833008  |
|        JQQGJTHDBODIPT_to_MOKACWHZOSFWEI         |   OOC1CCO1    |         OC1(O)CCO1          | 53.177146911621094 |
| JQQGJTHDBODIPT_to_ARCNIFKJKCNTNO-UFHFLCQGNIYNRP |   OOC1CCO1    |     C1CC2(O1)OO2.[H][H]     | 63.832664489746094 |
|        JQQGJTHDBODIPT_to_DNNLBMAZSCRRMG         |   OOC1CCO1    |          OCC1OCO1           |  78.4856185913086  |
|        JQQGJTHDBODIPT_to_OCSVNKWAJGSUKI         |   OOC1CCO1    |          OCOC1CO1           | 71.22843933105469  |
|        JQQGJTHDBODIPT_to_IZHVFAKMAKGJLM         |   OOC1CCO1    |          CC1OCOO1           | 65.02816772460938  |
|        JQQGJTHDBODIPT_to_HREKQTFXSLSXGY         |   OOC1CCO1    |          COC1COO1           | 83.04511260986328  |
|        JQQGJTHDBODIPT_to_CXMXXUXSRBBZSC         |   OOC1CCO1    |          C=CC(O)OO          | 57.71649169921875  |
|        JQQGJTHDBODIPT_to_AQKWQHQQWFSEQR         |   OOC1CCO1    |          CCC1OOO1           | 73.39310455322266  |
| JQQGJTHDBODIPT_to_UFHFLCQGNIYNRP-ZXEDRBJDQBSWAI |   OOC1CCO1    |      OOC1C=CO1.[H][H]       | 119.36534881591797 |
| JQQGJTHDBODIPT_to_WEOAOPULSHXPNT-XLYOFNOQVPJJNP |   OOC1CCO1    |         C1C2OC1O2.O         | 65.70709991455078  |
|        JQQGJTHDBODIPT_to_LMZBGVBKISSTKO         |   OOC1CCO1    |       OC1C[C@H](O)O1        | 72.32952117919922  |
| JQQGJTHDBODIPT_to_NGTHLWHNLJEPPD-UFHFLCQGNIYNRP |   OOC1CCO1    |   C1C2OO[C@@H]1O2.[H][H]    |  81.7847900390625  |
| JQQGJTHDBODIPT_to_IUBDIJVSWDMJLO-XLYOFNOQVPJJNP |   OOC1CCO1    |       C1OC2O[C@H]12.O       | 60.704227447509766 |
|        JQQGJTHDBODIPT_to_SUCKNXAQIMPMOC         |   OOC1CCO1    |        OC1OC[C@H]1O         | 68.40849304199219  |
| JQQGJTHDBODIPT_to_BNJDONXQWMZFOE-UFHFLCQGNIYNRP |   OOC1CCO1    |    C1OC2OO[C@H]12.[H][H]    |  98.2056884765625  |
|        IEZWOVIWXFLQTP_to_WGCNASOHLSPBMP         |     C=COO     |            O=CCO            | 33.20901107788086  |
|        IEZWOVIWXFLQTP_to_DOAMZWOPDPPKJS         |     C=COO     |         O[C@@H]1CO1         | 43.50724411010742  |
|        IEZWOVIWXFLQTP_to_NOZLREUTKGWBPY         |     C=COO     |           CC1OO1            | 58.27058029174805  |
|        IEZWOVIWXFLQTP_to_BVTJGGGYKAMDBN         |     C=COO     |           C1COO1            | 63.519561767578125 |
| IEZWOVIWXFLQTP_to_HSFWRNGVRCDJHI-MHAJPDPJQMAIIY |     C=COO     |           C#C.OO            |  76.4768295288086  |
| IEZWOVIWXFLQTP_to_MYMOFIZGZYHOMD-VGGSQFUCUMXWEO |     C=COO     |           C=C.O=O           | 94.83091735839844  |
| IEZWOVIWXFLQTP_to_UFHFLCQGNIYNRP-XTIVMLJPNCRJDY |     C=COO     |        C#COO.[H][H]         | 109.23810577392578 |
| IEZWOVIWXFLQTP_to_CCGKOQOJPYTBIH-XLYOFNOQVPJJNP |     C=COO     |           C=C=O.O           | 48.09207534790039  |
|        IEZWOVIWXFLQTP_to_LONYOMRPNGXPGP         |     C=COO     |           C=C(O)O           | 76.37765502929688  |
| IEZWOVIWXFLQTP_to_DRACBBLWNRFTPS-UFHFLCQGNIYNRP |     C=COO     |       C=C1OO1.[H][H]        |  84.2685317993164  |
|        IEZWOVIWXFLQTP_to_JMCRDEBJJPRTPV         |     C=COO     |           O/C=C\O           | 71.95867919921875  |
| IEZWOVIWXFLQTP_to_LKPDARIQMYHGOW-UFHFLCQGNIYNRP |     C=COO     |        [H][H].c1coo1        | 94.48616790771484  |
|        WSMYVTOQOOLQHP_to_GFJVXXWOPWLRNU         |    O=CCC=O    |           C=COC=O           | 47.83971405029297  |
|        WSMYVTOQOOLQHP_to_IWYRWIUNAVNFPE         |    O=CCC=O    |          O=CC1CO1           | 90.05745697021484  |
| WSMYVTOQOOLQHP_to_CCGKOQOJPYTBIH-WSFSSNUMVMOOMR |    O=CCC=O    |          C=C=O.C=O          |    65.462890625    |
|        WSMYVTOQOOLQHP_to_AIJULSRZWUXGPQ         |    O=CCC=O    |          CC(=O)C=O          | 86.63674926757812  |
|        WSMYVTOQOOLQHP_to_GMSHJLUJOABYOM         |    O=CCC=O    |          O=C/C=C/O          | 68.90728759765625  |
| WSMYVTOQOOLQHP_to_BJZRPPPHLTTXMO-UFHFLCQGNIYNRP |    O=CCC=O    |       O=C=CC=O.[H][H]       | 79.92356872558594  |
|        WSMYVTOQOOLQHP_to_UCZMEHHAPUYKNJ         |    O=CCC=O    |       C1C2OO[C@@H]12        | 126.27384948730469 |
|        WSMYVTOQOOLQHP_to_WEOAOPULSHXPNT         |    O=CCC=O    |          C1C2OC1O2          | 75.83851623535156  |
|        WSMYVTOQOOLQHP_to_FQAPTELXEUWBBK         |    O=CCC=O    |        O=C1C[C@@H]1O        | 100.64244842529297 |
|        WSMYVTOQOOLQHP_to_VEZXCJBBBCKRPI         |    O=CCC=O    |          O=C1CCO1           | 75.22510528564453  |
| WSMYVTOQOOLQHP_to_MPGMMGPFTLLOGN-UFHFLCQGNIYNRP |    O=CCC=O    |      O=C1CC1=O.[H][H]       | 100.0748062133789  |
|        RGNLCYKNGPYALI_to_YAFICCFLXARRNU         |   O=CCC(O)O   |         OC(O)C1CO1          | 91.75080108642578  |
|        RGNLCYKNGPYALI_to_TUHFIVHHNIWHQM         |   O=CCC(O)O   |          C=COC(O)O          | 72.18113708496094  |
|        RGNLCYKNGPYALI_to_UOQFZGVGGMHGEE         |   O=CCC(O)O   |         CC(=O)C(O)O         | 106.26113891601562 |
| RGNLCYKNGPYALI_to_CCGKOQOJPYTBIH-CKFGINPQOCXMAZ |   O=CCC(O)O   |          C=C=O.OCO          | 81.40214538574219  |
| RGNLCYKNGPYALI_to_BDAGIHXWWSANSR-IKHGUXGNUITLKF |   O=CCC(O)O   |          CC=O.O=CO          |  70.8843765258789  |
|        RGNLCYKNGPYALI_to_MQZTXKZTLDDYNK         |   O=CCC(O)O   |           O=CCOCO           | 127.09024047851562 |
| RGNLCYKNGPYALI_to_BDAGIHXWWSANSR-IMROMDMJAWUWLK |   O=CCC(O)O   |          C=CO.O=CO          | 56.142086029052734 |
|        RGNLCYKNGPYALI_to_MNQZXJOMYWMBOU         |   O=CCC(O)O   |       O=C[C@@H](O)CO        |  97.265380859375   |
| RGNLCYKNGPYALI_to_GMSHJLUJOABYOM-XLYOFNOQVPJJNP |   O=CCC(O)O   |         O.O=C/C=C/O         | 60.696983337402344 |
|        RGNLCYKNGPYALI_to_YKZHDJKJFXCGCU         |   O=CCC(O)O   |        OOC1C[C@@H]1O        | 114.88128662109375 |
|        RGNLCYKNGPYALI_to_LMZBGVBKISSTKO         |   O=CCC(O)O   |       OC1C[C@H](O)O1        | 72.50482177734375  |
| RGNLCYKNGPYALI_to_FQAPTELXEUWBBK-XLYOFNOQVPJJNP |   O=CCC(O)O   |       O.O=C1C[C@@H]1O       | 90.68305969238281  |
|        RGNLCYKNGPYALI_to_ALRHLSYJTWAHJZ         |   O=CCC(O)O   |          O=C(O)CCO          | 72.72423553466797  |
| RGNLCYKNGPYALI_to_WSMYVTOQOOLQHP-XLYOFNOQVPJJNP |   O=CCC(O)O   |          O.O=CCC=O          | 45.59038162231445  |
|        RGNLCYKNGPYALI_to_XSASRUDTFFBDDK         |   O=CCC(O)O   |           O=CCCOO           | 130.64645385742188 |
| RGNLCYKNGPYALI_to_LONYOMRPNGXPGP-WSFSSNUMVMOOMR |   O=CCC(O)O   |         C=C(O)O.C=O         | 70.11326599121094  |
|        RGNLCYKNGPYALI_to_CNPMSUPIRHIVPC         |   O=CCC(O)O   |         CC(O)(O)C=O         | 85.23299407958984  |
| RGNLCYKNGPYALI_to_NCTDTKHCTAWTHU-UFHFLCQGNIYNRP |   O=CCC(O)O   |      O=CC=C(O)O.[H][H]      | 106.01095581054688 |
|        RGNLCYKNGPYALI_to_DPAUIBRBGMIMLP         |   O=CCC(O)O   |         OC1CC1(O)O          | 92.49370574951172  |
|        RGNLCYKNGPYALI_to_MOKACWHZOSFWEI         |   O=CCC(O)O   |         OC1(O)CCO1          | 92.64933013916016  |
| RGNLCYKNGPYALI_to_RYSGESCXXMRILP-UFHFLCQGNIYNRP |   O=CCC(O)O   |     O=C1CC1(O)O.[H][H]      | 104.07305908203125 |
| RGNLCYKNGPYALI_to_OAKURXIZZOAYBC-UFHFLCQGNIYNRP |   O=CCC(O)O   |      O=CCC(=O)O.[H][H]      | 75.82654571533203  |
| RGNLCYKNGPYALI_to_DOAMZWOPDPPKJS-WSFSSNUMVMOOMR |   O=CCC(O)O   |       C=O.O[C@@H]1CO1       | 99.21139526367188  |
|        RGNLCYKNGPYALI_to_JRUKHAIVAGVYRP         |   O=CCC(O)O   |       C[C@@H](O)OC=O        | 64.15217590332031  |
|        RGNLCYKNGPYALI_to_DNEPOKDMYAKLLN         |   O=CCC(O)O   |         O/C=C/C(O)O         | 58.27592468261719  |
| RGNLCYKNGPYALI_to_GPKMMINCBXDDSX-UFHFLCQGNIYNRP |   O=CCC(O)O   |      O=C=CC(O)O.[H][H]      | 73.41954040527344  |
| RGNLCYKNGPYALI_to_UFHFLCQGNIYNRP-URQJYCMMYPTYSF |   O=CCC(O)O   | O=C[C@@H]1O[C@@H]1O.[H][H]  | 101.63550567626953 |
|        RGNLCYKNGPYALI_to_KYKDRUWGNWYQSD         |   O=CCC(O)O   |        O[C@@H]1CCOO1        | 121.74188995361328 |
| RGNLCYKNGPYALI_to_UFHFLCQGNIYNRP-VZNKYYYANZLXLS |   O=CCC(O)O   |   O=C1C[C@@H](O)O1.[H][H]   | 72.03924560546875  |
| RGNLCYKNGPYALI_to_NUZFBZRITSUKTP-UFHFLCQGNIYNRP |   O=CCC(O)O   |      O=CCC1OO1.[H][H]       | 136.9894256591797  |
|        NUZFBZRITSUKTP_to_HBMVIKUHROZBFH         |   O=CCC1OO1   |         C1OC1C1OO1          | 86.48159790039062  |
|        NUZFBZRITSUKTP_to_UXKIFZHTEPIISG         |   O=CCC1OO1   |          C=COC1OO1          | 57.43145751953125  |
|        NUZFBZRITSUKTP_to_CWJDCGOKZKVGJP         |   O=CCC1OO1   |         CC(=O)C1OO1         | 81.59844207763672  |
| NUZFBZRITSUKTP_to_ASQQEOXYFGEFKQ-CCGKOQOJPYTBIH |   O=CCC1OO1   |         C1OO1.C=C=O         | 73.18559265136719  |
|        NUZFBZRITSUKTP_to_MFRMAQFRVTUENW         |   O=CCC1OO1   |          O=CCOC=O           |  52.9737548828125  |
|        NUZFBZRITSUKTP_to_NCCRMMIIRYTOBF         |   O=CCC1OO1   |          C=COOC=O           | 55.72190475463867  |
|        NUZFBZRITSUKTP_to_SEWVJHXWGVGQLV         |   O=CCC1OO1   |       O=C[C@@H]1COO1        |   72.81591796875   |
|        NUZFBZRITSUKTP_to_SAFQYXYVTVQFLR         |   O=CCC1OO1   |         O=C/C=C/OO          |  49.8339729309082  |
|        NUZFBZRITSUKTP_to_PNZFDEOSSAGNTC         |   O=CCC1OO1   |       C1C2OOO[C@@H]12       | 103.89749145507812 |
|        NUZFBZRITSUKTP_to_NGTHLWHNLJEPPD         |   O=CCC1OO1   |       C1C2OO[C@@H]1O2       | 77.29714965820312  |
|        NUZFBZRITSUKTP_to_KLARBAOWTNKAMX         |   O=CCC1OO1   |       O=C1C[C@@H]1OO        | 64.58448791503906  |
|        NUZFBZRITSUKTP_to_PHILMFQVUWCHOQ         |   O=CCC1OO1   |          O=C1CCOO1          | 46.51653289794922  |
| NUZFBZRITSUKTP_to_DRACBBLWNRFTPS-WSFSSNUMVMOOMR |   O=CCC1OO1   |         C=C1OO1.C=O         |  70.4240493774414  |
|        NUZFBZRITSUKTP_to_ZFQINGUEHXEYMH         |   O=CCC1OO1   |         CC1(C=O)OO1         | 95.93573760986328  |
| NUZFBZRITSUKTP_to_MPKCFOSWXJNNTJ-UFHFLCQGNIYNRP |   O=CCC1OO1   |      O=CC=C1OO1.[H][H]      | 104.71011352539062 |
|        NUZFBZRITSUKTP_to_VOKQKPQDHWIVGH         |   O=CCC1OO1   |         OC1CC12OO2          | 95.86283874511719  |
|        NUZFBZRITSUKTP_to_ARCNIFKJKCNTNO         |   O=CCC1OO1   |        C1CC2(O1)OO2         | 113.77025604248047 |
| NUZFBZRITSUKTP_to_PMSQJWHNVKCDJF-UFHFLCQGNIYNRP |   O=CCC1OO1   |     O=C1CC12OO2.[H][H]      | 104.25511169433594 |
|        NUZFBZRITSUKTP_to_OAKURXIZZOAYBC         |   O=CCC1OO1   |         O=CCC(=O)O          |  40.4404182434082  |
|        NUZFBZRITSUKTP_to_CGPGEDSPKFBZMV         |   O=CCC1OO1   |       O=CO[C@@H]1CO1        | 65.38043975830078  |
|        NUZFBZRITSUKTP_to_DENSUXAYAWJULC         |   O=CCC1OO1   |         O/C=C/C1OO1         | 60.984004974365234 |
| NUZFBZRITSUKTP_to_OAIVPENFRKZMAK-UFHFLCQGNIYNRP |   O=CCC1OO1   |      O=C=CC1OO1.[H][H]      | 72.37429809570312  |
|        NUZFBZRITSUKTP_to_URQJYCMMYPTYSF         |   O=CCC1OO1   |     O=C[C@@H]1O[C@@H]1O     | 49.269805908203125 |
|        NUZFBZRITSUKTP_to_VZNKYYYANZLXLS         |   O=CCC1OO1   |      O=C1C[C@@H](O)O1       | 49.65114212036133  |
|        IAYPIBMASNFSPL_to_IMROMDMJAWUWLK         |     C1CO1     |            C=CO             | 66.98604583740234  |
|        IAYPIBMASNFSPL_to_IKHGUXGNUITLKF         |     C1CO1     |            CC=O             | 60.85765075683594  |
|        BDAGIHXWWSANSR_to_ASQQEOXYFGEFKQ         |     O=CO      |            C1OO1            | 117.99282836914062 |
| BDAGIHXWWSANSR_to_CURLTUGMZLYLDI-UFHFLCQGNIYNRP |     O=CO      |        O=C=O.[H][H]         | 66.53363037109375  |
|        UKQJDWBNQNAJHB_to_MQZTXKZTLDDYNK         |    O=COCCO    |           O=CCOCO           | 114.11914825439453 |
| UKQJDWBNQNAJHB_to_WGCNASOHLSPBMP-WSFSSNUMVMOOMR |    O=COCCO    |          C=O.O=CCO          |  86.1515884399414  |
|        UKQJDWBNQNAJHB_to_OCSVNKWAJGSUKI         |    O=COCCO    |          OCOC1CO1           | 90.99327087402344  |
|        UKQJDWBNQNAJHB_to_DNNLBMAZSCRRMG         |    O=COCCO    |          OCC1OCO1           | 91.61952209472656  |
| UKQJDWBNQNAJHB_to_HZSIFDFXFAXICF-OKKJLVBELUTLKV |    O=COCCO    |         CO.O=C1CO1          |  87.3699951171875  |
|        UKQJDWBNQNAJHB_to_GSJFXBNYJCXDGI         |    O=COCCO    |          COC(=O)CO          | 93.61199951171875  |
|        UKQJDWBNQNAJHB_to_VKWJMTLAAJULGF         |    O=COCCO    |           COCOC=O           | 135.7269744873047  |
| UKQJDWBNQNAJHB_to_TZIHFWKZFHZASV-WSFSSNUMVMOOMR |    O=COCCO    |          C=O.COC=O          | 91.86128997802734  |
| UKQJDWBNQNAJHB_to_SCKXCAADGDQQCS-VGGSQFUCUMXWEO |    O=COCCO    |          C=C.O=COO          | 124.95429992675781 |
| UKQJDWBNQNAJHB_to_BDAGIHXWWSANSR-IMROMDMJAWUWLK |    O=COCCO    |          C=CO.O=CO          |  69.3791732788086  |
|        UKQJDWBNQNAJHB_to_JRUKHAIVAGVYRP         |    O=COCCO    |        C[C@H](O)OC=O        | 93.50149536132812  |
|        UKQJDWBNQNAJHB_to_DTXLZANOYCDGFH         |    O=COCCO    |          OCCC1OO1           | 115.01587677001953 |
|        UKQJDWBNQNAJHB_to_ALRHLSYJTWAHJZ         |    O=COCCO    |          O=C(O)CCO          | 115.53718566894531 |
| UKQJDWBNQNAJHB_to_CURLTUGMZLYLDI-LFQSCWFLJHTTHZ |    O=COCCO    |          CCO.O=C=O          | 67.18519592285156  |
| UKQJDWBNQNAJHB_to_BDAGIHXWWSANSR-IAYPIBMASNFSPL |    O=COCCO    |         C1CO1.O=CO          | 74.11024475097656  |
|        UKQJDWBNQNAJHB_to_COYCHYMPNMUQTC         |    O=COCCO    |           CCOOC=O           | 120.57611083984375 |
| UKQJDWBNQNAJHB_to_GFJVXXWOPWLRNU-XLYOFNOQVPJJNP |    O=COCCO    |          C=COC=O.O          | 69.45478057861328  |
| UKQJDWBNQNAJHB_to_UFHFLCQGNIYNRP-UNOQYACVVFEUPE |    O=COCCO    |      O=CO/C=C\O.[H][H]      | 104.26778411865234 |
|        UKQJDWBNQNAJHB_to_MNQZXJOMYWMBOU         |    O=COCCO    |       O=C[C@@H](O)CO        | 104.49372863769531 |
|        UKQJDWBNQNAJHB_to_BDJBDLCUJNXGRX         |    O=COCCO    |        OC[C@@H]1OC1O        |  90.3783950805664  |
| UKQJDWBNQNAJHB_to_UFHFLCQGNIYNRP-UVFIISNPWKBTMO |    O=COCCO    |    O=C1O[C@H]1CO.[H][H]     |  92.4722671508789  |
| UKQJDWBNQNAJHB_to_CGPGEDSPKFBZMV-UFHFLCQGNIYNRP |    O=COCCO    |    O=CO[C@H]1CO1.[H][H]     |  84.4450454711914  |
|        UKQJDWBNQNAJHB_to_XSASRUDTFFBDDK         |    O=COCCO    |           O=CCCOO           | 128.17361450195312 |
|        UKQJDWBNQNAJHB_to_JQQGJTHDBODIPT         |    O=COCCO    |          OOC1CCO1           | 138.04624938964844 |
|        UKQJDWBNQNAJHB_to_VOZDABZCYIIVTM         |    O=COCCO    |          OC1OCCO1           | 79.28128814697266  |
| UKQJDWBNQNAJHB_to_VEZXCJBBBCKRPI-XLYOFNOQVPJJNP |    O=COCCO    |         O.O=C1CCO1          | 97.96595001220703  |
|        UKQJDWBNQNAJHB_to_CQDGTJPVBWZJAZ         |    O=COCCO    |          CCOC(=O)O          | 96.83157348632812  |
| UKQJDWBNQNAJHB_to_DOAMZWOPDPPKJS-WSFSSNUMVMOOMR |    O=COCCO    |       C=O.O[C@H]1CO1        |  80.3751449584961  |
|        UKQJDWBNQNAJHB_to_SUCKNXAQIMPMOC         |    O=COCCO    |        OC1OC[C@H]1O         | 92.67219543457031  |
|        UKQJDWBNQNAJHB_to_TWGSXTJXQLNWNP         |    O=COCCO    |        O[C@@H]1COCO1        |    77.568359375    |
| UKQJDWBNQNAJHB_to_LGUPRTLHPKMGHK-UFHFLCQGNIYNRP |    O=COCCO    |    O=C1OC[C@H]1O.[H][H]     | 98.78067779541016  |
| UKQJDWBNQNAJHB_to_MFRMAQFRVTUENW-UFHFLCQGNIYNRP |    O=COCCO    |       O=CCOC=O.[H][H]       | 98.30052947998047  |
| UKQJDWBNQNAJHB_to_BVTJGGGYKAMDBN-WSFSSNUMVMOOMR |    O=COCCO    |         C1COO1.C=O          | 121.61001586914062 |
|        UKQJDWBNQNAJHB_to_FQERLIOIVXPZKH         |    O=COCCO    |          C1COOCO1           | 123.45660400390625 |
| UKQJDWBNQNAJHB_to_KMTRUDSVKNLOMY-UFHFLCQGNIYNRP |    O=COCCO    |      O=C1OCCO1.[H][H]       | 67.85875701904297  |
|        COYCHYMPNMUQTC_to_QWFOJYBHKFALKR         |    CCOOC=O    |           COOCC=O           | 109.02509307861328 |
| COYCHYMPNMUQTC_to_ASQQEOXYFGEFKQ-IKHGUXGNUITLKF |    CCOOC=O    |         C1OO1.CC=O          |   102.630859375    |
|        COYCHYMPNMUQTC_to_HREKQTFXSLSXGY         |    CCOOC=O    |          COC1COO1           | 109.6747817993164  |
|        COYCHYMPNMUQTC_to_IZHVFAKMAKGJLM         |    CCOOC=O    |          CC1OCOO1           |   106.2998046875   |
| COYCHYMPNMUQTC_to_MKQRDVRSSVPGEB-VNWKTOKETHGBQD |    CCOOC=O    |         C.O=C1COO1          | 103.52302551269531 |
|        COYCHYMPNMUQTC_to_GNVILSSSAMKPLR         |    CCOOC=O    |          COOC(C)=O          | 86.42198181152344  |
|        COYCHYMPNMUQTC_to_VKWJMTLAAJULGF         |    CCOOC=O    |           COCOC=O           | 66.06466674804688  |
| COYCHYMPNMUQTC_to_TZIHFWKZFHZASV-WSFSSNUMVMOOMR |    CCOOC=O    |          C=O.COC=O          | 72.64488220214844  |
| COYCHYMPNMUQTC_to_SCKXCAADGDQQCS-VGGSQFUCUMXWEO |    CCOOC=O    |          C=C.O=COO          | 61.691654205322266 |
| COYCHYMPNMUQTC_to_MYMOFIZGZYHOMD-NBBJYMSMWIIQGU |    CCOOC=O    |          CCC=O.O=O          | 97.70854949951172  |
|        COYCHYMPNMUQTC_to_AQKWQHQQWFSEQR         |    CCOOC=O    |          CCC1OOO1           | 93.11253356933594  |
|        COYCHYMPNMUQTC_to_JQTRCASVHDFDIY         |    CCOOC=O    |          CCOC1OO1           | 76.20856475830078  |
|        COYCHYMPNMUQTC_to_CZPZWMPYEINMCF         |    CCOOC=O    |          CCC(=O)OO          | 84.24923706054688  |
| COYCHYMPNMUQTC_to_NPDDCAZCWJWIBW-OTMSDBZUPAUEDD |    CCOOC=O    |         CC.O=C1OO1          | 76.22892761230469  |
| COYCHYMPNMUQTC_to_NCCRMMIIRYTOBF-UFHFLCQGNIYNRP |    CCOOC=O    |       C=COOC=O.[H][H]       | 120.45050048828125 |
|        COYCHYMPNMUQTC_to_UTLVMFCPERHVKU         |    CCOOC=O    |       C[C@@H](C=O)OO        | 76.25166320800781  |
| COYCHYMPNMUQTC_to_NOZLREUTKGWBPY-WSFSSNUMVMOOMR |    CCOOC=O    |         C=O.CC1OO1          | 68.25800323486328  |
|        COYCHYMPNMUQTC_to_OYKWJRCDWIZWPU         |    CCOOC=O    |        C[C@@H]1OOC1O        | 87.81954193115234  |
| COYCHYMPNMUQTC_to_UFHFLCQGNIYNRP-ZKQWQNCFSDPOKV |    CCOOC=O    |    C[C@@H]1OOC1=O.[H][H]    | 86.43449401855469  |
|        COYCHYMPNMUQTC_to_JRUKHAIVAGVYRP         |    CCOOC=O    |       C[C@@H](O)OC=O        | 69.67190551757812  |
| COYCHYMPNMUQTC_to_BDAGIHXWWSANSR-IKHGUXGNUITLKF |    CCOOC=O    |          CC=O.O=CO          | 44.26900863647461  |
|        COYCHYMPNMUQTC_to_XSASRUDTFFBDDK         |    CCOOC=O    |           O=CCCOO           | 72.44010162353516  |
| COYCHYMPNMUQTC_to_BVTJGGGYKAMDBN-WSFSSNUMVMOOMR |    CCOOC=O    |         C1COO1.C=O          | 90.05972290039062  |
|        COYCHYMPNMUQTC_to_KYKDRUWGNWYQSD         |    CCOOC=O    |          OC1CCOO1           | 75.45121765136719  |
|        COYCHYMPNMUQTC_to_FQERLIOIVXPZKH         |    CCOOC=O    |          C1COOCO1           | 88.06098175048828  |
| COYCHYMPNMUQTC_to_PHILMFQVUWCHOQ-UFHFLCQGNIYNRP |    CCOOC=O    |      O=C1CCOO1.[H][H]       |  88.4377670288086  |
|        COYCHYMPNMUQTC_to_UKQJDWBNQNAJHB         |    CCOOC=O    |           O=COCCO           | 68.77692413330078  |
| COYCHYMPNMUQTC_to_BDAGIHXWWSANSR-IAYPIBMASNFSPL |    CCOOC=O    |         C1CO1.O=CO          |  60.0020637512207  |
| COYCHYMPNMUQTC_to_CURLTUGMZLYLDI-LFQSCWFLJHTTHZ |    CCOOC=O    |          CCO.O=C=O          |  49.1607551574707  |
|        COYCHYMPNMUQTC_to_CQDGTJPVBWZJAZ         |    CCOOC=O    |          CCOC(=O)O          |  59.971923828125   |
| MFKZDADVASPENT_to_HSFWRNGVRCDJHI-NEZWFWIACBUQMN |   O/C=C/COO   |          C#C.OCOO           | 101.33084106445312 |
|        MFKZDADVASPENT_to_ADWDSLXSJIQCLO         |   O/C=C/COO   |          C=C(O)COO          | 123.05252838134766 |
| MFKZDADVASPENT_to_MEUKEBNAABNAEX-QFXZANXYUCUTQH |   O/C=C/COO   |          C#CO.COO           | 115.65938568115234 |
| MFKZDADVASPENT_to_JMCRDEBJJPRTPV-WSFSSNUMVMOOMR |   O/C=C/COO   |         C=O.O/C=C/O         | 56.64020919799805  |
|        MFKZDADVASPENT_to_PHMDMSMEYYVXLZ         |   O/C=C/COO   |          O/C=C/OCO          | 61.56321334838867  |
| MFKZDADVASPENT_to_ASQQEOXYFGEFKQ-IMROMDMJAWUWLK |   O/C=C/COO   |         C1OO1.C=CO          | 57.60219955444336  |
|        MFKZDADVASPENT_to_VQVXRAZPVSGHCI         |   O/C=C/COO   |          COO/C=C/O          | 118.11209869384766 |
|        MFKZDADVASPENT_to_LZBZEBHQVXRLLN         |   O/C=C/COO   |           C=COCOO           | 101.17585754394531 |
|        MFKZDADVASPENT_to_YKZHDJKJFXCGCU         |   O/C=C/COO   |        OO[C@@H]1CC1O        | 71.47174835205078  |
|        MFKZDADVASPENT_to_CXMXXUXSRBBZSC         |   O/C=C/COO   |          C=CC(O)OO          | 43.169803619384766 |
| MFKZDADVASPENT_to_JSPLKZUTYZBBKA-OOXWYYGXTJLWHA |   O/C=C/COO   |         C1=CC1.OOO          | 130.1850128173828  |
|        MFKZDADVASPENT_to_LGAKZZVAQHLFSN         |   O/C=C/COO   |          OC/C=C\OO          | 84.75189208984375  |
| MFKZDADVASPENT_to_MHAJPDPJQMAIIY-POIHZHZUTZWYJR |   O/C=C/COO   |         OC1=CC1.OO          | 99.73216247558594  |
|        MFKZDADVASPENT_to_RCTBAXSXJSMBPW         |   O/C=C/COO   |         C/C=C(/O)OO         | 96.64068603515625  |
| MFKZDADVASPENT_to_MHAJPDPJQMAIIY-YQTVBZHHWNMNKX |   O/C=C/COO   |          C=C=CO.OO          | 68.36668395996094  |
|        MFKZDADVASPENT_to_BPEDXNYOTVMGJB         |   O/C=C/COO   |         C/C(=C/O)OO         | 100.71601867675781 |
| MFKZDADVASPENT_to_DOKHEARVIDLSFF-MYMOFIZGZYHOMD |   O/C=C/COO   |         C/C=C/O.O=O         | 91.76681518554688  |
| MFKZDADVASPENT_to_CRYATLIDHPPXDV-MHAJPDPJQMAIIY |   O/C=C/COO   |         C1=COC1.OO          | 74.22472381591797  |
|        MFKZDADVASPENT_to_RZHHIEKUXYUNNW         |   O/C=C/COO   |          C/C=C/OOO          | 111.29855346679688 |
|        MFKZDADVASPENT_to_LGAKZZVAQHLFSN         |   O/C=C/COO   |          OC/C=C/OO          | 76.39764404296875  |
| MFKZDADVASPENT_to_DHIGTZNAXKPHCQ-XLYOFNOQVPJJNP |   O/C=C/COO   |         O.OOC1C=C1          | 99.34971618652344  |
| MFKZDADVASPENT_to_CVSPQTXCYOWJOP-UFHFLCQGNIYNRP |   O/C=C/COO   |    OO[C@H]1C=C1O.[H][H]     |  112.197998046875  |
| MFKZDADVASPENT_to_UFHFLCQGNIYNRP-WEWAPBZNGSPYOY |   O/C=C/COO   |       OC=C=COO.[H][H]       | 111.56341552734375 |
| MFKZDADVASPENT_to_GMSHJLUJOABYOM-XLYOFNOQVPJJNP |   O/C=C/COO   |         O.O=C/C=C/O         | 53.58475112915039  |
|        MFKZDADVASPENT_to_DNEPOKDMYAKLLN         |   O/C=C/COO   |         O/C=C/C(O)O         | 66.20125579833984  |
| MFKZDADVASPENT_to_DENSUXAYAWJULC-UFHFLCQGNIYNRP |   O/C=C/COO   |     O/C=C/C1OO1.[H][H]      | 69.53958892822266  |
| MFKZDADVASPENT_to_UFHFLCQGNIYNRP-ZXEDRBJDQBSWAI |   O/C=C/COO   |    OO[C@H]1C=CO1.[H][H]     | 96.84779357910156  |
|        MFKZDADVASPENT_to_SUCKNXAQIMPMOC         |   O/C=C/COO   |        OC1OC[C@H]1O         | 55.512237548828125 |
|        MFKZDADVASPENT_to_YAFICCFLXARRNU         |   O/C=C/COO   |       OC(O)[C@H]1CO1        | 60.54396438598633  |
|        MFKZDADVASPENT_to_KYKDRUWGNWYQSD         |   O/C=C/COO   |          OC1CCOO1           | 50.69595718383789  |
|        MFKZDADVASPENT_to_BFPUSHWBRPMZFN         |   O/C=C/COO   |        OC[C@H]1COO1         | 58.553836822509766 |
|        MFKZDADVASPENT_to_XSASRUDTFFBDDK         |   O/C=C/COO   |           O=CCCOO           | 61.87248229980469  |
|        MFKZDADVASPENT_to_PLXVTJBBUQBDRQ         |   O/C=C/COO   |        OOC[C@@H]1CO1        | 81.39031219482422  |
| MFKZDADVASPENT_to_MLMWEBWZFDJRKJ-XLYOFNOQVPJJNP |   O/C=C/COO   |          C#CCOO.O           | 81.76583862304688  |
| MFKZDADVASPENT_to_XKTYXVDYIKIYJP-XLYOFNOQVPJJNP |   O/C=C/COO   |         C1=COOC1.O          |  64.798583984375   |
|        MFKZDADVASPENT_to_LQBLZPJRKONGBA         |   O/C=C/COO   |           C=CCOOO           | 98.00930786132812  |
| MFKZDADVASPENT_to_CROFJPFWWQDQOX-UFHFLCQGNIYNRP |   O/C=C/COO   |       OC#CCOO.[H][H]        | 105.13684844970703 |
| MFKZDADVASPENT_to_OJCCLOSTDYMGOA-XLYOFNOQVPJJNP |   O/C=C/COO   |         O.OC1=CCO1          | 65.54230499267578  |
|        MFKZDADVASPENT_to_HJKODFBJSPEFPW         |   O/C=C/COO   |          OCC=C(O)O          |  68.4215087890625  |
| MFKZDADVASPENT_to_GAJYHLUYMIZKMD-UFHFLCQGNIYNRP |   O/C=C/COO   |      OC1=CCOO1.[H][H]       | 78.65361785888672  |
| MFKZDADVASPENT_to_NTKXXOVKNHRVFH-UFHFLCQGNIYNRP |   O/C=C/COO   |       O=C=CCOO.[H][H]       | 89.88127136230469  |
| MFKZDADVASPENT_to_ABYVGHUNYVONCV-XLYOFNOQVPJJNP |   O/C=C/COO   |        O.O/C=C1/CO1         | 63.73347854614258  |
|        MFKZDADVASPENT_to_YTXCQYABGWUXFL         |   O/C=C/COO   |         O/C=C(\O)CO         | 69.96332550048828  |
| MFKZDADVASPENT_to_DUZSYYWLMISMCM-UFHFLCQGNIYNRP |   O/C=C/COO   |     O/C=C1/COO1.[H][H]      |  95.6799087524414  |
| MFKZDADVASPENT_to_UFHFLCQGNIYNRP-VSLDDSJTIWMSPL |   O/C=C/COO   |      C1=COOOC1.[H][H]       | 111.31295776367188 |
| NTKXXOVKNHRVFH_to_WSFSSNUMVMOOMR-WVKOKNQPFFEMSR |   O=C=CCOO    |         C=O.O=C=CO          | 56.96405792236328  |
|        NTKXXOVKNHRVFH_to_JCTHKUNMWCUDLH         |   O=C=CCOO    |          O=C=COCO           | 63.000465393066406 |
| NTKXXOVKNHRVFH_to_ASQQEOXYFGEFKQ-CCGKOQOJPYTBIH |   O=C=CCOO    |         C1OO1.C=C=O         | 63.68925476074219  |
|        NTKXXOVKNHRVFH_to_OAFRVESFETYZKN         |   O=C=CCOO    |          COOC=C=O           | 116.24603271484375 |
|        NTKXXOVKNHRVFH_to_KUDUADQPAQKPEH         |   O=C=CCOO    |           C#COCOO           |   92.50439453125   |
|        NTKXXOVKNHRVFH_to_AZIQALWHRUQPHV         |   O=C=CCOO    |         C=CC(=O)OO          | 36.26624298095703  |
|        NTKXXOVKNHRVFH_to_KLARBAOWTNKAMX         |   O=C=CCOO    |        O=C1C[C@H]1OO        | 74.84302520751953  |
| NTKXXOVKNHRVFH_to_MHAJPDPJQMAIIY-TURAMGVWNUTQKH |   O=C=CCOO    |         C=C=C=O.OO          | 60.108489990234375 |
|        NTKXXOVKNHRVFH_to_BLCYQHVXVAUROS         |   O=C=CCOO    |         CC(=C=O)OO          |   91.33154296875   |
| NTKXXOVKNHRVFH_to_MYMOFIZGZYHOMD-UYLUJGRCKKSWHS |   O=C=CCOO    |         CC=C=O.O=O          | 92.65298461914062  |
|        NTKXXOVKNHRVFH_to_KYVGFKWPEQJPNX         |   O=C=CCOO    |          OOOC1=CC1          | 109.78668212890625 |
|        NTKXXOVKNHRVFH_to_STDNQZPMIRKDCV         |   O=C=CCOO    |          OOC1=CCO1          | 68.34307861328125  |
|        NTKXXOVKNHRVFH_to_SAFQYXYVTVQFLR         |   O=C=CCOO    |         O=C/C=C/OO          | 48.796226501464844 |
| NTKXXOVKNHRVFH_to_BKPYNUMZCRWPTG-UFHFLCQGNIYNRP |   O=C=CCOO    |      O=C=C=COO.[H][H]       | 101.62503814697266 |
| NTKXXOVKNHRVFH_to_BJZRPPPHLTTXMO-XLYOFNOQVPJJNP |   O=C=CCOO    |         O.O=C=CC=O          | 54.51274871826172  |
|        NTKXXOVKNHRVFH_to_GPKMMINCBXDDSX         |   O=C=CCOO    |         O=C=CC(O)O          |   67.11474609375   |
| NTKXXOVKNHRVFH_to_OAIVPENFRKZMAK-UFHFLCQGNIYNRP |   O=C=CCOO    |      O=C=CC1OO1.[H][H]      | 68.06681823730469  |
|        NTKXXOVKNHRVFH_to_CVSPQTXCYOWJOP         |   O=C=CCOO    |        OO[C@H]1C=C1O        | 100.08503723144531 |
|        NTKXXOVKNHRVFH_to_ZXEDRBJDQBSWAI         |   O=C=CCOO    |        OO[C@H]1C=CO1        |  79.3835220336914  |
|        NTKXXOVKNHRVFH_to_OTGHWLKHGCENJV         |   O=C=CCOO    |       O=C(O)[C@H]1CO1       | 43.690006256103516 |
|        NTKXXOVKNHRVFH_to_LGUPRTLHPKMGHK         |   O=C=CCOO    |        O=C1OC[C@H]1O        | 42.53960037231445  |
|        NTKXXOVKNHRVFH_to_SEWVJHXWGVGQLV         |   O=C=CCOO    |        O=C[C@H]1COO1        | 56.20016098022461  |
|        NTKXXOVKNHRVFH_to_PHILMFQVUWCHOQ         |   O=C=CCOO    |          O=C1CCOO1          |  55.6633186340332  |
| NTKXXOVKNHRVFH_to_LYOPOBDGZQICSQ-XLYOFNOQVPJJNP |   O=C=CCOO    |         O.O=C=C1CO1         | 62.91360092163086  |
|        NTKXXOVKNHRVFH_to_IBEVALOAXGLDCB         |   O=C=CCOO    |         O=C=C(O)CO          | 73.32240295410156  |
| NTKXXOVKNHRVFH_to_HSVJKDLXVWVDAP-UFHFLCQGNIYNRP |   O=C=CCOO    |      O=C=C1COO1.[H][H]      | 93.42338562011719  |
|        NTKXXOVKNHRVFH_to_CROFJPFWWQDQOX         |   O=C=CCOO    |           OC#CCOO           | 85.33224487304688  |
|        NTKXXOVKNHRVFH_to_GAJYHLUYMIZKMD         |   O=C=CCOO    |          OC1=CCOO1          | 69.14076232910156  |
|        NTKXXOVKNHRVFH_to_VSLDDSJTIWMSPL         |   O=C=CCOO    |          C1=COOOC1          | 78.59677124023438  |
|        IWYRWIUNAVNFPE_to_ABADUMLIAZCWJD         | O=C[C@H]1CO1  |          C1=COCO1           | 45.514930725097656 |
|        IWYRWIUNAVNFPE_to_IUBDIJVSWDMJLO         | O=C[C@H]1CO1  |        C1O[C@H]2OC12        |  54.4234733581543  |
|        IWYRWIUNAVNFPE_to_MIFXURDBXVFMHR         | O=C[C@H]1CO1  |           COC=C=O           | 53.41313934326172  |
|        IWYRWIUNAVNFPE_to_ROADCYAOHVSOLQ         | O=C[C@H]1CO1  |          O=C1COC1           | 67.16802978515625  |
|        IWYRWIUNAVNFPE_to_GFJVXXWOPWLRNU         | O=C[C@H]1CO1  |           C=COC=O           | 62.80536651611328  |
|        IWYRWIUNAVNFPE_to_WSMYVTOQOOLQHP         | O=C[C@H]1CO1  |           O=CCC=O           | 60.07484817504883  |
|        IWYRWIUNAVNFPE_to_GMSHJLUJOABYOM         | O=C[C@H]1CO1  |          O=C/C=C/O          | 73.93489837646484  |
|        IWYRWIUNAVNFPE_to_XKTYXVDYIKIYJP         | O=C[C@H]1CO1  |          C1=COOC1           | 68.13168334960938  |
|        IWYRWIUNAVNFPE_to_MRPPZOFPHFPLIZ         | O=C[C@H]1CO1  |           O=C=CCO           | 62.90182876586914  |
|        IWYRWIUNAVNFPE_to_VEZXCJBBBCKRPI         | O=C[C@H]1CO1  |          O=C1CCO1           | 69.63932037353516  |
|        IWYRWIUNAVNFPE_to_QRFGDGZPNFSNCE         | O=C[C@H]1CO1  |          C=C(O)C=O          | 55.91328048706055  |
|        IWYRWIUNAVNFPE_to_AIJULSRZWUXGPQ         | O=C[C@H]1CO1  |          CC(=O)C=O          | 50.994651794433594 |
|        IWYRWIUNAVNFPE_to_ABYVGHUNYVONCV         | O=C[C@H]1CO1  |         O/C=C1/CO1          | 74.53939056396484  |
|        IWYRWIUNAVNFPE_to_NOSDJZPNVXHUIA         | O=C[C@H]1CO1  |          C1OC12CO2          |  66.7118911743164  |
| IWYRWIUNAVNFPE_to_LYOPOBDGZQICSQ-UFHFLCQGNIYNRP | O=C[C@H]1CO1  |      O=C=C1CO1.[H][H]       | 79.13015747070312  |
|        IWYRWIUNAVNFPE_to_UCZMEHHAPUYKNJ         | O=C[C@H]1CO1  |        C1C2OO[C@H]12        | 107.96392059326172 |
|        IWYRWIUNAVNFPE_to_FQAPTELXEUWBBK         | O=C[C@H]1CO1  |        O=C1C[C@H]1O         | 63.764156341552734 |
|        IWYRWIUNAVNFPE_to_YCHXNMPJFFEIJG         | O=C[C@H]1CO1  |        C[C@H]1OC1=O         | 67.99175262451172  |
|        IWYRWIUNAVNFPE_to_ILTZZOJNEGDSFG         | O=C[C@H]1CO1  |     OC1[C@H]2O[C@@H]12      | 85.59207153320312  |
| IWYRWIUNAVNFPE_to_SJDXHQGUQDXLMK-UFHFLCQGNIYNRP | O=C[C@H]1CO1  | O=C1[C@H]2O[C@@H]12.[H][H]  |  89.0364761352539  |
|        MNQZXJOMYWMBOU_to_PHMDMSMEYYVXLZ         | O=C[C@H](O)CO |          O/C=C/OCO          | 74.90380096435547  |
|        MNQZXJOMYWMBOU_to_BDJBDLCUJNXGRX         | O=C[C@H](O)CO |        OCC1O[C@@H]1O        | 53.95311737060547  |
| MNQZXJOMYWMBOU_to_OKKJLVBELUTLKV-WVKOKNQPFFEMSR | O=C[C@H](O)CO |          CO.O=C=CO          |  74.733154296875   |
|        MNQZXJOMYWMBOU_to_RXKJFZQQPQGTFL         | O=C[C@H](O)CO |          O=C(CO)CO          |  65.9531478881836  |
| MNQZXJOMYWMBOU_to_LEQAOMBKQFMDFZ-OKKJLVBELUTLKV | O=C[C@H](O)CO |          CO.O=CC=O          |  93.5417709350586  |
|        MNQZXJOMYWMBOU_to_MQZTXKZTLDDYNK         | O=C[C@H](O)CO |           O=CCOCO           | 120.25089263916016 |
|        MNQZXJOMYWMBOU_to_XKRYVGDYTMIZST         | O=C[C@H](O)CO |        CO[C@H](O)C=O        | 126.48306274414062 |
| MNQZXJOMYWMBOU_to_WGCNASOHLSPBMP-WSFSSNUMVMOOMR | O=C[C@H](O)CO |          C=O.O=CCO          | 92.08123779296875  |
| MNQZXJOMYWMBOU_to_BDAGIHXWWSANSR-IMROMDMJAWUWLK | O=C[C@H](O)CO |          C=CO.O=CO          | 62.87654495239258  |
|        MNQZXJOMYWMBOU_to_RGNLCYKNGPYALI         | O=C[C@H](O)CO |          O=CCC(O)O          | 87.45618438720703  |
| MNQZXJOMYWMBOU_to_JMCRDEBJJPRTPV-WSFSSNUMVMOOMR | O=C[C@H](O)CO |         C=O.O/C=C\O         | 63.63349151611328  |
|        MNQZXJOMYWMBOU_to_UKQJDWBNQNAJHB         | O=C[C@H](O)CO |           O=COCCO           | 109.44049835205078 |
| MNQZXJOMYWMBOU_to_DOAMZWOPDPPKJS-WSFSSNUMVMOOMR | O=C[C@H](O)CO |       C=O.O[C@@H]1CO1       | 85.64842987060547  |
| MNQZXJOMYWMBOU_to_HGINCPLSRVDWNT-MHAJPDPJQMAIIY | O=C[C@H](O)CO |          C=CC=O.OO          | 113.69645690917969 |
| MNQZXJOMYWMBOU_to_GMSHJLUJOABYOM-XLYOFNOQVPJJNP | O=C[C@H](O)CO |         O.O=C/C=C/O         | 72.50096130371094  |
|        MNQZXJOMYWMBOU_to_LGAKZZVAQHLFSN         | O=C[C@H](O)CO |          OC/C=C/OO          | 90.49781036376953  |
| MNQZXJOMYWMBOU_to_MRPPZOFPHFPLIZ-XLYOFNOQVPJJNP | O=C[C@H](O)CO |          O.O=C=CCO          | 81.89434051513672  |
|        MNQZXJOMYWMBOU_to_ALRHLSYJTWAHJZ         | O=C[C@H](O)CO |          O=C(O)CCO          | 89.91378784179688  |
| MNQZXJOMYWMBOU_to_IWYRWIUNAVNFPE-XLYOFNOQVPJJNP | O=C[C@H](O)CO |       O.O=C[C@H]1CO1        | 67.60382080078125  |
|        MNQZXJOMYWMBOU_to_XSASRUDTFFBDDK         | O=C[C@H](O)CO |           O=CCCOO           | 114.84736633300781 |
| MNQZXJOMYWMBOU_to_QRFGDGZPNFSNCE-XLYOFNOQVPJJNP | O=C[C@H](O)CO |         C=C(O)C=O.O         | 61.39557647705078  |
|        MNQZXJOMYWMBOU_to_CNPMSUPIRHIVPC         | O=C[C@H](O)CO |         CC(O)(O)C=O         |  82.9000473022461  |
| MNQZXJOMYWMBOU_to_NGSULTPMGQCSHK-UFHFLCQGNIYNRP | O=C[C@H](O)CO |     O=C/C(O)=C/O.[H][H]     | 91.80838775634766  |
|        MNQZXJOMYWMBOU_to_YTXCQYABGWUXFL         | O=C[C@H](O)CO |         O/C=C(\O)CO         | 72.52809143066406  |
|        MNQZXJOMYWMBOU_to_WESGJWRMMBFBMN         | O=C[C@H](O)CO |         OCC1(O)CO1          | 61.571739196777344 |
| MNQZXJOMYWMBOU_to_IBEVALOAXGLDCB-UFHFLCQGNIYNRP | O=C[C@H](O)CO |      O=C=C(O)CO.[H][H]      |  79.0132064819336  |
| MNQZXJOMYWMBOU_to_JLPAWRLRMTZCSF-UFHFLCQGNIYNRP | O=C[C@H](O)CO |      O=CC(=O)CO.[H][H]      | 85.98432159423828  |
| MNQZXJOMYWMBOU_to_STLRUJMKYCNVOI-UFHFLCQGNIYNRP | O=C[C@H](O)CO |     O=CC1(O)CO1.[H][H]      | 83.57648468017578  |
|        MNQZXJOMYWMBOU_to_YKZHDJKJFXCGCU         | O=C[C@H](O)CO |        OOC1C[C@H]1O         | 120.24568176269531 |
|        MNQZXJOMYWMBOU_to_SUCKNXAQIMPMOC         | O=C[C@H](O)CO |        OC1OC[C@H]1O         | 72.95802307128906  |
| MNQZXJOMYWMBOU_to_FQAPTELXEUWBBK-XLYOFNOQVPJJNP | O=C[C@H](O)CO |       O.O=C1C[C@H]1O        | 98.07666778564453  |
|        MNQZXJOMYWMBOU_to_JVTAAEKCZFNVCJ         | O=C[C@H](O)CO |      C[C@@H](O)C(=O)O       |  96.0346908569336  |
|        MNQZXJOMYWMBOU_to_UTLVMFCPERHVKU         | O=C[C@H](O)CO |        C[C@H](C=O)OO        | 119.45499420166016 |
|        MNQZXJOMYWMBOU_to_KOXBHHOQWVRQSB         | O=C[C@H](O)CO |     OC1[C@H](O)[C@@H]1O     | 91.73682403564453  |
| MNQZXJOMYWMBOU_to_MIWMHFBMLWTINT-UFHFLCQGNIYNRP | O=C[C@H](O)CO | O=C1[C@@H](O)[C@H]1O.[H][H] | 98.57617950439453  |
| MNQZXJOMYWMBOU_to_UFHFLCQGNIYNRP-URQJYCMMYPTYSF | O=C[C@H](O)CO | O=C[C@@H]1O[C@@H]1O.[H][H]  | 76.80892944335938  |
| MNQZXJOMYWMBOU_to_NVXLIZQNSVLKPO-UFHFLCQGNIYNRP | O=C[C@H](O)CO |      O=CC(O)C=O.[H][H]      | 95.90559387207031  |
|        MNQZXJOMYWMBOU_to_BFPUSHWBRPMZFN         | O=C[C@H](O)CO |        OC[C@@H]1COO1        | 123.7997817993164  |
|        MNQZXJOMYWMBOU_to_TXHBRKKPPAECNB         | O=C[C@H](O)CO |          OC1COOC1           | 117.33576965332031 |
| MNQZXJOMYWMBOU_to_UFHFLCQGNIYNRP-UVFIISNPWKBTMO | O=C[C@H](O)CO |    O=C1O[C@@H]1CO.[H][H]    | 69.30065155029297  |
| MNQZXJOMYWMBOU_to_LGUPRTLHPKMGHK-UFHFLCQGNIYNRP | O=C[C@H](O)CO |    O=C1OC[C@H]1O.[H][H]     | 71.06073760986328  |
| MNQZXJOMYWMBOU_to_SEWVJHXWGVGQLV-UFHFLCQGNIYNRP | O=C[C@H](O)CO |    O=C[C@H]1COO1.[H][H]     | 148.6370849609375  |
| KYKDRUWGNWYQSD_to_CVTVRXGPXQVJAU-VGGSQFUCUMXWEO |   OC1CCOO1    |         C=C.OC1OO1          | 76.40563201904297  |
|        KYKDRUWGNWYQSD_to_OYKWJRCDWIZWPU         |   OC1CCOO1    |        C[C@@H]1OOC1O        | 100.7509536743164  |
|        KYKDRUWGNWYQSD_to_KQBGNBDMOJYJAO         |   OC1CCOO1    |           C=COOCO           | 82.93183898925781  |
| KYKDRUWGNWYQSD_to_BDAGIHXWWSANSR-IAYPIBMASNFSPL |   OC1CCOO1    |         C1CO1.O=CO          | 62.02570724487305  |
|        KYKDRUWGNWYQSD_to_VOZDABZCYIIVTM         |   OC1CCOO1    |          OC1OCCO1           | 53.74462127685547  |
|        KYKDRUWGNWYQSD_to_COYCHYMPNMUQTC         |   OC1CCOO1    |           CCOOC=O           | 72.12248229980469  |
|        KYKDRUWGNWYQSD_to_FQERLIOIVXPZKH         |   OC1CCOO1    |          C1COOCO1           | 114.9248275756836  |
|        KYKDRUWGNWYQSD_to_TXHBRKKPPAECNB         |   OC1CCOO1    |          OC1COOC1           |  80.6189193725586  |
| KYKDRUWGNWYQSD_to_ASQQEOXYFGEFKQ-IMROMDMJAWUWLK |   OC1CCOO1    |         C1OO1.C=CO          | 68.65007019042969  |
| KYKDRUWGNWYQSD_to_MYMOFIZGZYHOMD-YOXHCYXIAVIFCZ |   OC1CCOO1    |         O=O.OC1CC1          | 86.04353332519531  |
|        KYKDRUWGNWYQSD_to_YKZHDJKJFXCGCU         |   OC1CCOO1    |        OO[C@H]1CC1O         | 66.01859283447266  |
|        KYKDRUWGNWYQSD_to_DTXLZANOYCDGFH         |   OC1CCOO1    |          OCCC1OO1           | 59.44137191772461  |
|        KYKDRUWGNWYQSD_to_MFKZDADVASPENT         |   OC1CCOO1    |          O/C=C\COO          | 56.05065155029297  |
|        KYKDRUWGNWYQSD_to_BFPUSHWBRPMZFN         |   OC1CCOO1    |        OC[C@H]1COO1         | 94.61573028564453  |
|        KYKDRUWGNWYQSD_to_XSASRUDTFFBDDK         |   OC1CCOO1    |           O=CCCOO           | 40.997413635253906 |
|        KYKDRUWGNWYQSD_to_KQBSGRWMSNFIPG         |   OC1CCOO1    |          C1COOOC1           | 106.59390258789062 |
|        KYKDRUWGNWYQSD_to_UVXJOOHEDLXZGH         |   OC1CCOO1    |          OOOC1CC1           | 96.72930908203125  |
| KYKDRUWGNWYQSD_to_UCZMEHHAPUYKNJ-XLYOFNOQVPJJNP |   OC1CCOO1    |      C1C2OO[C@@H]12.O       | 86.45533752441406  |
| KYKDRUWGNWYQSD_to_XKTYXVDYIKIYJP-XLYOFNOQVPJJNP |   OC1CCOO1    |         C1=COOC1.O          | 71.02252960205078  |
|        KYKDRUWGNWYQSD_to_JQQGJTHDBODIPT         |   OC1CCOO1    |          OOC1CCO1           | 71.95056915283203  |
|        KYKDRUWGNWYQSD_to_GAUCYLKCTZPVLB         |   OC1CCOO1    |         CC1(O)COO1          | 102.92245483398438 |
|        KYKDRUWGNWYQSD_to_FNWLCNZUVROOFW         |   OC1CCOO1    |          C=C(O)OOC          | 80.77569580078125  |
|        KYKDRUWGNWYQSD_to_SHEQRTRCYNGEEJ         |   OC1CCOO1    |         OOC1(O)CC1          | 72.58770751953125  |
|        KYKDRUWGNWYQSD_to_WJFKCENNRPNHOE         |   OC1CCOO1    |         CCC1(O)OO1          | 60.99829864501953  |
| KYKDRUWGNWYQSD_to_SKFZIELIUAHGPK-UFHFLCQGNIYNRP |   OC1CCOO1    |   OC12C[C@@H]1OO2.[H][H]    | 106.8824234008789  |
| KYKDRUWGNWYQSD_to_GAJYHLUYMIZKMD-UFHFLCQGNIYNRP |   OC1CCOO1    |      OC1=CCOO1.[H][H]       | 91.40763092041016  |
|        KYKDRUWGNWYQSD_to_ALRHLSYJTWAHJZ         |   OC1CCOO1    |          O=C(O)CCO          | 50.00757598876953  |
|        KYKDRUWGNWYQSD_to_MOKACWHZOSFWEI         |   OC1CCOO1    |         OC1(O)CCO1          | 51.85911560058594  |
| KYKDRUWGNWYQSD_to_PHILMFQVUWCHOQ-UFHFLCQGNIYNRP |   OC1CCOO1    |      O=C1CCOO1.[H][H]       | 74.13933563232422  |
|        KYKDRUWGNWYQSD_to_TWGSXTJXQLNWNP         |   OC1CCOO1    |          OC1COCO1           | 58.58875274658203  |
| KYKDRUWGNWYQSD_to_DOAMZWOPDPPKJS-WSFSSNUMVMOOMR |   OC1CCOO1    |         C=O.OC1CO1          | 65.49258422851562  |
|        KYKDRUWGNWYQSD_to_IZHVFAKMAKGJLM         |   OC1CCOO1    |          CC1OCOO1           | 77.05120086669922  |
|        KYKDRUWGNWYQSD_to_CKTASNZTAVBJSB         |   OC1CCOO1    |          COOC1CO1           | 83.69508361816406  |
|        KYKDRUWGNWYQSD_to_CXMXXUXSRBBZSC         |   OC1CCOO1    |          C=CC(O)OO          | 57.61735916137695  |
|        KYKDRUWGNWYQSD_to_AQKWQHQQWFSEQR         |   OC1CCOO1    |          CCC1OOO1           | 85.36134338378906  |
| KYKDRUWGNWYQSD_to_FMGBGGSVWWXHHO-UFHFLCQGNIYNRP |   OC1CCOO1    |      OC1C=COO1.[H][H]       |   115.302734375    |
|        KYKDRUWGNWYQSD_to_LMZBGVBKISSTKO         |   OC1CCOO1    |       OC1C[C@H](O)O1        | 54.52072525024414  |
|        KYKDRUWGNWYQSD_to_RGNLCYKNGPYALI         |   OC1CCOO1    |          O=CCC(O)O          | 49.426475524902344 |
| KYKDRUWGNWYQSD_to_NGTHLWHNLJEPPD-UFHFLCQGNIYNRP |   OC1CCOO1    |   C1C2OO[C@@H]1O2.[H][H]    | 97.52692413330078  |
|        KYKDRUWGNWYQSD_to_BDJBDLCUJNXGRX         |   OC1CCOO1    |        OC[C@H]1OC1O         | 65.20940399169922  |
|        KYKDRUWGNWYQSD_to_YAFICCFLXARRNU         |   OC1CCOO1    |       OC(O)[C@H]1CO1        | 65.10345458984375  |
| KYKDRUWGNWYQSD_to_UFHFLCQGNIYNRP-YWCSBIRMAKNRIT |   OC1CCOO1    |    C1OOC2O[C@H]12.[H][H]    | 102.9384536743164  |
|        VEZXCJBBBCKRPI_to_ROADCYAOHVSOLQ         |   O=C1CCO1    |          O=C1COC1           | 107.52626037597656 |
| VEZXCJBBBCKRPI_to_CCGKOQOJPYTBIH-WSFSSNUMVMOOMR |   O=C1CCO1    |          C=C=O.C=O          | 50.61470031738281  |
|        VEZXCJBBBCKRPI_to_NOSDJZPNVXHUIA         |   O=C1CCO1    |          C1OC12CO2          | 98.05242919921875  |
|        VEZXCJBBBCKRPI_to_QBAPQBFAEQIXJU         |   O=C1CCO1    |          C=C1OCO1           | 47.53139877319336  |
| VEZXCJBBBCKRPI_to_CURLTUGMZLYLDI-VGGSQFUCUMXWEO |   O=C1CCO1    |          C=C.O=C=O          | 42.707908630371094 |
|        VEZXCJBBBCKRPI_to_NIXOWILDQLNWCW         |   O=C1CCO1    |          C=CC(=O)O          | 59.206424713134766 |
|        VEZXCJBBBCKRPI_to_YCHXNMPJFFEIJG         |   O=C1CCO1    |        C[C@H]1OC1=O         |  93.640380859375   |
|        VEZXCJBBBCKRPI_to_JXBWNXUPNLUECQ         |   O=C1CCO1    |          C1CC12OO2          | 111.4941177368164  |
|        VEZXCJBBBCKRPI_to_GFJVXXWOPWLRNU         |   O=C1CCO1    |           C=COC=O           | 79.35894775390625  |
| VEZXCJBBBCKRPI_to_ODEIUYRZRJLYGF-UFHFLCQGNIYNRP |   O=C1CCO1    |      O=C1C=CO1.[H][H]       | 130.4701385498047  |
|        VEZXCJBBBCKRPI_to_FQAPTELXEUWBBK         |   O=C1CCO1    |        O=C1C[C@@H]1O        | 113.36957550048828 |
|        VEZXCJBBBCKRPI_to_WSMYVTOQOOLQHP         |   O=C1CCO1    |           O=CCC=O           | 69.73076629638672  |
|        VEZXCJBBBCKRPI_to_YJRDYDHLJSMNHU         |   O=C1CCO1    |       OC12C[C@@H]1O2        | 82.28204345703125  |
|        VEZXCJBBBCKRPI_to_WEOAOPULSHXPNT         |   O=C1CCO1    |     C1[C@H]2O[C@@H]1O2      | 98.81295013427734  |
|        VEZXCJBBBCKRPI_to_MRPPZOFPHFPLIZ         |   O=C1CCO1    |           O=C=CCO           | 69.68914031982422  |
|        VEZXCJBBBCKRPI_to_IWYRWIUNAVNFPE         |   O=C1CCO1    |        O=C[C@H]1CO1         | 100.31822967529297 |
|        VEZXCJBBBCKRPI_to_OJCCLOSTDYMGOA         |   O=C1CCO1    |          OC1=CCO1           |  91.120361328125   |
|        VEZXCJBBBCKRPI_to_IUBDIJVSWDMJLO         |   O=C1CCO1    |      C1O[C@H]2O[C@H]12      |  91.4891357421875  |
|        ALRHLSYJTWAHJZ_to_RXKJFZQQPQGTFL         |   O=C(O)CCO   |          O=C(CO)CO          | 115.87569427490234 |
| ALRHLSYJTWAHJZ_to_CCGKOQOJPYTBIH-CKFGINPQOCXMAZ |   O=C(O)CCO   |          C=C=O.OCO          | 95.55343627929688  |
|        ALRHLSYJTWAHJZ_to_WESGJWRMMBFBMN         |   O=C(O)CCO   |         OCC1(O)CO1          | 100.36363220214844 |
|        ALRHLSYJTWAHJZ_to_UQAOJDMRTIQDHF         |   O=C(O)CCO   |          C=C(O)OCO          | 80.06462860107422  |
|        ALRHLSYJTWAHJZ_to_JYVNDCLJHKQUHE         |   O=C(O)CCO   |          CC(=O)OCO          | 95.42780303955078  |
| ALRHLSYJTWAHJZ_to_HZSIFDFXFAXICF-OKKJLVBELUTLKV |   O=C(O)CCO   |         CO.O=C1CO1          | 92.27986145019531  |
| ALRHLSYJTWAHJZ_to_QTBSBXVTEAMEQO-WSFSSNUMVMOOMR |   O=C(O)CCO   |         C=O.CC(=O)O         | 91.98690795898438  |
|        ALRHLSYJTWAHJZ_to_RMIODHQZRUFFFF         |   O=C(O)CCO   |          COCC(=O)O          | 147.81338500976562 |
| ALRHLSYJTWAHJZ_to_BVKZGUZCCUSVTD-VGGSQFUCUMXWEO |   O=C(O)CCO   |         C=C.O=C(O)O         |  72.8504867553711  |
| ALRHLSYJTWAHJZ_to_NIXOWILDQLNWCW-XLYOFNOQVPJJNP |   O=C(O)CCO   |         C=CC(=O)O.O         | 62.00386428833008  |
|        ALRHLSYJTWAHJZ_to_JVTAAEKCZFNVCJ         |   O=C(O)CCO   |      C[C@@H](O)C(=O)O       |  100.201416015625  |
| ALRHLSYJTWAHJZ_to_MHAJPDPJQMAIIY-VBBRYJMZLIYUJQ |   O=C(O)CCO   |         O=C1CC1.OO          | 140.7070770263672  |
|        ALRHLSYJTWAHJZ_to_SHEQRTRCYNGEEJ         |   O=C(O)CCO   |         OOC1(O)CC1          | 139.89752197265625 |
|        ALRHLSYJTWAHJZ_to_MOKACWHZOSFWEI         |   O=C(O)CCO   |         OC1(O)CCO1          | 91.49481964111328  |
| ALRHLSYJTWAHJZ_to_VEZXCJBBBCKRPI-XLYOFNOQVPJJNP |   O=C(O)CCO   |         O.O=C1CCO1          | 71.18096923828125  |
|        ALRHLSYJTWAHJZ_to_CZPZWMPYEINMCF         |   O=C(O)CCO   |          CCC(=O)OO          | 110.02071380615234 |
| ALRHLSYJTWAHJZ_to_BDAGIHXWWSANSR-IMROMDMJAWUWLK |   O=C(O)CCO   |          C=CO.O=CO          |  79.4869613647461  |
| ALRHLSYJTWAHJZ_to_UFHFLCQGNIYNRP-ZJKIBABOSPFBNO |   O=C(O)CCO   |     O=C(O)/C=C/O.[H][H]     | 120.70851135253906 |
| ALRHLSYJTWAHJZ_to_FQAPTELXEUWBBK-XLYOFNOQVPJJNP |   O=C(O)CCO   |       O.O=C1C[C@@H]1O       | 97.06828308105469  |
|        ALRHLSYJTWAHJZ_to_RGNLCYKNGPYALI         |   O=C(O)CCO   |          O=CCC(O)O          |  92.8585433959961  |
|        ALRHLSYJTWAHJZ_to_DPAUIBRBGMIMLP         |   O=C(O)CCO   |       O[C@H]1CC1(O)O        | 93.79167938232422  |
|        ALRHLSYJTWAHJZ_to_LMZBGVBKISSTKO         |   O=C(O)CCO   |     O[C@@H]1C[C@H](O)O1     | 101.83799743652344 |
| ALRHLSYJTWAHJZ_to_UFHFLCQGNIYNRP-VZNKYYYANZLXLS |   O=C(O)CCO   |   O=C1C[C@@H](O)O1.[H][H]   |  91.3683853149414  |
| ALRHLSYJTWAHJZ_to_OAKURXIZZOAYBC-UFHFLCQGNIYNRP |   O=C(O)CCO   |      O=CCC(=O)O.[H][H]      | 93.28644561767578  |
|        ALRHLSYJTWAHJZ_to_UKQJDWBNQNAJHB         |   O=C(O)CCO   |           O=COCCO           | 132.75074768066406 |
| ALRHLSYJTWAHJZ_to_CURLTUGMZLYLDI-LFQSCWFLJHTTHZ |   O=C(O)CCO   |          CCO.O=C=O          | 73.06993103027344  |
| ALRHLSYJTWAHJZ_to_BDAGIHXWWSANSR-IAYPIBMASNFSPL |   O=C(O)CCO   |         C1CO1.O=CO          | 101.2182846069336  |
|        ALRHLSYJTWAHJZ_to_CQDGTJPVBWZJAZ         |   O=C(O)CCO   |          CCOC(=O)O          |  84.3463363647461  |
| ALRHLSYJTWAHJZ_to_MRPPZOFPHFPLIZ-XLYOFNOQVPJJNP |   O=C(O)CCO   |          O.O=C=CCO          | 70.69891357421875  |
|        ALRHLSYJTWAHJZ_to_MNQZXJOMYWMBOU         |   O=C(O)CCO   |        O=C[C@H](O)CO        | 118.23983764648438 |
|        ALRHLSYJTWAHJZ_to_HJKODFBJSPEFPW         |   O=C(O)CCO   |          OCC=C(O)O          |  64.8833999633789  |
|        ALRHLSYJTWAHJZ_to_BDJBDLCUJNXGRX         |   O=C(O)CCO   |      OC[C@H]1O[C@@H]1O      | 96.42478942871094  |
| ALRHLSYJTWAHJZ_to_UFHFLCQGNIYNRP-UVFIISNPWKBTMO |   O=C(O)CCO   |    O=C1O[C@@H]1CO.[H][H]    |  97.8144302368164  |
| ALRHLSYJTWAHJZ_to_OTGHWLKHGCENJV-UFHFLCQGNIYNRP |   O=C(O)CCO   |   O=C(O)[C@H]1CO1.[H][H]    | 110.33104705810547 |
|        ALRHLSYJTWAHJZ_to_XSASRUDTFFBDDK         |   O=C(O)CCO   |           O=CCCOO           | 139.31886291503906 |
|        ALRHLSYJTWAHJZ_to_DTXLZANOYCDGFH         |   O=C(O)CCO   |          OCCC1OO1           |  128.663818359375  |
|        ALRHLSYJTWAHJZ_to_KYKDRUWGNWYQSD         |   O=C(O)CCO   |          OC1CCOO1           | 141.75277709960938 |
| ALRHLSYJTWAHJZ_to_PHILMFQVUWCHOQ-UFHFLCQGNIYNRP |   O=C(O)CCO   |      O=C1CCOO1.[H][H]       | 137.81065368652344 |
|        PHILMFQVUWCHOQ_to_GAYDGVKMRJRIBA         |   O=C1CCOO1   |          O=C1COOC1          | 98.36151123046875  |
| PHILMFQVUWCHOQ_to_ASQQEOXYFGEFKQ-CCGKOQOJPYTBIH |   O=C1CCOO1   |         C1OO1.C=C=O         |  78.6310043334961  |
|        PHILMFQVUWCHOQ_to_JCBNIAKDQWPVQI         |   O=C1CCOO1   |         C1OOC12CO2          | 98.70550537109375  |
|        PHILMFQVUWCHOQ_to_ZPISZKCVTVEGHS         |   O=C1CCOO1   |          C=C1OCOO1          | 66.72162628173828  |
|        PHILMFQVUWCHOQ_to_GZTMCZAOQTVOJK         |   O=C1CCOO1   |          O=C1COCO1          | 64.20800018310547  |
| PHILMFQVUWCHOQ_to_HZSIFDFXFAXICF-WSFSSNUMVMOOMR |   O=C1CCOO1   |         C=O.O=C1CO1         | 58.91796112060547  |
| PHILMFQVUWCHOQ_to_NPDDCAZCWJWIBW-VGGSQFUCUMXWEO |   O=C1CCOO1   |         C=C.O=C1OO1         |   63.77294921875   |
|        PHILMFQVUWCHOQ_to_AZIQALWHRUQPHV         |   O=C1CCOO1   |         C=CC(=O)OO          | 54.93614196777344  |
|        PHILMFQVUWCHOQ_to_ZKQWQNCFSDPOKV         |   O=C1CCOO1   |        C[C@H]1OOC1=O        | 93.91165161132812  |
| PHILMFQVUWCHOQ_to_MYMOFIZGZYHOMD-VBBRYJMZLIYUJQ |   O=C1CCOO1   |         O=C1CC1.O=O         | 84.16755676269531  |
|        PHILMFQVUWCHOQ_to_ZTQVDXSOKHXJPT         |   O=C1CCOO1   |         C1CC12OOO2          | 90.33094024658203  |
|        PHILMFQVUWCHOQ_to_ARCNIFKJKCNTNO         |   O=C1CCOO1   |        C1CC2(O1)OO2         |  69.1443862915039  |
|        PHILMFQVUWCHOQ_to_NCCRMMIIRYTOBF         |   O=C1CCOO1   |          C=COOC=O           | 82.81153106689453  |
|        PHILMFQVUWCHOQ_to_KLARBAOWTNKAMX         |   O=C1CCOO1   |       O=C1C[C@@H]1OO        |  68.7199935913086  |
|        PHILMFQVUWCHOQ_to_NUZFBZRITSUKTP         |   O=C1CCOO1   |          O=CCC1OO1          | 57.09332275390625  |
|        PHILMFQVUWCHOQ_to_SKFZIELIUAHGPK         |   O=C1CCOO1   |       OC12C[C@@H]1OO2       | 88.10570526123047  |
|        PHILMFQVUWCHOQ_to_NGTHLWHNLJEPPD         |   O=C1CCOO1   |     C1[C@@H]2OO[C@H]1O2     | 103.2197494506836  |
|        PHILMFQVUWCHOQ_to_VZNKYYYANZLXLS         |   O=C1CCOO1   |      O=C1C[C@@H](O)O1       | 59.85868453979492  |
|        PHILMFQVUWCHOQ_to_OAKURXIZZOAYBC         |   O=C1CCOO1   |         O=CCC(=O)O          | 52.07333755493164  |
|        PHILMFQVUWCHOQ_to_KMTRUDSVKNLOMY         |   O=C1CCOO1   |          O=C1OCCO1          |  55.2817497253418  |
| PHILMFQVUWCHOQ_to_CURLTUGMZLYLDI-IAYPIBMASNFSPL |   O=C1CCOO1   |         C1CO1.O=C=O         | 54.33152389526367  |
|        PHILMFQVUWCHOQ_to_NTKXXOVKNHRVFH         |   O=C1CCOO1   |          O=C=CCOO           | 72.86515808105469  |
|        PHILMFQVUWCHOQ_to_SEWVJHXWGVGQLV         |   O=C1CCOO1   |        O=C[C@H]1COO1        | 88.90949249267578  |
|        PHILMFQVUWCHOQ_to_GAJYHLUYMIZKMD         |   O=C1CCOO1   |          OC1=CCOO1          |  92.8847427368164  |
|        PHILMFQVUWCHOQ_to_YWCSBIRMAKNRIT         |   O=C1CCOO1   |     C1OO[C@H]2O[C@H]12      |  87.3444595336914  |
|        PHILMFQVUWCHOQ_to_UVFIISNPWKBTMO         |   O=C1CCOO1   |       O=C1O[C@@H]1CO        | 59.81601333618164  |
|        PHILMFQVUWCHOQ_to_OTGHWLKHGCENJV         |   O=C1CCOO1   |       O=C(O)[C@H]1CO1       | 64.44195556640625  |
+-------------------------------------------------+---------------+-----------------------------+--------------------+
