
       ==============================================
       |                                            |
       |                 C R E S T                  |
       |                                            |
       |  Conformer-Rotamer Ensemble Sampling Tool  |
       |          based on the GFN methods          |
       |             P.Pracht, S.Grimme             |
       |          Universitaet Bonn, MCTC           |
       ==============================================
       Version 2.12,   Thu 19. Mai 16:32:32 CEST 2022
  Using the xTB program. Compatible with xTB version 6.4.0

   Cite work conducted with this code as

   • P.Pracht, F.Bohle, S.Grimme, PCCP, 2020, 22, 7169-7192.
   • S.Grimme, JCTC, 2019, 15, 2847-2862.

   and for works involving QCG as

   • S.Spicher, C.Plett, P.Pracht, A.Hansen, S.Grimme,
     JCTC, 2022, 18 (5), 3174-3189.

   with help from:
   C.Bannwarth, F.Bohle, S.Ehlert, S.Grimme,
   C.Plett, P.Pracht, S.Spicher

   This program is distributed in the hope that it will be useful,
   but WITHOUT ANY WARRANTY; without even the implied warranty of
   MERCHANTABILITY or FITNESS FOR A PARTICULAR PURPOSE.

 Command line input:
 > /home/li1724/.conda/envs/2022.10-py39/copy-classy-yarp/bin/crest /scratch/negishi/li1724/Test-Original-4-5-ClassyYARP/conformer/JHVUUIQHEXNRLG-UHFFFAOYSA-N/JHVUUIQHEXNRLG-UHFFFAOYSA-N.xyz -xname /home/li1724/.conda/envs/2022.10-py39/copy-classy-yarp/bin/xtb -opt vtight -chrg -1 -uhf 0 -gfn2 -nozs -T 48 -quick

  -opt 2
  -chrg -1
  -uhf 0
  -gfn2 : Use of GFN2-xTB requested.
  -T 48 (CPUs/Threads selected)

 -------------------------
 xTB Geometry Optimization
 -------------------------
 Geometry successfully optimized.

------------------------------------------------
Generating MTD length from a flexibility measure
------------------------------------------------
 Calculating WBOs... done.
 Calculating NCI flexibility... done.
     covalent flexibility measure :   0.031
 non-covalent flexibility measure :   0.600
 flexibility measure :   0.069
 t(MTD) / ps    :     2.5
 Σ(t(MTD)) / ps :    15.0 (6 MTDs)

-------------------------------------
Starting a trial MTD to test settings
-------------------------------------
 Estimated runtime for one MTD (2.5 ps) on a single thread: 5 h 27 min 30 sec
 Estimated runtime for a batch of 6 MTDs on 48 threads: 40 min 56 sec

 list of Vbias parameters applied:
$metadyn    0.00200   1.200
$metadyn    0.00100   1.200
$metadyn    0.00200   0.600
$metadyn    0.00100   0.600
$metadyn    0.00200   0.300
$metadyn    0.00100   0.300

*******************************************************************************************
**                        N E W    I T E R A T I O N    C Y C L E                        **
*******************************************************************************************

========================================
            MTD Iteration  1
========================================

     ========================================
     |         Meta-MD (MTD) Sampling       |
     ========================================

Starting Meta-MD   1 with the settings:
     MD time /ps        :     2.5
     dt /fs             :     5.0
     dumpstep(trj) /fs  :     100
     dumpstep(Vbias)/ps :     1.0
     Vbias factor k /Eh :  0.1220
     Vbias exp α /bohr⁻²:    1.20
Starting Meta-MD   6 with the settings:
     MD time /ps        :     2.5
     dt /fs             :     5.0
     dumpstep(trj) /fs  :     100
     dumpstep(Vbias)/ps :     1.0
     Vbias factor k /Eh :  0.0610
     Vbias exp α /bohr⁻²:    0.30
Starting Meta-MD   3 with the settings:
     MD time /ps        :     2.5
     dt /fs             :     5.0
     dumpstep(trj) /fs  :     100
     dumpstep(Vbias)/ps :     1.0
     Vbias factor k /Eh :  0.1220
     Vbias exp α /bohr⁻²:    0.60
Starting Meta-MD   2 with the settings:
     MD time /ps        :     2.5
     dt /fs             :     5.0
     dumpstep(trj) /fs  :     100
     dumpstep(Vbias)/ps :     1.0
     Vbias factor k /Eh :  0.0610
     Vbias exp α /bohr⁻²:    1.20
Starting Meta-MD   4 with the settings:
     MD time /ps        :     2.5
     dt /fs             :     5.0
     dumpstep(trj) /fs  :     100
     dumpstep(Vbias)/ps :     1.0
     Vbias factor k /Eh :  0.0610
     Vbias exp α /bohr⁻²:    0.60
Starting Meta-MD   5 with the settings:
     MD time /ps        :     2.5
     dt /fs             :     5.0
     dumpstep(trj) /fs  :     100
     dumpstep(Vbias)/ps :     1.0
     Vbias factor k /Eh :  0.1220
     Vbias exp α /bohr⁻²:    0.30
*Meta-MTD 3 finished*
*Meta-MTD 4 finished*
*Meta-MTD 1 finished*
*Meta-MTD 6 finished*
*Meta-MTD 5 finished*
*Meta-MTD 2 finished*

-----------------------
Multilevel Optimization
-----------------------

 -------------------------
 1. crude pre-optimization
 -------------------------
 Optimizing all 144 structures from file "crest_rotamers_0.xyz" ...
 1 2 3 4 5 6 7 8 9 10 11 12 13 14 15 16 17 18 19 20 21 22 23 24 25 26 27 28 29 30 31 32 33 34 35 36 37 38 39 40 41 42 43 44 45 46 47 48 49 50 51 52 53 54 55 56 57 58 59 60 61 62 63 64 65 66 67 68 69 70 71 72 73 74 75 76 77 78 79 80 81 82 83 84 85 86 87 88 89 90 91 92 93 94 95 96 97 98 99 100 101 102 103 104 105 106 107 108 109 110 111 112 113 114 115 116 117 118 119 120 121 122 123 124 125 126 127 128 129 130 131 132 133 134 135 136 137 138 139 140 141 142 143 144
 done.
 running RMSDs...
 done.
 E lowest :   -95.05241
 42 structures remain within    10.00 kcal/mol window

 -------------------------------------
 2. optimization with tight thresholds
 -------------------------------------
 Optimizing all 43 structures from file "crest_rotamers_1.xyz" ...
 1 2 3 4 5 6 7 8 9 10 11 12 13 14 15 16 17 18 19 20 21 22 23 24 25 26 27 28 29 30 31 32 33 34 35 36 37 38 39 40 41 42 43
 done.
 running RMSDs...
 done.
 E lowest :   -95.05342
 5 structures remain within     5.00 kcal/mol window


========================================
            MTD Iteration  2
========================================

     ========================================
     |         Meta-MD (MTD) Sampling       |
     ========================================

Starting Meta-MD   1 with the settings:
     MD time /ps        :     2.5
     dt /fs             :     5.0
     dumpstep(trj) /fs  :     100
     dumpstep(Vbias)/ps :     1.0
     Vbias factor k /Eh :  0.1220
     Vbias exp α /bohr⁻²:    1.20
Starting Meta-MD   2 with the settings:
     MD time /ps        :     2.5
     dt /fs             :     5.0
     dumpstep(trj) /fs  :     100
     dumpstep(Vbias)/ps :     1.0
     Vbias factor k /Eh :  0.0610
     Vbias exp α /bohr⁻²:    1.20
Starting Meta-MD   4 with the settings:
     MD time /ps        :     2.5
     dt /fs             :     5.0
     dumpstep(trj) /fs  :     100
     dumpstep(Vbias)/ps :     1.0
     Vbias factor k /Eh :  0.0610
     Vbias exp α /bohr⁻²:    0.60
Starting Meta-MD   3 with the settings:
     MD time /ps        :     2.5
     dt /fs             :     5.0
     dumpstep(trj) /fs  :     100
     dumpstep(Vbias)/ps :     1.0
     Vbias factor k /Eh :  0.1220
     Vbias exp α /bohr⁻²:    0.60
*Meta-MTD 4 finished*
*Meta-MTD 2 finished*
*Meta-MTD 3 finished*
*Meta-MTD 1 finished*

-----------------------
Multilevel Optimization
-----------------------

 -------------------------
 1. crude pre-optimization
 -------------------------
 Optimizing all 96 structures from file "crest_rotamers_0.xyz" ...
 1 2 3 4 5 6 7 8 9 10 11 12 13 14 15 16 17 18 19 20 21 22 23 24 25 26 27 28 29 30 31 32 33 34 35 36 37 38 39 40 41 42 43 44 45 46 47 48 49 50 51 52 53 54 55 56 57 58 59 60 61 62 63 64 65 66 67 68 69 70 71 72 73 74 75 76 77 78 79 80 81 82 83 84 85 86 87 88 89 90 91 92 93 94 95 96
 done.
 running RMSDs...
 done.
 E lowest :   -95.05296
 37 structures remain within    10.00 kcal/mol window

 -------------------------------------
 2. optimization with tight thresholds
 -------------------------------------
 Optimizing all 38 structures from file "crest_rotamers_1.xyz" ...
 1 2 3 4 5 6 7 8 9 10 11 12 13 14 15 16 17 18 19 20 21 22 23 24 25 26 27 28 29 30 31 32 33 34 35 36 37 38
 done.
 running RMSDs...
 done.
 E lowest :   -95.05342
 1 structures remain within     5.00 kcal/mol window
 This is less than 5% of the initial 38 structures.
 Increasing energy window to include more...
 running RMSDs...
 done.
 E lowest :   -95.05342
 1 structures remain within     7.50 kcal/mol window

========================================
            MTD Iterations done         
========================================
 Collecting ensmbles.
 running RMSDs...
 done.
 E lowest :   -95.05342
 5 structures remain within     5.00 kcal/mol window

-----------------------------------------------
Additional regular MDs on lowest 2 conformer(s)
-----------------------------------------------
Starting MD   1 with the settings:
     MD time /ps        :     1.2
     MD Temperature /K  :   400.0
     dt /fs             :     5.0
     dumpstep(trj) /fs  :     100
Starting MD   2 with the settings:
     MD time /ps        :     1.2
     MD Temperature /K  :   500.0
     dt /fs             :     5.0
     dumpstep(trj) /fs  :     100
Starting MD   3 with the settings:
     MD time /ps        :     1.2
     MD Temperature /K  :   400.0
     dt /fs             :     5.0
     dumpstep(trj) /fs  :     100
Starting MD   4 with the settings:
     MD time /ps        :     1.2
     MD Temperature /K  :   500.0
     dt /fs             :     5.0
     dumpstep(trj) /fs  :     100
*MD 4 finished*
*MD 2 finished*
*MD 1 finished*
*MD 3 finished*
 Appending file crest_rotamers_1.xyz with new structures

 -------------------------------------------
 Ensemble optimization with tight thresholds
 -------------------------------------------
 Optimizing all 53 structures from file "crest_rotamers_1.xyz" ...
 1 2 3 4 5 6 7 8 9 10 11 12 13 14 15 16 17 18 19 20 21 22 23 24 25 26 27 28 29 30 31 32 33 34 35 36 37 38 39 40 41 42 43 44 45 46 47 48 49 50 51 52 53
 done.
 running RMSDs...
 done.
 E lowest :   -95.05342
 5 structures remain within     5.00 kcal/mol window


     ========================================
     |        Structure Crossing (GC)       |
     ========================================
 =============================
  # threads =          48
 =============================
 input  file name : crest_rotamers_3.xyz
number of atoms                :    61
number of points on xyz files  :     5
conformer energy window  /kcal :    5.00
CN per atom difference cut-off :  0.3000
RMSD threshold                 :  0.2500
max. # of generated structures : 63
 reading xyz file ...
 # in E window                  5
 generating pairs ...          14
 number of clash discarded :          10
 No new structures from GC.
 running RMSDs...
 done.
 E lowest :   -95.05342


   ================================================
   |           Final Geometry Optimization        |
   ================================================
 -------------------------------------------
 Ensemble optimization with tight thresholds
 -------------------------------------------
 Optimizing all 5 structures from file "crest_rotamers_4.xyz" ...
 1 2 3 4 5
 done.
 running RMSDs...
 done.
 E lowest :   -95.05342
 5 structures remain within     5.00 kcal/mol window

 input  file name : crest_rotamers_5.xyz
 output file name : crest_rotamers_6.xyz
 number of atoms                :   61
 number of points on xyz files  :   5
 RMSD threshold                 :   0.1250
 Bconst threshold               :   0.0100
 population threshold           :   0.0500
 conformer energy window  /kcal :   5.0000
 # fragment in coord            :     1
 # bonds in reference structure :    68
 number of reliable points      :     5
 reference state Etot :  -95.053421589999999
 number of doubles removed by rot/RMSD         :           0
 total number unique points considered further :           5
       Erel/kcal        Etot weight/tot  conformer     set   degen     origin
       1   0.000   -95.05342    0.89181    0.89181       1       1     mtd2
       2   1.601   -95.05087    0.05996    0.05996       2       1     mtd2
       3   1.803   -95.05055    0.04262    0.04262       3       1     input
       4   3.416   -95.04798    0.00281    0.00281       4       1     mtd5
       5   3.417   -95.04798    0.00281    0.00281       5       1     mtd4
T /K                                  :   298.15
E lowest                              :   -95.05342
ensemble average energy (kcal)        :    0.192
ensemble entropy (J/mol K, cal/mol K) :    3.644    0.871
ensemble free energy (kcal/mol)       :   -0.260
population of lowest in %             :   89.181
 number of unique conformers for further calc            5
 list of relative energies saved as "crest.energies"

 -----------------
 Wall Time Summary
 -----------------
             test MD wall time :         0h : 0m :16s
                 MTD wall time :         0h : 1m :23s
      multilevel OPT wall time :         0h : 1m :16s
                  MD wall time :         0h : 0m :38s
                  GC wall time :         0h : 0m : 0s
--------------------
Overall wall time  : 0h : 3m :35s

 CREST terminated normally.
